 U=    300.000 cm^-1
ilv  flv  E_coll(cm^-1)  cross sect.(ANG^2)
  1    1         300.000    0.6989296982E+02
  1    2         312.016    0.1474845536E-10
  1    3         318.869    0.8736755929E+01
  1    4         321.569    0.4139236140E-13
  1    5         336.091    0.1179462106E+01
  1    6         341.082    0.8262861318E-11
  1    7         349.494    0.9615515290E-02
  1    8         371.467    0.3657081925E-12
  1    9         372.167    0.5398210268E+00
TOTAL P CONSERVATION ERROR,%  0.22811E-06
TOTAL E CONSERVATION ERROR,%  0.40771E-03
 
 U=    600.000 cm^-1
ilv  flv  E_coll(cm^-1)  cross sect.(ANG^2)
  1    1         600.000    0.5076666503E+02
  1    2         611.957    0.2714973150E-10
  1    3         618.725    0.1100180992E+02
  1    4         621.382    0.2645197845E-12
  1    5         635.579    0.8141603390E+00
  1    6         640.423    0.1073937660E-10
  1    7         648.549    0.1294350213E-01
  1    8         669.560    0.9529287853E-12
  1    9         670.224    0.1719766214E+01
TOTAL P CONSERVATION ERROR,%  0.33291E-06
TOTAL E CONSERVATION ERROR,%  0.85805E-03
 
 U=    900.000 cm^-1
ilv  flv  E_coll(cm^-1)  cross sect.(ANG^2)
  1    1         900.000    0.4366527257E+02
  1    2         911.938    0.1544208956E-09
  1    3         918.677    0.1090211779E+02
  1    4         921.319    0.5892496109E-12
  1    5         935.408    0.5890442416E+00
  1    6         940.204    0.5554711825E-10
  1    7         948.235    0.1755784692E-01
  1    8         968.924    0.1157053263E-11
  1    9         969.576    0.3416743390E+01
TOTAL P CONSERVATION ERROR,%  0.49969E-06
TOTAL E CONSERVATION ERROR,%  0.16700E-02
 
TOTAL NUMBER OF TRAJECTORIES = 201
