energy#1, (U= 300.000 cm^-1)
state= 1
j12= 0
m12= 0
L_ORB  B_IMPACT(a.u.)     DEFLCT_ANGLE(rad)    SCAT_PHASE(rad)       FINISH_TIME(a.u.)    ENERGY_ERROR(%)      NORM_ERROR(%)    LOOPS   OSCIL
   0   0.00000000E+00      0.31415927E+01      -0.38186509E+02        0.47445000E+05      0.69446248E-05      0.22810560E-06       0       0
   1   0.24753815E+00      0.29803493E+01      -0.35125538E+02        0.47460000E+05      0.16939963E-04      0.22550228E-06       0       0
   2   0.49507630E+00      0.28621631E+01      -0.32204282E+02        0.47490000E+05      0.10799069E-04      0.22038380E-06       0       0
   3   0.74261445E+00      0.27460999E+01      -0.29400150E+02        0.47550000E+05      0.82338420E-05      0.21279332E-06       0       0
   4   0.99015260E+00      0.26304491E+01      -0.26711876E+02        0.47610000E+05      0.15122547E-04      0.20294961E-06       0       0
   5   0.12376908E+01      0.25146798E+01      -0.24139311E+02        0.47700000E+05      0.24808157E-04      0.19101956E-06       0       0
   6   0.14852289E+01      0.23985034E+01      -0.21682719E+02        0.47805000E+05      0.43631352E-04      0.17729229E-06       0       0
   7   0.17327671E+01      0.22816966E+01      -0.19342619E+02        0.47940000E+05      0.64434349E-04      0.16209034E-06       0       0
   8   0.19803052E+01      0.21640503E+01      -0.17119746E+02        0.48090000E+05      0.88674566E-04      0.14577468E-06       0       0
   9   0.22278434E+01      0.20453530E+01      -0.15015044E+02        0.48270000E+05      0.11530757E-03      0.12882340E-06       0       0
  10   0.24753815E+01      0.19254000E+01      -0.13029668E+02        0.48465000E+05      0.13927516E-03      0.11170365E-06       0       0
  11   0.27229197E+01      0.18040664E+01      -0.11164935E+02        0.48705000E+05      0.15617487E-03      0.94936858E-07       0       0
  12   0.29704578E+01      0.16812593E+01      -0.94222718E+01        0.48960000E+05      0.16147192E-03      0.78961238E-07       0       0
  13   0.32179960E+01      0.15568699E+01      -0.78032072E+01        0.49245000E+05      0.15107656E-03      0.64117778E-07       0       0
  14   0.34655341E+01      0.14308165E+01      -0.63093640E+01        0.49575000E+05      0.12741307E-03      0.50680282E-07       0       0
  15   0.37130723E+01      0.13029476E+01      -0.49424820E+01        0.49920000E+05      0.92846188E-04      0.38801318E-07       0       0
  16   0.39606104E+01      0.11727688E+01      -0.37046238E+01        0.50310000E+05      0.98943316E-04      0.28579050E-07       0       0
  17   0.42081486E+01      0.10400617E+01      -0.25982085E+01        0.50760000E+05      0.11171856E-03      0.20117819E-07       0       0
  18   0.44556867E+01      0.90484700E+00      -0.16257541E+01        0.51255000E+05      0.11551458E-03      0.13426593E-07       0       0
  19   0.47032249E+01      0.76736291E+00      -0.78964916E+00        0.51795000E+05      0.16360215E-03      0.84102059E-08       0       0
  20   0.49507630E+01      0.62839058E+00      -0.91772416E-01        0.52380000E+05      0.25905791E-03      0.48751669E-08       0       0
  21   0.51983012E+01      0.48868139E+00       0.46676357E+00        0.53025000E+05      0.35169373E-03      0.25589530E-08       0       0
  22   0.54458393E+01      0.35049116E+00       0.88634985E+00        0.53715000E+05      0.40771479E-03      0.11849410E-08       0       0
  23   0.56933775E+01      0.21761051E+00       0.11704007E+01        0.54435000E+05      0.40031304E-03      0.46853632E-09       0       0
  24   0.59409156E+01      0.95878606E-01       0.13271452E+01        0.55125000E+05      0.32894216E-03      0.15527579E-09       0       0
  25   0.61884538E+01     -0.67148051E-02       0.13717271E+01        0.55725000E+05      0.22440836E-03      0.50048854E-10       0       0
  26   0.64359919E+01     -0.82156740E-01       0.13272914E+01        0.56175000E+05      0.12817787E-03      0.27422509E-10       0       0
  27   0.66835301E+01     -0.12661974E+00       0.12229031E+01        0.56385000E+05      0.63722635E-04      0.24802382E-10       0       0
  28   0.69310682E+01     -0.14340925E+00       0.10878886E+01        0.56370000E+05      0.29781097E-04      0.22559732E-10       0       0
  29   0.71786064E+01     -0.14104721E+00       0.94566040E+00        0.56175000E+05      0.14690105E-04      0.18740565E-10       0       0
  30   0.74261445E+01     -0.12849321E+00       0.81089019E+00        0.55845000E+05      0.86501031E-05      0.13899992E-10       0       0
  31   0.76736827E+01     -0.11218390E+00       0.69055163E+00        0.55455000E+05      0.63609735E-05      0.94813046E-11       0       0
  32   0.79212208E+01     -0.95705477E-01       0.58660694E+00        0.55020000E+05      0.55047709E-05      0.64170891E-11       0       0
  33   0.81687590E+01     -0.80683740E-01       0.49841233E+00        0.54585000E+05      0.10436500E-04      0.38413717E-11       0       0
  34   0.84162971E+01     -0.67665734E-01       0.42423760E+00        0.54150000E+05      0.56882998E-05      0.26867397E-11       0       0
  35   0.86638353E+01     -0.56675325E-01       0.36206707E+00        0.53700000E+05      0.12876604E-04      0.17985613E-11       0       0
  36   0.89113734E+01     -0.47519655E-01       0.30996958E+00        0.53250000E+05      0.49102627E-05      0.11546319E-11       0       0
  37   0.91589116E+01     -0.39939620E-01       0.26623994E+00        0.52815000E+05      0.48691254E-05      0.57731597E-12       0       0
  38   0.94064497E+01     -0.33675710E-01       0.22943228E+00        0.52365000E+05      0.48304671E-05      0.82156504E-12       0       0
  39   0.96539879E+01     -0.28496523E-01       0.19834616E+00        0.51915000E+05      0.77447950E-05      0.55511151E-12       0       0
  40   0.99015260E+01     -0.24204853E-01       0.17199547E+00        0.51450000E+05      0.47526706E-05      0.33306691E-12       0       0
  41   0.10149064E+02     -0.20637621E-01       0.14957424E+00        0.50985000E+05      0.47123954E-05      0.33306691E-12       0       0
  42   0.10396602E+02     -0.17662126E-01       0.13042436E+00        0.50505000E+05      0.46709173E-05      0.35527137E-12       0       0
  43   0.10644140E+02     -0.15170643E-01       0.11400798E+00        0.50025000E+05      0.87401689E-05      0.55511151E-12       0       0
  44   0.10891679E+02     -0.13076253E-01       0.99884530E-01        0.49515000E+05      0.54137687E-05      0.26645353E-12       0       0
  45   0.11139217E+02     -0.11309023E-01       0.87691891E-01        0.49005000E+05      0.65296563E-05      0.44408921E-12       0       0
  46   0.11386755E+02     -0.98120660E-02       0.77131347E-01        0.48480000E+05      0.46965993E-05      0.37747583E-12       0       0
  47   0.11634293E+02     -0.85394905E-02       0.67955569E-01        0.47940000E+05      0.44426717E-05      0.53290705E-12       0       0
  48   0.11881831E+02     -0.74538630E-02       0.59958892E-01        0.47400000E+05      0.77179399E-05      0.48849813E-12       0       0
  49   0.12129369E+02     -0.65244274E-02       0.52969747E-01        0.46830000E+05      0.67998516E-05      0.32196468E-12       0       0
  50   0.12376908E+02     -0.57260575E-02       0.46844504E-01        0.46230000E+05      0.42870824E-05      0.19984014E-12       0       0
  51   0.12624446E+02     -0.50382395E-02       0.41462356E-01        0.45630000E+05      0.78570392E-05      0.55511151E-12       0       0
  52   0.12871984E+02     -0.44437946E-02       0.36721339E-01        0.45015000E+05      0.44482580E-05      0.26645353E-12       0       0
  53   0.13119522E+02     -0.39283701E-02       0.32535256E-01        0.44370000E+05      0.41155656E-05      0.48849813E-12       0       0
  54   0.13367060E+02     -0.34802551E-02       0.28830944E-01        0.43710000E+05      0.62953984E-05      0.26645353E-12       0       0
  55   0.13614598E+02     -0.30894297E-02       0.25546101E-01        0.43020000E+05      0.39912654E-05      0.84376950E-12       0       0
  56   0.13862136E+02     -0.27477010E-02       0.22627536E-01        0.42315000E+05      0.39392707E-05      0.27755576E-12       0       0
  57   0.14109675E+02     -0.24479818E-02       0.20029694E-01        0.41580000E+05      0.38582499E-05      0.62172489E-12       0       0
  58   0.14357213E+02     -0.21843658E-02       0.17713521E-01        0.40815000E+05      0.51265523E-05      0.39968029E-12       0       0
  59   0.14604751E+02     -0.19520009E-02       0.15645337E-01        0.40035000E+05      0.37155020E-05      0.46629367E-12       0       0
  60   0.14852289E+02     -0.17465355E-02       0.13796069E-01        0.39225000E+05      0.47634044E-05      0.17763568E-12       0       0
  61   0.15099827E+02     -0.15642535E-02       0.12140675E-01        0.38370000E+05      0.49659384E-05      0.39968029E-12       0       0
  62   0.15347365E+02     -0.14023429E-02       0.10657376E-01        0.37500000E+05      0.34805165E-05      0.62172489E-12       0       0
  63   0.15594903E+02     -0.12579320E-02       0.93272391E-02        0.36585000E+05      0.33958435E-05      0.33306691E-12       0       0
  64   0.15842442E+02     -0.11287819E-02       0.81338822E-02        0.35625000E+05      0.33076319E-05      0.24424907E-12       0       0
  65   0.16089980E+02     -0.10130969E-02       0.70629428E-02        0.34635000E+05      0.61875444E-05      0.51070259E-12       0       0
  66   0.16337518E+02     -0.90909641E-03       0.61018461E-02        0.33600000E+05      0.31192737E-05      0.64392935E-12       0       0
  67   0.16585056E+02     -0.81521803E-03       0.52396889E-02        0.32505000E+05      0.30184035E-05      0.42188475E-12       0       0
  68   0.16832594E+02     -0.73036817E-03       0.44668958E-02        0.31365000E+05      0.29124578E-05      0.17763568E-12       0       0
  69   0.17080132E+02     -0.65334956E-03       0.37750369E-02        0.30165000E+05      0.50132967E-05      0.15543122E-12       0       0
  70   0.17327671E+02     -0.58309974E-03       0.31568123E-02        0.28890000E+05      0.26829071E-05      0.25535130E-12       0       0
  71   0.17575209E+02     -0.51897079E-03       0.26057770E-02        0.27555000E+05      0.40943936E-05      0.28865799E-12       0       0
  72   0.17822747E+02     -0.45984169E-03       0.21163708E-02        0.26115000E+05      0.24611729E-05      0.48849813E-12       0       0
  73   0.18070285E+02     -0.40511921E-03       0.16838903E-02        0.24570000E+05      0.22808047E-05      0.44408921E-12       0       0
  74   0.18317823E+02     -0.35399969E-03       0.13043309E-02        0.22890000E+05      0.25914791E-05      0.46629367E-12       0       0
  75   0.18565361E+02     -0.30590672E-03       0.97437765E-03        0.21060000E+05      0.19558214E-05      0.38857806E-12       0       0
  76   0.18812899E+02     -0.26003939E-03       0.69140459E-03        0.19035000E+05      0.17671923E-05      0.17763568E-12       0       0
  77   0.19060438E+02     -0.21520597E-03       0.45378191E-03        0.16725000E+05      0.34704555E-05      0.37747583E-12       0       0
  78   0.19307976E+02     -0.17000337E-03       0.26117724E-03        0.14010000E+05      0.13002658E-05      0.34416914E-12       0       0
  79   0.19555514E+02     -0.12105023E-03       0.11565044E-03        0.10560000E+05      0.28529461E-05      0.16653345E-12       0       0
  80   0.19803052E+02     -0.55110427E-04       0.27570115E-04        0.50700000E+04      0.63922021E-06      0.66613381E-13       0       0
  81   0.20050590E+02      0.00000000E+00       0.14901161E-07        0.13674000E+06      0.62660886E-12      0.00000000E+00       0       0
  82   0.20298128E+02      0.00000000E+00       0.14901161E-07        0.13722000E+06      0.59488183E-12      0.00000000E+00       0       0
  83   0.20545666E+02      0.14901161E-07       0.22351742E-07        0.13770000E+06      0.11382072E-11      0.00000000E+00       0       0
  84   0.20793205E+02      0.00000000E+00       0.29802322E-07        0.13816500E+06      0.47590546E-12      0.00000000E+00       0       0
  85   0.21040743E+02      0.00000000E+00       0.29802322E-07        0.13864500E+06      0.13483988E-11      0.00000000E+00       0       0
  86   0.21288281E+02      0.00000000E+00       0.29802322E-07        0.13911000E+06      0.60281358E-12      0.00000000E+00       0       0
  87   0.21535819E+02      0.00000000E+00       0.29802322E-07        0.13959000E+06      0.16339421E-11      0.00000000E+00       0       0
  88   0.21783357E+02     -0.14901161E-07       0.22351742E-07        0.14005500E+06      0.59091595E-12      0.00000000E+00       0       0
  89   0.22030895E+02      0.00000000E+00       0.14901161E-07        0.14052000E+06      0.12849447E-11      0.00000000E+00       0       0
  90   0.22278434E+02      0.14901161E-07       0.22351742E-07        0.14098500E+06      0.68213116E-12      0.00000000E+00       0       0
  91   0.22525972E+02     -0.14901161E-07       0.22351742E-07        0.14145000E+06      0.46004195E-12      0.00000000E+00       0       0
  92   0.22773510E+02      0.00000000E+00       0.14901161E-07        0.14191500E+06      0.90422038E-12      0.00000000E+00       0       0
  93   0.23021048E+02      0.00000000E+00       0.14901161E-07        0.14238000E+06      0.72178995E-12      0.00000000E+00       0       0
  94   0.23268586E+02      0.00000000E+00       0.14901161E-07        0.14283000E+06      0.66626765E-12      0.00000000E+00       0       0
  95   0.23516124E+02      0.00000000E+00       0.14901161E-07        0.14329500E+06      0.26571388E-12      0.00000000E+00       0       0
  96   0.23763662E+02      0.00000000E+00       0.14901161E-07        0.14374500E+06      0.92008389E-12      0.00000000E+00       0       0
  97   0.24011201E+02      0.00000000E+00       0.14901161E-07        0.14419500E+06      0.57901831E-12      0.00000000E+00       0       0
  98   0.24258739E+02      0.00000000E+00       0.14901161E-07        0.14466000E+06      0.10509579E-11      0.00000000E+00       0       0
  99   0.24506277E+02      0.00000000E+00       0.14901161E-07        0.14511000E+06      0.80903928E-12      0.00000000E+00       0       0
 100   0.24753815E+02      0.00000000E+00       0.14901161E-07        0.14556000E+06      0.42038316E-12      0.00000000E+00       0       0
 101   0.25001353E+02      0.00000000E+00       0.14901161E-07        0.14601000E+06      0.63454062E-12      0.00000000E+00       0       0
 102   0.25248891E+02      0.00000000E+00       0.14901161E-07        0.14646000E+06      0.13325353E-11      0.00000000E+00       0       0
 103   0.25496429E+02      0.00000000E+00       0.14901161E-07        0.14691000E+06      0.61867710E-12      0.00000000E+00       0       0
 104   0.25743968E+02      0.00000000E+00       0.14901161E-07        0.14734500E+06      0.69006292E-12      0.00000000E+00       0       0
 105   0.25991506E+02      0.14901161E-07       0.22351742E-07        0.14779500E+06      0.58695007E-12      0.00000000E+00       0       0
 106   0.26239044E+02      0.00000000E+00       0.29802322E-07        0.14823000E+06      0.78524401E-12      0.00000000E+00       0       0
 107   0.26486582E+02      0.00000000E+00       0.29802322E-07        0.14868000E+06      0.14039211E-11      0.00000000E+00       0       0
 108   0.26734120E+02      0.00000000E+00       0.29802322E-07        0.14911500E+06      0.58695007E-12      0.00000000E+00       0       0
 109   0.26981658E+02     -0.14901161E-07       0.22351742E-07        0.14955000E+06      0.84869807E-12      0.00000000E+00       0       0
 110   0.27229197E+02     -0.14901161E-07       0.74505806E-08        0.14998500E+06      0.14277164E-11      0.00000000E+00       0       0
 111   0.27476735E+02      0.14901161E-07       0.74505806E-08        0.15043500E+06      0.11818319E-11      0.00000000E+00       0       0
 112   0.27724273E+02      0.00000000E+00       0.14901161E-07        0.15087000E+06      0.57901831E-12      0.00000000E+00       0       0
 113   0.27971811E+02      0.14901161E-07       0.22351742E-07        0.15129000E+06      0.66626765E-12      0.00000000E+00       0       0
 114   0.28219349E+02      0.00000000E+00       0.29802322E-07        0.15172500E+06      0.90422038E-12      0.00000000E+00       0       0
 115   0.28466887E+02      0.00000000E+00       0.29802322E-07        0.15216000E+06      0.80110753E-12      0.00000000E+00       0       0
 116   0.28714425E+02      0.00000000E+00       0.29802322E-07        0.15259500E+06      0.13404670E-11      0.00000000E+00       0       0
 117   0.28961964E+02      0.00000000E+00       0.29802322E-07        0.15301500E+06      0.10945826E-11      0.00000000E+00       0       0
 118   0.29209502E+02      0.00000000E+00       0.29802322E-07        0.15345000E+06      0.70592643E-12      0.00000000E+00       0       0
 119   0.29457040E+02      0.00000000E+00       0.29802322E-07        0.15387000E+06      0.39658788E-12      0.00000000E+00       0       0
 120   0.29704578E+02      0.00000000E+00       0.29802322E-07        0.15430500E+06      0.48780310E-12      0.00000000E+00       0       0
 121   0.29952116E+02     -0.14901161E-07       0.22351742E-07        0.15472500E+06      0.12373542E-11      0.00000000E+00       0       0
 122   0.30199654E+02     -0.14901161E-07       0.74505806E-08        0.15514500E+06      0.54729128E-12      0.00000000E+00       0       0
 123   0.30447192E+02      0.00000000E+00       0.00000000E+00        0.15556500E+06      0.95181092E-12      0.00000000E+00       0       0
 124   0.30694731E+02      0.14901161E-07       0.74505806E-08        0.15598500E+06      0.16736009E-11      0.00000000E+00       0       0
 125   0.30942269E+02      0.00000000E+00       0.14901161E-07        0.15640500E+06      0.10350944E-11      0.00000000E+00       0       0
 126   0.31189807E+02      0.00000000E+00       0.14901161E-07        0.15682500E+06      0.12056272E-11      0.00000000E+00       0       0
 127   0.31437345E+02      0.00000000E+00       0.14901161E-07        0.15724500E+06      0.14118529E-11      0.00000000E+00       0       0
 128   0.31684883E+02      0.00000000E+00       0.14901161E-07        0.15766500E+06      0.12056272E-11      0.00000000E+00       0       0
 129   0.31932421E+02      0.00000000E+00       0.14901161E-07        0.15807000E+06      0.57108655E-12      0.00000000E+00       0       0
 130   0.32179960E+02      0.00000000E+00       0.14901161E-07        0.15849000E+06      0.15387610E-11      0.00000000E+00       0       0
 131   0.32427498E+02      0.00000000E+00       0.14901161E-07        0.15889500E+06      0.58695007E-12      0.00000000E+00       0       0
 132   0.32675036E+02      0.00000000E+00       0.14901161E-07        0.15931500E+06      0.13483988E-11      0.00000000E+00       0       0
 133   0.32922574E+02     -0.14901161E-07       0.74505806E-08        0.15972000E+06      0.85662983E-12      0.00000000E+00       0       0
 134   0.33170112E+02      0.00000000E+00       0.00000000E+00        0.16012500E+06      0.12056272E-11      0.00000000E+00       0       0
 135   0.33417650E+02      0.00000000E+00       0.00000000E+00        0.16054500E+06      0.97560620E-12      0.00000000E+00       0       0
 136   0.33665188E+02      0.00000000E+00       0.00000000E+00        0.16095000E+06      0.10549238E-11      0.00000000E+00       0       0
 137   0.33912727E+02      0.00000000E+00       0.00000000E+00        0.16135500E+06      0.10350944E-11      0.00000000E+00       0       0
 138   0.34160265E+02      0.00000000E+00       0.00000000E+00        0.16176000E+06      0.11580366E-11      0.00000000E+00       0       0
 139   0.34407803E+02     -0.14901161E-07      -0.74505806E-08        0.16216500E+06      0.11104461E-11      0.00000000E+00       0       0
 140   0.34655341E+02      0.00000000E+00      -0.14901161E-07        0.16257000E+06      0.14554775E-11      0.00000000E+00       0       0
 141   0.34902879E+02      0.00000000E+00      -0.14901161E-07        0.16297500E+06      0.76144874E-12      0.00000000E+00       0       0
 142   0.35150417E+02      0.00000000E+00      -0.14901161E-07        0.16336500E+06      0.84076632E-12      0.00000000E+00       0       0
 143   0.35397955E+02      0.00000000E+00      -0.14901161E-07        0.16377000E+06      0.94387917E-12      0.00000000E+00       0       0
 144   0.35645494E+02      0.00000000E+00      -0.14901161E-07        0.16417500E+06      0.58695007E-12      0.00000000E+00       0       0
 145   0.35893032E+02      0.00000000E+00      -0.14901161E-07        0.16456500E+06      0.76938050E-12      0.00000000E+00       0       0
 146   0.36140570E+02      0.00000000E+00      -0.14901161E-07        0.16497000E+06      0.16260103E-11      0.00000000E+00       0       0
 147   0.36388108E+02      0.00000000E+00      -0.14901161E-07        0.16536000E+06      0.21058817E-11      0.00000000E+00       0       0
 148   0.36635646E+02      0.00000000E+00      -0.14901161E-07        0.16576500E+06      0.16894644E-11      0.00000000E+00       0       0
 149   0.36883184E+02      0.00000000E+00      -0.14901161E-07        0.16615500E+06      0.16022151E-11      0.00000000E+00       0       0
 150   0.37130723E+02      0.00000000E+00      -0.14901161E-07        0.16654500E+06      0.64247237E-12      0.00000000E+00       0       0
 151   0.37378261E+02      0.00000000E+00      -0.14901161E-07        0.16693500E+06      0.90422038E-12      0.00000000E+00       0       0
 152   0.37625799E+02      0.00000000E+00      -0.14901161E-07        0.16734000E+06      0.50763249E-12      0.00000000E+00       0       0
 153   0.37873337E+02      0.00000000E+00      -0.14901161E-07        0.16773000E+06      0.11580366E-11      0.00000000E+00       0       0
 154   0.38120875E+02      0.00000000E+00      -0.14901161E-07        0.16812000E+06      0.69799468E-12      0.00000000E+00       0       0
 155   0.38368413E+02      0.00000000E+00      -0.14901161E-07        0.16851000E+06      0.41245140E-12      0.00000000E+00       0       0
 156   0.38615951E+02      0.00000000E+00      -0.14901161E-07        0.16888500E+06      0.66626765E-12      0.00000000E+00       0       0
 157   0.38863490E+02      0.00000000E+00      -0.14901161E-07        0.16927500E+06      0.88835686E-12      0.00000000E+00       0       0
 158   0.39111028E+02      0.00000000E+00      -0.14901161E-07        0.16966500E+06      0.55522304E-12      0.00000000E+00       0       0
 159   0.39358566E+02      0.00000000E+00      -0.14901161E-07        0.17005500E+06      0.46797370E-12      0.00000000E+00       0       0
 160   0.39606104E+02      0.00000000E+00      -0.14901161E-07        0.17043000E+06      0.98353795E-12      0.00000000E+00       0       0
 161   0.39853642E+02     -0.14901161E-07      -0.22351742E-07        0.17082000E+06      0.93594741E-12      0.00000000E+00       0       0
 162   0.40101180E+02      0.00000000E+00      -0.29802322E-07        0.17121000E+06      0.11580366E-11      0.00000000E+00       0       0
 163   0.40348718E+02      0.00000000E+00      -0.29802322E-07        0.17158500E+06      0.65040413E-12      0.00000000E+00       0       0
 164   0.40596257E+02     -0.14901161E-07      -0.37252903E-07        0.17196000E+06      0.17925772E-11      0.00000000E+00       0       0
 165   0.40843795E+02      0.00000000E+00      -0.44703484E-07        0.17235000E+06      0.75351698E-12      0.00000000E+00       0       0
 166   0.41091333E+02      0.00000000E+00      -0.44703484E-07        0.17272500E+06      0.71385819E-12      0.00000000E+00       0       0
 167   0.41338871E+02      0.14901161E-07      -0.37252903E-07        0.17310000E+06      0.66626765E-12      0.00000000E+00       0       0
 168   0.41586409E+02     -0.14901161E-07      -0.37252903E-07        0.17349000E+06      0.18243043E-11      0.00000000E+00       0       0
 169   0.41833947E+02      0.00000000E+00      -0.44703484E-07        0.17386500E+06      0.54729128E-12      0.00000000E+00       0       0
 170   0.42081486E+02      0.14901161E-07      -0.37252903E-07        0.17424000E+06      0.13166718E-11      0.00000000E+00       0       0
 171   0.42329024E+02      0.00000000E+00      -0.29802322E-07        0.17461500E+06      0.57108655E-12      0.00000000E+00       0       0
 172   0.42576562E+02      0.14901161E-07      -0.22351742E-07        0.17499000E+06      0.69799468E-12      0.00000000E+00       0       0
 173   0.42824100E+02      0.00000000E+00      -0.14901161E-07        0.17536500E+06      0.10152650E-11      0.00000000E+00       0       0
 174   0.43071638E+02      0.00000000E+00      -0.14901161E-07        0.17574000E+06      0.50763249E-12      0.00000000E+00       0       0
 175   0.43319176E+02      0.00000000E+00      -0.14901161E-07        0.17611500E+06      0.84869807E-12      0.00000000E+00       0       0
 176   0.43566714E+02      0.00000000E+00      -0.14901161E-07        0.17647500E+06      0.14277164E-11      0.00000000E+00       0       0
 177   0.43814253E+02      0.00000000E+00      -0.14901161E-07        0.17685000E+06      0.10469920E-11      0.00000000E+00       0       0
 178   0.44061791E+02      0.00000000E+00      -0.14901161E-07        0.17722500E+06      0.63454062E-12      0.00000000E+00       0       0
 179   0.44309329E+02      0.00000000E+00      -0.14901161E-07        0.17758500E+06      0.82490280E-12      0.00000000E+00       0       0
 180   0.44556867E+02      0.14901161E-07      -0.74505806E-08        0.17796000E+06      0.67419940E-12      0.00000000E+00       0       0
 181   0.44804405E+02      0.00000000E+00       0.00000000E+00        0.17832000E+06      0.60281358E-12      0.00000000E+00       0       0
 182   0.45051943E+02      0.00000000E+00       0.00000000E+00        0.17869500E+06      0.44417843E-12      0.00000000E+00       0       0
 183   0.45299481E+02     -0.14901161E-07      -0.74505806E-08        0.17905500E+06      0.11739001E-11      0.00000000E+00       0       0
 184   0.45547020E+02      0.00000000E+00      -0.14901161E-07        0.17943000E+06      0.12294224E-11      0.00000000E+00       0       0
 185   0.45794558E+02      0.00000000E+00      -0.14901161E-07        0.17979000E+06      0.74558522E-12      0.00000000E+00       0       0
 186   0.46042096E+02     -0.14901161E-07      -0.22351742E-07        0.18015000E+06      0.71385819E-12      0.00000000E+00       0       0
 187   0.46289634E+02      0.00000000E+00      -0.29802322E-07        0.18051000E+06      0.65040413E-12      0.00000000E+00       0       0
 188   0.46537172E+02      0.14901161E-07      -0.22351742E-07        0.18088500E+06      0.84076632E-12      0.00000000E+00       0       0
 189   0.46784710E+02      0.00000000E+00      -0.14901161E-07        0.18124500E+06      0.84869807E-12      0.00000000E+00       0       0
 190   0.47032249E+02      0.00000000E+00      -0.14901161E-07        0.18160500E+06      0.10152650E-11      0.00000000E+00       0       0
 191   0.47279787E+02      0.00000000E+00      -0.14901161E-07        0.18196500E+06      0.27285246E-11      0.00000000E+00       0       0
 192   0.47527325E+02      0.00000000E+00      -0.14901161E-07        0.18232500E+06      0.14991022E-11      0.00000000E+00       0       0
 193   0.47774863E+02      0.00000000E+00      -0.14901161E-07        0.18268500E+06      0.65040413E-12      0.00000000E+00       0       0
 194   0.48022401E+02      0.14901161E-07      -0.74505806E-08        0.18304500E+06      0.20939840E-11      0.00000000E+00       0       0
 195   0.48269939E+02      0.00000000E+00       0.00000000E+00        0.18339000E+06      0.22684827E-11      0.00000000E+00       0       0
 196   0.48517477E+02      0.00000000E+00       0.00000000E+00        0.18375000E+06      0.72972171E-12      0.00000000E+00       0       0
 197   0.48765016E+02      0.00000000E+00       0.00000000E+00        0.18411000E+06      0.66626765E-12      0.00000000E+00       0       0
 198   0.49012554E+02      0.00000000E+00       0.00000000E+00        0.18447000E+06      0.11183778E-11      0.00000000E+00       0       0
 199   0.49260092E+02      0.00000000E+00       0.00000000E+00        0.18481500E+06      0.87249335E-12      0.00000000E+00       0       0
 200   0.49507630E+02      0.00000000E+00       0.00000000E+00        0.18517500E+06      0.59488183E-12      0.00000000E+00       0       0
 
energy#2, (U= 600.000 cm^-1)
state= 1
j12= 0
m12= 0
L_ORB  B_IMPACT(a.u.)     DEFLCT_ANGLE(rad)    SCAT_PHASE(rad)       FINISH_TIME(a.u.)    ENERGY_ERROR(%)      NORM_ERROR(%)    LOOPS   OSCIL
   0   0.00000000E+00      0.31415927E+01      -0.52355730E+02        0.34132044E+05      0.10589692E-04      0.33290670E-06       0       0
   1   0.17503590E+00      0.30192831E+01      -0.49275292E+02        0.34132044E+05      0.89529179E-05      0.33099210E-06       0       0
   2   0.35007181E+00      0.29297056E+01      -0.46300797E+02        0.34142651E+05      0.36775364E-05      0.32706240E-06       0       0
   3   0.52510771E+00      0.28418459E+01      -0.43415022E+02        0.34163864E+05      0.77179521E-05      0.32111500E-06       0       0
   4   0.70014362E+00      0.27544438E+01      -0.40616877E+02        0.34185077E+05      0.12102596E-04      0.31317071E-06       0       0
   5   0.87517952E+00      0.26671301E+01      -0.37906090E+02        0.34227504E+05      0.24047148E-04      0.30315948E-06       0       0
   6   0.10502154E+01      0.25797155E+01      -0.35282667E+02        0.34259324E+05      0.41622952E-04      0.29112033E-06       0       0
   7   0.12252513E+01      0.24920562E+01      -0.32746781E+02        0.34312357E+05      0.74834492E-04      0.27715625E-06       0       0
   8   0.14002872E+01      0.24040163E+01      -0.30298745E+02        0.34375996E+05      0.11459979E-03      0.26132863E-06       0       0
   9   0.15753231E+01      0.23154556E+01      -0.27939009E+02        0.34450242E+05      0.17337998E-03      0.24395381E-06       0       0
  10   0.17503590E+01      0.22262330E+01      -0.25668165E+02        0.34524489E+05      0.24317245E-03      0.22537177E-06       0       0
  11   0.19253950E+01      0.21362383E+01      -0.23486929E+02        0.34619948E+05      0.33000649E-03      0.20614912E-06       0       0
  12   0.21004309E+01      0.20455390E+01      -0.21396041E+02        0.34726014E+05      0.42981215E-03      0.18692503E-06       0       0
  13   0.22754668E+01      0.19542449E+01      -0.19396149E+02        0.34842687E+05      0.53895787E-03      0.16806270E-06       0       0
  14   0.24505027E+01      0.18624316E+01      -0.17487810E+02        0.34959359E+05      0.65055515E-03      0.14987209E-06       0       0
  15   0.26255386E+01      0.17702346E+01      -0.15671477E+02        0.35086638E+05      0.75090082E-03      0.13252934E-06       0       0
  16   0.28005745E+01      0.16778476E+01      -0.13947436E+02        0.35213918E+05      0.82549236E-03      0.11616983E-06       0       0
  17   0.29756104E+01      0.15854762E+01      -0.12315774E+02        0.35351804E+05      0.85805490E-03      0.10077068E-06       0       0
  18   0.31506463E+01      0.14931538E+01      -0.10776459E+02        0.35489689E+05      0.84122329E-03      0.86208862E-07       0       0
  19   0.33256822E+01      0.14001629E+01      -0.93298009E+01        0.35638182E+05      0.78341245E-03      0.72327189E-07       0       0
  20   0.35007181E+01      0.13059783E+01      -0.79767303E+01        0.35807887E+05      0.69245652E-03      0.59327077E-07       0       0
  21   0.36757540E+01      0.12104308E+01      -0.67185258E+01        0.35988200E+05      0.57696632E-03      0.47470561E-07       0       0
  22   0.38507899E+01      0.11134558E+01      -0.55565825E+01        0.36200332E+05      0.44810945E-03      0.37006309E-07       0       0
  23   0.40258258E+01      0.10154877E+01      -0.44921107E+01        0.36423070E+05      0.31621344E-03      0.28124725E-07       0       0
  24   0.42008617E+01      0.91721965E+00      -0.35257570E+01        0.36656416E+05      0.19705727E-03      0.20820501E-07       0       0
  25   0.43758976E+01      0.81910339E+00      -0.26575955E+01        0.36910974E+05      0.19692380E-03      0.14960611E-07       0       0
  26   0.45509335E+01      0.72110552E+00      -0.18874910E+01        0.37176139E+05      0.20441130E-03      0.10355872E-07       0       0
  27   0.47259694E+01      0.62321230E+00      -0.12153321E+01        0.37451911E+05      0.19648937E-03      0.68586692E-08       0       0
  28   0.49010053E+01      0.52629912E+00      -0.64057642E+00        0.37748896E+05      0.26260541E-03      0.43226978E-08       0       0
  29   0.50760412E+01      0.43159249E+00      -0.16163062E+00        0.38045880E+05      0.37948034E-03      0.25766278E-08       0       0
  30   0.52510771E+01      0.34056987E+00       0.22445056E+00        0.38353472E+05      0.47706774E-03      0.14396040E-08       0       0
  31   0.54261130E+01      0.25470020E+00       0.52208559E+00        0.38650457E+05      0.52778560E-03      0.74404927E-09       0       0
  32   0.56011489E+01      0.17603104E+00       0.73745121E+00        0.38936835E+05      0.51866723E-03      0.35316194E-09       0       0
  33   0.57761849E+01      0.10677482E+00       0.87885414E+00        0.39191393E+05      0.45619686E-03      0.15258905E-09       0       0
  34   0.59512208E+01      0.48712634E-01       0.95659786E+00        0.39403525E+05      0.36206523E-03      0.60862426E-10       0       0
  35   0.61262567E+01      0.29692844E-02       0.98243882E+00        0.39552018E+05      0.26189752E-03      0.25579538E-10       0       0
  36   0.63012926E+01     -0.30406825E-01       0.96872005E+00        0.39647477E+05      0.17484613E-03      0.15343282E-10       0       0
  37   0.64763285E+01     -0.52485021E-01       0.92727413E+00        0.39679297E+05      0.10940204E-03      0.13034018E-10       0       0
  38   0.66513644E+01     -0.65170326E-01       0.86844646E+00        0.39658084E+05      0.65292390E-04      0.12367884E-10       0       0
  39   0.68264003E+01     -0.70717850E-01       0.80050237E+00        0.39583838E+05      0.37913541E-04      0.11568524E-10       0       0
  40   0.70014362E+01     -0.71288922E-01       0.72949898E+00        0.39477772E+05      0.21915393E-04      0.10413892E-10       0       0
  41   0.71764721E+01     -0.68683548E-01       0.65951275E+00        0.39339886E+05      0.12958344E-04      0.94146912E-11       0       0
  42   0.73515080E+01     -0.64255106E-01       0.59304342E+00        0.39191393E+05      0.80840926E-05      0.79491969E-11       0       0
  43   0.75265439E+01     -0.58941639E-01       0.53144505E+00        0.39021688E+05      0.54763886E-05      0.57731597E-11       0       0
  44   0.77015798E+01     -0.53354921E-01       0.47529677E+00        0.38841375E+05      0.40919800E-05      0.45741189E-11       0       0
  45   0.78766157E+01     -0.47869439E-01       0.42468459E+00        0.38661063E+05      0.65405288E-05      0.38857806E-11       0       0
  46   0.80516516E+01     -0.42696959E-01       0.37940139E+00        0.38470144E+05      0.29626303E-05      0.23980817E-11       0       0
  47   0.82266875E+01     -0.37943005E-01       0.33908141E+00        0.38279226E+05      0.27476056E-05      0.19317881E-11       0       0
  48   0.84017234E+01     -0.33646473E-01       0.30328667E+00        0.38088307E+05      0.42880910E-05      0.15321078E-11       0       0
  49   0.85767593E+01     -0.29806419E-01       0.27156022E+00        0.37897388E+05      0.25551824E-05      0.15099033E-11       0       0
  50   0.87517952E+01     -0.26399693E-01       0.24345717E+00        0.37695863E+05      0.73048033E-05      0.12212453E-11       0       0
  51   0.89268311E+01     -0.23392011E-01       0.21856131E+00        0.37494337E+05      0.67444194E-05      0.82156504E-12       0       0
  52   0.91018670E+01     -0.20744563E-01       0.19649303E+00        0.37292812E+05      0.24561163E-05      0.79936058E-12       0       0
  53   0.92769029E+01     -0.18418009E-01       0.17691174E+00        0.37080680E+05      0.24876328E-05      0.28865799E-12       0       0
  54   0.94519389E+01     -0.16374882E-01       0.15951530E+00        0.36879154E+05      0.41853964E-05      0.53290705E-12       0       0
  55   0.96269748E+01     -0.14580429E-01       0.14403764E+00        0.36656416E+05      0.24047369E-05      0.42188475E-12       0       0
  56   0.98020107E+01     -0.13003579E-01       0.13024564E+00        0.36444284E+05      0.69192402E-05      0.59952043E-12       0       0
  57   0.99770466E+01     -0.11616554E-01       0.11793557E+00        0.36221545E+05      0.37864424E-05      0.64392935E-12       0       0
  58   0.10152082E+02     -0.10395036E-01       0.10692977E+00        0.35998806E+05      0.59623378E-05      0.53290705E-12       0       0
  59   0.10327118E+02     -0.93177447E-02       0.97073384E-01        0.35776068E+05      0.42328231E-05      0.48849813E-12       0       0
  60   0.10502154E+02     -0.83661316E-02       0.88231446E-01        0.35542722E+05      0.35871881E-05      0.55511151E-12       0       0
  61   0.10677190E+02     -0.75241459E-02       0.80286307E-01        0.35298771E+05      0.42502875E-05      0.66613381E-12       0       0
  62   0.10852226E+02     -0.67779324E-02       0.73135268E-01        0.35054819E+05      0.22990249E-05      0.52180482E-12       0       0
  63   0.11027262E+02     -0.61154659E-02       0.66688569E-01        0.34810867E+05      0.57690901E-05      0.17763568E-12       0       0
  64   0.11202298E+02     -0.55263056E-02       0.60867683E-01        0.34556308E+05      0.25408237E-05      0.19984014E-12       0       0
  65   0.11377334E+02     -0.50014952E-02       0.55603782E-01        0.34301750E+05      0.60331463E-05      0.33306691E-12       0       0
  66   0.11552370E+02     -0.45331828E-02       0.50836443E-01        0.34036585E+05      0.29135494E-05      0.53290705E-12       0       0
  67   0.11727406E+02     -0.41146406E-02       0.46512532E-01        0.33771420E+05      0.22156412E-05      0.45519144E-12       0       0
  68   0.11902442E+02     -0.37399299E-02       0.42585246E-01        0.33495648E+05      0.47188116E-05      0.22204460E-12       0       0
  69   0.12077477E+02     -0.34039708E-02       0.39013296E-01        0.33219877E+05      0.21796162E-05      0.32196468E-12       0       0
  70   0.12252513E+02     -0.31022395E-02       0.35760191E-01        0.32933498E+05      0.21610048E-05      0.34416914E-12       0       0
  71   0.12427549E+02     -0.28308256E-02       0.32793658E-01        0.32636513E+05      0.41730149E-05      0.44408921E-12       0       0
  72   0.12602585E+02     -0.25863630E-02       0.30085064E-01        0.32339529E+05      0.21224188E-05      0.39968029E-12       0       0
  73   0.12777621E+02     -0.23658042E-02       0.27608980E-01        0.32031937E+05      0.44603591E-05      0.39968029E-12       0       0
  74   0.12952657E+02     -0.21665711E-02       0.25342793E-01        0.31724346E+05      0.21947641E-05      0.24424907E-12       0       0
  75   0.13127693E+02     -0.19862422E-02       0.23266386E-01        0.31395541E+05      0.20611353E-05      0.33306691E-12       0       0
  76   0.13302729E+02     -0.18229410E-02       0.21361795E-01        0.31077343E+05      0.25701961E-05      0.39968029E-12       0       0
  77   0.13477765E+02     -0.16747051E-02       0.19612971E-01        0.30737932E+05      0.56774370E-05      0.18873791E-12       0       0
  78   0.13652801E+02     -0.15400553E-02       0.18005591E-01        0.30398521E+05      0.19953433E-05      0.79936058E-12       0       0
  79   0.13827836E+02     -0.14175293E-02       0.16526799E-01        0.30048503E+05      0.31196245E-05      0.47739590E-12       0       0
  80   0.14002872E+02     -0.13058814E-02       0.15165094E-01        0.29687878E+05      0.22054777E-05      0.66613381E-12       0       0
  81   0.14177908E+02     -0.12040067E-02       0.13910149E-01        0.29316647E+05      0.19246259E-05      0.35527137E-12       0       0
  82   0.14352944E+02     -0.11109240E-02       0.12752684E-01        0.28934809E+05      0.28252158E-05      0.57731597E-12       0       0
  83   0.14527980E+02     -0.10258203E-02       0.11684312E-01        0.28552972E+05      0.18744692E-05      0.59952043E-12       0       0
  84   0.14703016E+02     -0.94779871E-03       0.10697502E-01        0.28149921E+05      0.29131080E-05      0.28865799E-12       0       0
  85   0.14878052E+02     -0.87628719E-03       0.97854595E-02        0.27746870E+05      0.18216459E-05      0.46629367E-12       0       0
  86   0.15053088E+02     -0.81054457E-03       0.89420437E-02        0.27322606E+05      0.23495834E-05      0.34416914E-12       0       0
  87   0.15228124E+02     -0.75014187E-03       0.81617004E-02        0.26898342E+05      0.17659472E-05      0.18873791E-12       0       0
  88   0.15403160E+02     -0.69445923E-03       0.74393999E-02        0.26452865E+05      0.51023643E-05      0.43298698E-12       0       0
  89   0.15578196E+02     -0.64311660E-03       0.67706120E-02        0.25996781E+05      0.38903479E-05      0.26645353E-12       0       0
  90   0.15753231E+02     -0.59571742E-03       0.61511950E-02        0.25530090E+05      0.16763561E-05      0.24424907E-12       0       0
  91   0.15928267E+02     -0.55190591E-03       0.55773833E-02        0.25052793E+05      0.31998084E-05      0.38857806E-12       0       0
  92   0.16103303E+02     -0.51129591E-03       0.50457824E-02        0.24554283E+05      0.18786663E-05      0.28865799E-12       0       0
  93   0.16278339E+02     -0.47359814E-03       0.45533354E-02        0.24034559E+05      0.20905811E-05      0.27755576E-12       0       0
  94   0.16453375E+02     -0.43862033E-03       0.40972261E-02        0.23504229E+05      0.15590941E-05      0.46629367E-12       0       0
  95   0.16628411E+02     -0.40613014E-03       0.36748509E-02        0.22963293E+05      0.15076703E-05      0.29976022E-12       0       0
  96   0.16803447E+02     -0.37577936E-03       0.32838962E-02        0.22390536E+05      0.24919910E-05      0.48849813E-12       0       0
  97   0.16978483E+02     -0.34751607E-03       0.29222484E-02        0.21807173E+05      0.14318340E-05      0.18873791E-12       0       0
  98   0.17153519E+02     -0.32102914E-03       0.25879758E-02        0.21191990E+05      0.23365490E-05      0.19984014E-12       0       0
  99   0.17328555E+02     -0.29623375E-03       0.22793444E-02        0.20555594E+05      0.13500401E-05      0.49960036E-12       0       0
 100   0.17503590E+02     -0.27299110E-03       0.19947320E-02        0.19897985E+05      0.13065593E-05      0.46629367E-12       0       0
 101   0.17678626E+02     -0.25110342E-03       0.17326847E-02        0.19208556E+05      0.12611238E-05      0.22204460E-12       0       0
 102   0.17853662E+02     -0.23038320E-03       0.14919414E-02        0.18476700E+05      0.12135149E-05      0.24424907E-12       0       0
 103   0.18028698E+02     -0.21080145E-03       0.12713491E-02        0.17713025E+05      0.11634633E-05      0.33306691E-12       0       0
 104   0.18203734E+02     -0.19226833E-03       0.10698142E-02        0.16917530E+05      0.12178975E-05      0.22204460E-12       0       0
 105   0.18378770E+02     -0.17447728E-03       0.88644137E-03        0.16058395E+05      0.16136641E-05      0.33306691E-12       0       0
 106   0.18553806E+02     -0.15743134E-03       0.72048707E-03        0.15146227E+05      0.99489063E-06      0.31086245E-12       0       0
 107   0.18728842E+02     -0.14099319E-03       0.57127480E-03        0.14170420E+05      0.93070621E-06      0.22204460E-12       0       0
 108   0.18903878E+02     -0.12495756E-03       0.43829942E-03        0.13109760E+05      0.86108526E-06      0.27755576E-12       0       0
 109   0.19078914E+02     -0.10920691E-03       0.32121719E-03        0.11953640E+05      0.10401747E-05      0.17763568E-12       0       0
 110   0.19253950E+02     -0.93327269E-04       0.21995010E-03        0.10649028E+05      0.69893568E-06      0.14432899E-12       0       0
 111   0.19428985E+02     -0.76900685E-04       0.13483612E-03        0.91428907E+04      0.16804523E-05      0.17763568E-12       0       0
 112   0.19604021E+02     -0.59150992E-04       0.66810283E-04        0.73185552E+04      0.76495045E-06      0.18873791E-12       0       0
 113   0.19779057E+02     -0.37324193E-04       0.18572690E-04        0.48260038E+04      0.36003977E-06      0.19984014E-12       0       0
 114   0.19954093E+02      0.00000000E+00      -0.89406967E-07        0.96509469E+05      0.13345182E-11      0.00000000E+00       0       0
 115   0.20129129E+02      0.00000000E+00      -0.89406967E-07        0.96742814E+05      0.44417843E-12      0.00000000E+00       0       0
 116   0.20304165E+02      0.00000000E+00      -0.89406967E-07        0.96986766E+05      0.93991329E-12      0.00000000E+00       0       0
 117   0.20479201E+02      0.00000000E+00      -0.89406967E-07        0.97230718E+05      0.61471122E-12      0.00000000E+00       0       0
 118   0.20654237E+02      0.00000000E+00      -0.89406967E-07        0.97464063E+05      0.90422038E-12      0.00000000E+00       0       0
 119   0.20829273E+02      0.00000000E+00      -0.89406967E-07        0.97697408E+05      0.46004195E-12      0.00000000E+00       0       0
 120   0.21004309E+02      0.00000000E+00      -0.89406967E-07        0.97941360E+05      0.11778660E-11      0.00000000E+00       0       0
 121   0.21179344E+02      0.00000000E+00      -0.89406967E-07        0.98174705E+05      0.15704880E-11      0.00000000E+00       0       0
 122   0.21354380E+02      0.00000000E+00      -0.89406967E-07        0.98408051E+05      0.65833589E-12      0.00000000E+00       0       0
 123   0.21529416E+02      0.00000000E+00      -0.89406967E-07        0.98641396E+05      0.15704880E-11      0.00000000E+00       0       0
 124   0.21704452E+02      0.00000000E+00      -0.89406967E-07        0.98874741E+05      0.60281358E-12      0.00000000E+00       0       0
 125   0.21879488E+02      0.00000000E+00      -0.89406967E-07        0.99108086E+05      0.68609704E-12      0.00000000E+00       0       0
 126   0.22054524E+02      0.14901161E-07      -0.81956387E-07        0.99341432E+05      0.50763249E-12      0.00000000E+00       0       0
 127   0.22229560E+02      0.00000000E+00      -0.74505806E-07        0.99574777E+05      0.11421731E-11      0.00000000E+00       0       0
 128   0.22404596E+02      0.00000000E+00      -0.74505806E-07        0.99808122E+05      0.11263096E-11      0.00000000E+00       0       0
 129   0.22579632E+02      0.00000000E+00      -0.74505806E-07        0.10004147E+06      0.53935952E-12      0.00000000E+00       0       0
 130   0.22754668E+02      0.00000000E+00      -0.74505806E-07        0.10027481E+06      0.17449867E-11      0.00000000E+00       0       0
 131   0.22929704E+02      0.14901161E-07      -0.67055225E-07        0.10050816E+06      0.86456159E-12      0.00000000E+00       0       0
 132   0.23104739E+02      0.00000000E+00      -0.59604645E-07        0.10073090E+06      0.98750383E-12      0.00000000E+00       0       0
 133   0.23279775E+02      0.14901161E-07      -0.52154064E-07        0.10096424E+06      0.10390603E-11      0.00000000E+00       0       0
 134   0.23454811E+02     -0.14901161E-07      -0.52154064E-07        0.10119759E+06      0.72972171E-12      0.00000000E+00       0       0
 135   0.23629847E+02      0.00000000E+00      -0.59604645E-07        0.10142033E+06      0.92008389E-12      0.00000000E+00       0       0
 136   0.23804883E+02      0.00000000E+00      -0.59604645E-07        0.10165367E+06      0.16854985E-11      0.00000000E+00       0       0
 137   0.23979919E+02      0.00000000E+00      -0.59604645E-07        0.10187641E+06      0.46004195E-12      0.00000000E+00       0       0
 138   0.24154955E+02     -0.14901161E-07      -0.67055225E-07        0.10210975E+06      0.85662983E-12      0.00000000E+00       0       0
 139   0.24329991E+02      0.00000000E+00      -0.74505806E-07        0.10233249E+06      0.15228975E-11      0.00000000E+00       0       0
 140   0.24505027E+02      0.00000000E+00      -0.74505806E-07        0.10255523E+06      0.11739001E-11      0.00000000E+00       0       0
 141   0.24680063E+02      0.00000000E+00      -0.74505806E-07        0.10278858E+06      0.53935952E-12      0.00000000E+00       0       0
 142   0.24855098E+02      0.00000000E+00      -0.74505806E-07        0.10301132E+06      0.87249335E-12      0.00000000E+00       0       0
 143   0.25030134E+02      0.00000000E+00      -0.74505806E-07        0.10323405E+06      0.50763249E-12      0.00000000E+00       0       0
 144   0.25205170E+02      0.00000000E+00      -0.74505806E-07        0.10345679E+06      0.67419940E-12      0.00000000E+00       0       0
 145   0.25380206E+02      0.00000000E+00      -0.74505806E-07        0.10367953E+06      0.10073332E-11      0.00000000E+00       0       0
 146   0.25555242E+02      0.00000000E+00      -0.74505806E-07        0.10390227E+06      0.79317577E-12      0.00000000E+00       0       0
 147   0.25730278E+02      0.00000000E+00      -0.74505806E-07        0.10412501E+06      0.12294224E-11      0.00000000E+00       0       0
 148   0.25905314E+02      0.14901161E-07      -0.67055225E-07        0.10434775E+06      0.86456159E-12      0.00000000E+00       0       0
 149   0.26080350E+02      0.00000000E+00      -0.59604645E-07        0.10457049E+06      0.68213116E-12      0.00000000E+00       0       0
 150   0.26255386E+02      0.00000000E+00      -0.59604645E-07        0.10479322E+06      0.79317577E-12      0.00000000E+00       0       0
 151   0.26430422E+02      0.00000000E+00      -0.59604645E-07        0.10501596E+06      0.13920235E-11      0.00000000E+00       0       0
 152   0.26605458E+02      0.00000000E+00      -0.59604645E-07        0.10523870E+06      0.90422038E-12      0.00000000E+00       0       0
 153   0.26780493E+02      0.14901161E-07      -0.52154064E-07        0.10545083E+06      0.15228975E-11      0.00000000E+00       0       0
 154   0.26955529E+02      0.00000000E+00      -0.44703484E-07        0.10567357E+06      0.10231967E-11      0.00000000E+00       0       0
 155   0.27130565E+02      0.00000000E+00      -0.44703484E-07        0.10589631E+06      0.69006292E-12      0.00000000E+00       0       0
 156   0.27305601E+02      0.00000000E+00      -0.44703484E-07        0.10610844E+06      0.72972171E-12      0.00000000E+00       0       0
 157   0.27480637E+02      0.00000000E+00      -0.44703484E-07        0.10633118E+06      0.44417843E-12      0.00000000E+00       0       0
 158   0.27655673E+02      0.00000000E+00      -0.44703484E-07        0.10654331E+06      0.67023352E-12      0.00000000E+00       0       0
 159   0.27830709E+02      0.00000000E+00      -0.44703484E-07        0.10676605E+06      0.16617032E-11      0.00000000E+00       0       0
 160   0.28005745E+02      0.00000000E+00      -0.44703484E-07        0.10697818E+06      0.69799468E-12      0.00000000E+00       0       0
 161   0.28180781E+02      0.00000000E+00      -0.44703484E-07        0.10720092E+06      0.12611495E-11      0.00000000E+00       0       0
 162   0.28355817E+02      0.00000000E+00      -0.44703484E-07        0.10741306E+06      0.12413201E-11      0.00000000E+00       0       0
 163   0.28530852E+02      0.14901161E-07      -0.37252903E-07        0.10762519E+06      0.69799468E-12      0.00000000E+00       0       0
 164   0.28705888E+02      0.00000000E+00      -0.29802322E-07        0.10783732E+06      0.10192309E-11      0.00000000E+00       0       0
 165   0.28880924E+02      0.00000000E+00      -0.29802322E-07        0.10806006E+06      0.16696350E-11      0.00000000E+00       0       0
 166   0.29055960E+02     -0.14901161E-07      -0.37252903E-07        0.10827219E+06      0.56315480E-12      0.00000000E+00       0       0
 167   0.29230996E+02      0.00000000E+00      -0.44703484E-07        0.10848432E+06      0.89628862E-12      0.00000000E+00       0       0
 168   0.29406032E+02      0.00000000E+00      -0.44703484E-07        0.10869645E+06      0.47590546E-12      0.00000000E+00       0       0
 169   0.29581068E+02      0.00000000E+00      -0.44703484E-07        0.10890859E+06      0.57108655E-12      0.00000000E+00       0       0
 170   0.29756104E+02      0.00000000E+00      -0.44703484E-07        0.10912072E+06      0.95181092E-12      0.00000000E+00       0       0
 171   0.29931140E+02      0.00000000E+00      -0.44703484E-07        0.10933285E+06      0.12373542E-11      0.00000000E+00       0       0
 172   0.30106176E+02     -0.14901161E-07      -0.52154064E-07        0.10954498E+06      0.55522304E-12      0.00000000E+00       0       0
 173   0.30281212E+02      0.14901161E-07      -0.52154064E-07        0.10975711E+06      0.10311285E-11      0.00000000E+00       0       0
 174   0.30456247E+02      0.00000000E+00      -0.44703484E-07        0.10996925E+06      0.13325353E-11      0.00000000E+00       0       0
 175   0.30631283E+02      0.00000000E+00      -0.44703484E-07        0.11018138E+06      0.19670759E-11      0.00000000E+00       0       0
 176   0.30806319E+02      0.00000000E+00      -0.44703484E-07        0.11039351E+06      0.10311285E-11      0.00000000E+00       0       0
 177   0.30981355E+02      0.00000000E+00      -0.44703484E-07        0.11059504E+06      0.87249335E-12      0.00000000E+00       0       0
 178   0.31156391E+02      0.00000000E+00      -0.44703484E-07        0.11080717E+06      0.15308292E-11      0.00000000E+00       0       0
 179   0.31331427E+02      0.14901161E-07      -0.37252903E-07        0.11101930E+06      0.69402880E-12      0.00000000E+00       0       0
 180   0.31506463E+02      0.00000000E+00      -0.29802322E-07        0.11122083E+06      0.99940147E-12      0.00000000E+00       0       0
 181   0.31681499E+02      0.00000000E+00      -0.29802322E-07        0.11143296E+06      0.10787190E-11      0.00000000E+00       0       0
 182   0.31856535E+02      0.00000000E+00      -0.29802322E-07        0.11164509E+06      0.12373542E-11      0.00000000E+00       0       0
 183   0.32031571E+02      0.00000000E+00      -0.29802322E-07        0.11184662E+06      0.12849447E-11      0.00000000E+00       0       0
 184   0.32206606E+02      0.00000000E+00      -0.29802322E-07        0.11205875E+06      0.65040413E-12      0.00000000E+00       0       0
 185   0.32381642E+02      0.00000000E+00      -0.29802322E-07        0.11226027E+06      0.82490280E-12      0.00000000E+00       0       0
 186   0.32556678E+02      0.00000000E+00      -0.29802322E-07        0.11247240E+06      0.14594434E-11      0.00000000E+00       0       0
 187   0.32731714E+02      0.00000000E+00      -0.29802322E-07        0.11267393E+06      0.52349601E-12      0.00000000E+00       0       0
 188   0.32906750E+02      0.14901161E-07      -0.22351742E-07        0.11287546E+06      0.63850649E-12      0.00000000E+00       0       0
 189   0.33081786E+02      0.14901161E-07      -0.74505806E-08        0.11308759E+06      0.71385819E-12      0.00000000E+00       0       0
 190   0.33256822E+02      0.00000000E+00       0.00000000E+00        0.11328911E+06      0.16022151E-11      0.00000000E+00       0       0
 191   0.33431858E+02      0.00000000E+00       0.00000000E+00        0.11349064E+06      0.78920989E-12      0.00000000E+00       0       0
 192   0.33606894E+02      0.00000000E+00       0.00000000E+00        0.11369216E+06      0.11421731E-11      0.00000000E+00       0       0
 193   0.33781930E+02      0.00000000E+00       0.00000000E+00        0.11390430E+06      0.13999552E-11      0.00000000E+00       0       0
 194   0.33956966E+02      0.00000000E+00       0.00000000E+00        0.11410582E+06      0.12135589E-11      0.00000000E+00       0       0
 195   0.34132001E+02      0.14901161E-07       0.74505806E-08        0.11430735E+06      0.60281358E-12      0.00000000E+00       0       0
 196   0.34307037E+02      0.00000000E+00       0.14901161E-07        0.11450887E+06      0.92008389E-12      0.00000000E+00       0       0
 197   0.34482073E+02     -0.14901161E-07       0.74505806E-08        0.11471040E+06      0.10192309E-11      0.00000000E+00       0       0
 198   0.34657109E+02      0.00000000E+00       0.00000000E+00        0.11491192E+06      0.18084408E-11      0.00000000E+00       0       0
 199   0.34832145E+02      0.00000000E+00       0.00000000E+00        0.11511345E+06      0.13959894E-11      0.00000000E+00       0       0
 200   0.35007181E+02      0.00000000E+00       0.00000000E+00        0.11531497E+06      0.10628555E-11      0.00000000E+00       0       0
 
energy#3, (U= 900.000 cm^-1)
state= 1
j12= 0
m12= 0
L_ORB  B_IMPACT(a.u.)     DEFLCT_ANGLE(rad)    SCAT_PHASE(rad)       FINISH_TIME(a.u.)    ENERGY_ERROR(%)      NORM_ERROR(%)    LOOPS   OSCIL
   0   0.00000000E+00      0.31415927E+01      -0.62308036E+02        0.28613479E+05      0.49240039E-04      0.49968687E-06       0       0
   1   0.14291622E+00      0.30326049E+01      -0.59220937E+02        0.28613479E+05      0.34193140E-04      0.49300151E-06       0       0
   2   0.28583244E+00      0.29529142E+01      -0.56228177E+02        0.28622140E+05      0.33060745E-04      0.47988173E-06       0       0
   3   0.42874865E+00      0.28749585E+01      -0.53314241E+02        0.28622140E+05      0.45212226E-04      0.46082093E-06       0       0
   4   0.57166487E+00      0.27977047E+01      -0.50477909E+02        0.28622140E+05      0.80943440E-04      0.43655844E-06       0       0
   5   0.71458109E+00      0.27209218E+01      -0.47718596E+02        0.28630800E+05      0.69767401E-04      0.40796767E-06       0       0
   6   0.85749731E+00      0.26445480E+01      -0.45035861E+02        0.28630800E+05      0.61976230E-04      0.37606606E-06       0       0
   7   0.10004135E+01      0.25685709E+01      -0.42429302E+02        0.28639460E+05      0.10600343E-03      0.34192855E-06       0       0
   8   0.11433297E+01      0.24929942E+01      -0.39898519E+02        0.28648120E+05      0.15612898E-03      0.30660291E-06       0       0
   9   0.12862460E+01      0.24178209E+01      -0.37443111E+02        0.28656781E+05      0.25759060E-03      0.27113483E-06       0       0
  10   0.14291622E+01      0.23430494E+01      -0.35062676E+02        0.28665441E+05      0.37036502E-03      0.25350320E-06       0       0
  11   0.15720784E+01      0.22686681E+01      -0.32756818E+02        0.28674101E+05      0.48989122E-03      0.24906779E-06       0       0
  12   0.17149946E+01      0.21946563E+01      -0.30525155E+02        0.28691422E+05      0.57302758E-03      0.24365487E-06       0       0
  13   0.18579108E+01      0.21209912E+01      -0.28367332E+02        0.28708742E+05      0.67365790E-03      0.23706603E-06       0       0
  14   0.20008270E+01      0.20477220E+01      -0.26282975E+02        0.28726063E+05      0.77914599E-03      0.22887117E-06       0       0
  15   0.21437433E+01      0.19747861E+01      -0.24271721E+02        0.28743383E+05      0.88427752E-03      0.21851121E-06       0       0
  16   0.22866595E+01      0.19011205E+01      -0.22333768E+02        0.28778024E+05      0.99128243E-03      0.20586088E-06       0       0
  17   0.24295757E+01      0.18265202E+01      -0.20469947E+02        0.28829986E+05      0.10995358E-02      0.19093431E-06       0       0
  18   0.25724919E+01      0.17507755E+01      -0.18681299E+02        0.28890607E+05      0.12085419E-02      0.17402004E-06       0       0
  19   0.27154081E+01      0.16736628E+01      -0.16969080E+02        0.28977210E+05      0.13156744E-02      0.15563066E-06       0       0
  20   0.28583244E+01      0.15949607E+01      -0.15334769E+02        0.29072473E+05      0.14281832E-02      0.13650303E-06       0       0
  21   0.30012406E+01      0.15145168E+01      -0.13780030E+02        0.29176396E+05      0.15374233E-02      0.11761512E-06       0       0
  22   0.31441568E+01      0.14326493E+01      -0.12306447E+02        0.29306300E+05      0.16306470E-02      0.10008068E-06       0       0
  23   0.32870730E+01      0.13505651E+01      -0.10914840E+02        0.29427543E+05      0.16700204E-02      0.84532759E-07       0       0
  24   0.34299892E+01      0.12688420E+01      -0.96051360E+01        0.29557447E+05      0.16300231E-02      0.70949935E-07       0       0
  25   0.35729054E+01      0.11880083E+01      -0.83767109E+01        0.29687351E+05      0.14992407E-02      0.59126903E-07       0       0
  26   0.37158217E+01      0.11084264E+01      -0.72284935E+01        0.29808594E+05      0.12847288E-02      0.48751270E-07       0       0
  27   0.38587379E+01      0.10293017E+01      -0.61596295E+01        0.29938498E+05      0.10284045E-02      0.39431280E-07       0       0
  28   0.40016541E+01      0.94926399E+00      -0.51703467E+01        0.30077062E+05      0.77793007E-03      0.31094194E-07       0       0
  29   0.41445703E+01      0.86824391E+00      -0.42615927E+01        0.30232947E+05      0.55193886E-03      0.23867264E-07       0       0
  30   0.42874865E+01      0.78654960E+00      -0.34341960E+01        0.30406152E+05      0.36411411E-03      0.17840884E-07       0       0
  31   0.44304027E+01      0.70536108E+00      -0.26882406E+01        0.30579357E+05      0.22353435E-03      0.13023804E-07       0       0
  32   0.45733190E+01      0.62554425E+00      -0.20227880E+01        0.30761222E+05      0.22997123E-03      0.92729824E-08       0       0
  33   0.47162352E+01      0.54743310E+00      -0.14362993E+01        0.30943088E+05      0.22614663E-03      0.64054317E-08       0       0
  34   0.48591514E+01      0.47083780E+00      -0.92716383E+00        0.31124953E+05      0.21568842E-03      0.42634785E-08       0       0
  35   0.50020676E+01      0.39658515E+00      -0.49345235E+00        0.31315479E+05      0.30827664E-03      0.27271962E-08       0       0
  36   0.51449838E+01      0.32571325E+00      -0.13230315E+00        0.31506004E+05      0.39745730E-03      0.16705526E-08       0       0
  37   0.52879001E+01      0.25938035E+00       0.16024365E+00        0.31679209E+05      0.46063341E-03      0.97684083E-09       0       0
  38   0.54308163E+01      0.19829241E+00       0.38908003E+00        0.31852414E+05      0.48397329E-03      0.54114491E-09       0       0
  39   0.55737325E+01      0.14349768E+00       0.55997508E+00        0.31999639E+05      0.46527764E-03      0.28232972E-09       0       0
  40   0.57166487E+01      0.95829564E-01       0.67963870E+00        0.32129542E+05      0.41294571E-03      0.13860024E-09       0       0
  41   0.58595649E+01      0.55699858E-01       0.75540341E+00        0.32242126E+05      0.34132650E-03      0.64570571E-10       0       0
  42   0.60024811E+01      0.23228353E-01       0.79486752E+00        0.32311408E+05      0.26503577E-03      0.29887204E-10       0       0
  43   0.61453974E+01     -0.18835605E-02       0.80553991E+00        0.32363369E+05      0.19500925E-03      0.15165647E-10       0       0
  44   0.62883136E+01     -0.20338294E-01       0.79442899E+00        0.32380690E+05      0.13719454E-03      0.97477582E-11       0       0
  45   0.64312298E+01     -0.33081327E-01       0.76771917E+00        0.32372030E+05      0.93125473E-04      0.81934459E-11       0       0
  46   0.65741460E+01     -0.41165656E-01       0.73059568E+00        0.32337389E+05      0.61542632E-04      0.90372154E-11       0       0
  47   0.67170622E+01     -0.45626591E-01       0.68719956E+00        0.32285427E+05      0.39962467E-04      0.80158102E-11       0       0
  48   0.68599784E+01     -0.47395141E-01       0.64068869E+00        0.32216145E+05      0.25745021E-04      0.73052675E-11       0       0
  49   0.70028947E+01     -0.47253008E-01       0.59336462E+00        0.32138203E+05      0.16630530E-04      0.69499961E-11       0       0
  50   0.71458109E+01     -0.45821980E-01       0.54682712E+00        0.32042940E+05      0.10901501E-04      0.63948846E-11       0       0
  51   0.72887271E+01     -0.43575559E-01       0.50212836E+00        0.31947677E+05      0.73492566E-05      0.51292304E-11       0       0
  52   0.74316433E+01     -0.40861411E-01       0.45990987E+00        0.31843754E+05      0.51650694E-05      0.39523940E-11       0       0
  53   0.75745595E+01     -0.37926292E-01       0.42051602E+00        0.31731171E+05      0.38274728E-05      0.35083048E-11       0       0
  54   0.77174758E+01     -0.34939471E-01       0.38408314E+00        0.31618587E+05      0.32008288E-05      0.31752379E-11       0       0
  55   0.78603920E+01     -0.32012613E-01       0.35060710E+00        0.31506004E+05      0.25052315E-05      0.21760371E-11       0       0
  56   0.80033082E+01     -0.29215697E-01       0.31999294E+00        0.31384761E+05      0.26780475E-05      0.19539925E-11       0       0
  57   0.81462244E+01     -0.26589293E-01       0.29209044E+00        0.31263517E+05      0.19992259E-05      0.12878587E-11       0       0
  58   0.82891406E+01     -0.24153602E-01       0.26671900E+00        0.31142274E+05      0.20703812E-05      0.10214052E-11       0       0
  59   0.84320568E+01     -0.21915125E-01       0.24368463E+00        0.31021030E+05      0.49301523E-05      0.95479180E-12       0       0
  60   0.85749731E+01     -0.19871419E-01       0.22279136E+00        0.30899786E+05      0.31498789E-05      0.93258734E-12       0       0
  61   0.87178893E+01     -0.18014438E-01       0.20384843E+00        0.30769883E+05      0.17056727E-05      0.62172489E-12       0       0
  62   0.88608055E+01     -0.16332934E-01       0.18667475E+00        0.30639979E+05      0.16794348E-05      0.10325074E-11       0       0
  63   0.90037217E+01     -0.14813983E-01       0.17110129E+00        0.30510075E+05      0.16597979E-05      0.79936058E-12       0       0
  64   0.91466379E+01     -0.13444067E-01       0.15697226E+00        0.30380171E+05      0.29909172E-05      0.54400928E-12       0       0
  65   0.92895541E+01     -0.12209748E-01       0.14414536E+00        0.30241607E+05      0.16315954E-05      0.61062266E-12       0       0
  66   0.94324704E+01     -0.11098175E-01       0.13249139E+00        0.30103043E+05      0.25736338E-05      0.26645353E-12       0       0
  67   0.95753866E+01     -0.10097248E-01       0.12189368E+00        0.29964479E+05      0.25424446E-05      0.39968029E-12       0       0
  68   0.97183028E+01     -0.91957710E-02       0.11224717E+00        0.29825915E+05      0.16013790E-05      0.59952043E-12       0       0
  69   0.98612190E+01     -0.83834806E-02       0.10345755E+00        0.29678691E+05      0.15925642E-05      0.66613381E-12       0       0
  70   0.10004135E+02     -0.76511445E-02       0.95440235E-01        0.29540127E+05      0.15840195E-05      0.41078252E-12       0       0
  71   0.10147051E+02     -0.69903364E-02       0.88119495E-01        0.29392902E+05      0.15755949E-05      0.24424907E-12       0       0
  72   0.10289968E+02     -0.63935420E-02       0.81427555E-01        0.29237018E+05      0.15672263E-05      0.28865799E-12       0       0
  73   0.10432884E+02     -0.58540969E-02       0.75303736E-01        0.29089793E+05      0.15588530E-05      0.33306691E-12       0       0
  74   0.10575800E+02     -0.53659451E-02       0.69693715E-01        0.28933909E+05      0.15504212E-05      0.36637360E-12       0       0
  75   0.10718716E+02     -0.49237690E-02       0.64548858E-01        0.28778024E+05      0.15419084E-05      0.36637360E-12       0       0
  76   0.10861633E+02     -0.45227786E-02       0.59825584E-01        0.28613479E+05      0.27706236E-05      0.29976022E-12       0       0
  77   0.11004549E+02     -0.41587667E-02       0.55484812E-01        0.28448935E+05      0.15245980E-05      0.37747583E-12       0       0
  78   0.11147465E+02     -0.38279654E-02       0.51491446E-01        0.28284390E+05      0.25604828E-05      0.65503158E-12       0       0
  79   0.11290381E+02     -0.35270190E-02       0.47813953E-01        0.28119845E+05      0.15067255E-05      0.62172489E-12       0       0
  80   0.11433297E+02     -0.32529061E-02       0.44423991E-01        0.27946640E+05      0.14975639E-05      0.31086245E-12       0       0
  81   0.11576214E+02     -0.30029923E-02       0.41296042E-01        0.27773435E+05      0.14882444E-05      0.67723605E-12       0       0
  82   0.11719130E+02     -0.27748678E-02       0.38407112E-01        0.27591569E+05      0.29180297E-05      0.46629367E-12       0       0
  83   0.11862046E+02     -0.25664414E-02       0.35736457E-01        0.27409704E+05      0.21167019E-05      0.48849813E-12       0       0
  84   0.12004962E+02     -0.23758160E-02       0.33265328E-01        0.27227839E+05      0.14592649E-05      0.46629367E-12       0       0
  85   0.12147879E+02     -0.22012610E-02       0.30976790E-01        0.27037313E+05      0.17604168E-05      0.48849813E-12       0       0
  86   0.12290795E+02     -0.20412891E-02       0.28855515E-01        0.26846788E+05      0.23459944E-05      0.59952043E-12       0       0
  87   0.12433711E+02     -0.18945377E-02       0.26887601E-01        0.26656262E+05      0.14286811E-05      0.71054274E-12       0       0
  88   0.12576627E+02     -0.17597491E-02       0.25060458E-01        0.26457076E+05      0.14180938E-05      0.53290705E-12       0       0
  89   0.12719543E+02     -0.16358586E-02       0.23362654E-01        0.26257890E+05      0.23702251E-05      0.46629367E-12       0       0
  90   0.12862460E+02     -0.15218433E-02       0.21783803E-01        0.26050044E+05      0.13963156E-05      0.35527137E-12       0       0
  91   0.13005376E+02     -0.14168481E-02       0.20314457E-01        0.25842198E+05      0.18691415E-05      0.31086245E-12       0       0
  92   0.13148292E+02     -0.13200349E-02       0.18946016E-01        0.25625692E+05      0.13737210E-05      0.29976022E-12       0       0
  93   0.13291208E+02     -0.12307155E-02       0.17670641E-01        0.25409185E+05      0.13620782E-05      0.49960036E-12       0       0
  94   0.13434124E+02     -0.11481994E-02       0.16481183E-01        0.25184019E+05      0.22419736E-05      0.24424907E-12       0       0
  95   0.13577041E+02     -0.10719323E-02       0.15371117E-01        0.24958852E+05      0.30567598E-05      0.48849813E-12       0       0
  96   0.13719957E+02     -0.10013798E-02       0.14334461E-01        0.24733686E+05      0.26146970E-05      0.47739590E-12       0       0
  97   0.13862873E+02     -0.93598159E-03       0.13365781E-01        0.24491198E+05      0.13132128E-05      0.69944051E-12       0       0
  98   0.14005789E+02     -0.87541275E-03       0.12460083E-01        0.24257372E+05      0.13003762E-05      0.35527137E-12       0       0
  99   0.14148706E+02     -0.81915974E-03       0.11612797E-01        0.24006224E+05      0.12872799E-05      0.24424907E-12       0       0
 100   0.14291622E+02     -0.76697744E-03       0.10819729E-01        0.23763737E+05      0.15641174E-05      0.62172489E-12       0       0
 101   0.14434538E+02     -0.71841982E-03       0.10077030E-01        0.23503929E+05      0.21191994E-05      0.24424907E-12       0       0
 102   0.14577454E+02     -0.67326696E-03       0.93811866E-02        0.23244122E+05      0.22669594E-05      0.42188475E-12       0       0
 103   0.14720370E+02     -0.63124763E-03       0.87289293E-02        0.22984314E+05      0.21766045E-05      0.48849813E-12       0       0
 104   0.14863287E+02     -0.59203281E-03       0.81172891E-02        0.22707186E+05      0.20209634E-05      0.68833828E-12       0       0
 105   0.15006203E+02     -0.55547781E-03       0.75435338E-02        0.22430058E+05      0.19764919E-05      0.35527137E-12       0       0
 106   0.15149119E+02     -0.52137736E-03       0.70051062E-02        0.22152930E+05      0.22231219E-05      0.55511151E-12       0       0
 107   0.15292035E+02     -0.48945982E-03       0.64996876E-02        0.21858481E+05      0.29445324E-05      0.24424907E-12       0       0
 108   0.15434952E+02     -0.45963694E-03       0.60251392E-02        0.21564033E+05      0.11561853E-05      0.94368957E-12       0       0
 109   0.15577868E+02     -0.43170951E-03       0.55794660E-02        0.21260924E+05      0.11399335E-05      0.22204460E-12       0       0
 110   0.15720784E+02     -0.40553352E-03       0.51608445E-02        0.20949155E+05      0.31030062E-05      0.31086245E-12       0       0
 111   0.15863700E+02     -0.38097714E-03       0.47675891E-02        0.20628725E+05      0.11062640E-05      0.17763568E-12       0       0
 112   0.16006616E+02     -0.35796372E-03       0.43981187E-02        0.20308296E+05      0.10887972E-05      0.33306691E-12       0       0
 113   0.16149533E+02     -0.33629482E-03       0.40509894E-02        0.19970546E+05      0.22446181E-05      0.37747583E-12       0       0
 114   0.16292449E+02     -0.31595765E-03       0.37248632E-02        0.19632796E+05      0.16242822E-05      0.33306691E-12       0       0
 115   0.16435365E+02     -0.29676967E-03       0.34184995E-02        0.19277725E+05      0.10336528E-05      0.57731597E-12       0       0
 116   0.16578281E+02     -0.27868996E-03       0.31307697E-02        0.18913995E+05      0.18645282E-05      0.57731597E-12       0       0
 117   0.16721197E+02     -0.26164009E-03       0.28606047E-02        0.18541604E+05      0.14256367E-05      0.32196468E-12       0       0
 118   0.16864114E+02     -0.24554805E-03       0.26070106E-02        0.18160553E+05      0.24955036E-05      0.31086245E-12       0       0
 119   0.17007030E+02     -0.23034773E-03       0.23690627E-02        0.17770841E+05      0.16300846E-05      0.35527137E-12       0       0
 120   0.17149946E+02     -0.21593117E-03       0.21459233E-02        0.17363809E+05      0.13286046E-05      0.23314684E-12       0       0
 121   0.17292862E+02     -0.20224155E-03       0.19368369E-02        0.16939457E+05      0.21154603E-05      0.45519144E-12       0       0
 122   0.17435779E+02     -0.18927469E-03       0.17410788E-02        0.16506444E+05      0.88507023E-06      0.35527137E-12       0       0
 123   0.17578695E+02     -0.17693546E-03       0.15579737E-02        0.16056111E+05      0.22337293E-05      0.55511151E-12       0       0
 124   0.17721611E+02     -0.16517998E-03       0.13869160E-02        0.15588457E+05      0.14096176E-05      0.17763568E-12       0       0
 125   0.17864527E+02     -0.15396823E-03       0.12273419E-02        0.15103483E+05      0.11902660E-05      0.17763568E-12       0       0
 126   0.18007443E+02     -0.14326371E-03       0.10787260E-02        0.14601188E+05      0.78289107E-06      0.54400928E-12       0       0
 127   0.18150360E+02     -0.13298337E-03       0.94060241E-03        0.14072913E+05      0.18157543E-05      0.47739590E-12       0       0
 128   0.18293276E+02     -0.12309634E-03       0.81256256E-03        0.13518657E+05      0.72501372E-06      0.18873791E-12       0       0
 129   0.18436192E+02     -0.11357503E-03       0.69422687E-03        0.12938420E+05      0.69390003E-06      0.37747583E-12       0       0
 130   0.18579108E+02     -0.10439526E-03       0.58524172E-03        0.12332202E+05      0.66106378E-06      0.37747583E-12       0       0
 131   0.18722025E+02     -0.95433165E-04       0.48532751E-03        0.11682683E+05      0.62623583E-06      0.19984014E-12       0       0
 132   0.18864941E+02     -0.86669540E-04       0.39427616E-03        0.10989862E+05      0.62011941E-06      0.51070259E-12       0       0
 133   0.19007857E+02     -0.78037373E-04       0.31192270E-03        0.10245081E+05      0.91530570E-06      0.35527137E-12       0       0
 134   0.19150773E+02     -0.69419867E-04       0.23819408E-03        0.94310166E+04      0.50558703E-06      0.12212453E-12       0       0
 135   0.19293689E+02     -0.60761463E-04       0.17310342E-03        0.85390105E+04      0.45761978E-06      0.36637360E-12       0       0
 136   0.19436606E+02     -0.51786067E-04       0.11682965E-03        0.75257608E+04      0.43924198E-06      0.17763568E-12       0       0
 137   0.19579522E+02     -0.42336113E-04       0.69768561E-04        0.63566265E+04      0.34056512E-06      0.11102230E-12       0       0
 138   0.19722438E+02     -0.31453535E-04       0.32873737E-04        0.48930435E+04      0.26221312E-06      0.13322676E-12       0       0
 139   0.19865354E+02     -0.17062675E-04       0.86156314E-05        0.27193198E+04      0.14554915E-06      0.11102230E-12       0       0
 140   0.20008270E+02      0.00000000E+00       0.84293697E-07        0.78842953E+05      0.71914603E-12      0.00000000E+00       0       0
 141   0.20151187E+02     -0.21073424E-07       0.73756985E-07        0.78998837E+05      0.52085209E-12      0.00000000E+00       0       0
 142   0.20294103E+02      0.00000000E+00       0.63220273E-07        0.79163382E+05      0.71385819E-12      0.00000000E+00       0       0
 143   0.20437019E+02     -0.21073424E-07       0.52683561E-07        0.79319267E+05      0.18243043E-11      0.00000000E+00       0       0
 144   0.20579935E+02      0.00000000E+00       0.42146849E-07        0.79475151E+05      0.50763249E-12      0.00000000E+00       0       0
 145   0.20722852E+02      0.00000000E+00       0.42146849E-07        0.79639696E+05      0.97296228E-12      0.00000000E+00       0       0
 146   0.20865768E+02      0.00000000E+00       0.42146849E-07        0.79795581E+05      0.94123525E-12      0.00000000E+00       0       0
 147   0.21008684E+02      0.00000000E+00       0.42146849E-07        0.79951465E+05      0.10046893E-11      0.00000000E+00       0       0
 148   0.21151600E+02      0.00000000E+00       0.42146849E-07        0.80107350E+05      0.80375145E-12      0.00000000E+00       0       0
 149   0.21294516E+02      0.00000000E+00       0.42146849E-07        0.80271895E+05      0.84605415E-12      0.00000000E+00       0       0
 150   0.21437433E+02      0.00000000E+00       0.42146849E-07        0.80427779E+05      0.12955204E-11      0.00000000E+00       0       0
 151   0.21580349E+02      0.00000000E+00       0.42146849E-07        0.80583664E+05      0.74029738E-12      0.00000000E+00       0       0
 152   0.21723265E+02      0.00000000E+00       0.42146849E-07        0.80739548E+05      0.78260009E-12      0.00000000E+00       0       0
 153   0.21866181E+02      0.00000000E+00       0.42146849E-07        0.80895433E+05      0.12056272E-11      0.00000000E+00       0       0
 154   0.22009098E+02      0.00000000E+00       0.42146849E-07        0.81051318E+05      0.46532978E-12      0.00000000E+00       0       0
 155   0.22152014E+02      0.00000000E+00       0.42146849E-07        0.81207202E+05      0.17925772E-11      0.00000000E+00       0       0
 156   0.22294930E+02      0.00000000E+00       0.42146849E-07        0.81363087E+05      0.10681434E-11      0.00000000E+00       0       0
 157   0.22437846E+02      0.00000000E+00       0.42146849E-07        0.81510311E+05      0.80375145E-12      0.00000000E+00       0       0
 158   0.22580762E+02      0.00000000E+00       0.42146849E-07        0.81666196E+05      0.18560313E-11      0.00000000E+00       0       0
 159   0.22723679E+02      0.00000000E+00       0.42146849E-07        0.81822080E+05      0.71914603E-12      0.00000000E+00       0       0
 160   0.22866595E+02      0.00000000E+00       0.42146849E-07        0.81977965E+05      0.54993520E-12      0.00000000E+00       0       0
 161   0.23009511E+02      0.00000000E+00       0.42146849E-07        0.82133849E+05      0.64511629E-12      0.00000000E+00       0       0
 162   0.23152427E+02      0.00000000E+00       0.42146849E-07        0.82281074E+05      0.67155548E-12      0.00000000E+00       0       0
 163   0.23295343E+02      0.00000000E+00       0.42146849E-07        0.82436958E+05      0.75087306E-12      0.00000000E+00       0       0
 164   0.23438260E+02      0.00000000E+00       0.42146849E-07        0.82592843E+05      0.65569197E-12      0.00000000E+00       0       0
 165   0.23581176E+02      0.00000000E+00       0.42146849E-07        0.82740067E+05      0.65569197E-12      0.00000000E+00       0       0
 166   0.23724092E+02     -0.21073424E-07       0.31610136E-07        0.82895952E+05      0.90422038E-12      0.00000000E+00       0       0
 167   0.23867008E+02      0.00000000E+00       0.21073424E-07        0.83043176E+05      0.97296228E-12      0.00000000E+00       0       0
 168   0.24009925E+02     -0.21073424E-07       0.10536712E-07        0.83199061E+05      0.76144874E-12      0.00000000E+00       0       0
 169   0.24152841E+02      0.00000000E+00       0.00000000E+00        0.83346285E+05      0.11844758E-11      0.00000000E+00       0       0
 170   0.24295757E+02      0.00000000E+00       0.00000000E+00        0.83502169E+05      0.68213116E-12      0.00000000E+00       0       0
 171   0.24438673E+02      0.00000000E+00       0.00000000E+00        0.83649394E+05      0.97825012E-12      0.00000000E+00       0       0
 172   0.24581589E+02      0.00000000E+00       0.00000000E+00        0.83805278E+05      0.60281358E-12      0.00000000E+00       0       0
 173   0.24724506E+02      0.00000000E+00       0.00000000E+00        0.83952503E+05      0.72443387E-12      0.00000000E+00       0       0
 174   0.24867422E+02      0.00000000E+00       0.00000000E+00        0.84099727E+05      0.51292033E-12      0.00000000E+00       0       0
 175   0.25010338E+02      0.00000000E+00       0.00000000E+00        0.84255612E+05      0.62925278E-12      0.00000000E+00       0       0
 176   0.25153254E+02      0.00000000E+00       0.00000000E+00        0.84402836E+05      0.21257111E-11      0.00000000E+00       0       0
 177   0.25296171E+02      0.00000000E+00       0.00000000E+00        0.84550060E+05      0.80375145E-12      0.00000000E+00       0       0
 178   0.25439087E+02      0.00000000E+00       0.00000000E+00        0.84697284E+05      0.71914603E-12      0.00000000E+00       0       0
 179   0.25582003E+02      0.00000000E+00       0.00000000E+00        0.84853169E+05      0.11368853E-11      0.00000000E+00       0       0
 180   0.25724919E+02      0.00000000E+00       0.00000000E+00        0.85000393E+05      0.99411363E-12      0.00000000E+00       0       0
 181   0.25867835E+02      0.21073424E-07       0.10536712E-07        0.85147618E+05      0.13272475E-11      0.00000000E+00       0       0
 182   0.26010752E+02      0.00000000E+00       0.21073424E-07        0.85294842E+05      0.83547848E-12      0.00000000E+00       0       0
 183   0.26153668E+02      0.00000000E+00       0.21073424E-07        0.85442066E+05      0.13113839E-11      0.00000000E+00       0       0
 184   0.26296584E+02      0.00000000E+00       0.21073424E-07        0.85589291E+05      0.15281853E-11      0.00000000E+00       0       0
 185   0.26439500E+02      0.00000000E+00       0.21073424E-07        0.85736515E+05      0.50763249E-12      0.00000000E+00       0       0
 186   0.26582416E+02      0.00000000E+00       0.21073424E-07        0.85883739E+05      0.80375145E-12      0.00000000E+00       0       0
 187   0.26725333E+02      0.00000000E+00       0.21073424E-07        0.86030964E+05      0.77202442E-12      0.00000000E+00       0       0
 188   0.26868249E+02      0.00000000E+00       0.21073424E-07        0.86178188E+05      0.10152650E-11      0.00000000E+00       0       0
 189   0.27011165E+02      0.00000000E+00       0.21073424E-07        0.86325412E+05      0.49176898E-12      0.00000000E+00       0       0
 190   0.27154081E+02     -0.21073424E-07       0.10536712E-07        0.86463976E+05      0.82490280E-12      0.00000000E+00       0       0
 191   0.27296998E+02      0.00000000E+00       0.00000000E+00        0.86611201E+05      0.98353795E-12      0.00000000E+00       0       0
 192   0.27439914E+02      0.00000000E+00       0.00000000E+00        0.86758425E+05      0.63982845E-12      0.00000000E+00       0       0
 193   0.27582830E+02      0.00000000E+00       0.00000000E+00        0.86905649E+05      0.14277164E-11      0.00000000E+00       0       0
 194   0.27725746E+02      0.00000000E+00       0.00000000E+00        0.87052874E+05      0.75087306E-12      0.00000000E+00       0       0
 195   0.27868662E+02      0.00000000E+00       0.00000000E+00        0.87191438E+05      0.39658788E-12      0.00000000E+00       0       0
 196   0.28011579E+02      0.00000000E+00       0.00000000E+00        0.87338662E+05      0.13166718E-11      0.00000000E+00       0       0
 197   0.28154495E+02      0.00000000E+00       0.00000000E+00        0.87485886E+05      0.92008389E-12      0.00000000E+00       0       0
 198   0.28297411E+02      0.00000000E+00       0.00000000E+00        0.87624450E+05      0.81961496E-12      0.00000000E+00       0       0
 199   0.28440327E+02      0.00000000E+00       0.00000000E+00        0.87771675E+05      0.61074534E-12      0.00000000E+00       0       0
 200   0.28583244E+02      0.00000000E+00       0.00000000E+00        0.87910239E+05      0.90950822E-12      0.00000000E+00       0       0
 
