 FOR ENERGY=           1
 MAXIMUM PROBABILITY ERROR
 B_IMP  0.000000000000000E+000
 L_ORB  0.000000000000000E+000
 R_FIN   20.0057317126980     
 PHI_FIN  0.000000000000000E+000
 PROBAB_SURV  0.267971754218634     
 ERROR_ENERG  6.944624795661793E-006
 ERROR_PROBAB  2.281056010744464E-007
 STATE           1
 #NTRAJECT           1
 #NPROC           0
 
 MAXIMUM ENERGY ERROR
 B_IMP   5.56823299877872     
 L_ORB   22.0000000000000     
 R_FIN   20.0033434212188     
 PHI_FIN   2.22522918923766     
 PROBAB_SURV  0.915097431727538     
 ERROR_ENERG  4.077147926584179E-004
 ERROR_PROBAB  1.184941034182430E-009
 STATE           1
 #NTRAJECT           1
 #NPROC          22
 -------------------------
 FOR ENERGY=           2
 MAXIMUM PROBABILITY ERROR
 B_IMP  0.000000000000000E+000
 L_ORB  0.000000000000000E+000
 R_FIN   20.0091974120497     
 PHI_FIN  0.000000000000000E+000
 PROBAB_SURV  7.607141912111857E-002
 ERROR_ENERG  1.058969186446385E-005
 ERROR_PROBAB  3.329067022050936E-007
 STATE           1
 #NTRAJECT           1
 #NPROC           0
 
 MAXIMUM ENERGY ERROR
 B_IMP   3.06187781950871     
 L_ORB   17.0000000000000     
 R_FIN   20.0066965497657     
 PHI_FIN   1.24430300761435     
 PROBAB_SURV  0.266567053864437     
 ERROR_ENERG  8.580549024741856E-004
 ERROR_PROBAB  1.007706806888109E-007
 STATE           1
 #NTRAJECT           1
 #NPROC          17
 -------------------------
 FOR ENERGY=           3
 MAXIMUM PROBABILITY ERROR
 B_IMP  0.000000000000000E+000
 L_ORB  0.000000000000000E+000
 R_FIN   20.0014820001452     
 PHI_FIN  0.000000000000000E+000
 PROBAB_SURV  8.285595977526955E-002
 ERROR_ENERG  4.924003852675354E-005
 ERROR_PROBAB  4.996868696593992E-007
 STATE           1
 #NTRAJECT           1
 #NPROC           0
 
 MAXIMUM ENERGY ERROR
 B_IMP   3.35777083676809     
 L_ORB   23.0000000000000     
 R_FIN   20.0005421303156     
 PHI_FIN   1.45012263836950     
 PROBAB_SURV  0.229391029734772     
 ERROR_ENERG  1.670020402538459E-003
 ERROR_PROBAB  8.453275857078779E-008
 STATE           1
 #NTRAJECT           1
 #NPROC          23
 -------------------------
