 M RESOLVED CROSSECTIONS WITHOUT BILLING CORRECTION
INI_STATE#    1
   ENERGY#    1
 j12=           0
 m12=           0
CHANNEL# CROSSSECTIONS,ANG^2
   1       0.21665643684E+04
   2       0.15339203687E-10
   3       0.92862603471E+01
   4       0.44368312001E-13
   5       0.13213568609E+01
   6       0.93943824927E-11
   7       0.11201867939E-01
   8       0.45282786939E-12
   9       0.66967788990E+00
 M RESOLVED CROSSECTIONS WITHOUT BILLING CORRECTION
INI_STATE#    1
   ENERGY#    2
 j12=           0
 m12=           0
CHANNEL# CROSSSECTIONS,ANG^2
   1       0.10747838001E+04
   2       0.27690802542E-10
   3       0.11345155421E+02
   4       0.27394624218E-12
   5       0.86243872670E+00
   6       0.11462912386E-10
   7       0.13990831321E-01
   8       0.10634042419E-11
   9       0.19210475888E+01
 M RESOLVED CROSSECTIONS WITHOUT BILLING CORRECTION
INI_STATE#    1
   ENERGY#    3
 j12=           0
 m12=           0
CHANNEL# CROSSSECTIONS,ANG^2
   1       0.71051099569E+03
   2       0.15646917317E-09
   3       0.11128359796E+02
   4       0.60320780786E-12
   5       0.61221870768E+00
   6       0.58028452865E-10
   7       0.18498840413E-01
   8       0.12456627808E-11
   9       0.36808820672E+01
