STATE= 1
j12= 0
m12= 0
ENERGY#1, U(i)= 300.000 cm^-1
J_TOTAL     B_IMPACT     CHANNEL=  1  CHANNEL=  2  CHANNEL=  3  CHANNEL=  4  CHANNEL=  5  CHANNEL=  6  CHANNEL=  7  CHANNEL=  8  CHANNEL=  9  
    0    0.00000000E+00  0.14445E-01  0.76142E-13  0.33240E-01  0.00000E+00  0.14940E-02  0.67247E-13  0.00000E+00  0.00000E+00  0.47262E-02 
    1    0.35007181E+00  0.43723E-01  0.22765E-12  0.99469E-01  0.32173E-16  0.45093E-02  0.20023E-12  0.16711E-05  0.12619E-15  0.14014E-01 
    2    0.60634216E+00  0.74167E-01  0.37686E-12  0.16493E+00  0.15577E-15  0.76062E-02  0.32860E-12  0.82502E-05  0.62311E-15  0.22817E-01 
    3    0.85749731E+00  0.10657E+00  0.52226E-12  0.22908E+00  0.41539E-15  0.10839E-01  0.44911E-12  0.22667E-04  0.17113E-14  0.30833E-01 
    4    0.11070243E+01  0.14173E+00  0.66227E-12  0.29132E+00  0.83338E-15  0.14259E-01  0.55833E-12  0.47364E-04  0.35703E-14  0.37799E-01 
    5    0.13558223E+01  0.18049E+00  0.79508E-12  0.35098E+00  0.14051E-14  0.17918E-01  0.65263E-12  0.84160E-04  0.63198E-14  0.43494E-01 
    6    0.16042306E+01  0.22370E+00  0.91832E-12  0.40733E+00  0.20981E-14  0.21864E-01  0.72839E-12  0.13415E-03  0.10002E-13  0.47755E-01 
    7    0.18524059E+01  0.27223E+00  0.10288E-11  0.45954E+00  0.28545E-14  0.26139E-01  0.78220E-12  0.19765E-03  0.14562E-13  0.50484E-01 
    8    0.21004309E+01  0.32698E+00  0.11222E-11  0.50672E+00  0.35983E-14  0.30780E-01  0.81120E-12  0.27420E-03  0.19839E-13  0.51645E-01 
    9    0.23483531E+01  0.38890E+00  0.11928E-11  0.54786E+00  0.42436E-14  0.35815E-01  0.81344E-12  0.36252E-03  0.25553E-13  0.51270E-01 
   10    0.25962020E+01  0.45903E+00  0.12340E-11  0.58184E+00  0.47046E-14  0.41254E-01  0.78806E-12  0.46038E-03  0.31304E-13  0.49438E-01 
   11    0.28439968E+01  0.53881E+00  0.12374E-11  0.60714E+00  0.48987E-14  0.47087E-01  0.73490E-12  0.56380E-03  0.36542E-13  0.46234E-01 
   12    0.30917505E+01  0.62984E+00  0.11949E-11  0.62205E+00  0.47697E-14  0.53268E-01  0.65599E-12  0.66714E-03  0.40617E-13  0.41821E-01 
   13    0.33394722E+01  0.73359E+00  0.11013E-11  0.62492E+00  0.43116E-14  0.59708E-01  0.55656E-12  0.76365E-03  0.42883E-13  0.36481E-01 
   14    0.35871686E+01  0.85145E+00  0.95574E-12  0.61415E+00  0.35754E-14  0.66258E-01  0.44450E-12  0.84550E-03  0.42801E-13  0.30574E-01 
   15    0.38348445E+01  0.98417E+00  0.76590E-12  0.58874E+00  0.26752E-14  0.72707E-01  0.33027E-12  0.90535E-03  0.40144E-13  0.24560E-01 
   16    0.40825038E+01  0.11309E+01  0.55143E-12  0.54924E+00  0.17717E-14  0.78800E-01  0.22577E-12  0.93993E-03  0.35258E-13  0.18974E-01 
   17    0.43301491E+01  0.12912E+01  0.33889E-12  0.49619E+00  0.99785E-15  0.84156E-01  0.13922E-12  0.94397E-03  0.28787E-13  0.14179E-01 
   18    0.45777829E+01  0.14642E+01  0.15967E-12  0.43077E+00  0.44456E-15  0.88264E-01  0.75108E-13  0.91185E-03  0.21685E-13  0.10424E-01 
   19    0.48254069E+01  0.16477E+01  0.43755E-13  0.35551E+00  0.14111E-15  0.90488E-01  0.33855E-13  0.84003E-03  0.15111E-13  0.78244E-02 
   20    0.50730225E+01  0.18386E+01  0.84908E-14  0.27438E+00  0.44827E-16  0.90088E-01  0.11810E-13  0.72787E-03  0.10059E-13  0.63150E-02 
   21    0.53206309E+01  0.20314E+01  0.47346E-13  0.19392E+00  0.62859E-16  0.86447E-01  0.28695E-14  0.58474E-03  0.70324E-14  0.56383E-02 
   22    0.55682330E+01  0.22198E+01  0.12442E-12  0.12113E+00  0.98861E-16  0.79044E-01  0.62322E-15  0.42422E-03  0.56421E-14  0.53581E-02 
   23    0.58158297E+01  0.23973E+01  0.18637E-12  0.63099E-01  0.10117E-15  0.67855E-01  0.63848E-15  0.26808E-03  0.48762E-14  0.50104E-02 
   24    0.60634216E+01  0.25585E+01  0.19265E-12  0.24725E-01  0.72432E-16  0.53717E-01  0.90880E-15  0.14086E-03  0.38205E-14  0.42955E-02 
   25    0.63110093E+01  0.27014E+01  0.14455E-12  0.60760E-02  0.38540E-16  0.38472E-01  0.89470E-15  0.58357E-04  0.23714E-14  0.32313E-02 
   26    0.65585932E+01  0.28286E+01  0.80106E-13  0.17065E-02  0.15828E-16  0.24584E-01  0.60918E-15  0.18267E-04  0.10921E-14  0.21019E-02 
   27    0.68061739E+01  0.29460E+01  0.33779E-13  0.35831E-02  0.51645E-17  0.14021E-01  0.28622E-15  0.42907E-05  0.37110E-15  0.11988E-02 
   28    0.70537515E+01  0.30589E+01  0.11487E-13  0.58061E-02  0.13916E-17  0.72697E-02  0.95410E-16  0.79128E-06  0.97453E-16  0.61974E-03 
   29    0.73013265E+01  0.31702E+01  0.33945E-14  0.64259E-02  0.32696E-18  0.35313E-02  0.23739E-16  0.12757E-06  0.21380E-16  0.30099E-03 
   30    0.75488990E+01  0.32807E+01  0.93199E-15  0.58040E-02  0.70703E-19  0.16562E-02  0.47725E-17  0.22873E-07  0.42525E-17  0.14113E-03 
   31    0.77964694E+01  0.33905E+01  0.24860E-15  0.47088E-02  0.14623E-19  0.76777E-03  0.11194E-17  0.66582E-08  0.82040E-18  0.64989E-04 
   32    0.80440378E+01  0.34999E+01  0.65747E-16  0.36136E-02  0.29383E-20  0.35731E-03  0.61588E-18  0.31028E-08  0.16097E-18  0.29697E-04 
   33    0.82916043E+01  0.36088E+01  0.17226E-16  0.26984E-02  0.56763E-21  0.16855E-03  0.50725E-18  0.16832E-08  0.33035E-19  0.13554E-04 
   34    0.85391693E+01  0.37174E+01  0.43945E-17  0.19913E-02  0.10102E-21  0.81049E-04  0.39350E-18  0.92510E-09  0.71731E-20  0.62087E-05 
   35    0.87867327E+01  0.38258E+01  0.10643E-17  0.14641E-02  0.15074E-22  0.39840E-04  0.27804E-18  0.50291E-09  0.16470E-20  0.28657E-05 
   36    0.90342947E+01  0.39340E+01  0.24480E-18  0.10768E-02  0.15486E-23  0.20037E-04  0.18457E-18  0.27077E-09  0.39682E-21  0.13377E-05 
   37    0.92818555E+01  0.40421E+01  0.62723E-19  0.79345E-03  0.12078E-24  0.10304E-04  0.11781E-18  0.14491E-09  0.99256E-22  0.63360E-06 
   38    0.95294151E+01  0.41502E+01  0.28100E-19  0.58589E-03  0.95183E-25  0.54085E-05  0.73142E-19  0.77301E-10  0.25495E-22  0.30541E-06 
   39    0.97769736E+01  0.42581E+01  0.24782E-19  0.43338E-03  0.65435E-25  0.28905E-05  0.44306E-19  0.41162E-10  0.66562E-23  0.15012E-06 
   40    0.10024531E+02  0.43661E+01  0.31441E-19  0.32094E-03  0.19722E-25  0.15683E-05  0.26111E-19  0.21900E-10  0.17492E-23  0.75321E-07 
   41    0.10272088E+02  0.44740E+01  0.45157E-19  0.23779E-03  0.71710E-26  0.86137E-06  0.14866E-19  0.11649E-10  0.45801E-24  0.38552E-07 
   42    0.10519643E+02  0.45818E+01  0.63093E-19  0.17619E-03  0.21354E-25  0.47760E-06  0.80945E-20  0.61977E-11  0.11808E-24  0.20083E-07 
   43    0.10767198E+02  0.46897E+01  0.80662E-19  0.13049E-03  0.40472E-25  0.26671E-06  0.41625E-20  0.33002E-11  0.29527E-25  0.10605E-07 
   44    0.11014752E+02  0.47975E+01  0.93402E-19  0.96594E-04  0.51197E-25  0.14973E-06  0.19962E-20  0.17599E-11  0.70223E-26  0.56446E-08 
   45    0.11262306E+02  0.49054E+01  0.98612E-19  0.71459E-04  0.51094E-25  0.84407E-07  0.89142E-21  0.94069E-12  0.15514E-26  0.30075E-08 
   46    0.11509859E+02  0.50132E+01  0.95853E-19  0.52839E-04  0.43540E-25  0.47751E-07  0.39207E-21  0.50447E-12  0.31579E-27  0.15925E-08 
   47    0.11757411E+02  0.51210E+01  0.86514E-19  0.39061E-04  0.33027E-25  0.27111E-07  0.21089E-21  0.27173E-12  0.67668E-28  0.83305E-09 
   48    0.12004962E+02  0.52288E+01  0.72971E-19  0.28878E-04  0.22842E-25  0.15459E-07  0.17571E-21  0.14720E-12  0.25164E-28  0.43024E-09 
   49    0.12252513E+02  0.53367E+01  0.57756E-19  0.21359E-04  0.14616E-25  0.88636E-08  0.19101E-21  0.80307E-13  0.17075E-28  0.22232E-09 
   50    0.12500064E+02  0.54445E+01  0.42979E-19  0.15812E-04  0.87315E-26  0.51196E-08  0.21004E-21  0.44179E-13  0.12558E-28  0.11986E-09 
   51    0.12747614E+02  0.55523E+01  0.30053E-19  0.11721E-04  0.48939E-26  0.29853E-08  0.21500E-21  0.24540E-13  0.86092E-29  0.72643E-10 
   52    0.12995163E+02  0.56601E+01  0.19677E-19  0.87034E-05  0.25784E-26  0.17616E-08  0.20342E-21  0.13778E-13  0.58444E-29  0.52461E-10 
   53    0.13242713E+02  0.57679E+01  0.11973E-19  0.64767E-05  0.12754E-26  0.10545E-08  0.17952E-21  0.78252E-14  0.44371E-29  0.43966E-10 
   54    0.13490261E+02  0.58757E+01  0.66754E-20  0.48318E-05  0.58961E-27  0.64154E-09  0.14927E-21  0.44980E-14  0.40216E-29  0.39580E-10 
   55    0.13737810E+02  0.59836E+01  0.33259E-20  0.36147E-05  0.25233E-27  0.39727E-09  0.11786E-21  0.26168E-14  0.40823E-29  0.36504E-10 
   56    0.13985358E+02  0.60914E+01  0.14135E-20  0.27125E-05  0.98279E-28  0.25051E-09  0.88904E-22  0.15401E-14  0.42036E-29  0.34730E-10 
   57    0.14232906E+02  0.61992E+01  0.47051E-21  0.20418E-05  0.33763E-28  0.16075E-09  0.64325E-22  0.91615E-15  0.41518E-29  0.35570E-10 
   58    0.14480453E+02  0.63070E+01  0.11927E-21  0.15419E-05  0.96196E-29  0.10478E-09  0.44763E-22  0.55012E-15  0.38568E-29  0.40443E-10 
   59    0.14728000E+02  0.64148E+01  0.84224E-22  0.11680E-05  0.19821E-29  0.69167E-10  0.30003E-22  0.33290E-15  0.33563E-29  0.49929E-10 
   60    0.14975547E+02  0.65226E+01  0.18325E-21  0.88729E-06  0.23802E-30  0.46064E-10  0.19376E-22  0.20263E-15  0.27385E-29  0.63170E-10 
   61    0.15223093E+02  0.66304E+01  0.30898E-21  0.67573E-06  0.16120E-30  0.30806E-10  0.12045E-22  0.12382E-15  0.20998E-29  0.77773E-10 
   62    0.15470639E+02  0.67382E+01  0.40764E-21  0.51563E-06  0.32470E-30  0.20580E-10  0.71927E-23  0.75787E-16  0.15184E-29  0.90291E-10 
   63    0.15718185E+02  0.68461E+01  0.46015E-21  0.39396E-06  0.38444E-30  0.13656E-10  0.41121E-23  0.46363E-16  0.10417E-29  0.97226E-10 
   64    0.15965731E+02  0.69539E+01  0.46717E-21  0.30110E-06  0.33829E-30  0.89429E-11  0.22410E-23  0.28279E-16  0.68576E-30  0.96278E-10 
   65    0.16213276E+02  0.70617E+01  0.43870E-21  0.22994E-06  0.24835E-30  0.57400E-11  0.11605E-23  0.17151E-16  0.44112E-30  0.87371E-10 
   66    0.16460822E+02  0.71695E+01  0.38740E-21  0.17519E-06  0.16013E-30  0.35826E-11  0.57415E-24  0.10309E-16  0.28380E-30  0.72932E-10 
   67    0.16708367E+02  0.72773E+01  0.32497E-21  0.13293E-06  0.92916E-31  0.21557E-11  0.28173E-24  0.61162E-17  0.18591E-30  0.57100E-10 
   68    0.16955912E+02  0.73851E+01  0.26056E-21  0.10021E-06  0.49054E-31  0.12402E-11  0.15405E-24  0.35626E-17  0.12372E-30  0.44048E-10 
   69    0.17203456E+02  0.74929E+01  0.20035E-21  0.74835E-07  0.23625E-31  0.68112E-12  0.11140E-24  0.20237E-17  0.81479E-31  0.36175E-10 
   70    0.17451001E+02  0.76007E+01  0.14790E-21  0.55151E-07  0.10341E-31  0.36722E-12  0.10709E-24  0.11115E-17  0.51076E-31  0.33312E-10 
   71    0.17698545E+02  0.77085E+01  0.10472E-21  0.39912E-07  0.40724E-32  0.21792E-12  0.11548E-24  0.58390E-18  0.29375E-31  0.33623E-10 
   72    0.17946089E+02  0.78164E+01  0.70873E-22  0.28174E-07  0.14184E-32  0.17400E-12  0.12376E-24  0.28918E-18  0.15118E-31  0.35540E-10 
   73    0.18193633E+02  0.79242E+01  0.45556E-22  0.19222E-07  0.42522E-33  0.19043E-12  0.12642E-24  0.13240E-18  0.69418E-32  0.38612E-10 
   74    0.18441177E+02  0.80320E+01  0.27514E-22  0.12507E-07  0.10541E-33  0.23086E-12  0.12164E-24  0.54431E-19  0.29417E-32  0.41484E-10 
   75    0.18688721E+02  0.81398E+01  0.15337E-22  0.76078E-08  0.20435E-34  0.26426E-12  0.10912E-24  0.19180E-19  0.12158E-32  0.39119E-10 
   76    0.18936264E+02  0.82476E+01  0.76531E-23  0.41871E-08  0.29097E-35  0.26507E-12  0.89119E-25  0.53500E-20  0.47500E-33  0.26208E-10 
   77    0.19183807E+02  0.83554E+01  0.32299E-23  0.19666E-08  0.29769E-36  0.21859E-12  0.62784E-25  0.10192E-20  0.14214E-33  0.92922E-11 
   78    0.19431351E+02  0.84632E+01  0.10214E-23  0.69711E-09  0.21059E-37  0.13152E-12  0.33754E-25  0.97234E-22  0.22106E-34  0.75972E-11 
   79    0.19678894E+02  0.85710E+01  0.17236E-24  0.13260E-09  0.42974E-39  0.41221E-13  0.98145E-26  0.19931E-23  0.76007E-36  0.15135E-10 
   80    0.19926437E+02  0.86789E+01  0.20428E-26  0.17468E-11  0.80301E-44  0.83220E-15  0.20029E-27  0.63315E-28  0.48157E-40  0.12694E-11 
   81    0.20173980E+02  0.87867E+01  0.00000E+00  0.00000E+00  0.00000E+00  0.00000E+00  0.00000E+00  0.00000E+00  0.00000E+00  0.00000E+00 
   82    0.20421522E+02  0.88945E+01  0.00000E+00  0.00000E+00  0.00000E+00  0.00000E+00  0.00000E+00  0.00000E+00  0.00000E+00  0.00000E+00 
   83    0.20669065E+02  0.90023E+01  0.00000E+00  0.00000E+00  0.00000E+00  0.00000E+00  0.00000E+00  0.00000E+00  0.00000E+00  0.00000E+00 
   84    0.20916608E+02  0.91101E+01  0.00000E+00  0.00000E+00  0.00000E+00  0.00000E+00  0.00000E+00  0.00000E+00  0.00000E+00  0.00000E+00 
   85    0.21164150E+02  0.92179E+01  0.00000E+00  0.00000E+00  0.00000E+00  0.00000E+00  0.00000E+00  0.00000E+00  0.00000E+00  0.00000E+00 
   86    0.21411692E+02  0.93257E+01  0.00000E+00  0.00000E+00  0.00000E+00  0.00000E+00  0.00000E+00  0.00000E+00  0.00000E+00  0.00000E+00 
   87    0.21659235E+02  0.94335E+01  0.00000E+00  0.00000E+00  0.00000E+00  0.00000E+00  0.00000E+00  0.00000E+00  0.00000E+00  0.00000E+00 
   88    0.21906777E+02  0.95413E+01  0.00000E+00  0.00000E+00  0.00000E+00  0.00000E+00  0.00000E+00  0.00000E+00  0.00000E+00  0.00000E+00 
   89    0.22154319E+02  0.96492E+01  0.00000E+00  0.00000E+00  0.00000E+00  0.00000E+00  0.00000E+00  0.00000E+00  0.00000E+00  0.00000E+00 
   90    0.22401861E+02  0.97570E+01  0.00000E+00  0.00000E+00  0.00000E+00  0.00000E+00  0.00000E+00  0.00000E+00  0.00000E+00  0.00000E+00 
   91    0.22649403E+02  0.98648E+01  0.00000E+00  0.00000E+00  0.00000E+00  0.00000E+00  0.00000E+00  0.00000E+00  0.00000E+00  0.00000E+00 
   92    0.22896944E+02  0.99726E+01  0.00000E+00  0.00000E+00  0.00000E+00  0.00000E+00  0.00000E+00  0.00000E+00  0.00000E+00  0.00000E+00 
   93    0.23144486E+02  0.10080E+02  0.00000E+00  0.00000E+00  0.00000E+00  0.00000E+00  0.00000E+00  0.00000E+00  0.00000E+00  0.00000E+00 
   94    0.23392028E+02  0.10188E+02  0.00000E+00  0.00000E+00  0.00000E+00  0.00000E+00  0.00000E+00  0.00000E+00  0.00000E+00  0.00000E+00 
   95    0.23639569E+02  0.10296E+02  0.00000E+00  0.00000E+00  0.00000E+00  0.00000E+00  0.00000E+00  0.00000E+00  0.00000E+00  0.00000E+00 
   96    0.23887111E+02  0.10404E+02  0.00000E+00  0.00000E+00  0.00000E+00  0.00000E+00  0.00000E+00  0.00000E+00  0.00000E+00  0.00000E+00 
   97    0.24134652E+02  0.10512E+02  0.00000E+00  0.00000E+00  0.00000E+00  0.00000E+00  0.00000E+00  0.00000E+00  0.00000E+00  0.00000E+00 
   98    0.24382194E+02  0.10619E+02  0.00000E+00  0.00000E+00  0.00000E+00  0.00000E+00  0.00000E+00  0.00000E+00  0.00000E+00  0.00000E+00 
   99    0.24629735E+02  0.10727E+02  0.00000E+00  0.00000E+00  0.00000E+00  0.00000E+00  0.00000E+00  0.00000E+00  0.00000E+00  0.00000E+00 
  100    0.24877276E+02  0.10835E+02  0.00000E+00  0.00000E+00  0.00000E+00  0.00000E+00  0.00000E+00  0.00000E+00  0.00000E+00  0.00000E+00 
  101    0.25124817E+02  0.10943E+02  0.00000E+00  0.00000E+00  0.00000E+00  0.00000E+00  0.00000E+00  0.00000E+00  0.00000E+00  0.00000E+00 
  102    0.25372359E+02  0.11051E+02  0.00000E+00  0.00000E+00  0.00000E+00  0.00000E+00  0.00000E+00  0.00000E+00  0.00000E+00  0.00000E+00 
  103    0.25619900E+02  0.11159E+02  0.00000E+00  0.00000E+00  0.00000E+00  0.00000E+00  0.00000E+00  0.00000E+00  0.00000E+00  0.00000E+00 
  104    0.25867441E+02  0.11266E+02  0.00000E+00  0.00000E+00  0.00000E+00  0.00000E+00  0.00000E+00  0.00000E+00  0.00000E+00  0.00000E+00 
  105    0.26114982E+02  0.11374E+02  0.00000E+00  0.00000E+00  0.00000E+00  0.00000E+00  0.00000E+00  0.00000E+00  0.00000E+00  0.00000E+00 
  106    0.26362522E+02  0.11482E+02  0.00000E+00  0.00000E+00  0.00000E+00  0.00000E+00  0.00000E+00  0.00000E+00  0.00000E+00  0.00000E+00 
  107    0.26610063E+02  0.11590E+02  0.00000E+00  0.00000E+00  0.00000E+00  0.00000E+00  0.00000E+00  0.00000E+00  0.00000E+00  0.00000E+00 
  108    0.26857604E+02  0.11698E+02  0.00000E+00  0.00000E+00  0.00000E+00  0.00000E+00  0.00000E+00  0.00000E+00  0.00000E+00  0.00000E+00 
  109    0.27105145E+02  0.11805E+02  0.00000E+00  0.00000E+00  0.00000E+00  0.00000E+00  0.00000E+00  0.00000E+00  0.00000E+00  0.00000E+00 
  110    0.27352686E+02  0.11913E+02  0.00000E+00  0.00000E+00  0.00000E+00  0.00000E+00  0.00000E+00  0.00000E+00  0.00000E+00  0.00000E+00 
  111    0.27600226E+02  0.12021E+02  0.00000E+00  0.00000E+00  0.00000E+00  0.00000E+00  0.00000E+00  0.00000E+00  0.00000E+00  0.00000E+00 
  112    0.27847767E+02  0.12129E+02  0.00000E+00  0.00000E+00  0.00000E+00  0.00000E+00  0.00000E+00  0.00000E+00  0.00000E+00  0.00000E+00 
  113    0.28095307E+02  0.12237E+02  0.00000E+00  0.00000E+00  0.00000E+00  0.00000E+00  0.00000E+00  0.00000E+00  0.00000E+00  0.00000E+00 
  114    0.28342848E+02  0.12344E+02  0.00000E+00  0.00000E+00  0.00000E+00  0.00000E+00  0.00000E+00  0.00000E+00  0.00000E+00  0.00000E+00 
  115    0.28590388E+02  0.12452E+02  0.00000E+00  0.00000E+00  0.00000E+00  0.00000E+00  0.00000E+00  0.00000E+00  0.00000E+00  0.00000E+00 
  116    0.28837929E+02  0.12560E+02  0.00000E+00  0.00000E+00  0.00000E+00  0.00000E+00  0.00000E+00  0.00000E+00  0.00000E+00  0.00000E+00 
  117    0.29085469E+02  0.12668E+02  0.00000E+00  0.00000E+00  0.00000E+00  0.00000E+00  0.00000E+00  0.00000E+00  0.00000E+00  0.00000E+00 
  118    0.29333010E+02  0.12776E+02  0.00000E+00  0.00000E+00  0.00000E+00  0.00000E+00  0.00000E+00  0.00000E+00  0.00000E+00  0.00000E+00 
  119    0.29580550E+02  0.12884E+02  0.00000E+00  0.00000E+00  0.00000E+00  0.00000E+00  0.00000E+00  0.00000E+00  0.00000E+00  0.00000E+00 
  120    0.29828090E+02  0.12991E+02  0.00000E+00  0.00000E+00  0.00000E+00  0.00000E+00  0.00000E+00  0.00000E+00  0.00000E+00  0.00000E+00 
  121    0.30075631E+02  0.13099E+02  0.00000E+00  0.00000E+00  0.00000E+00  0.00000E+00  0.00000E+00  0.00000E+00  0.00000E+00  0.00000E+00 
  122    0.30323171E+02  0.13207E+02  0.00000E+00  0.00000E+00  0.00000E+00  0.00000E+00  0.00000E+00  0.00000E+00  0.00000E+00  0.00000E+00 
  123    0.30570711E+02  0.13315E+02  0.00000E+00  0.00000E+00  0.00000E+00  0.00000E+00  0.00000E+00  0.00000E+00  0.00000E+00  0.00000E+00 
  124    0.30818251E+02  0.13423E+02  0.00000E+00  0.00000E+00  0.00000E+00  0.00000E+00  0.00000E+00  0.00000E+00  0.00000E+00  0.00000E+00 
  125    0.31065791E+02  0.13530E+02  0.00000E+00  0.00000E+00  0.00000E+00  0.00000E+00  0.00000E+00  0.00000E+00  0.00000E+00  0.00000E+00 
  126    0.31313331E+02  0.13638E+02  0.00000E+00  0.00000E+00  0.00000E+00  0.00000E+00  0.00000E+00  0.00000E+00  0.00000E+00  0.00000E+00 
  127    0.31560871E+02  0.13746E+02  0.00000E+00  0.00000E+00  0.00000E+00  0.00000E+00  0.00000E+00  0.00000E+00  0.00000E+00  0.00000E+00 
  128    0.31808412E+02  0.13854E+02  0.00000E+00  0.00000E+00  0.00000E+00  0.00000E+00  0.00000E+00  0.00000E+00  0.00000E+00  0.00000E+00 
  129    0.32055952E+02  0.13962E+02  0.00000E+00  0.00000E+00  0.00000E+00  0.00000E+00  0.00000E+00  0.00000E+00  0.00000E+00  0.00000E+00 
  130    0.32303492E+02  0.14069E+02  0.00000E+00  0.00000E+00  0.00000E+00  0.00000E+00  0.00000E+00  0.00000E+00  0.00000E+00  0.00000E+00 
  131    0.32551031E+02  0.14177E+02  0.00000E+00  0.00000E+00  0.00000E+00  0.00000E+00  0.00000E+00  0.00000E+00  0.00000E+00  0.00000E+00 
  132    0.32798571E+02  0.14285E+02  0.00000E+00  0.00000E+00  0.00000E+00  0.00000E+00  0.00000E+00  0.00000E+00  0.00000E+00  0.00000E+00 
  133    0.33046111E+02  0.14393E+02  0.00000E+00  0.00000E+00  0.00000E+00  0.00000E+00  0.00000E+00  0.00000E+00  0.00000E+00  0.00000E+00 
  134    0.33293651E+02  0.14501E+02  0.00000E+00  0.00000E+00  0.00000E+00  0.00000E+00  0.00000E+00  0.00000E+00  0.00000E+00  0.00000E+00 
  135    0.33541191E+02  0.14609E+02  0.00000E+00  0.00000E+00  0.00000E+00  0.00000E+00  0.00000E+00  0.00000E+00  0.00000E+00  0.00000E+00 
  136    0.33788731E+02  0.14716E+02  0.00000E+00  0.00000E+00  0.00000E+00  0.00000E+00  0.00000E+00  0.00000E+00  0.00000E+00  0.00000E+00 
  137    0.34036271E+02  0.14824E+02  0.00000E+00  0.00000E+00  0.00000E+00  0.00000E+00  0.00000E+00  0.00000E+00  0.00000E+00  0.00000E+00 
  138    0.34283810E+02  0.14932E+02  0.00000E+00  0.00000E+00  0.00000E+00  0.00000E+00  0.00000E+00  0.00000E+00  0.00000E+00  0.00000E+00 
  139    0.34531350E+02  0.15040E+02  0.00000E+00  0.00000E+00  0.00000E+00  0.00000E+00  0.00000E+00  0.00000E+00  0.00000E+00  0.00000E+00 
  140    0.34778890E+02  0.15148E+02  0.00000E+00  0.00000E+00  0.00000E+00  0.00000E+00  0.00000E+00  0.00000E+00  0.00000E+00  0.00000E+00 
  141    0.35026430E+02  0.15255E+02  0.00000E+00  0.00000E+00  0.00000E+00  0.00000E+00  0.00000E+00  0.00000E+00  0.00000E+00  0.00000E+00 
  142    0.35273969E+02  0.15363E+02  0.00000E+00  0.00000E+00  0.00000E+00  0.00000E+00  0.00000E+00  0.00000E+00  0.00000E+00  0.00000E+00 
  143    0.35521509E+02  0.15471E+02  0.00000E+00  0.00000E+00  0.00000E+00  0.00000E+00  0.00000E+00  0.00000E+00  0.00000E+00  0.00000E+00 
  144    0.35769049E+02  0.15579E+02  0.00000E+00  0.00000E+00  0.00000E+00  0.00000E+00  0.00000E+00  0.00000E+00  0.00000E+00  0.00000E+00 
  145    0.36016588E+02  0.15687E+02  0.00000E+00  0.00000E+00  0.00000E+00  0.00000E+00  0.00000E+00  0.00000E+00  0.00000E+00  0.00000E+00 
  146    0.36264128E+02  0.15794E+02  0.00000E+00  0.00000E+00  0.00000E+00  0.00000E+00  0.00000E+00  0.00000E+00  0.00000E+00  0.00000E+00 
  147    0.36511667E+02  0.15902E+02  0.00000E+00  0.00000E+00  0.00000E+00  0.00000E+00  0.00000E+00  0.00000E+00  0.00000E+00  0.00000E+00 
  148    0.36759207E+02  0.16010E+02  0.00000E+00  0.00000E+00  0.00000E+00  0.00000E+00  0.00000E+00  0.00000E+00  0.00000E+00  0.00000E+00 
  149    0.37006746E+02  0.16118E+02  0.00000E+00  0.00000E+00  0.00000E+00  0.00000E+00  0.00000E+00  0.00000E+00  0.00000E+00  0.00000E+00 
  150    0.37254286E+02  0.16226E+02  0.00000E+00  0.00000E+00  0.00000E+00  0.00000E+00  0.00000E+00  0.00000E+00  0.00000E+00  0.00000E+00 
  151    0.37501826E+02  0.16333E+02  0.00000E+00  0.00000E+00  0.00000E+00  0.00000E+00  0.00000E+00  0.00000E+00  0.00000E+00  0.00000E+00 
  152    0.37749365E+02  0.16441E+02  0.00000E+00  0.00000E+00  0.00000E+00  0.00000E+00  0.00000E+00  0.00000E+00  0.00000E+00  0.00000E+00 
  153    0.37996904E+02  0.16549E+02  0.00000E+00  0.00000E+00  0.00000E+00  0.00000E+00  0.00000E+00  0.00000E+00  0.00000E+00  0.00000E+00 
  154    0.38244444E+02  0.16657E+02  0.00000E+00  0.00000E+00  0.00000E+00  0.00000E+00  0.00000E+00  0.00000E+00  0.00000E+00  0.00000E+00 
  155    0.38491983E+02  0.16765E+02  0.00000E+00  0.00000E+00  0.00000E+00  0.00000E+00  0.00000E+00  0.00000E+00  0.00000E+00  0.00000E+00 
  156    0.38739523E+02  0.16873E+02  0.00000E+00  0.00000E+00  0.00000E+00  0.00000E+00  0.00000E+00  0.00000E+00  0.00000E+00  0.00000E+00 
  157    0.38987062E+02  0.16980E+02  0.00000E+00  0.00000E+00  0.00000E+00  0.00000E+00  0.00000E+00  0.00000E+00  0.00000E+00  0.00000E+00 
  158    0.39234602E+02  0.17088E+02  0.00000E+00  0.00000E+00  0.00000E+00  0.00000E+00  0.00000E+00  0.00000E+00  0.00000E+00  0.00000E+00 
  159    0.39482141E+02  0.17196E+02  0.00000E+00  0.00000E+00  0.00000E+00  0.00000E+00  0.00000E+00  0.00000E+00  0.00000E+00  0.00000E+00 
  160    0.39729680E+02  0.17304E+02  0.00000E+00  0.00000E+00  0.00000E+00  0.00000E+00  0.00000E+00  0.00000E+00  0.00000E+00  0.00000E+00 
  161    0.39977220E+02  0.17412E+02  0.00000E+00  0.00000E+00  0.00000E+00  0.00000E+00  0.00000E+00  0.00000E+00  0.00000E+00  0.00000E+00 
  162    0.40224759E+02  0.17519E+02  0.00000E+00  0.00000E+00  0.00000E+00  0.00000E+00  0.00000E+00  0.00000E+00  0.00000E+00  0.00000E+00 
  163    0.40472298E+02  0.17627E+02  0.00000E+00  0.00000E+00  0.00000E+00  0.00000E+00  0.00000E+00  0.00000E+00  0.00000E+00  0.00000E+00 
  164    0.40719838E+02  0.17735E+02  0.00000E+00  0.00000E+00  0.00000E+00  0.00000E+00  0.00000E+00  0.00000E+00  0.00000E+00  0.00000E+00 
  165    0.40967377E+02  0.17843E+02  0.00000E+00  0.00000E+00  0.00000E+00  0.00000E+00  0.00000E+00  0.00000E+00  0.00000E+00  0.00000E+00 
  166    0.41214916E+02  0.17951E+02  0.00000E+00  0.00000E+00  0.00000E+00  0.00000E+00  0.00000E+00  0.00000E+00  0.00000E+00  0.00000E+00 
  167    0.41462455E+02  0.18058E+02  0.00000E+00  0.00000E+00  0.00000E+00  0.00000E+00  0.00000E+00  0.00000E+00  0.00000E+00  0.00000E+00 
  168    0.41709995E+02  0.18166E+02  0.00000E+00  0.00000E+00  0.00000E+00  0.00000E+00  0.00000E+00  0.00000E+00  0.00000E+00  0.00000E+00 
  169    0.41957534E+02  0.18274E+02  0.00000E+00  0.00000E+00  0.00000E+00  0.00000E+00  0.00000E+00  0.00000E+00  0.00000E+00  0.00000E+00 
  170    0.42205073E+02  0.18382E+02  0.00000E+00  0.00000E+00  0.00000E+00  0.00000E+00  0.00000E+00  0.00000E+00  0.00000E+00  0.00000E+00 
  171    0.42452612E+02  0.18490E+02  0.00000E+00  0.00000E+00  0.00000E+00  0.00000E+00  0.00000E+00  0.00000E+00  0.00000E+00  0.00000E+00 
  172    0.42700152E+02  0.18598E+02  0.00000E+00  0.00000E+00  0.00000E+00  0.00000E+00  0.00000E+00  0.00000E+00  0.00000E+00  0.00000E+00 
  173    0.42947691E+02  0.18705E+02  0.00000E+00  0.00000E+00  0.00000E+00  0.00000E+00  0.00000E+00  0.00000E+00  0.00000E+00  0.00000E+00 
  174    0.43195230E+02  0.18813E+02  0.00000E+00  0.00000E+00  0.00000E+00  0.00000E+00  0.00000E+00  0.00000E+00  0.00000E+00  0.00000E+00 
  175    0.43442769E+02  0.18921E+02  0.00000E+00  0.00000E+00  0.00000E+00  0.00000E+00  0.00000E+00  0.00000E+00  0.00000E+00  0.00000E+00 
  176    0.43690308E+02  0.19029E+02  0.00000E+00  0.00000E+00  0.00000E+00  0.00000E+00  0.00000E+00  0.00000E+00  0.00000E+00  0.00000E+00 
  177    0.43937847E+02  0.19137E+02  0.00000E+00  0.00000E+00  0.00000E+00  0.00000E+00  0.00000E+00  0.00000E+00  0.00000E+00  0.00000E+00 
  178    0.44185386E+02  0.19244E+02  0.00000E+00  0.00000E+00  0.00000E+00  0.00000E+00  0.00000E+00  0.00000E+00  0.00000E+00  0.00000E+00 
  179    0.44432926E+02  0.19352E+02  0.00000E+00  0.00000E+00  0.00000E+00  0.00000E+00  0.00000E+00  0.00000E+00  0.00000E+00  0.00000E+00 
  180    0.44680465E+02  0.19460E+02  0.00000E+00  0.00000E+00  0.00000E+00  0.00000E+00  0.00000E+00  0.00000E+00  0.00000E+00  0.00000E+00 
  181    0.44928004E+02  0.19568E+02  0.00000E+00  0.00000E+00  0.00000E+00  0.00000E+00  0.00000E+00  0.00000E+00  0.00000E+00  0.00000E+00 
  182    0.45175543E+02  0.19676E+02  0.00000E+00  0.00000E+00  0.00000E+00  0.00000E+00  0.00000E+00  0.00000E+00  0.00000E+00  0.00000E+00 
  183    0.45423082E+02  0.19783E+02  0.00000E+00  0.00000E+00  0.00000E+00  0.00000E+00  0.00000E+00  0.00000E+00  0.00000E+00  0.00000E+00 
  184    0.45670621E+02  0.19891E+02  0.00000E+00  0.00000E+00  0.00000E+00  0.00000E+00  0.00000E+00  0.00000E+00  0.00000E+00  0.00000E+00 
  185    0.45918160E+02  0.19999E+02  0.00000E+00  0.00000E+00  0.00000E+00  0.00000E+00  0.00000E+00  0.00000E+00  0.00000E+00  0.00000E+00 
  186    0.46165699E+02  0.20107E+02  0.00000E+00  0.00000E+00  0.00000E+00  0.00000E+00  0.00000E+00  0.00000E+00  0.00000E+00  0.00000E+00 
  187    0.46413238E+02  0.20215E+02  0.00000E+00  0.00000E+00  0.00000E+00  0.00000E+00  0.00000E+00  0.00000E+00  0.00000E+00  0.00000E+00 
  188    0.46660777E+02  0.20323E+02  0.00000E+00  0.00000E+00  0.00000E+00  0.00000E+00  0.00000E+00  0.00000E+00  0.00000E+00  0.00000E+00 
  189    0.46908316E+02  0.20430E+02  0.00000E+00  0.00000E+00  0.00000E+00  0.00000E+00  0.00000E+00  0.00000E+00  0.00000E+00  0.00000E+00 
  190    0.47155855E+02  0.20538E+02  0.00000E+00  0.00000E+00  0.00000E+00  0.00000E+00  0.00000E+00  0.00000E+00  0.00000E+00  0.00000E+00 
  191    0.47403394E+02  0.20646E+02  0.00000E+00  0.00000E+00  0.00000E+00  0.00000E+00  0.00000E+00  0.00000E+00  0.00000E+00  0.00000E+00 
  192    0.47650933E+02  0.20754E+02  0.00000E+00  0.00000E+00  0.00000E+00  0.00000E+00  0.00000E+00  0.00000E+00  0.00000E+00  0.00000E+00 
  193    0.47898472E+02  0.20862E+02  0.00000E+00  0.00000E+00  0.00000E+00  0.00000E+00  0.00000E+00  0.00000E+00  0.00000E+00  0.00000E+00 
  194    0.48146011E+02  0.20969E+02  0.00000E+00  0.00000E+00  0.00000E+00  0.00000E+00  0.00000E+00  0.00000E+00  0.00000E+00  0.00000E+00 
  195    0.48393550E+02  0.21077E+02  0.00000E+00  0.00000E+00  0.00000E+00  0.00000E+00  0.00000E+00  0.00000E+00  0.00000E+00  0.00000E+00 
  196    0.48641089E+02  0.21185E+02  0.00000E+00  0.00000E+00  0.00000E+00  0.00000E+00  0.00000E+00  0.00000E+00  0.00000E+00  0.00000E+00 
  197    0.48888628E+02  0.21293E+02  0.00000E+00  0.00000E+00  0.00000E+00  0.00000E+00  0.00000E+00  0.00000E+00  0.00000E+00  0.00000E+00 
  198    0.49136167E+02  0.21401E+02  0.00000E+00  0.00000E+00  0.00000E+00  0.00000E+00  0.00000E+00  0.00000E+00  0.00000E+00  0.00000E+00 
  199    0.49383706E+02  0.21508E+02  0.00000E+00  0.00000E+00  0.00000E+00  0.00000E+00  0.00000E+00  0.00000E+00  0.00000E+00  0.00000E+00 
  200    0.49631245E+02  0.21616E+02  0.00000E+00  0.00000E+00  0.00000E+00  0.00000E+00  0.00000E+00  0.00000E+00  0.00000E+00  0.00000E+00 
STATE= 1
j12= 0
m12= 0
ENERGY#2, U(i)= 600.000 cm^-1
J_TOTAL     B_IMPACT     CHANNEL=  1  CHANNEL=  2  CHANNEL=  3  CHANNEL=  4  CHANNEL=  5  CHANNEL=  6  CHANNEL=  7  CHANNEL=  8  CHANNEL=  9  
    0    0.00000000E+00  0.20503E-02  0.13246E-12  0.17747E-01  0.00000E+00  0.15434E-03  0.87077E-14  0.00000E+00  0.00000E+00  0.70013E-02 
    1    0.24753815E+00  0.62273E-02  0.39057E-12  0.53286E-01  0.40874E-16  0.47024E-03  0.26593E-13  0.86665E-06  0.29694E-16  0.20874E-01 
    2    0.42874865E+00  0.10634E-01  0.62900E-12  0.88953E-01  0.20153E-15  0.80784E-03  0.45973E-13  0.42888E-05  0.15167E-15  0.34365E-01 
    3    0.60634216E+00  0.15427E-01  0.83714E-12  0.12481E+00  0.55272E-15  0.11819E-02  0.68089E-13  0.11829E-04  0.43764E-15  0.47239E-01 
    4    0.78278436E+00  0.20766E-01  0.10077E-11  0.16089E+00  0.11526E-14  0.16074E-02  0.94425E-13  0.24864E-04  0.97306E-15  0.59292E-01 
    5    0.95871113E+00  0.26812E-01  0.11373E-11  0.19717E+00  0.20437E-14  0.20999E-02  0.12661E-12  0.44547E-04  0.18598E-14  0.70355E-01 
    6    0.11343623E+01  0.33725E-01  0.12265E-11  0.23362E+00  0.32519E-14  0.26755E-02  0.16619E-12  0.71817E-04  0.32160E-14  0.80301E-01 
    7    0.13098488E+01  0.41660E-01  0.12795E-11  0.27013E+00  0.47860E-14  0.33509E-02  0.21442E-12  0.10742E-03  0.51742E-14  0.89047E-01 
    8    0.14852289E+01  0.50763E-01  0.13030E-11  0.30659E+00  0.66399E-14  0.41433E-02  0.27198E-12  0.15198E-03  0.78769E-14  0.96551E-01 
    9    0.16605364E+01  0.61175E-01  0.13049E-11  0.34286E+00  0.87940E-14  0.50710E-02  0.33888E-12  0.20602E-03  0.11471E-13  0.10280E+00 
   10    0.18357921E+01  0.73044E-01  0.12933E-11  0.37876E+00  0.11214E-13  0.61530E-02  0.41443E-12  0.27001E-03  0.16102E-13  0.10779E+00 
   11    0.20110094E+01  0.86608E-01  0.12740E-11  0.41410E+00  0.13842E-13  0.74107E-02  0.49726E-12  0.34406E-03  0.21905E-13  0.11145E+00 
   12    0.21861977E+01  0.10253E+00  0.12459E-11  0.44854E+00  0.16527E-13  0.88726E-02  0.58531E-12  0.42651E-03  0.28975E-13  0.11346E+00 
   13    0.23613635E+01  0.12164E+00  0.12110E-11  0.48154E+00  0.19057E-13  0.10567E-01  0.67469E-12  0.51421E-03  0.37302E-13  0.11346E+00 
   14    0.25365112E+01  0.14485E+00  0.11765E-11  0.51235E+00  0.21198E-13  0.12520E-01  0.75938E-12  0.60320E-03  0.46725E-13  0.11131E+00 
   15    0.27116446E+01  0.17328E+00  0.11491E-11  0.53996E+00  0.22684E-13  0.14754E-01  0.83133E-12  0.68800E-03  0.56849E-13  0.10687E+00 
   16    0.28867661E+01  0.20832E+00  0.11343E-11  0.56299E+00  0.23250E-13  0.17284E-01  0.88080E-12  0.76189E-03  0.66972E-13  0.10010E+00 
   17    0.30618778E+01  0.25147E+00  0.11345E-11  0.57979E+00  0.22706E-13  0.20120E-01  0.89770E-12  0.81794E-03  0.76070E-13  0.91153E-01 
   18    0.32369813E+01  0.30381E+00  0.11463E-11  0.58879E+00  0.21061E-13  0.23256E-01  0.87501E-12  0.85212E-03  0.82975E-13  0.80551E-01 
   19    0.34120779E+01  0.36436E+00  0.11613E-11  0.58982E+00  0.18704E-13  0.26669E-01  0.81582E-12  0.87020E-03  0.87083E-13  0.69449E-01 
   20    0.35871686E+01  0.43236E+00  0.11613E-11  0.58293E+00  0.15952E-13  0.30324E-01  0.72785E-12  0.87612E-03  0.88040E-13  0.58580E-01 
   21    0.37622542E+01  0.50780E+00  0.11287E-11  0.56785E+00  0.13010E-13  0.34168E-01  0.61981E-12  0.86995E-03  0.85561E-13  0.48287E-01 
   22    0.39373353E+01  0.59071E+00  0.10519E-11  0.54438E+00  0.10074E-13  0.38109E-01  0.50173E-12  0.85103E-03  0.79630E-13  0.38837E-01 
   23    0.41124126E+01  0.68196E+00  0.92629E-12  0.51167E+00  0.72848E-14  0.42001E-01  0.38230E-12  0.81514E-03  0.70304E-13  0.30341E-01 
   24    0.42874865E+01  0.78229E+00  0.75627E-12  0.46904E+00  0.48045E-14  0.45639E-01  0.27028E-12  0.75851E-03  0.58061E-13  0.22967E-01 
   25    0.44625575E+01  0.89098E+00  0.55877E-12  0.41716E+00  0.28164E-14  0.48785E-01  0.17472E-12  0.68265E-03  0.44202E-13  0.16989E-01 
   26    0.46376258E+01  0.10055E+01  0.36125E-12  0.35856E+00  0.14252E-14  0.51215E-01  0.10194E-12  0.59424E-03  0.30628E-13  0.12615E-01 
   27    0.48126917E+01  0.11229E+01  0.19312E-12  0.29648E+00  0.59388E-15  0.52687E-01  0.52913E-13  0.50010E-03  0.19111E-13  0.98164E-02 
   28    0.49877555E+01  0.12409E+01  0.75195E-13  0.23379E+00  0.18417E-15  0.52907E-01  0.23805E-13  0.40375E-03  0.10691E-13  0.83304E-02 
   29    0.51628175E+01  0.13567E+01  0.15197E-13  0.17381E+00  0.35298E-16  0.51624E-01  0.89464E-14  0.30964E-03  0.56778E-14  0.77870E-02 
   30    0.53378777E+01  0.14674E+01  0.48562E-14  0.12005E+00  0.78357E-17  0.48716E-01  0.26533E-14  0.22309E-03  0.35523E-14  0.77531E-02 
   31    0.55129364E+01  0.15702E+01  0.23419E-13  0.75629E-01  0.13155E-16  0.44253E-01  0.59670E-15  0.14942E-03  0.31887E-14  0.78036E-02 
   32    0.56879936E+01  0.16635E+01  0.46921E-13  0.42244E-01  0.15473E-16  0.38496E-01  0.19746E-15  0.91727E-04  0.33409E-14  0.76127E-02 
   33    0.58630497E+01  0.17469E+01  0.58893E-13  0.19993E-01  0.11338E-16  0.31919E-01  0.26657E-15  0.50866E-04  0.31912E-14  0.70272E-02 
   34    0.60381045E+01  0.18211E+01  0.55426E-13  0.73889E-02  0.61774E-17  0.25151E-01  0.36031E-15  0.25196E-04  0.25636E-14  0.60771E-02 
   35    0.62131583E+01  0.18881E+01  0.42195E-13  0.18341E-02  0.28730E-17  0.18821E-01  0.35657E-15  0.11077E-04  0.17191E-14  0.49197E-02 
   36    0.63882111E+01  0.19499E+01  0.27172E-13  0.48668E-03  0.12804E-17  0.13403E-01  0.27254E-15  0.43265E-05  0.97592E-15  0.37473E-02 
   37    0.65632629E+01  0.20086E+01  0.15324E-13  0.10247E-02  0.57449E-18  0.91295E-02  0.16870E-15  0.15154E-05  0.47948E-15  0.27088E-02 
   38    0.67383140E+01  0.20655E+01  0.78031E-14  0.19923E-02  0.25436E-18  0.59895E-02  0.87607E-16  0.48497E-06  0.20920E-15  0.18770E-02 
   39    0.69133643E+01  0.21215E+01  0.36864E-14  0.27210E-02  0.10775E-18  0.38151E-02  0.39209E-16  0.14686E-06  0.83255E-16  0.12593E-02 
   40    0.70884139E+01  0.21769E+01  0.16532E-14  0.30455E-02  0.43243E-19  0.23779E-02  0.15443E-16  0.45293E-07  0.30999E-16  0.82523E-03 
   41    0.72634628E+01  0.22321E+01  0.71658E-15  0.30313E-02  0.16542E-19  0.14606E-02  0.54993E-17  0.16342E-07  0.11046E-16  0.53222E-03 
   42    0.74385111E+01  0.22870E+01  0.30422E-15  0.28045E-02  0.60988E-20  0.88941E-03  0.19208E-17  0.78505E-08  0.38400E-17  0.33986E-03 
   43    0.76135589E+01  0.23417E+01  0.12763E-15  0.24759E-02  0.21889E-20  0.53949E-03  0.82913E-18  0.48204E-08  0.13226E-17  0.21593E-03 
   44    0.77886061E+01  0.23962E+01  0.53180E-16  0.21205E-02  0.76978E-21  0.32723E-03  0.55134E-18  0.32992E-08  0.45694E-18  0.13704E-03 
   45    0.79636528E+01  0.24507E+01  0.22046E-16  0.17808E-02  0.26582E-21  0.19907E-03  0.47640E-18  0.23117E-08  0.15978E-18  0.87157E-04 
   46    0.81386990E+01  0.25050E+01  0.90809E-17  0.14772E-02  0.89896E-22  0.12175E-03  0.42364E-18  0.16110E-08  0.56904E-19  0.55698E-04 
   47    0.83137448E+01  0.25592E+01  0.37029E-17  0.12162E-02  0.29540E-22  0.74989E-04  0.35967E-18  0.11103E-08  0.20722E-19  0.35847E-04 
   48    0.84887902E+01  0.26134E+01  0.14869E-17  0.99700E-03  0.93117E-23  0.46572E-04  0.28996E-18  0.75784E-09  0.77300E-20  0.23279E-04 
   49    0.86638353E+01  0.26675E+01  0.58521E-18  0.81547E-03  0.27721E-23  0.29188E-04  0.22404E-18  0.51362E-09  0.29553E-20  0.15278E-04 
   50    0.88388799E+01  0.27216E+01  0.22610E-18  0.66639E-03  0.77452E-24  0.18468E-04  0.16748E-18  0.34645E-09  0.11571E-20  0.10145E-04 
   51    0.90139242E+01  0.27756E+01  0.87496E-19  0.54448E-03  0.21409E-24  0.11798E-04  0.12200E-18  0.23298E-09  0.46321E-21  0.68225E-05 
   52    0.91889682E+01  0.28296E+01  0.36091E-19  0.44497E-03  0.72377E-25  0.76078E-05  0.86967E-19  0.15637E-09  0.18916E-21  0.46483E-05 
   53    0.93640119E+01  0.28836E+01  0.17895E-19  0.36380E-03  0.36531E-25  0.49494E-05  0.60802E-19  0.10483E-09  0.78536E-22  0.32088E-05 
   54    0.95390553E+01  0.29376E+01  0.12023E-19  0.29754E-03  0.22013E-25  0.32465E-05  0.41703E-19  0.70221E-10  0.33014E-22  0.22439E-05 
   55    0.97140985E+01  0.29915E+01  0.11033E-19  0.24342E-03  0.11668E-25  0.21454E-05  0.28024E-19  0.47015E-10  0.13978E-22  0.15887E-05 
   56    0.98891414E+01  0.30455E+01  0.12561E-19  0.19917E-03  0.43759E-26  0.14270E-05  0.18403E-19  0.31465E-10  0.59237E-23  0.11378E-05 
   57    0.10064184E+02  0.30994E+01  0.15856E-19  0.16297E-03  0.68883E-27  0.95464E-06  0.11767E-19  0.21051E-10  0.24942E-23  0.82354E-06 
   58    0.10239226E+02  0.31534E+01  0.20447E-19  0.13333E-03  0.11813E-27  0.64175E-06  0.72940E-20  0.14079E-10  0.10347E-23  0.60175E-06 
   59    0.10414269E+02  0.32073E+01  0.25755E-19  0.10905E-03  0.14574E-26  0.43318E-06  0.43669E-20  0.94126E-11  0.41887E-24  0.44336E-06 
   60    0.10589311E+02  0.32612E+01  0.31089E-19  0.89161E-04  0.34647E-26  0.29341E-06  0.25254E-20  0.62912E-11  0.16363E-24  0.32901E-06 
   61    0.10764352E+02  0.33151E+01  0.35764E-19  0.72873E-04  0.52515E-26  0.19932E-06  0.14290E-20  0.42040E-11  0.60882E-25  0.24563E-06 
   62    0.10939394E+02  0.33691E+01  0.39224E-19  0.59537E-04  0.63695E-26  0.13574E-06  0.82817E-21  0.28088E-11  0.21250E-25  0.18429E-06 
   63    0.11114435E+02  0.34230E+01  0.41121E-19  0.48622E-04  0.67251E-26  0.92650E-07  0.54256E-21  0.18766E-11  0.68633E-26  0.13882E-06 
   64    0.11289477E+02  0.34769E+01  0.41338E-19  0.39695E-04  0.64399E-26  0.63370E-07  0.44428E-21  0.12539E-11  0.20695E-26  0.10489E-06 
   65    0.11464518E+02  0.35308E+01  0.39969E-19  0.32399E-04  0.57245E-26  0.43434E-07  0.44541E-21  0.83803E-12  0.65664E-27  0.79438E-07 
   66    0.11639559E+02  0.35847E+01  0.37267E-19  0.26438E-04  0.47927E-26  0.29834E-07  0.48815E-21  0.56035E-12  0.30624E-27  0.60249E-07 
   67    0.11814599E+02  0.36386E+01  0.33577E-19  0.21573E-04  0.38156E-26  0.20542E-07  0.53695E-21  0.37492E-12  0.23083E-27  0.45732E-07 
   68    0.11989640E+02  0.36925E+01  0.29279E-19  0.17603E-04  0.29078E-26  0.14182E-07  0.57228E-21  0.25107E-12  0.20208E-27  0.34717E-07 
   69    0.12164681E+02  0.37464E+01  0.24734E-19  0.14366E-04  0.21311E-26  0.98211E-08  0.58566E-21  0.16831E-12  0.17249E-27  0.26341E-07 
   70    0.12339721E+02  0.38004E+01  0.20250E-19  0.11727E-04  0.15070E-26  0.68244E-08  0.57577E-21  0.11297E-12  0.14106E-27  0.19963E-07 
   71    0.12514761E+02  0.38543E+01  0.16066E-19  0.95765E-05  0.10305E-26  0.47603E-08  0.54549E-21  0.75939E-13  0.11254E-27  0.15101E-07 
   72    0.12689801E+02  0.39082E+01  0.12339E-19  0.78243E-05  0.68224E-27  0.33344E-08  0.49979E-21  0.51129E-13  0.88990E-28  0.11393E-07 
   73    0.12864841E+02  0.39621E+01  0.91584E-20  0.63964E-05  0.43761E-27  0.23462E-08  0.44419E-21  0.34487E-13  0.70091E-28  0.85670E-08 
   74    0.13039881E+02  0.40160E+01  0.65494E-20  0.52328E-05  0.27189E-27  0.16586E-08  0.38393E-21  0.23306E-13  0.54760E-28  0.64142E-08 
   75    0.13214921E+02  0.40699E+01  0.44920E-20  0.42840E-05  0.16347E-27  0.11782E-08  0.32334E-21  0.15781E-13  0.42060E-28  0.47769E-08 
   76    0.13389961E+02  0.41238E+01  0.29341E-20  0.35102E-05  0.94915E-28  0.84089E-09  0.26573E-21  0.10708E-13  0.31452E-28  0.35346E-08 
   77    0.13565000E+02  0.41777E+01  0.18052E-20  0.28786E-05  0.53056E-28  0.60284E-09  0.21332E-21  0.72809E-14  0.22693E-28  0.25951E-08 
   78    0.13740040E+02  0.42316E+01  0.10279E-20  0.23627E-05  0.28413E-28  0.43394E-09  0.16737E-21  0.49606E-14  0.15671E-28  0.18878E-08 
   79    0.13915079E+02  0.42855E+01  0.52580E-21  0.19409E-05  0.14469E-28  0.31342E-09  0.12838E-21  0.33863E-14  0.10276E-28  0.13586E-08 
   80    0.14090119E+02  0.43394E+01  0.22903E-21  0.15958E-05  0.69257E-29  0.22696E-09  0.96257E-22  0.23157E-14  0.63407E-29  0.96564E-09 
   81    0.14265158E+02  0.43933E+01  0.77639E-22  0.13131E-05  0.30574E-29  0.16461E-09  0.70502E-22  0.15861E-14  0.36384E-29  0.67693E-09 
   82    0.14440197E+02  0.44472E+01  0.22703E-22  0.10812E-05  0.12036E-29  0.11943E-09  0.50396E-22  0.10877E-14  0.19129E-29  0.46758E-09 
   83    0.14615236E+02  0.45011E+01  0.26318E-22  0.89076E-06  0.39457E-30  0.86547E-10  0.35104E-22  0.74663E-15  0.90881E-30  0.31834E-09 
   84    0.14790275E+02  0.45550E+01  0.60602E-22  0.73419E-06  0.90387E-31  0.62549E-10  0.23781E-22  0.51275E-15  0.39815E-30  0.21422E-09 
   85    0.14965314E+02  0.46090E+01  0.10625E-21  0.60530E-06  0.66713E-32  0.44997E-10  0.15627E-22  0.35214E-15  0.19573E-30  0.14355E-09 
   86    0.15140353E+02  0.46629E+01  0.15086E-21  0.49906E-06  0.40559E-32  0.32154E-10  0.99313E-23  0.24168E-15  0.16353E-30  0.97233E-10 
   87    0.15315392E+02  0.47168E+01  0.18737E-21  0.41138E-06  0.20952E-31  0.22767E-10  0.60857E-23  0.16566E-15  0.20753E-30  0.68213E-10 
   88    0.15490430E+02  0.47707E+01  0.21254E-21  0.33893E-06  0.34619E-31  0.15931E-10  0.35915E-23  0.11332E-15  0.27004E-30  0.51047E-10 
   89    0.15665469E+02  0.48246E+01  0.22572E-21  0.27901E-06  0.39851E-31  0.10980E-10  0.20527E-23  0.77292E-16  0.32054E-30  0.41622E-10 
   90    0.15840508E+02  0.48785E+01  0.22792E-21  0.22941E-06  0.38077E-31  0.74266E-11  0.11645E-23  0.52511E-16  0.34689E-30  0.36915E-10 
   91    0.16015546E+02  0.49324E+01  0.22099E-21  0.18831E-06  0.32310E-31  0.49088E-11  0.70039E-24  0.35497E-16  0.34805E-30  0.34808E-10 
   92    0.16190585E+02  0.49863E+01  0.20717E-21  0.15424E-06  0.25160E-31  0.31562E-11  0.49707E-24  0.23846E-16  0.32864E-30  0.33934E-10 
   93    0.16365623E+02  0.50402E+01  0.18866E-21  0.12599E-06  0.18305E-31  0.19659E-11  0.44142E-24  0.15897E-16  0.29528E-30  0.33527E-10 
   94    0.16540661E+02  0.50941E+01  0.16745E-21  0.10257E-06  0.12573E-31  0.11854E-11  0.45837E-24  0.10500E-16  0.25446E-30  0.33273E-10 
   95    0.16715700E+02  0.51480E+01  0.14520E-21  0.83152E-07  0.82035E-32  0.69929E-12  0.50084E-24  0.68593E-17  0.21148E-30  0.33162E-10 
   96    0.16890738E+02  0.52019E+01  0.12320E-21  0.67072E-07  0.51024E-32  0.42045E-12  0.54157E-24  0.44223E-17  0.17011E-30  0.33344E-10 
   97    0.17065776E+02  0.52558E+01  0.10240E-21  0.53775E-07  0.30305E-32  0.28315E-12  0.56680E-24  0.28070E-17  0.13271E-30  0.33992E-10 
   98    0.17240814E+02  0.53097E+01  0.83415E-22  0.42800E-07  0.17195E-32  0.23798E-12  0.57146E-24  0.17490E-17  0.10046E-30  0.35196E-10 
   99    0.17415853E+02  0.53636E+01  0.66590E-22  0.33768E-07  0.93164E-33  0.24811E-12  0.55572E-24  0.10662E-17  0.73730E-31  0.36909E-10 
  100    0.17590891E+02  0.54175E+01  0.52071E-22  0.26364E-07  0.48146E-33  0.28639E-12  0.52259E-24  0.63320E-18  0.52342E-31  0.38945E-10 
  101    0.17765929E+02  0.54715E+01  0.39843E-22  0.20325E-07  0.23699E-33  0.33322E-12  0.47630E-24  0.36447E-18  0.35804E-31  0.41053E-10 
  102    0.17940967E+02  0.55254E+01  0.29781E-22  0.15432E-07  0.11094E-33  0.37487E-12  0.42132E-24  0.20202E-18  0.23468E-31  0.43039E-10 
  103    0.18116005E+02  0.55793E+01  0.21692E-22  0.11500E-07  0.49321E-34  0.40232E-12  0.36178E-24  0.10696E-18  0.14627E-31  0.44906E-10 
  104    0.18291043E+02  0.56332E+01  0.15342E-22  0.83760E-08  0.20793E-34  0.41036E-12  0.30118E-24  0.53514E-19  0.85818E-32  0.46925E-10 
  105    0.18466081E+02  0.56871E+01  0.10484E-22  0.59285E-08  0.82875E-35  0.39692E-12  0.24236E-24  0.24947E-19  0.46756E-32  0.49581E-10 
  106    0.18641118E+02  0.57410E+01  0.68729E-23  0.40463E-08  0.30978E-35  0.36268E-12  0.18749E-24  0.10630E-19  0.23222E-32  0.53278E-10 
  107    0.18816156E+02  0.57949E+01  0.42782E-23  0.26341E-08  0.10652E-35  0.31073E-12  0.13819E-24  0.40289E-20  0.10244E-32  0.57831E-10 
  108    0.18991194E+02  0.58488E+01  0.24893E-23  0.16093E-08  0.32392E-36  0.24634E-12  0.95639E-25  0.13049E-20  0.38630E-33  0.61867E-10 
  109    0.19166232E+02  0.59027E+01  0.13205E-23  0.89958E-09  0.81074E-37  0.17657E-12  0.60669E-25  0.33923E-21  0.11729E-33  0.62534E-10 
  110    0.19341269E+02  0.59566E+01  0.61177E-24  0.44045E-09  0.14732E-37  0.10976E-12  0.33806E-25  0.63633E-22  0.25890E-34  0.56167E-10 
  111    0.19516307E+02  0.60105E+01  0.22758E-24  0.17361E-09  0.15345E-38  0.54448E-13  0.15217E-25  0.70215E-23  0.34104E-35  0.40623E-10 
  112    0.19691345E+02  0.60644E+01  0.55588E-25  0.45028E-10  0.53009E-40  0.17646E-13  0.45243E-26  0.28155E-24  0.16756E-36  0.19154E-10 
  113    0.19866382E+02  0.61183E+01  0.43185E-26  0.36959E-11  0.85515E-43  0.17673E-14  0.42882E-27  0.72429E-27  0.56063E-39  0.28152E-11 
  114    0.20041420E+02  0.61722E+01  0.00000E+00  0.00000E+00  0.00000E+00  0.00000E+00  0.00000E+00  0.00000E+00  0.00000E+00  0.00000E+00 
  115    0.20216458E+02  0.62261E+01  0.00000E+00  0.00000E+00  0.00000E+00  0.00000E+00  0.00000E+00  0.00000E+00  0.00000E+00  0.00000E+00 
  116    0.20391495E+02  0.62800E+01  0.00000E+00  0.00000E+00  0.00000E+00  0.00000E+00  0.00000E+00  0.00000E+00  0.00000E+00  0.00000E+00 
  117    0.20566533E+02  0.63339E+01  0.00000E+00  0.00000E+00  0.00000E+00  0.00000E+00  0.00000E+00  0.00000E+00  0.00000E+00  0.00000E+00 
  118    0.20741570E+02  0.63879E+01  0.00000E+00  0.00000E+00  0.00000E+00  0.00000E+00  0.00000E+00  0.00000E+00  0.00000E+00  0.00000E+00 
  119    0.20916608E+02  0.64418E+01  0.00000E+00  0.00000E+00  0.00000E+00  0.00000E+00  0.00000E+00  0.00000E+00  0.00000E+00  0.00000E+00 
  120    0.21091645E+02  0.64957E+01  0.00000E+00  0.00000E+00  0.00000E+00  0.00000E+00  0.00000E+00  0.00000E+00  0.00000E+00  0.00000E+00 
  121    0.21266682E+02  0.65496E+01  0.00000E+00  0.00000E+00  0.00000E+00  0.00000E+00  0.00000E+00  0.00000E+00  0.00000E+00  0.00000E+00 
  122    0.21441720E+02  0.66035E+01  0.00000E+00  0.00000E+00  0.00000E+00  0.00000E+00  0.00000E+00  0.00000E+00  0.00000E+00  0.00000E+00 
  123    0.21616757E+02  0.66574E+01  0.00000E+00  0.00000E+00  0.00000E+00  0.00000E+00  0.00000E+00  0.00000E+00  0.00000E+00  0.00000E+00 
  124    0.21791794E+02  0.67113E+01  0.00000E+00  0.00000E+00  0.00000E+00  0.00000E+00  0.00000E+00  0.00000E+00  0.00000E+00  0.00000E+00 
  125    0.21966832E+02  0.67652E+01  0.00000E+00  0.00000E+00  0.00000E+00  0.00000E+00  0.00000E+00  0.00000E+00  0.00000E+00  0.00000E+00 
  126    0.22141869E+02  0.68191E+01  0.00000E+00  0.00000E+00  0.00000E+00  0.00000E+00  0.00000E+00  0.00000E+00  0.00000E+00  0.00000E+00 
  127    0.22316906E+02  0.68730E+01  0.00000E+00  0.00000E+00  0.00000E+00  0.00000E+00  0.00000E+00  0.00000E+00  0.00000E+00  0.00000E+00 
  128    0.22491943E+02  0.69269E+01  0.00000E+00  0.00000E+00  0.00000E+00  0.00000E+00  0.00000E+00  0.00000E+00  0.00000E+00  0.00000E+00 
  129    0.22666981E+02  0.69808E+01  0.00000E+00  0.00000E+00  0.00000E+00  0.00000E+00  0.00000E+00  0.00000E+00  0.00000E+00  0.00000E+00 
  130    0.22842018E+02  0.70347E+01  0.00000E+00  0.00000E+00  0.00000E+00  0.00000E+00  0.00000E+00  0.00000E+00  0.00000E+00  0.00000E+00 
  131    0.23017055E+02  0.70886E+01  0.00000E+00  0.00000E+00  0.00000E+00  0.00000E+00  0.00000E+00  0.00000E+00  0.00000E+00  0.00000E+00 
  132    0.23192092E+02  0.71425E+01  0.00000E+00  0.00000E+00  0.00000E+00  0.00000E+00  0.00000E+00  0.00000E+00  0.00000E+00  0.00000E+00 
  133    0.23367129E+02  0.71964E+01  0.00000E+00  0.00000E+00  0.00000E+00  0.00000E+00  0.00000E+00  0.00000E+00  0.00000E+00  0.00000E+00 
  134    0.23542167E+02  0.72503E+01  0.00000E+00  0.00000E+00  0.00000E+00  0.00000E+00  0.00000E+00  0.00000E+00  0.00000E+00  0.00000E+00 
  135    0.23717204E+02  0.73043E+01  0.00000E+00  0.00000E+00  0.00000E+00  0.00000E+00  0.00000E+00  0.00000E+00  0.00000E+00  0.00000E+00 
  136    0.23892241E+02  0.73582E+01  0.00000E+00  0.00000E+00  0.00000E+00  0.00000E+00  0.00000E+00  0.00000E+00  0.00000E+00  0.00000E+00 
  137    0.24067278E+02  0.74121E+01  0.00000E+00  0.00000E+00  0.00000E+00  0.00000E+00  0.00000E+00  0.00000E+00  0.00000E+00  0.00000E+00 
  138    0.24242315E+02  0.74660E+01  0.00000E+00  0.00000E+00  0.00000E+00  0.00000E+00  0.00000E+00  0.00000E+00  0.00000E+00  0.00000E+00 
  139    0.24417352E+02  0.75199E+01  0.00000E+00  0.00000E+00  0.00000E+00  0.00000E+00  0.00000E+00  0.00000E+00  0.00000E+00  0.00000E+00 
  140    0.24592389E+02  0.75738E+01  0.00000E+00  0.00000E+00  0.00000E+00  0.00000E+00  0.00000E+00  0.00000E+00  0.00000E+00  0.00000E+00 
  141    0.24767426E+02  0.76277E+01  0.00000E+00  0.00000E+00  0.00000E+00  0.00000E+00  0.00000E+00  0.00000E+00  0.00000E+00  0.00000E+00 
  142    0.24942463E+02  0.76816E+01  0.00000E+00  0.00000E+00  0.00000E+00  0.00000E+00  0.00000E+00  0.00000E+00  0.00000E+00  0.00000E+00 
  143    0.25117500E+02  0.77355E+01  0.00000E+00  0.00000E+00  0.00000E+00  0.00000E+00  0.00000E+00  0.00000E+00  0.00000E+00  0.00000E+00 
  144    0.25292537E+02  0.77894E+01  0.00000E+00  0.00000E+00  0.00000E+00  0.00000E+00  0.00000E+00  0.00000E+00  0.00000E+00  0.00000E+00 
  145    0.25467574E+02  0.78433E+01  0.00000E+00  0.00000E+00  0.00000E+00  0.00000E+00  0.00000E+00  0.00000E+00  0.00000E+00  0.00000E+00 
  146    0.25642611E+02  0.78972E+01  0.00000E+00  0.00000E+00  0.00000E+00  0.00000E+00  0.00000E+00  0.00000E+00  0.00000E+00  0.00000E+00 
  147    0.25817648E+02  0.79511E+01  0.00000E+00  0.00000E+00  0.00000E+00  0.00000E+00  0.00000E+00  0.00000E+00  0.00000E+00  0.00000E+00 
  148    0.25992685E+02  0.80050E+01  0.00000E+00  0.00000E+00  0.00000E+00  0.00000E+00  0.00000E+00  0.00000E+00  0.00000E+00  0.00000E+00 
  149    0.26167721E+02  0.80589E+01  0.00000E+00  0.00000E+00  0.00000E+00  0.00000E+00  0.00000E+00  0.00000E+00  0.00000E+00  0.00000E+00 
  150    0.26342758E+02  0.81128E+01  0.00000E+00  0.00000E+00  0.00000E+00  0.00000E+00  0.00000E+00  0.00000E+00  0.00000E+00  0.00000E+00 
  151    0.26517795E+02  0.81667E+01  0.00000E+00  0.00000E+00  0.00000E+00  0.00000E+00  0.00000E+00  0.00000E+00  0.00000E+00  0.00000E+00 
  152    0.26692832E+02  0.82207E+01  0.00000E+00  0.00000E+00  0.00000E+00  0.00000E+00  0.00000E+00  0.00000E+00  0.00000E+00  0.00000E+00 
  153    0.26867869E+02  0.82746E+01  0.00000E+00  0.00000E+00  0.00000E+00  0.00000E+00  0.00000E+00  0.00000E+00  0.00000E+00  0.00000E+00 
  154    0.27042906E+02  0.83285E+01  0.00000E+00  0.00000E+00  0.00000E+00  0.00000E+00  0.00000E+00  0.00000E+00  0.00000E+00  0.00000E+00 
  155    0.27217942E+02  0.83824E+01  0.00000E+00  0.00000E+00  0.00000E+00  0.00000E+00  0.00000E+00  0.00000E+00  0.00000E+00  0.00000E+00 
  156    0.27392979E+02  0.84363E+01  0.00000E+00  0.00000E+00  0.00000E+00  0.00000E+00  0.00000E+00  0.00000E+00  0.00000E+00  0.00000E+00 
  157    0.27568016E+02  0.84902E+01  0.00000E+00  0.00000E+00  0.00000E+00  0.00000E+00  0.00000E+00  0.00000E+00  0.00000E+00  0.00000E+00 
  158    0.27743053E+02  0.85441E+01  0.00000E+00  0.00000E+00  0.00000E+00  0.00000E+00  0.00000E+00  0.00000E+00  0.00000E+00  0.00000E+00 
  159    0.27918090E+02  0.85980E+01  0.00000E+00  0.00000E+00  0.00000E+00  0.00000E+00  0.00000E+00  0.00000E+00  0.00000E+00  0.00000E+00 
  160    0.28093126E+02  0.86519E+01  0.00000E+00  0.00000E+00  0.00000E+00  0.00000E+00  0.00000E+00  0.00000E+00  0.00000E+00  0.00000E+00 
  161    0.28268163E+02  0.87058E+01  0.00000E+00  0.00000E+00  0.00000E+00  0.00000E+00  0.00000E+00  0.00000E+00  0.00000E+00  0.00000E+00 
  162    0.28443200E+02  0.87597E+01  0.00000E+00  0.00000E+00  0.00000E+00  0.00000E+00  0.00000E+00  0.00000E+00  0.00000E+00  0.00000E+00 
  163    0.28618237E+02  0.88136E+01  0.00000E+00  0.00000E+00  0.00000E+00  0.00000E+00  0.00000E+00  0.00000E+00  0.00000E+00  0.00000E+00 
  164    0.28793273E+02  0.88675E+01  0.00000E+00  0.00000E+00  0.00000E+00  0.00000E+00  0.00000E+00  0.00000E+00  0.00000E+00  0.00000E+00 
  165    0.28968310E+02  0.89214E+01  0.00000E+00  0.00000E+00  0.00000E+00  0.00000E+00  0.00000E+00  0.00000E+00  0.00000E+00  0.00000E+00 
  166    0.29143347E+02  0.89753E+01  0.00000E+00  0.00000E+00  0.00000E+00  0.00000E+00  0.00000E+00  0.00000E+00  0.00000E+00  0.00000E+00 
  167    0.29318383E+02  0.90292E+01  0.00000E+00  0.00000E+00  0.00000E+00  0.00000E+00  0.00000E+00  0.00000E+00  0.00000E+00  0.00000E+00 
  168    0.29493420E+02  0.90831E+01  0.00000E+00  0.00000E+00  0.00000E+00  0.00000E+00  0.00000E+00  0.00000E+00  0.00000E+00  0.00000E+00 
  169    0.29668457E+02  0.91371E+01  0.00000E+00  0.00000E+00  0.00000E+00  0.00000E+00  0.00000E+00  0.00000E+00  0.00000E+00  0.00000E+00 
  170    0.29843493E+02  0.91910E+01  0.00000E+00  0.00000E+00  0.00000E+00  0.00000E+00  0.00000E+00  0.00000E+00  0.00000E+00  0.00000E+00 
  171    0.30018530E+02  0.92449E+01  0.00000E+00  0.00000E+00  0.00000E+00  0.00000E+00  0.00000E+00  0.00000E+00  0.00000E+00  0.00000E+00 
  172    0.30193567E+02  0.92988E+01  0.00000E+00  0.00000E+00  0.00000E+00  0.00000E+00  0.00000E+00  0.00000E+00  0.00000E+00  0.00000E+00 
  173    0.30368603E+02  0.93527E+01  0.00000E+00  0.00000E+00  0.00000E+00  0.00000E+00  0.00000E+00  0.00000E+00  0.00000E+00  0.00000E+00 
  174    0.30543640E+02  0.94066E+01  0.00000E+00  0.00000E+00  0.00000E+00  0.00000E+00  0.00000E+00  0.00000E+00  0.00000E+00  0.00000E+00 
  175    0.30718677E+02  0.94605E+01  0.00000E+00  0.00000E+00  0.00000E+00  0.00000E+00  0.00000E+00  0.00000E+00  0.00000E+00  0.00000E+00 
  176    0.30893713E+02  0.95144E+01  0.00000E+00  0.00000E+00  0.00000E+00  0.00000E+00  0.00000E+00  0.00000E+00  0.00000E+00  0.00000E+00 
  177    0.31068750E+02  0.95683E+01  0.00000E+00  0.00000E+00  0.00000E+00  0.00000E+00  0.00000E+00  0.00000E+00  0.00000E+00  0.00000E+00 
  178    0.31243786E+02  0.96222E+01  0.00000E+00  0.00000E+00  0.00000E+00  0.00000E+00  0.00000E+00  0.00000E+00  0.00000E+00  0.00000E+00 
  179    0.31418823E+02  0.96761E+01  0.00000E+00  0.00000E+00  0.00000E+00  0.00000E+00  0.00000E+00  0.00000E+00  0.00000E+00  0.00000E+00 
  180    0.31593860E+02  0.97300E+01  0.00000E+00  0.00000E+00  0.00000E+00  0.00000E+00  0.00000E+00  0.00000E+00  0.00000E+00  0.00000E+00 
  181    0.31768896E+02  0.97839E+01  0.00000E+00  0.00000E+00  0.00000E+00  0.00000E+00  0.00000E+00  0.00000E+00  0.00000E+00  0.00000E+00 
  182    0.31943933E+02  0.98378E+01  0.00000E+00  0.00000E+00  0.00000E+00  0.00000E+00  0.00000E+00  0.00000E+00  0.00000E+00  0.00000E+00 
  183    0.32118969E+02  0.98917E+01  0.00000E+00  0.00000E+00  0.00000E+00  0.00000E+00  0.00000E+00  0.00000E+00  0.00000E+00  0.00000E+00 
  184    0.32294006E+02  0.99456E+01  0.00000E+00  0.00000E+00  0.00000E+00  0.00000E+00  0.00000E+00  0.00000E+00  0.00000E+00  0.00000E+00 
  185    0.32469042E+02  0.99995E+01  0.00000E+00  0.00000E+00  0.00000E+00  0.00000E+00  0.00000E+00  0.00000E+00  0.00000E+00  0.00000E+00 
  186    0.32644079E+02  0.10053E+02  0.00000E+00  0.00000E+00  0.00000E+00  0.00000E+00  0.00000E+00  0.00000E+00  0.00000E+00  0.00000E+00 
  187    0.32819115E+02  0.10107E+02  0.00000E+00  0.00000E+00  0.00000E+00  0.00000E+00  0.00000E+00  0.00000E+00  0.00000E+00  0.00000E+00 
  188    0.32994152E+02  0.10161E+02  0.00000E+00  0.00000E+00  0.00000E+00  0.00000E+00  0.00000E+00  0.00000E+00  0.00000E+00  0.00000E+00 
  189    0.33169188E+02  0.10215E+02  0.00000E+00  0.00000E+00  0.00000E+00  0.00000E+00  0.00000E+00  0.00000E+00  0.00000E+00  0.00000E+00 
  190    0.33344225E+02  0.10269E+02  0.00000E+00  0.00000E+00  0.00000E+00  0.00000E+00  0.00000E+00  0.00000E+00  0.00000E+00  0.00000E+00 
  191    0.33519261E+02  0.10323E+02  0.00000E+00  0.00000E+00  0.00000E+00  0.00000E+00  0.00000E+00  0.00000E+00  0.00000E+00  0.00000E+00 
  192    0.33694298E+02  0.10377E+02  0.00000E+00  0.00000E+00  0.00000E+00  0.00000E+00  0.00000E+00  0.00000E+00  0.00000E+00  0.00000E+00 
  193    0.33869334E+02  0.10431E+02  0.00000E+00  0.00000E+00  0.00000E+00  0.00000E+00  0.00000E+00  0.00000E+00  0.00000E+00  0.00000E+00 
  194    0.34044371E+02  0.10485E+02  0.00000E+00  0.00000E+00  0.00000E+00  0.00000E+00  0.00000E+00  0.00000E+00  0.00000E+00  0.00000E+00 
  195    0.34219407E+02  0.10539E+02  0.00000E+00  0.00000E+00  0.00000E+00  0.00000E+00  0.00000E+00  0.00000E+00  0.00000E+00  0.00000E+00 
  196    0.34394444E+02  0.10593E+02  0.00000E+00  0.00000E+00  0.00000E+00  0.00000E+00  0.00000E+00  0.00000E+00  0.00000E+00  0.00000E+00 
  197    0.34569480E+02  0.10646E+02  0.00000E+00  0.00000E+00  0.00000E+00  0.00000E+00  0.00000E+00  0.00000E+00  0.00000E+00  0.00000E+00 
  198    0.34744517E+02  0.10700E+02  0.00000E+00  0.00000E+00  0.00000E+00  0.00000E+00  0.00000E+00  0.00000E+00  0.00000E+00  0.00000E+00 
  199    0.34919553E+02  0.10754E+02  0.00000E+00  0.00000E+00  0.00000E+00  0.00000E+00  0.00000E+00  0.00000E+00  0.00000E+00  0.00000E+00 
  200    0.35094590E+02  0.10808E+02  0.00000E+00  0.00000E+00  0.00000E+00  0.00000E+00  0.00000E+00  0.00000E+00  0.00000E+00  0.00000E+00 
STATE= 1
j12= 0
m12= 0
ENERGY#3, U(i)= 900.000 cm^-1
J_TOTAL     B_IMPACT     CHANNEL=  1  CHANNEL=  2  CHANNEL=  3  CHANNEL=  4  CHANNEL=  5  CHANNEL=  6  CHANNEL=  7  CHANNEL=  8  CHANNEL=  9  
    0    0.00000000E+00  0.14888E-02  0.11013E-11  0.50917E-02  0.00000E+00  0.22063E-04  0.79505E-12  0.00000E+00  0.00000E+00  0.11366E-01 
    1    0.20211405E+00  0.43966E-02  0.32696E-11  0.15488E-01  0.45196E-16  0.66946E-04  0.23236E-11  0.13247E-05  0.14992E-15  0.33954E-01 
    2    0.35007181E+00  0.70980E-02  0.53354E-11  0.26521E-01  0.22538E-15  0.11416E-03  0.36739E-11  0.65283E-05  0.69562E-15  0.56104E-01 
    3    0.49507630E+00  0.94664E-02  0.72304E-11  0.38616E-01  0.62816E-15  0.16546E-03  0.47483E-11  0.17882E-04  0.17375E-14  0.77515E-01 
    4    0.63914076E+00  0.11394E-01  0.88885E-11  0.52190E-01  0.13361E-14  0.22288E-03  0.54780E-11  0.37199E-04  0.31838E-14  0.97873E-01 
    5    0.78278436E+00  0.12805E-01  0.10248E-10  0.67643E-01  0.24225E-14  0.28889E-03  0.58300E-11  0.65678E-04  0.47647E-14  0.11685E+00 
    6    0.92620295E+00  0.13665E-01  0.11255E-10  0.85337E-01  0.39446E-14  0.36648E-03  0.58094E-11  0.10378E-03  0.61034E-14  0.13412E+00 
    7    0.10694870E+01  0.14004E-01  0.11870E-10  0.10557E+00  0.59358E-14  0.45939E-03  0.54574E-11  0.15118E-03  0.68272E-14  0.14935E+00 
    8    0.12126843E+01  0.13927E-01  0.12072E-10  0.12853E+00  0.83971E-14  0.57222E-03  0.48438E-11  0.20673E-03  0.66869E-14  0.16223E+00 
    9    0.13558223E+01  0.13634E-01  0.11865E-10  0.15430E+00  0.11289E-13  0.71079E-03  0.40581E-11  0.26857E-03  0.56541E-14  0.17249E+00 
   10    0.14989179E+01  0.13430E-01  0.11275E-10  0.18277E+00  0.14527E-13  0.88240E-03  0.31959E-11  0.33428E-03  0.39642E-14  0.17992E+00 
   11    0.16419823E+01  0.13727E-01  0.10360E-10  0.21367E+00  0.17979E-13  0.10963E-02  0.23480E-11  0.40105E-03  0.21015E-14  0.18438E+00 
   12    0.17850230E+01  0.15037E-01  0.91932E-11  0.24653E+00  0.21475E-13  0.13639E-02  0.15889E-11  0.46597E-03  0.71878E-15  0.18582E+00 
   13    0.19280452E+01  0.17968E-01  0.78652E-11  0.28071E+00  0.24808E-13  0.16996E-02  0.96970E-12  0.52611E-03  0.52074E-15  0.18425E+00 
   14    0.20710528E+01  0.23248E-01  0.64564E-11  0.31552E+00  0.27719E-13  0.21212E-02  0.51375E-12  0.57795E-03  0.21518E-14  0.17963E+00 
   15    0.22140485E+01  0.31655E-01  0.50742E-11  0.34989E+00  0.29988E-13  0.26502E-02  0.22945E-12  0.61948E-03  0.60550E-14  0.17222E+00 
   16    0.23570346E+01  0.42900E-01  0.39323E-11  0.38192E+00  0.31948E-13  0.33036E-02  0.10826E-12  0.66058E-03  0.11983E-13  0.16418E+00 
   17    0.25000128E+01  0.56879E-01  0.30222E-11  0.41141E+00  0.33605E-13  0.40983E-02  0.93098E-13  0.70238E-03  0.19669E-13  0.15581E+00 
   18    0.26429842E+01  0.73419E-01  0.23228E-11  0.43829E+00  0.34977E-13  0.50500E-02  0.14160E-12  0.74607E-03  0.28832E-13  0.14733E+00 
   19    0.27859500E+01  0.92297E-01  0.18068E-11  0.46259E+00  0.36092E-13  0.61736E-02  0.22361E-12  0.79293E-03  0.39209E-13  0.13892E+00 
   20    0.29289109E+01  0.11329E+00  0.14440E-11  0.48441E+00  0.36979E-13  0.74820E-02  0.31863E-12  0.84419E-03  0.50569E-13  0.13069E+00 
   21    0.30718677E+01  0.13634E+00  0.12023E-11  0.50382E+00  0.37618E-13  0.89866E-02  0.41358E-12  0.90008E-03  0.62716E-13  0.12260E+00 
   22    0.32148208E+01  0.16227E+00  0.10449E-11  0.52054E+00  0.37726E-13  0.10698E-01  0.50067E-12  0.95487E-03  0.75377E-13  0.11412E+00 
   23    0.33577708E+01  0.19373E+00  0.93791E-12  0.53313E+00  0.36579E-13  0.12623E-01  0.57249E-12  0.99150E-03  0.87719E-13  0.10406E+00 
   24    0.35007181E+01  0.23240E+00  0.87717E-12  0.53996E+00  0.33947E-13  0.14757E-01  0.61814E-12  0.10014E-02  0.98342E-13  0.92341E-01 
   25    0.36436629E+01  0.27990E+00  0.85611E-12  0.53916E+00  0.29860E-13  0.17078E-01  0.62748E-12  0.97910E-03  0.10548E-12  0.79280E-01 
   26    0.37866056E+01  0.33731E+00  0.85964E-12  0.52901E+00  0.24672E-13  0.19558E-01  0.59499E-12  0.92448E-03  0.10742E-12  0.65537E-01 
   27    0.39295463E+01  0.40313E+00  0.86539E-12  0.50971E+00  0.19241E-13  0.22166E-01  0.52670E-12  0.85121E-03  0.10376E-12  0.52418E-01 
   28    0.40724853E+01  0.47437E+00  0.84892E-12  0.48321E+00  0.14337E-13  0.24860E-01  0.43842E-12  0.77517E-03  0.95603E-13  0.40994E-01 
   29    0.42154228E+01  0.55024E+00  0.79327E-12  0.45027E+00  0.10151E-13  0.27554E-01  0.34333E-12  0.69809E-03  0.83863E-13  0.31386E-01 
   30    0.43583589E+01  0.63031E+00  0.69545E-12  0.41147E+00  0.67532E-14  0.30130E-01  0.25213E-12  0.61949E-03  0.69623E-13  0.23562E-01 
   31    0.45012937E+01  0.71503E+00  0.56223E-12  0.36668E+00  0.41169E-14  0.32412E-01  0.17156E-12  0.53598E-03  0.53888E-13  0.17373E-01 
   32    0.46442274E+01  0.80354E+00  0.41045E-12  0.31695E+00  0.22404E-14  0.34226E-01  0.10685E-12  0.44910E-03  0.38238E-13  0.12792E-01 
   33    0.47871600E+01  0.89370E+00  0.26286E-12  0.26466E+00  0.10575E-14  0.35424E-01  0.60287E-13  0.36375E-03  0.24455E-13  0.97531E-02 
   34    0.49300917E+01  0.98265E+00  0.14141E-12  0.21295E+00  0.41750E-15  0.35899E-01  0.30641E-13  0.28542E-03  0.13911E-13  0.80492E-02 
   35    0.50730225E+01  0.10686E+01  0.58170E-13  0.16410E+00  0.12710E-15  0.35520E-01  0.13838E-13  0.21575E-03  0.69694E-14  0.73182E-02 
   36    0.52159525E+01  0.11500E+01  0.14469E-13  0.12014E+00  0.25221E-16  0.34215E-01  0.54465E-14  0.15604E-03  0.32676E-14  0.71772E-02 
   37    0.53588818E+01  0.12255E+01  0.20729E-14  0.82750E-01  0.30175E-17  0.31999E-01  0.18086E-14  0.10717E-03  0.19109E-14  0.72715E-02 
   38    0.55018103E+01  0.12942E+01  0.76897E-14  0.53038E-01  0.30966E-17  0.29005E-01  0.49077E-15  0.69585E-04  0.18189E-14  0.73219E-02 
   39    0.56447383E+01  0.13558E+01  0.18373E-13  0.31105E-01  0.43364E-17  0.25432E-01  0.13880E-15  0.42426E-04  0.20692E-14  0.71517E-02 
   40    0.57876657E+01  0.14109E+01  0.25727E-13  0.16270E-01  0.34474E-17  0.21544E-01  0.11850E-15  0.24159E-04  0.21339E-14  0.66999E-02 
   41    0.59305925E+01  0.14605E+01  0.27002E-13  0.72676E-02  0.19485E-17  0.17632E-01  0.16692E-15  0.12814E-04  0.18861E-14  0.60017E-02 
   42    0.60735189E+01  0.15057E+01  0.23434E-13  0.25446E-02  0.91021E-18  0.13955E-01  0.19081E-15  0.63279E-05  0.14415E-14  0.51481E-02 
   43    0.62164448E+01  0.15477E+01  0.17694E-13  0.60098E-03  0.41022E-18  0.10701E-01  0.17444E-15  0.29175E-05  0.97081E-15  0.42447E-02 
   44    0.63593702E+01  0.15876E+01  0.12007E-13  0.21301E-03  0.20437E-18  0.79735E-02  0.13375E-15  0.12647E-05  0.58741E-15  0.33813E-02 
   45    0.65022953E+01  0.16262E+01  0.75004E-14  0.52352E-03  0.11347E-18  0.57939E-02  0.89113E-16  0.52141E-06  0.32513E-15  0.26166E-02 
   46    0.66452199E+01  0.16640E+01  0.43954E-14  0.10196E-02  0.64422E-19  0.41215E-02  0.52880E-16  0.20828E-06  0.16737E-15  0.19776E-02 
   47    0.67881442E+01  0.17012E+01  0.24541E-14  0.14482E-02  0.35119E-19  0.28813E-02  0.28437E-16  0.83096E-07  0.81349E-16  0.14670E-02 
   48    0.69310682E+01  0.17382E+01  0.13218E-14  0.17202E-02  0.18058E-19  0.19869E-02  0.14035E-16  0.34736E-07  0.37840E-16  0.10728E-02 
   49    0.70739919E+01  0.17749E+01  0.69360E-15  0.18336E-02  0.87964E-20  0.13560E-02  0.64368E-17  0.16167E-07  0.17046E-16  0.77650E-03 
   50    0.72169152E+01  0.18115E+01  0.35731E-15  0.18218E-02  0.41023E-20  0.91861E-03  0.28082E-17  0.87445E-08  0.75142E-17  0.55804E-03 
   51    0.73598383E+01  0.18480E+01  0.18175E-15  0.17259E-02  0.18509E-20  0.61931E-03  0.12416E-17  0.54466E-08  0.32701E-17  0.39935E-03 
   52    0.75027611E+01  0.18844E+01  0.91648E-16  0.15818E-02  0.81473E-21  0.41643E-03  0.63760E-18  0.37262E-08  0.14155E-17  0.28525E-03 
   53    0.76456837E+01  0.19207E+01  0.45939E-16  0.14162E-02  0.35199E-21  0.27980E-03  0.43250E-18  0.26730E-08  0.61330E-18  0.20380E-03 
   54    0.77886061E+01  0.19570E+01  0.22922E-16  0.12472E-02  0.14977E-21  0.18815E-03  0.36717E-18  0.19544E-08  0.26733E-18  0.14589E-03 
   55    0.79315282E+01  0.19932E+01  0.11388E-16  0.10857E-02  0.62845E-22  0.12679E-03  0.33666E-18  0.14369E-08  0.11769E-18  0.10481E-03 
   56    0.80744501E+01  0.20294E+01  0.56295E-17  0.93741E-03  0.25978E-22  0.85720E-04  0.30631E-18  0.10566E-08  0.52494E-19  0.75662E-04 
   57    0.82173718E+01  0.20655E+01  0.27643E-17  0.80494E-03  0.10549E-22  0.58196E-04  0.26957E-18  0.77566E-09  0.23769E-19  0.54944E-04 
   58    0.83602934E+01  0.21016E+01  0.13452E-17  0.68866E-03  0.41895E-23  0.39703E-04  0.22903E-18  0.56845E-09  0.10939E-19  0.40172E-04 
   59    0.85032147E+01  0.21376E+01  0.64733E-18  0.58780E-03  0.16215E-23  0.27233E-04  0.18866E-18  0.41600E-09  0.51190E-20  0.29593E-04 
   60    0.86461359E+01  0.21737E+01  0.30763E-18  0.50101E-03  0.61291E-24  0.18789E-04  0.15148E-18  0.30414E-09  0.24356E-20  0.21976E-04 
   61    0.87890569E+01  0.22097E+01  0.14469E-18  0.42672E-03  0.23115E-24  0.13040E-04  0.11907E-18  0.22222E-09  0.11774E-20  0.16455E-04 
   62    0.89319778E+01  0.22457E+01  0.68023E-19  0.36332E-03  0.92707E-25  0.91055E-05  0.91928E-19  0.16231E-09  0.57750E-21  0.12426E-04 
   63    0.90748985E+01  0.22817E+01  0.32759E-19  0.30932E-03  0.43906E-25  0.63961E-05  0.69862E-19  0.11854E-09  0.28691E-21  0.94624E-05 
   64    0.92178191E+01  0.23177E+01  0.16935E-19  0.26337E-03  0.25719E-25  0.45190E-05  0.52325E-19  0.86562E-10  0.14406E-21  0.72645E-05 
   65    0.93607395E+01  0.23537E+01  0.10046E-19  0.22427E-03  0.17067E-25  0.32105E-05  0.38635E-19  0.63210E-10  0.72917E-22  0.56209E-05 
   66    0.95036598E+01  0.23896E+01  0.72527E-20  0.19099E-03  0.11335E-25  0.22926E-05  0.28111E-19  0.46156E-10  0.37092E-22  0.43812E-05 
   67    0.96465800E+01  0.24256E+01  0.64519E-20  0.16267E-03  0.69279E-26  0.16450E-05  0.20131E-19  0.33700E-10  0.18899E-22  0.34384E-05 
   68    0.97895001E+01  0.24616E+01  0.67896E-20  0.13855E-03  0.36570E-26  0.11854E-05  0.14163E-19  0.24601E-10  0.96111E-23  0.27152E-05 
   69    0.99324201E+01  0.24975E+01  0.79249E-20  0.11800E-03  0.15227E-26  0.85750E-06  0.97666E-20  0.17956E-10  0.48592E-23  0.21563E-05 
   70    0.10075340E+02  0.25335E+01  0.96801E-20  0.10049E-03  0.40416E-27  0.62245E-06  0.65824E-20  0.13102E-10  0.24324E-23  0.17209E-05 
   71    0.10218260E+02  0.25694E+01  0.11894E-19  0.85559E-04  0.63519E-28  0.45319E-06  0.43236E-20  0.95569E-11  0.12002E-23  0.13795E-05 
   72    0.10361179E+02  0.26054E+01  0.14374E-19  0.72832E-04  0.22209E-27  0.33083E-06  0.27630E-20  0.69687E-11  0.58095E-24  0.11100E-05 
   73    0.10504099E+02  0.26413E+01  0.16905E-19  0.61982E-04  0.62632E-27  0.24206E-06  0.17213E-20  0.50795E-11  0.27447E-24  0.89597E-06 
   74    0.10647018E+02  0.26773E+01  0.19268E-19  0.52733E-04  0.10836E-26  0.17746E-06  0.10583E-20  0.37011E-11  0.12589E-24  0.72518E-06 
   75    0.10789938E+02  0.27132E+01  0.21269E-19  0.44850E-04  0.14712E-26  0.13033E-06  0.66512E-21  0.26958E-11  0.55774E-25  0.58824E-06 
   76    0.10932857E+02  0.27492E+01  0.22756E-19  0.38135E-04  0.17287E-26  0.95867E-07  0.45787E-21  0.19629E-11  0.23813E-25  0.47802E-06 
   77    0.11075776E+02  0.27851E+01  0.23636E-19  0.32415E-04  0.18419E-26  0.70620E-07  0.37294E-21  0.14289E-11  0.98647E-26  0.38898E-06 
   78    0.11218696E+02  0.28210E+01  0.23873E-19  0.27547E-04  0.18261E-26  0.52093E-07  0.36293E-21  0.10399E-11  0.40967E-26  0.31686E-06 
   79    0.11361615E+02  0.28570E+01  0.23485E-19  0.23404E-04  0.17113E-26  0.38479E-07  0.39345E-21  0.75666E-12  0.18582E-26  0.25830E-06 
   80    0.11504534E+02  0.28929E+01  0.22537E-19  0.19881E-04  0.15318E-26  0.28462E-07  0.44043E-21  0.55054E-12  0.10398E-26  0.21067E-06 
   81    0.11647453E+02  0.29289E+01  0.21122E-19  0.16886E-04  0.13189E-26  0.21083E-07  0.48789E-21  0.40057E-12  0.73952E-27  0.17186E-06 
   82    0.11790371E+02  0.29648E+01  0.19353E-19  0.14341E-04  0.10982E-26  0.15642E-07  0.52608E-21  0.29148E-12  0.60289E-27  0.14020E-06 
   83    0.11933290E+02  0.30008E+01  0.17349E-19  0.12179E-04  0.88746E-27  0.11625E-07  0.54990E-21  0.21213E-12  0.50831E-27  0.11437E-06 
   84    0.12076209E+02  0.30367E+01  0.15226E-19  0.10344E-04  0.69807E-27  0.86550E-08  0.55759E-21  0.15443E-12  0.42378E-27  0.93267E-07 
   85    0.12219128E+02  0.30726E+01  0.13084E-19  0.87860E-05  0.53561E-27  0.64569E-08  0.54968E-21  0.11246E-12  0.34626E-27  0.76031E-07 
   86    0.12362046E+02  0.31086E+01  0.11010E-19  0.74639E-05  0.40149E-27  0.48275E-08  0.52812E-21  0.81931E-13  0.27859E-27  0.61951E-07 
   87    0.12504965E+02  0.31445E+01  0.90699E-20  0.63421E-05  0.29436E-27  0.36177E-08  0.49563E-21  0.59719E-13  0.22259E-27  0.50450E-07 
   88    0.12647883E+02  0.31804E+01  0.73099E-20  0.53904E-05  0.21125E-27  0.27177E-08  0.45521E-21  0.43554E-13  0.17802E-27  0.41060E-07 
   89    0.12790802E+02  0.32164E+01  0.57578E-20  0.45829E-05  0.14847E-27  0.20467E-08  0.40982E-21  0.31783E-13  0.14331E-27  0.33397E-07 
   90    0.12933720E+02  0.32523E+01  0.44256E-20  0.38977E-05  0.10219E-27  0.15454E-08  0.36211E-21  0.23209E-13  0.11645E-27  0.27146E-07 
   91    0.13076639E+02  0.32883E+01  0.33119E-20  0.33163E-05  0.68872E-28  0.11698E-08  0.31433E-21  0.16958E-13  0.95538E-28  0.22052E-07 
   92    0.13219557E+02  0.33242E+01  0.24054E-20  0.28228E-05  0.45427E-28  0.88777E-09  0.26826E-21  0.12400E-13  0.79027E-28  0.17903E-07 
   93    0.13362475E+02  0.33601E+01  0.16878E-20  0.24038E-05  0.29296E-28  0.67528E-09  0.22519E-21  0.90722E-14  0.65768E-28  0.14527E-07 
   94    0.13505394E+02  0.33961E+01  0.11366E-20  0.20479E-05  0.18447E-28  0.51474E-09  0.18601E-21  0.66417E-14  0.54953E-28  0.11783E-07 
   95    0.13648312E+02  0.34320E+01  0.72745E-21  0.17455E-05  0.11318E-28  0.39308E-09  0.15119E-21  0.48651E-14  0.46027E-28  0.95548E-08 
   96    0.13791230E+02  0.34679E+01  0.43579E-21  0.14884E-05  0.67471E-29  0.30059E-09  0.12092E-21  0.35654E-14  0.38603E-28  0.77474E-08 
   97    0.13934148E+02  0.35039E+01  0.23831E-21  0.12697E-05  0.38930E-29  0.23008E-09  0.95133E-22  0.26139E-14  0.32404E-28  0.62830E-08 
   98    0.14077066E+02  0.35398E+01  0.11389E-21  0.10835E-05  0.21619E-29  0.17617E-09  0.73587E-22  0.19168E-14  0.27216E-28  0.50980E-08 
   99    0.14219984E+02  0.35758E+01  0.44036E-22  0.92499E-06  0.11463E-29  0.13485E-09  0.55922E-22  0.14058E-14  0.22870E-28  0.41403E-08 
  100    0.14362902E+02  0.36117E+01  0.13145E-22  0.78987E-06  0.57319E-30  0.10311E-09  0.41709E-22  0.10309E-14  0.19224E-28  0.33674E-08 
  101    0.14505820E+02  0.36476E+01  0.84966E-23  0.67464E-06  0.26511E-30  0.78684E-10  0.30490E-22  0.75579E-15  0.16159E-28  0.27446E-08 
  102    0.14648738E+02  0.36836E+01  0.20067E-22  0.57629E-06  0.10969E-30  0.59869E-10  0.21810E-22  0.55381E-15  0.13575E-28  0.22435E-08 
  103    0.14791656E+02  0.37195E+01  0.40258E-22  0.49230E-06  0.38138E-31  0.45368E-10  0.15235E-22  0.40550E-15  0.11391E-28  0.18410E-08 
  104    0.14934574E+02  0.37554E+01  0.63558E-22  0.42052E-06  0.98507E-32  0.34198E-10  0.10367E-22  0.29659E-15  0.95388E-29  0.15183E-08 
  105    0.15077492E+02  0.37914E+01  0.86193E-22  0.35914E-06  0.19388E-32  0.25605E-10  0.68574E-23  0.21663E-15  0.79640E-29  0.12603E-08 
  106    0.15220409E+02  0.38273E+01  0.10578E-21  0.30661E-06  0.22259E-32  0.19012E-10  0.44017E-23  0.15796E-15  0.66230E-29  0.10544E-08 
  107    0.15363327E+02  0.38633E+01  0.12101E-21  0.26164E-06  0.47563E-32  0.13973E-10  0.27461E-23  0.11493E-15  0.54809E-29  0.89056E-09 
  108    0.15506245E+02  0.38992E+01  0.13137E-21  0.22311E-06  0.69975E-32  0.10143E-10  0.16817E-23  0.83406E-16  0.45095E-29  0.76069E-09 
  109    0.15649163E+02  0.39351E+01  0.13692E-21  0.19009E-06  0.81666E-32  0.72540E-11  0.10411E-23  0.60345E-16  0.36856E-29  0.65812E-09 
  110    0.15792080E+02  0.39711E+01  0.13805E-21  0.16178E-06  0.82765E-32  0.50960E-11  0.69328E-24  0.43505E-16  0.29898E-29  0.57745E-09 
  111    0.15934998E+02  0.40070E+01  0.13541E-21  0.13750E-06  0.76266E-32  0.35049E-11  0.53830E-24  0.31234E-16  0.24055E-29  0.51429E-09 
  112    0.16077916E+02  0.40429E+01  0.12972E-21  0.11668E-06  0.65545E-32  0.23515E-11  0.50194E-24  0.22317E-16  0.19181E-29  0.46505E-09 
  113    0.16220833E+02  0.40789E+01  0.12172E-21  0.98828E-07  0.53347E-32  0.15340E-11  0.53093E-24  0.15858E-16  0.15149E-29  0.42678E-09 
  114    0.16363751E+02  0.41148E+01  0.11213E-21  0.83518E-07  0.41521E-32  0.97207E-12  0.58846E-24  0.11198E-16  0.11841E-29  0.39707E-09 
  115    0.16506668E+02  0.41508E+01  0.10157E-21  0.70397E-07  0.31106E-32  0.60218E-12  0.65047E-24  0.78506E-17  0.91525E-30  0.37390E-09 
  116    0.16649586E+02  0.41867E+01  0.90590E-22  0.59159E-07  0.22530E-32  0.37425E-12  0.70238E-24  0.54591E-17  0.69908E-30  0.35561E-09 
  117    0.16792504E+02  0.42226E+01  0.79623E-22  0.49542E-07  0.15827E-32  0.24887E-12  0.73651E-24  0.37611E-17  0.52715E-30  0.34083E-09 
  118    0.16935421E+02  0.42586E+01  0.69012E-22  0.41323E-07  0.10807E-32  0.19511E-12  0.74997E-24  0.25640E-17  0.39202E-30  0.32844E-09 
  119    0.17078339E+02  0.42945E+01  0.59009E-22  0.34309E-07  0.71840E-33  0.18893E-12  0.74302E-24  0.17271E-17  0.28715E-30  0.31751E-09 
  120    0.17221256E+02  0.43304E+01  0.49786E-22  0.28335E-07  0.46539E-33  0.21179E-12  0.71787E-24  0.11476E-17  0.20689E-30  0.30732E-09 
  121    0.17364173E+02  0.43664E+01  0.41446E-22  0.23260E-07  0.29400E-33  0.24961E-12  0.67776E-24  0.75076E-18  0.14638E-30  0.29733E-09 
  122    0.17507091E+02  0.44023E+01  0.34036E-22  0.18960E-07  0.18114E-33  0.29194E-12  0.62633E-24  0.48248E-18  0.10150E-30  0.28716E-09 
  123    0.17650008E+02  0.44383E+01  0.27559E-22  0.15332E-07  0.10882E-33  0.33125E-12  0.56719E-24  0.30380E-18  0.68812E-31  0.27654E-09 
  124    0.17792926E+02  0.44742E+01  0.21986E-22  0.12282E-07  0.63694E-34  0.36240E-12  0.50368E-24  0.18684E-18  0.45484E-31  0.26535E-09 
  125    0.17935843E+02  0.45101E+01  0.17265E-22  0.97328E-08  0.36265E-34  0.38219E-12  0.43868E-24  0.11181E-18  0.29212E-31  0.25351E-09 
  126    0.18078760E+02  0.45461E+01  0.13325E-22  0.76154E-08  0.20033E-34  0.38900E-12  0.37459E-24  0.64819E-19  0.18152E-31  0.24100E-09 
  127    0.18221678E+02  0.45820E+01  0.10090E-22  0.58702E-08  0.10694E-34  0.38248E-12  0.31332E-24  0.36197E-19  0.10857E-31  0.22777E-09 
  128    0.18364595E+02  0.46179E+01  0.74779E-23  0.44452E-08  0.54840E-35  0.36334E-12  0.25627E-24  0.19336E-19  0.62103E-32  0.21370E-09 
  129    0.18507512E+02  0.46539E+01  0.54063E-23  0.32950E-08  0.26785E-35  0.33311E-12  0.20445E-24  0.97944E-20  0.33688E-32  0.19857E-09 
  130    0.18650430E+02  0.46898E+01  0.37964E-23  0.23796E-08  0.12313E-35  0.29397E-12  0.15851E-24  0.46506E-20  0.17143E-32  0.18204E-09 
  131    0.18793347E+02  0.47258E+01  0.25742E-23  0.16640E-08  0.52385E-36  0.24861E-12  0.11877E-24  0.20386E-20  0.80664E-33  0.16368E-09 
  132    0.18936264E+02  0.47617E+01  0.16714E-23  0.11170E-08  0.20149E-36  0.20005E-12  0.85350E-25  0.80795E-21  0.34399E-33  0.14308E-09 
  133    0.19079181E+02  0.47976E+01  0.10268E-23  0.71107E-09  0.67743E-37  0.15147E-12  0.58135E-25  0.28099E-21  0.12919E-33  0.12000E-09 
  134    0.19222098E+02  0.48336E+01  0.58605E-24  0.42135E-09  0.18924E-37  0.10604E-12  0.36866E-25  0.82006E-22  0.40921E-34  0.94650E-10 
  135    0.19365016E+02  0.48695E+01  0.30166E-24  0.22557E-09  0.40512E-38  0.66681E-13  0.21136E-25  0.18693E-22  0.10197E-34  0.68027E-10 
  136    0.19507933E+02  0.49054E+01  0.13286E-24  0.10348E-09  0.57643E-39  0.35740E-13  0.10395E-25  0.29340E-23  0.17668E-35  0.42176E-10 
  137    0.19650850E+02  0.49414E+01  0.44937E-25  0.36502E-10  0.40791E-40  0.14659E-13  0.39361E-26  0.24529E-24  0.16534E-36  0.20199E-10 
  138    0.19793767E+02  0.49773E+01  0.87883E-26  0.74472E-11  0.67278E-42  0.34567E-14  0.86368E-27  0.55990E-26  0.43174E-38  0.56080E-11 
  139    0.19936684E+02  0.50133E+01  0.25370E-27  0.22025E-12  0.63544E-46  0.11218E-15  0.27786E-28  0.13387E-29  0.12518E-41  0.22555E-12 
  140    0.20079601E+02  0.50492E+01  0.00000E+00  0.00000E+00  0.00000E+00  0.00000E+00  0.00000E+00  0.00000E+00  0.00000E+00  0.00000E+00 
  141    0.20222519E+02  0.50851E+01  0.00000E+00  0.00000E+00  0.00000E+00  0.00000E+00  0.00000E+00  0.00000E+00  0.00000E+00  0.00000E+00 
  142    0.20365436E+02  0.51211E+01  0.00000E+00  0.00000E+00  0.00000E+00  0.00000E+00  0.00000E+00  0.00000E+00  0.00000E+00  0.00000E+00 
  143    0.20508353E+02  0.51570E+01  0.00000E+00  0.00000E+00  0.00000E+00  0.00000E+00  0.00000E+00  0.00000E+00  0.00000E+00  0.00000E+00 
  144    0.20651270E+02  0.51929E+01  0.00000E+00  0.00000E+00  0.00000E+00  0.00000E+00  0.00000E+00  0.00000E+00  0.00000E+00  0.00000E+00 
  145    0.20794187E+02  0.52289E+01  0.00000E+00  0.00000E+00  0.00000E+00  0.00000E+00  0.00000E+00  0.00000E+00  0.00000E+00  0.00000E+00 
  146    0.20937104E+02  0.52648E+01  0.00000E+00  0.00000E+00  0.00000E+00  0.00000E+00  0.00000E+00  0.00000E+00  0.00000E+00  0.00000E+00 
  147    0.21080021E+02  0.53007E+01  0.00000E+00  0.00000E+00  0.00000E+00  0.00000E+00  0.00000E+00  0.00000E+00  0.00000E+00  0.00000E+00 
  148    0.21222938E+02  0.53367E+01  0.00000E+00  0.00000E+00  0.00000E+00  0.00000E+00  0.00000E+00  0.00000E+00  0.00000E+00  0.00000E+00 
  149    0.21365855E+02  0.53726E+01  0.00000E+00  0.00000E+00  0.00000E+00  0.00000E+00  0.00000E+00  0.00000E+00  0.00000E+00  0.00000E+00 
  150    0.21508772E+02  0.54086E+01  0.00000E+00  0.00000E+00  0.00000E+00  0.00000E+00  0.00000E+00  0.00000E+00  0.00000E+00  0.00000E+00 
  151    0.21651689E+02  0.54445E+01  0.00000E+00  0.00000E+00  0.00000E+00  0.00000E+00  0.00000E+00  0.00000E+00  0.00000E+00  0.00000E+00 
  152    0.21794606E+02  0.54804E+01  0.00000E+00  0.00000E+00  0.00000E+00  0.00000E+00  0.00000E+00  0.00000E+00  0.00000E+00  0.00000E+00 
  153    0.21937523E+02  0.55164E+01  0.00000E+00  0.00000E+00  0.00000E+00  0.00000E+00  0.00000E+00  0.00000E+00  0.00000E+00  0.00000E+00 
  154    0.22080440E+02  0.55523E+01  0.00000E+00  0.00000E+00  0.00000E+00  0.00000E+00  0.00000E+00  0.00000E+00  0.00000E+00  0.00000E+00 
  155    0.22223357E+02  0.55882E+01  0.00000E+00  0.00000E+00  0.00000E+00  0.00000E+00  0.00000E+00  0.00000E+00  0.00000E+00  0.00000E+00 
  156    0.22366274E+02  0.56242E+01  0.00000E+00  0.00000E+00  0.00000E+00  0.00000E+00  0.00000E+00  0.00000E+00  0.00000E+00  0.00000E+00 
  157    0.22509191E+02  0.56601E+01  0.00000E+00  0.00000E+00  0.00000E+00  0.00000E+00  0.00000E+00  0.00000E+00  0.00000E+00  0.00000E+00 
  158    0.22652108E+02  0.56961E+01  0.00000E+00  0.00000E+00  0.00000E+00  0.00000E+00  0.00000E+00  0.00000E+00  0.00000E+00  0.00000E+00 
  159    0.22795025E+02  0.57320E+01  0.00000E+00  0.00000E+00  0.00000E+00  0.00000E+00  0.00000E+00  0.00000E+00  0.00000E+00  0.00000E+00 
  160    0.22937942E+02  0.57679E+01  0.00000E+00  0.00000E+00  0.00000E+00  0.00000E+00  0.00000E+00  0.00000E+00  0.00000E+00  0.00000E+00 
  161    0.23080859E+02  0.58039E+01  0.00000E+00  0.00000E+00  0.00000E+00  0.00000E+00  0.00000E+00  0.00000E+00  0.00000E+00  0.00000E+00 
  162    0.23223775E+02  0.58398E+01  0.00000E+00  0.00000E+00  0.00000E+00  0.00000E+00  0.00000E+00  0.00000E+00  0.00000E+00  0.00000E+00 
  163    0.23366692E+02  0.58757E+01  0.00000E+00  0.00000E+00  0.00000E+00  0.00000E+00  0.00000E+00  0.00000E+00  0.00000E+00  0.00000E+00 
  164    0.23509609E+02  0.59117E+01  0.00000E+00  0.00000E+00  0.00000E+00  0.00000E+00  0.00000E+00  0.00000E+00  0.00000E+00  0.00000E+00 
  165    0.23652526E+02  0.59476E+01  0.00000E+00  0.00000E+00  0.00000E+00  0.00000E+00  0.00000E+00  0.00000E+00  0.00000E+00  0.00000E+00 
  166    0.23795443E+02  0.59836E+01  0.00000E+00  0.00000E+00  0.00000E+00  0.00000E+00  0.00000E+00  0.00000E+00  0.00000E+00  0.00000E+00 
  167    0.23938360E+02  0.60195E+01  0.00000E+00  0.00000E+00  0.00000E+00  0.00000E+00  0.00000E+00  0.00000E+00  0.00000E+00  0.00000E+00 
  168    0.24081277E+02  0.60554E+01  0.00000E+00  0.00000E+00  0.00000E+00  0.00000E+00  0.00000E+00  0.00000E+00  0.00000E+00  0.00000E+00 
  169    0.24224194E+02  0.60914E+01  0.00000E+00  0.00000E+00  0.00000E+00  0.00000E+00  0.00000E+00  0.00000E+00  0.00000E+00  0.00000E+00 
  170    0.24367110E+02  0.61273E+01  0.00000E+00  0.00000E+00  0.00000E+00  0.00000E+00  0.00000E+00  0.00000E+00  0.00000E+00  0.00000E+00 
  171    0.24510027E+02  0.61632E+01  0.00000E+00  0.00000E+00  0.00000E+00  0.00000E+00  0.00000E+00  0.00000E+00  0.00000E+00  0.00000E+00 
  172    0.24652944E+02  0.61992E+01  0.00000E+00  0.00000E+00  0.00000E+00  0.00000E+00  0.00000E+00  0.00000E+00  0.00000E+00  0.00000E+00 
  173    0.24795861E+02  0.62351E+01  0.00000E+00  0.00000E+00  0.00000E+00  0.00000E+00  0.00000E+00  0.00000E+00  0.00000E+00  0.00000E+00 
  174    0.24938778E+02  0.62711E+01  0.00000E+00  0.00000E+00  0.00000E+00  0.00000E+00  0.00000E+00  0.00000E+00  0.00000E+00  0.00000E+00 
  175    0.25081694E+02  0.63070E+01  0.00000E+00  0.00000E+00  0.00000E+00  0.00000E+00  0.00000E+00  0.00000E+00  0.00000E+00  0.00000E+00 
  176    0.25224611E+02  0.63429E+01  0.00000E+00  0.00000E+00  0.00000E+00  0.00000E+00  0.00000E+00  0.00000E+00  0.00000E+00  0.00000E+00 
  177    0.25367528E+02  0.63789E+01  0.00000E+00  0.00000E+00  0.00000E+00  0.00000E+00  0.00000E+00  0.00000E+00  0.00000E+00  0.00000E+00 
  178    0.25510445E+02  0.64148E+01  0.00000E+00  0.00000E+00  0.00000E+00  0.00000E+00  0.00000E+00  0.00000E+00  0.00000E+00  0.00000E+00 
  179    0.25653362E+02  0.64507E+01  0.00000E+00  0.00000E+00  0.00000E+00  0.00000E+00  0.00000E+00  0.00000E+00  0.00000E+00  0.00000E+00 
  180    0.25796278E+02  0.64867E+01  0.00000E+00  0.00000E+00  0.00000E+00  0.00000E+00  0.00000E+00  0.00000E+00  0.00000E+00  0.00000E+00 
  181    0.25939195E+02  0.65226E+01  0.00000E+00  0.00000E+00  0.00000E+00  0.00000E+00  0.00000E+00  0.00000E+00  0.00000E+00  0.00000E+00 
  182    0.26082112E+02  0.65586E+01  0.00000E+00  0.00000E+00  0.00000E+00  0.00000E+00  0.00000E+00  0.00000E+00  0.00000E+00  0.00000E+00 
  183    0.26225029E+02  0.65945E+01  0.00000E+00  0.00000E+00  0.00000E+00  0.00000E+00  0.00000E+00  0.00000E+00  0.00000E+00  0.00000E+00 
  184    0.26367945E+02  0.66304E+01  0.00000E+00  0.00000E+00  0.00000E+00  0.00000E+00  0.00000E+00  0.00000E+00  0.00000E+00  0.00000E+00 
  185    0.26510862E+02  0.66664E+01  0.00000E+00  0.00000E+00  0.00000E+00  0.00000E+00  0.00000E+00  0.00000E+00  0.00000E+00  0.00000E+00 
  186    0.26653779E+02  0.67023E+01  0.00000E+00  0.00000E+00  0.00000E+00  0.00000E+00  0.00000E+00  0.00000E+00  0.00000E+00  0.00000E+00 
  187    0.26796696E+02  0.67382E+01  0.00000E+00  0.00000E+00  0.00000E+00  0.00000E+00  0.00000E+00  0.00000E+00  0.00000E+00  0.00000E+00 
  188    0.26939612E+02  0.67742E+01  0.00000E+00  0.00000E+00  0.00000E+00  0.00000E+00  0.00000E+00  0.00000E+00  0.00000E+00  0.00000E+00 
  189    0.27082529E+02  0.68101E+01  0.00000E+00  0.00000E+00  0.00000E+00  0.00000E+00  0.00000E+00  0.00000E+00  0.00000E+00  0.00000E+00 
  190    0.27225446E+02  0.68461E+01  0.00000E+00  0.00000E+00  0.00000E+00  0.00000E+00  0.00000E+00  0.00000E+00  0.00000E+00  0.00000E+00 
  191    0.27368362E+02  0.68820E+01  0.00000E+00  0.00000E+00  0.00000E+00  0.00000E+00  0.00000E+00  0.00000E+00  0.00000E+00  0.00000E+00 
  192    0.27511279E+02  0.69179E+01  0.00000E+00  0.00000E+00  0.00000E+00  0.00000E+00  0.00000E+00  0.00000E+00  0.00000E+00  0.00000E+00 
  193    0.27654196E+02  0.69539E+01  0.00000E+00  0.00000E+00  0.00000E+00  0.00000E+00  0.00000E+00  0.00000E+00  0.00000E+00  0.00000E+00 
  194    0.27797112E+02  0.69898E+01  0.00000E+00  0.00000E+00  0.00000E+00  0.00000E+00  0.00000E+00  0.00000E+00  0.00000E+00  0.00000E+00 
  195    0.27940029E+02  0.70257E+01  0.00000E+00  0.00000E+00  0.00000E+00  0.00000E+00  0.00000E+00  0.00000E+00  0.00000E+00  0.00000E+00 
  196    0.28082946E+02  0.70617E+01  0.00000E+00  0.00000E+00  0.00000E+00  0.00000E+00  0.00000E+00  0.00000E+00  0.00000E+00  0.00000E+00 
  197    0.28225863E+02  0.70976E+01  0.00000E+00  0.00000E+00  0.00000E+00  0.00000E+00  0.00000E+00  0.00000E+00  0.00000E+00  0.00000E+00 
  198    0.28368779E+02  0.71335E+01  0.00000E+00  0.00000E+00  0.00000E+00  0.00000E+00  0.00000E+00  0.00000E+00  0.00000E+00  0.00000E+00 
  199    0.28511696E+02  0.71695E+01  0.00000E+00  0.00000E+00  0.00000E+00  0.00000E+00  0.00000E+00  0.00000E+00  0.00000E+00  0.00000E+00 
  200    0.28654613E+02  0.72054E+01  0.00000E+00  0.00000E+00  0.00000E+00  0.00000E+00  0.00000E+00  0.00000E+00  0.00000E+00  0.00000E+00 
