|----------------------------------------------------------|
|                      	    MQCT                           |
|          THE PROGRAM IS TO PERFORM ROTATIONALLY          |
|   AND VIBRATIONALLY INELASTIC SCATTERING CALCULATIONS.   |
|      	     TO SITE THIS WORK, PLEASE REFER TO:           |
|          A. SEMENOV, B. MANDAL, and D. BABIKOV,          |
|          COMPUTER PHYSICS COMMUNICATIONS, 2019           |
|----------------------------------------------------------|
 
THIS RUN PERFORMED ON  1/ 9/2020 at  12 p.m. 57 minutes, LOCAL MACHINE TIME
YOUR JOB NAME: H2O+He
 
REDUCED MASS,A.M.U.: MASS =    3.275
 
THE POTENTIAL RANGE: FROM Rmin =   4.50 TO Rmax = 20.00 BOHR
 
COLLISIONAL ENERGIES, CM-1:
E(   1)=  300.000;
E(   2)=  600.000;
E(   3)=  900.000;
 
TOTAL ANGULAR MOMENTA INCLUDED: FROM  0 TO 200
 
ORBITAL ANGULAR MOMENTUM STEP_SIZE:=   1
 
 
ALL TRAJECTORIES WILL BE STOPED AFTER TIME_LIMT=  0.3500E+07
 
TRAPPED TRAJECTIRY WILL STOP AFTER   1 ROUNDS AND    1 OSCILLATIONS
 
PROPAGATOR TYPE: RUNGE-KUTTA 4-TH ORDER
TIME STEP IN RUNGE-KUTTA 4TH ORDER        15.00
 
THE COLLISIONAL SYSTEM: RIGID ASYMMETRIC TOP + ATOM
ROTATIONAL CONSTANTS ARE, CM-1: A =  27.88 ; B =    9.29; C =   14.51 ;
CHANNELS ENERGIES, CM-1:
#N =           J         KA         KC          E
    1          0          0          0      0.000
    2          1          0          1     23.797
    3          1          1          1     37.162
    4          1          1          0     42.389
    5          2          0          2     70.133
    6          2          1          2     79.529
    7          2          1          1     95.210
    8          2          2          1    135.305
    9          2          2          0    136.563
INITIAL STATE IS:J =    0; KA =    0; KC =    0
 
THE POTENTIAL R-UNITS ARE BOHRS
THE POTENTIAL ENERGY IS IN CM-1
 
COULPING MATRIX WILL BE COMPUTED USING NUMERICAL  INTEGRATION OF POTENTIAL OVER THE WAVEFUNCTIONS
SCATTERING CALCULATIONS WILL BE PERFORMED
 
THE SYSTEM SETUP DONE SUCCESFULLY
