 U=    500.000 cm^-1
ilv  flv  E_coll(cm^-1)  cross sect.(ANG^2)
  1    1         500.000    0.1284353899E+03
  1    2         518.752    0.7515920785E+01
  1    3         535.681    0.1051435572E+01
  1    4         548.757    0.1986141038E-01
  1    5         570.626    0.5842814359E+00
  1    6         573.698    0.6051353798E+00
  1    7         608.702    0.3248776266E-02
  1    8         617.333    0.3171014989E+00
  1    9         647.578    0.3312021546E-02
  1   10         653.990    0.1468275580E-01
  1   11         670.817    0.5543584309E-01
  1   12         676.849    0.5939688647E-01
  1   13         699.223    0.2548845236E+00
  1   14         711.577    0.1537538044E-03
  1   15         721.366    0.3494633116E+00
  1   16         730.308    0.2310845717E-03
  1   17         741.306    0.1602885791E+00
  1   18         748.729    0.1189748475E-01
  1   19         756.674    0.4213049647E-01
  1   20         777.949    0.5715160209E-02
TOTAL P CONSERVATION ERROR,%  0.69540E-05
TOTAL E CONSERVATION ERROR,%  0.13724E+02
 
TOTAL NUMBER OF TRAJECTORIES = 117
