 FOR ENERGY=           1
 MAXIMUM PROBABILITY ERROR
 B_IMP   5.53935687557843     
 L_ORB   21.0000000000000     
 R_FIN   30.0020632501866     
 PHI_FIN   2.31241660332226     
 PROBAB_SURV  0.862525184549179     
 ERROR_ENERG   3.25437012915190     
 ERROR_PROBAB  6.954029230232806E-006
 STATE           1
 #NTRAJECT          22
 #NPROC           0
 
 MAXIMUM ENERGY ERROR
 B_IMP  0.000000000000000E+000
 L_ORB  0.000000000000000E+000
 R_FIN   30.0090569620738     
 PHI_FIN  0.000000000000000E+000
 PROBAB_SURV  0.357505883706183     
 ERROR_ENERG   13.7243268665640     
 ERROR_PROBAB  4.214231219545894E-006
 STATE           1
 #NTRAJECT           1
 #NPROC           0
 -------------------------
