 M RESOLVED CROSSECTIONS WITHOUT BILLING CORRECTION
INI_STATE#    1
   ENERGY#    1
 j12=           0
 m12=           0
CHANNEL# CROSSSECTIONS,ANG^2
   1       0.78776508045E+03
   2       0.77977943097E+01
   3       0.11264686767E+01
   4       0.21798162857E-01
   5       0.66681212375E+00
   6       0.69432955455E+00
   7       0.39550724809E-02
   8       0.39151428021E+00
   9       0.42895874765E-02
  10       0.19204759749E-01
  11       0.74374642505E-01
  12       0.80405492065E-01
  13       0.35644218857E+00
  14       0.21881520167E-03
  15       0.50418221805E+00
  16       0.33752585699E-03
  17       0.23764572416E+00
  18       0.17815973928E-01
  19       0.63758062006E-01
  20       0.88922086984E-02
