STATE= 1
j12= 0
m12= 0
ENERGY#1, U(i)= 500.000 cm^-1
J_TOTAL     B_IMPACT     CHANNEL=  1  CHANNEL=  2  CHANNEL=  3  CHANNEL=  4  CHANNEL=  5  CHANNEL=  6  CHANNEL=  7  CHANNEL=  8  CHANNEL=  9  CHANNEL= 10  CHANNEL= 11  CHANNEL= 12  CHANNEL= 13  CHANNEL= 14  CHANNEL= 15  CHANNEL= 16  CHANNEL= 17  CHANNEL= 18  CHANNEL= 19  CHANNEL= 20  
    0    0.00000000E+00  0.20889E-01  0.25844E-01  0.13494E-02  0.00000E+00  0.18787E-02  0.24192E-02  0.00000E+00  0.20756E-02  0.00000E+00  0.55746E-04  0.26513E-03  0.43112E-03  0.96769E-03  0.00000E+00  0.16057E-02  0.00000E+00  0.29708E-03  0.10719E-03  0.19384E-03  0.49733E-04 
    1    0.36446292E+00  0.62963E-01  0.77342E-01  0.40637E-02  0.11575E-05  0.55879E-02  0.72329E-02  0.46925E-06  0.61874E-02  0.46510E-06  0.16673E-03  0.79749E-03  0.12831E-02  0.29141E-02  0.60207E-07  0.47982E-02  0.12833E-06  0.89743E-03  0.32017E-03  0.58266E-03  0.14828E-03 
    2    0.63126830E+00  0.10593E+00  0.12826E+00  0.68243E-02  0.58012E-05  0.91538E-02  0.11972E-01  0.23275E-05  0.10181E-01  0.23174E-05  0.27622E-03  0.13356E-02  0.21045E-02  0.48925E-02  0.29589E-06  0.79348E-02  0.62673E-06  0.15166E-02  0.52881E-03  0.97460E-03  0.24407E-03 
    3    0.89274820E+00  0.15040E+00  0.17822E+00  0.96606E-02  0.16302E-04  0.12486E-01  0.16585E-01  0.64378E-05  0.13976E-01  0.64528E-05  0.38326E-03  0.18814E-02  0.28763E-02  0.69198E-02  0.80715E-06  0.10979E-01  0.16936E-05  0.21679E-02  0.72965E-03  0.13709E-02  0.33519E-03 
    4    0.11525330E+01  0.19701E+00  0.22678E+00  0.12600E-01  0.35098E-04  0.15503E-01  0.21019E-01  0.13566E-04  0.17494E-01  0.13717E-04  0.48698E-03  0.24342E-02  0.35806E-02  0.90066E-02  0.16698E-05  0.13898E-01  0.34594E-05  0.28658E-02  0.91851E-03  0.17716E-02  0.41965E-03 
    5    0.14115588E+01  0.24643E+00  0.27351E+00  0.15667E-01  0.64726E-04  0.18133E-01  0.25218E-01  0.24340E-04  0.20655E-01  0.24871E-04  0.58666E-03  0.29894E-02  0.42018E-02  0.11154E-01  0.29274E-05  0.16657E-01  0.59689E-05  0.36259E-02  0.10903E-02  0.21748E-02  0.49536E-03 
    6    0.16701789E+01  0.29937E+00  0.31793E+00  0.18882E-01  0.10783E-03  0.20317E-01  0.29124E-01  0.39203E-04  0.23378E-01  0.40550E-04  0.68174E-03  0.35379E-02  0.47269E-02  0.13353E-01  0.45855E-05  0.19229E-01  0.91708E-05  0.44647E-02  0.12390E-02  0.25768E-02  0.56021E-03 
    7    0.19285565E+01  0.35662E+00  0.35949E+00  0.22257E-01  0.16719E-03  0.22015E-01  0.32673E-01  0.58364E-04  0.25589E-01  0.61206E-04  0.77192E-03  0.40657E-02  0.51452E-02  0.15579E-01  0.66075E-05  0.21586E-01  0.12917E-04  0.53989E-02  0.13581E-02  0.29712E-02  0.61210E-03 
    8    0.21867775E+01  0.41901E+00  0.39759E+00  0.25800E-01  0.24565E-03  0.23204E-01  0.35799E-01  0.81755E-04  0.27214E-01  0.87040E-04  0.85711E-03  0.45537E-02  0.54491E-02  0.17792E-01  0.89132E-05  0.23703E-01  0.16972E-04  0.64437E-02  0.14407E-02  0.33489E-02  0.64911E-03 
    9    0.24448916E+01  0.48751E+00  0.43153E+00  0.29506E-01  0.34604E-03  0.23885E-01  0.38427E-01  0.10898E-03  0.28193E-01  0.11793E-03  0.93741E-03  0.49781E-02  0.56336E-02  0.19935E-01  0.11380E-04  0.25558E-01  0.21031E-04  0.76111E-02  0.14804E-02  0.36982E-02  0.66960E-03 
   10    0.27029294E+01  0.56317E+00  0.46050E+00  0.33361E-01  0.47101E-03  0.24082E-01  0.40478E-01  0.13928E-03  0.28476E-01  0.15337E-03  0.10130E-02  0.53115E-02  0.56963E-02  0.21929E-01  0.13849E-04  0.27129E-01  0.24746E-04  0.89060E-02  0.14723E-02  0.40047E-02  0.67245E-03 
   11    0.29609108E+01  0.64719E+00  0.48358E+00  0.37339E-01  0.62256E-03  0.23851E-01  0.41862E-01  0.17151E-03  0.28037E-01  0.19236E-03  0.10837E-02  0.55252E-02  0.56372E-02  0.23677E-01  0.16131E-04  0.28400E-01  0.27758E-04  0.10323E-01  0.14137E-02  0.42523E-02  0.65725E-03 
   12    0.32188494E+01  0.74089E+00  0.49970E+00  0.41402E-01  0.80147E-03  0.23283E-01  0.42479E-01  0.20414E-03  0.26879E-01  0.23337E-03  0.11488E-02  0.55923E-02  0.54586E-02  0.25062E-01  0.18020E-04  0.29353E-01  0.29741E-04  0.11840E-01  0.13058E-02  0.44233E-02  0.62445E-03 
   13    0.34767547E+01  0.84567E+00  0.50764E+00  0.45498E-01  0.10064E-02  0.22506E-01  0.42223E-01  0.23533E-03  0.25045E-01  0.27432E-03  0.12062E-02  0.54913E-02  0.51657E-02  0.25952E-01  0.19316E-04  0.29977E-01  0.30446E-04  0.13414E-01  0.11542E-02  0.45004E-02  0.57560E-03 
   14    0.37346336E+01  0.96284E+00  0.50624E+00  0.49569E-01  0.12327E-02  0.21699E-01  0.41000E-01  0.26308E-03  0.22632E-01  0.31265E-03  0.12518E-02  0.52125E-02  0.47680E-02  0.26197E-01  0.19849E-04  0.30254E-01  0.29764E-04  0.14972E-01  0.96978E-03  0.44677E-02  0.51338E-03 
   15    0.39924913E+01  0.10933E+01  0.49458E+00  0.53556E-01  0.14720E-02  0.21090E-01  0.38749E-01  0.28553E-03  0.19798E-01  0.34563E-03  0.12796E-02  0.47643E-02  0.42819E-02  0.25649E-01  0.19513E-04  0.30156E-01  0.27781E-04  0.16401E-01  0.76868E-03  0.43136E-02  0.44173E-03 
   16    0.42503316E+01  0.12381E+01  0.47159E+00  0.57384E-01  0.17092E-02  0.20907E-01  0.35426E-01  0.30082E-03  0.16722E-01  0.36990E-03  0.12810E-02  0.41691E-02  0.37234E-02  0.24220E-01  0.18268E-04  0.29640E-01  0.24674E-04  0.17560E-01  0.56870E-03  0.40338E-02  0.36506E-03 
   17    0.45081574E+01  0.13982E+01  0.43627E+00  0.60956E-01  0.19204E-02  0.21380E-01  0.31043E-01  0.30732E-03  0.13600E-01  0.38163E-03  0.12460E-02  0.34661E-02  0.31116E-02  0.21894E-01  0.16177E-04  0.28649E-01  0.20732E-04  0.18280E-01  0.38751E-03  0.36328E-02  0.28807E-03 
   18    0.47659712E+01  0.15736E+01  0.38813E+00  0.64142E-01  0.20724E-02  0.22717E-01  0.25730E-01  0.30390E-03  0.10632E-01  0.37696E-03  0.11651E-02  0.27109E-02  0.24720E-02  0.18760E-01  0.13431E-04  0.27104E-01  0.16363E-04  0.18384E-01  0.23983E-03  0.31264E-02  0.21530E-03 
   19    0.50237747E+01  0.17629E+01  0.32802E+00  0.66791E-01  0.21279E-02  0.25049E-01  0.19830E-01  0.29043E-03  0.80068E-02  0.35319E-03  0.10326E-02  0.19723E-02  0.18411E-02  0.15024E-01  0.10346E-04  0.24898E-01  0.12074E-04  0.17699E-01  0.13450E-03  0.25437E-02  0.15078E-03 
   20    0.52815695E+01  0.19624E+01  0.25912E+00  0.68712E-01  0.20563E-02  0.28322E-01  0.13982E-01  0.26831E-03  0.58578E-02  0.31048E-03  0.85196E-03  0.13228E-02  0.12646E-02  0.11032E-01  0.72992E-05  0.21900E-01  0.83653E-05  0.16099E-01  0.71772E-04  0.19288E-02  0.97671E-04 
   21    0.55393569E+01  0.21671E+01  0.18553E+00  0.69500E-01  0.18331E-02  0.32181E-01  0.89958E-02  0.23849E-03  0.41892E-02  0.25065E-03  0.63778E-03  0.81189E-03  0.77912E-03  0.72584E-02  0.46448E-05  0.18130E-01  0.54797E-05  0.13619E-01  0.41988E-04  0.13358E-02  0.57372E-04 
   22    0.57971377E+01  0.23693E+01  0.11423E+00  0.68609E-01  0.14674E-02  0.35896E-01  0.58468E-02  0.20234E-03  0.29174E-02  0.18046E-03  0.41717E-03  0.46224E-03  0.41657E-03  0.41508E-02  0.26249E-05  0.13795E-01  0.34572E-05  0.10487E-01  0.30234E-04  0.82197E-03  0.29745E-04 
   23    0.60549129E+01  0.25593E+01  0.54990E-01  0.65433E-01  0.10226E-02  0.38353E-01  0.53527E-02  0.16193E-03  0.19192E-02  0.11198E-03  0.22678E-03  0.26076E-03  0.19089E-03  0.19878E-02  0.12946E-05  0.93084E-02  0.21291E-05  0.71199E-02  0.22919E-04  0.43373E-03  0.13211E-04 
   24    0.63126830E+01  0.27292E+01  0.16195E-01  0.59146E-01  0.59123E-03  0.38250E-01  0.75334E-02  0.11779E-03  0.11011E-02  0.56775E-04  0.95028E-04  0.16166E-03  0.80251E-04  0.77739E-03  0.54533E-06  0.53961E-02  0.12155E-05  0.41321E-02  0.13985E-04  0.18835E-03  0.48657E-05 
   25    0.65704488E+01  0.28764E+01  0.21268E-02  0.49508E-01  0.27062E-03  0.34752E-01  0.11135E-01  0.73809E-04  0.49029E-03  0.22368E-04  0.28862E-04  0.11263E-03  0.39659E-04  0.25081E-03  0.18944E-06  0.25972E-02  0.57625E-06  0.19807E-02  0.56373E-05  0.64851E-04  0.14738E-05 
   26    0.68282107E+01  0.30073E+01  0.77608E-02  0.37265E-01  0.94475E-04  0.28193E-01  0.13904E-01  0.36931E-04  0.14801E-03  0.66446E-05  0.82259E-05  0.79309E-04  0.24008E-04  0.73228E-04  0.52594E-07  0.10365E-02  0.19932E-06  0.77730E-03  0.12084E-05  0.17563E-04  0.38057E-06 
   27    0.70859691E+01  0.31334E+01  0.20406E-01  0.24653E-01  0.25918E-04  0.20329E-01  0.14061E-01  0.13930E-04  0.35049E-04  0.16425E-05  0.58206E-05  0.51319E-04  0.13099E-04  0.21925E-04  0.12762E-07  0.34919E-03  0.46326E-07  0.25381E-03  0.93265E-07  0.39052E-05  0.85756E-07 
   28    0.73437244E+01  0.32630E+01  0.28277E-01  0.14139E-01  0.66391E-05  0.13140E-01  0.11651E-01  0.38232E-05  0.21701E-04  0.44676E-06  0.59628E-05  0.29384E-04  0.56477E-05  0.75340E-05  0.32994E-08  0.10748E-03  0.72121E-08  0.75159E-04  0.27148E-07  0.80235E-06  0.19670E-07 
   29    0.76014770E+01  0.33953E+01  0.28471E-01  0.71815E-02  0.21142E-05  0.78842E-02  0.83569E-02  0.78610E-06  0.21167E-04  0.14338E-06  0.52024E-05  0.15524E-04  0.21888E-05  0.29339E-05  0.89510E-09  0.34314E-04  0.89104E-09  0.22608E-04  0.30702E-07  0.17094E-06  0.40268E-08 
   30    0.78592270E+01  0.35268E+01  0.23977E-01  0.33286E-02  0.89013E-06  0.45536E-02  0.54771E-02  0.12683E-06  0.16059E-04  0.46678E-07  0.38927E-05  0.74987E-05  0.86570E-06  0.11955E-05  0.24813E-09  0.11755E-04  0.17178E-09  0.72108E-05  0.15398E-07  0.39604E-07  0.59277E-09 
   31    0.81169747E+01  0.36552E+01  0.18365E-01  0.14350E-02  0.42972E-06  0.25970E-02  0.34283E-02  0.17158E-07  0.10188E-04  0.14330E-07  0.27244E-05  0.33399E-05  0.35472E-06  0.54272E-06  0.69559E-10  0.47678E-05  0.57294E-10  0.27006E-05  0.56207E-08  0.11766E-07  0.62321E-10 
   32    0.83747204E+01  0.37803E+01  0.13385E-01  0.58039E-03  0.21742E-06  0.14818E-02  0.20987E-02  0.32615E-08  0.60319E-05  0.42651E-08  0.17663E-05  0.13756E-05  0.14467E-06  0.27345E-06  0.20776E-10  0.19684E-05  0.18320E-10  0.10477E-05  0.17572E-08  0.39614E-08  0.19439E-10 
   33    0.86324642E+01  0.39029E+01  0.95028E-02  0.22219E-03  0.11246E-06  0.85461E-03  0.12721E-02  0.16194E-08  0.35439E-05  0.12825E-08  0.10343E-05  0.54386E-06  0.57864E-07  0.15937E-06  0.72568E-11  0.63639E-06  0.48988E-11  0.31211E-06  0.50631E-09  0.95540E-09  0.12514E-10 
   34    0.88902063E+01  0.40236E+01  0.66365E-02  0.81168E-04  0.59337E-07  0.50153E-03  0.76497E-03  0.10101E-08  0.20691E-05  0.39231E-09  0.51793E-06  0.21235E-06  0.23277E-07  0.99451E-07  0.27033E-11  0.21009E-06  0.11716E-11  0.90211E-07  0.14827E-09  0.19648E-09  0.79888E-11 
   35    0.91479468E+01  0.41431E+01  0.46175E-02  0.27593E-04  0.32089E-07  0.29948E-03  0.45926E-03  0.59130E-09  0.12321E-05  0.12319E-09  0.22123E-06  0.81553E-07  0.93081E-08  0.55714E-07  0.91527E-12  0.10871E-06  0.30830E-12  0.41134E-07  0.56655E-10  0.87855E-10  0.34985E-11 
   36    0.94056859E+01  0.42616E+01  0.32304E-02  0.84416E-05  0.17802E-07  0.18175E-03  0.27716E-03  0.32850E-09  0.76934E-06  0.41339E-10  0.88148E-07  0.28902E-07  0.34736E-08  0.21935E-07  0.27358E-12  0.57621E-07  0.10040E-12  0.18472E-07  0.33764E-10  0.42727E-10  0.39801E-11 
   37    0.96634236E+01  0.43796E+01  0.22777E-02  0.27666E-05  0.10135E-07  0.11251E-03  0.16871E-03  0.17370E-09  0.50318E-06  0.15124E-10  0.39204E-07  0.10181E-07  0.12258E-08  0.53921E-08  0.73014E-13  0.27912E-07  0.37081E-13  0.65135E-08  0.25793E-10  0.15993E-10  0.11782E-11 
   38    0.99211601E+01  0.44972E+01  0.16166E-02  0.17133E-05  0.59182E-08  0.70985E-04  0.10352E-03  0.88332E-10  0.33628E-06  0.59133E-11  0.22918E-07  0.44213E-08  0.44309E-09  0.16491E-08  0.17781E-13  0.17277E-07  0.12124E-13  0.31203E-08  0.17828E-10  0.97846E-11  0.82296E-13 
   39    0.10178896E+02  0.46146E+01  0.11517E-02  0.19354E-05  0.35298E-08  0.45203E-04  0.63780E-04  0.44294E-10  0.22077E-06  0.23937E-11  0.15149E-07  0.23234E-08  0.16089E-09  0.97694E-09  0.42750E-14  0.12445E-07  0.30819E-14  0.20181E-08  0.87249E-11  0.78856E-11  0.87242E-13 
   40    0.10436630E+02  0.47319E+01  0.82335E-03  0.23574E-05  0.21439E-08  0.28920E-04  0.39422E-04  0.22262E-10  0.13829E-06  0.98731E-12  0.91768E-08  0.12538E-08  0.57155E-10  0.44277E-09  0.11363E-14  0.76635E-08  0.91546E-15  0.68458E-09  0.22313E-11  0.54768E-11  0.78213E-13 
   41    0.10694363E+02  0.48490E+01  0.59261E-03  0.26202E-05  0.13245E-08  0.18661E-04  0.24552E-04  0.11269E-10  0.81954E-07  0.40979E-12  0.48010E-08  0.71759E-09  0.25812E-10  0.15271E-09  0.33756E-15  0.48376E-08  0.38584E-15  0.16194E-09  0.23155E-12  0.36713E-11  0.67107E-13 
   42    0.10952096E+02  0.49660E+01  0.43062E-03  0.26613E-05  0.82966E-09  0.12162E-04  0.15450E-04  0.57777E-11  0.46043E-07  0.16889E-12  0.19665E-08  0.43838E-09  0.17101E-10  0.45909E-10  0.11030E-15  0.41160E-08  0.20455E-15  0.13264E-09  0.15150E-12  0.29194E-11  0.40455E-13 
   43    0.11209827E+02  0.50830E+01  0.31658E-03  0.25286E-05  0.52521E-09  0.80086E-05  0.98467E-05  0.29855E-11  0.24952E-07  0.68913E-13  0.56617E-09  0.27251E-09  0.13091E-10  0.13905E-10  0.48684E-16  0.44248E-08  0.14480E-15  0.16386E-09  0.20767E-12  0.26085E-11  0.46598E-13 
   44    0.11467558E+02  0.51999E+01  0.23578E-03  0.22837E-05  0.33596E-09  0.53456E-05  0.63920E-05  0.15209E-11  0.13282E-07  0.28099E-13  0.23340E-09  0.16501E-09  0.91131E-11  0.22909E-10  0.70035E-16  0.43813E-08  0.87156E-16  0.13524E-09  0.23192E-12  0.22561E-11  0.50807E-13 
   45    0.11725288E+02  0.53169E+01  0.17702E-03  0.20171E-05  0.21731E-09  0.36075E-05  0.41957E-05  0.77131E-12  0.70117E-08  0.11487E-13  0.18442E-09  0.97260E-10  0.53746E-11  0.14296E-10  0.56034E-16  0.35601E-08  0.33642E-16  0.85822E-10  0.23638E-12  0.17970E-11  0.24757E-13 
   46    0.11983018E+02  0.54338E+01  0.13335E-03  0.17711E-05  0.14180E-09  0.24451E-05  0.27502E-05  0.40243E-12  0.36876E-08  0.46889E-14  0.10536E-09  0.53973E-10  0.25582E-11  0.74745E-11  0.44692E-16  0.32621E-08  0.19859E-16  0.11219E-09  0.31321E-12  0.14836E-11  0.16195E-13 
   47    0.12240747E+02  0.55507E+01  0.10106E-03  0.15284E-05  0.93198E-10  0.16686E-05  0.18126E-05  0.21170E-12  0.19306E-08  0.19079E-14  0.52887E-10  0.26282E-10  0.12426E-11  0.63436E-11  0.30193E-16  0.30876E-08  0.11887E-16  0.13508E-09  0.38903E-12  0.12374E-11  0.15888E-13 
   48    0.12498475E+02  0.56675E+01  0.77119E-04  0.12977E-05  0.61720E-10  0.11492E-05  0.12048E-05  0.11159E-12  0.10282E-08  0.78106E-15  0.23494E-10  0.11014E-10  0.12016E-11  0.72240E-11  0.25084E-16  0.28436E-08  0.64447E-17  0.11999E-09  0.30765E-12  0.10277E-11  0.13358E-13 
   49    0.12756202E+02  0.57844E+01  0.59285E-04  0.10872E-05  0.41194E-10  0.80023E-06  0.80942E-06  0.58740E-13  0.57622E-09  0.33522E-15  0.11282E-10  0.44606E-11  0.16733E-11  0.85296E-11  0.25583E-16  0.27588E-08  0.42291E-17  0.11430E-09  0.23636E-12  0.83984E-12  0.24099E-13 
   50    0.13013929E+02  0.59013E+01  0.45857E-04  0.90427E-06  0.27674E-10  0.56126E-06  0.54794E-06  0.30897E-13  0.33931E-09  0.15723E-15  0.63244E-11  0.18646E-11  0.18606E-11  0.63265E-11  0.22899E-16  0.28895E-08  0.40961E-17  0.12970E-09  0.31430E-12  0.69243E-12  0.18327E-13 
   51    0.13271656E+02  0.60182E+01  0.35649E-04  0.74989E-06  0.18686E-10  0.39459E-06  0.37222E-06  0.16267E-13  0.20374E-09  0.80182E-16  0.32186E-11  0.58658E-12  0.21636E-11  0.52957E-11  0.15992E-16  0.31970E-08  0.21773E-17  0.11929E-09  0.38299E-12  0.60893E-12  0.63900E-14 
   52    0.13529382E+02  0.61350E+01  0.27860E-04  0.62004E-06  0.12685E-10  0.27827E-06  0.25397E-06  0.85620E-14  0.12573E-09  0.43563E-16  0.15386E-11  0.12860E-12  0.28755E-11  0.48639E-11  0.10270E-16  0.37964E-08  0.77082E-18  0.97075E-10  0.42196E-12  0.57330E-12  0.93818E-14 
   53    0.13787108E+02  0.62519E+01  0.21883E-04  0.51132E-06  0.86566E-11  0.19680E-06  0.17397E-06  0.45020E-14  0.80143E-10  0.24364E-16  0.86137E-12  0.65670E-13  0.22299E-11  0.39893E-11  0.82244E-17  0.45455E-08  0.13183E-17  0.88206E-10  0.17153E-12  0.51967E-12  0.49633E-14 
   54    0.14044833E+02  0.63687E+01  0.17255E-04  0.42113E-06  0.59317E-11  0.13908E-06  0.11916E-06  0.23724E-14  0.51269E-10  0.14457E-16  0.49809E-12  0.86363E-13  0.11284E-11  0.32474E-11  0.78450E-17  0.50236E-08  0.68189E-18  0.87264E-10  0.27153E-12  0.41377E-12  0.11833E-14 
   55    0.14302558E+02  0.64856E+01  0.13652E-04  0.34660E-06  0.40796E-11  0.97989E-07  0.81352E-07  0.12701E-14  0.31253E-10  0.10401E-16  0.16407E-12  0.84250E-13  0.15269E-11  0.27674E-11  0.79295E-17  0.55486E-08  0.78965E-19  0.74829E-10  0.65729E-13  0.34964E-12  0.96960E-15 
   56    0.14560282E+02  0.66025E+01  0.10848E-04  0.28499E-06  0.28195E-11  0.69110E-07  0.55591E-07  0.70215E-15  0.17897E-10  0.77620E-17  0.72562E-13  0.36727E-13  0.51016E-12  0.23090E-11  0.68824E-17  0.59239E-08  0.83370E-19  0.60529E-10  0.15223E-13  0.30724E-12  0.93261E-16 
   57    0.14818007E+02  0.67193E+01  0.86445E-05  0.23485E-06  0.19557E-11  0.48885E-07  0.38140E-07  0.38734E-15  0.10410E-10  0.54160E-17  0.43304E-13  0.14615E-13  0.48035E-14  0.20478E-11  0.59589E-17  0.58867E-08  0.65291E-19  0.61331E-10  0.23378E-14  0.26451E-12  0.17853E-16 
   58    0.15075730E+02  0.68362E+01  0.69074E-05  0.19393E-06  0.13606E-11  0.34637E-07  0.26233E-07  0.21251E-15  0.61642E-11  0.39223E-17  0.23878E-13  0.76608E-14  0.23046E-15  0.19288E-11  0.52933E-17  0.54110E-08  0.51531E-19  0.66403E-10  0.12578E-15  0.22723E-12  0.14163E-16 
   59    0.15333454E+02  0.69531E+01  0.55355E-05  0.16034E-06  0.94948E-12  0.24587E-07  0.18084E-07  0.11711E-15  0.36563E-11  0.29111E-17  0.15903E-13  0.39909E-14  0.28549E-16  0.19018E-11  0.47178E-17  0.47057E-08  0.43675E-19  0.75714E-10  0.18675E-16  0.19472E-12  0.12083E-16 
   60    0.15591177E+02  0.70699E+01  0.44486E-05  0.13273E-06  0.66450E-12  0.17490E-07  0.12494E-07  0.64909E-16  0.21730E-11  0.21785E-17  0.13797E-13  0.21106E-14  0.70816E-17  0.19492E-11  0.42042E-17  0.38140E-08  0.36967E-19  0.86254E-10  0.59173E-17  0.16633E-12  0.10530E-16 
   61    0.15848900E+02  0.71868E+01  0.35849E-05  0.11000E-06  0.46632E-12  0.12468E-07  0.86510E-08  0.36153E-16  0.12941E-11  0.16454E-17  0.13806E-13  0.11260E-14  0.37690E-17  0.20102E-11  0.37552E-17  0.30060E-08  0.31432E-19  0.94628E-10  0.72155E-17  0.14246E-12  0.92719E-17 
   62    0.16106622E+02  0.73036E+01  0.28964E-05  0.91266E-07  0.32811E-12  0.89114E-08  0.60034E-08  0.20256E-16  0.77270E-12  0.12462E-17  0.14041E-13  0.62054E-15  0.30371E-17  0.20273E-11  0.33525E-17  0.24745E-08  0.26671E-19  0.98990E-10  0.68241E-17  0.12195E-12  0.81146E-17 
   63    0.16364345E+02  0.74205E+01  0.23461E-05  0.75812E-07  0.23144E-12  0.63872E-08  0.41753E-08  0.11411E-16  0.46283E-12  0.94586E-18  0.13859E-13  0.37160E-15  0.23479E-17  0.19685E-11  0.29898E-17  0.24229E-08  0.22765E-19  0.10093E-09  0.67213E-17  0.10481E-12  0.69495E-17 
   64    0.16622067E+02  0.75373E+01  0.19051E-05  0.63046E-07  0.16364E-12  0.45932E-08  0.29106E-08  0.64632E-17  0.27841E-12  0.71905E-18  0.12975E-13  0.25882E-15  0.19087E-17  0.18134E-11  0.26694E-17  0.28402E-08  0.19442E-19  0.97556E-10  0.59283E-17  0.90773E-13  0.57504E-17 
   65    0.16879789E+02  0.76542E+01  0.15505E-05  0.52491E-07  0.11597E-12  0.33159E-08  0.20338E-08  0.36842E-17  0.16844E-12  0.54576E-18  0.11562E-13  0.21624E-15  0.15404E-17  0.15710E-11  0.23752E-17  0.36585E-08  0.16583E-19  0.94305E-10  0.51729E-17  0.78767E-13  0.46039E-17 
   66    0.17137510E+02  0.77711E+01  0.12649E-05  0.43753E-07  0.82367E-13  0.24048E-08  0.14246E-08  0.21125E-17  0.10270E-12  0.41516E-18  0.10028E-13  0.20777E-15  0.12553E-17  0.12908E-11  0.21183E-17  0.46800E-08  0.14247E-19  0.94117E-10  0.46993E-17  0.68800E-13  0.36366E-17 
   67    0.17395232E+02  0.78879E+01  0.10341E-05  0.36514E-07  0.58621E-13  0.17534E-08  0.10006E-08  0.12195E-17  0.63276E-13  0.31526E-18  0.86938E-14  0.21286E-15  0.10224E-17  0.10108E-11  0.18850E-17  0.55636E-08  0.12190E-19  0.94581E-10  0.44839E-17  0.59923E-13  0.28389E-17 
   68    0.17652953E+02  0.80048E+01  0.84723E-06  0.30510E-07  0.41802E-13  0.12867E-08  0.70478E-09  0.70951E-18  0.39528E-13  0.23921E-18  0.79182E-14  0.22192E-15  0.83351E-18  0.79032E-12  0.16766E-17  0.60489E-08  0.10437E-19  0.95766E-10  0.45989E-17  0.51905E-13  0.22828E-17 
   69    0.17910674E+02  0.81216E+01  0.69554E-06  0.25526E-07  0.29863E-13  0.95134E-09  0.49797E-09  0.41569E-18  0.25136E-13  0.18174E-18  0.79106E-14  0.23159E-15  0.68094E-18  0.66983E-12  0.14926E-17  0.59676E-08  0.89728E-20  0.94443E-10  0.48370E-17  0.44657E-13  0.19713E-17 
   70    0.18168395E+02  0.82385E+01  0.57212E-06  0.21384E-07  0.21372E-13  0.70958E-09  0.35304E-09  0.24593E-18  0.16343E-13  0.13777E-18  0.87084E-14  0.24167E-15  0.55518E-18  0.65713E-12  0.13248E-17  0.54033E-08  0.77083E-20  0.90051E-10  0.51363E-17  0.38002E-13  0.18274E-17 
   71    0.18426115E+02  0.83554E+01  0.47149E-06  0.17940E-07  0.15321E-13  0.53467E-09  0.25122E-09  0.14693E-18  0.10915E-13  0.10461E-18  0.10156E-13  0.25172E-15  0.45426E-18  0.73188E-12  0.11786E-17  0.45238E-08  0.66612E-20  0.81675E-10  0.53084E-17  0.32254E-13  0.17933E-17 
   72    0.18683836E+02  0.84722E+01  0.38926E-06  0.15072E-07  0.11003E-13  0.40758E-09  0.17949E-09  0.88495E-19  0.75217E-14  0.79376E-19  0.11986E-13  0.26070E-15  0.37117E-18  0.84311E-12  0.10459E-17  0.36801E-08  0.57501E-20  0.73384E-10  0.54498E-17  0.27324E-13  0.17711E-17 
   73    0.18941556E+02  0.85891E+01  0.32192E-06  0.12682E-07  0.79158E-14  0.31477E-09  0.12881E-09  0.53903E-19  0.53687E-14  0.60282E-19  0.13823E-13  0.26548E-15  0.30375E-18  0.93064E-12  0.92831E-18  0.31807E-08  0.49829E-20  0.71149E-10  0.57359E-17  0.23383E-13  0.17023E-17 
   74    0.19199276E+02  0.87059E+01  0.26667E-06  0.10689E-07  0.57050E-14  0.24661E-09  0.92885E-10  0.33214E-19  0.39798E-14  0.45705E-19  0.15324E-13  0.26219E-15  0.24812E-18  0.94243E-12  0.82159E-18  0.31691E-08  0.43080E-20  0.78439E-10  0.61459E-17  0.20215E-13  0.15225E-17 
   75    0.19456996E+02  0.88228E+01  0.22124E-06  0.90243E-08  0.41186E-14  0.19619E-09  0.67320E-10  0.20749E-19  0.30624E-14  0.34665E-19  0.16190E-13  0.24666E-15  0.20260E-18  0.85756E-12  0.72637E-18  0.35788E-08  0.37270E-20  0.94075E-10  0.65001E-17  0.17631E-13  0.12434E-17 
   76    0.19714716E+02  0.89396E+01  0.18382E-06  0.76332E-08  0.29777E-14  0.15858E-09  0.49054E-10  0.13322E-19  0.24387E-14  0.26293E-19  0.16334E-13  0.21966E-15  0.16545E-18  0.69508E-12  0.64196E-18  0.41474E-08  0.32337E-20  0.10992E-09  0.63858E-17  0.15389E-13  0.92362E-18 
   77    0.19972435E+02  0.90565E+01  0.15294E-06  0.64691E-08  0.21550E-14  0.13021E-09  0.35941E-10  0.88136E-20  0.19944E-14  0.19893E-19  0.15849E-13  0.18737E-15  0.13457E-18  0.51288E-12  0.56511E-18  0.46405E-08  0.27957E-20  0.11750E-09  0.57651E-17  0.13223E-13  0.68605E-18 
   78    0.20230155E+02  0.91734E+01  0.12741E-06  0.54941E-08  0.15607E-14  0.10855E-09  0.26484E-10  0.59654E-20  0.16605E-14  0.15055E-19  0.15014E-13  0.15953E-15  0.10954E-18  0.37320E-12  0.49766E-18  0.48608E-08  0.24255E-20  0.10936E-09  0.47147E-17  0.11183E-13  0.59550E-18 
   79    0.20487874E+02  0.92902E+01  0.10627E-06  0.46762E-08  0.11310E-14  0.91681E-10  0.19622E-10  0.40211E-20  0.13874E-14  0.11374E-19  0.14023E-13  0.14597E-15  0.89026E-19  0.32352E-12  0.43736E-18  0.47538E-08  0.20993E-20  0.86573E-10  0.37761E-17  0.93039E-14  0.67439E-18 
   80    0.20745593E+02  0.94071E+01  0.88727E-07  0.39894E-08  0.82064E-15  0.78282E-10  0.14618E-10  0.25605E-20  0.11502E-14  0.85737E-20  0.13155E-13  0.15485E-15  0.72226E-19  0.37086E-12  0.38299E-18  0.45191E-08  0.18171E-20  0.63388E-10  0.36928E-17  0.77380E-14  0.81624E-18 
   81    0.21003312E+02  0.95239E+01  0.74154E-07  0.34117E-08  0.59692E-15  0.67340E-10  0.10944E-10  0.14428E-20  0.93605E-15  0.64672E-20  0.12482E-13  0.18616E-15  0.58660E-19  0.47627E-12  0.33496E-18  0.42771E-08  0.15771E-20  0.53877E-10  0.46176E-17  0.65528E-14  0.89875E-18 
   82    0.21261031E+02  0.96408E+01  0.62025E-07  0.29251E-08  0.43592E-15  0.58138E-10  0.82303E-11  0.66118E-21  0.74354E-15  0.48738E-20  0.11936E-13  0.23028E-15  0.47596E-19  0.56930E-12  0.29199E-18  0.40646E-08  0.13691E-20  0.65244E-10  0.59411E-17  0.56576E-14  0.80230E-18 
   83    0.21518750E+02  0.97577E+01  0.51917E-07  0.25145E-08  0.31987E-15  0.50181E-10  0.62134E-11  0.22556E-21  0.58013E-15  0.36800E-20  0.11407E-13  0.27118E-15  0.38611E-19  0.58825E-12  0.25406E-18  0.38467E-08  0.11907E-20  0.90270E-10  0.67052E-17  0.49119E-14  0.57523E-18 
   84    0.21776469E+02  0.98745E+01  0.43480E-07  0.21674E-08  0.23556E-15  0.43090E-10  0.47027E-11  0.99302E-22  0.45456E-15  0.27803E-20  0.10759E-13  0.29081E-15  0.31224E-19  0.51157E-12  0.22022E-18  0.35852E-08  0.10351E-20  0.11074E-09  0.63484E-17  0.41830E-14  0.38933E-18 
   85    0.22034188E+02  0.99914E+01  0.36428E-07  0.18733E-08  0.17356E-15  0.36686E-10  0.35645E-11  0.17027E-21  0.37707E-15  0.20998E-20  0.10098E-13  0.28070E-15  0.25115E-19  0.37339E-12  0.18991E-18  0.33471E-08  0.89751E-21  0.10946E-09  0.50323E-17  0.34472E-14  0.36216E-18 
   86    0.22291906E+02  0.10108E+02  0.30526E-07  0.16236E-08  0.12747E-15  0.30818E-10  0.26988E-11  0.29994E-21  0.34938E-15  0.15866E-20  0.96312E-14  0.24258E-15  0.20156E-19  0.24887E-12  0.16341E-18  0.33980E-08  0.77976E-21  0.88519E-10  0.39015E-17  0.28029E-14  0.48249E-18 
   87    0.22549625E+02  0.10225E+02  0.25581E-07  0.14110E-08  0.93210E-16  0.25470E-10  0.20356E-11  0.39047E-21  0.36733E-15  0.11960E-20  0.97330E-14  0.19309E-15  0.16116E-19  0.20235E-12  0.13992E-18  0.38235E-08  0.67673E-21  0.63441E-10  0.36592E-17  0.23087E-14  0.59859E-18 
   88    0.22807343E+02  0.10342E+02  0.21433E-07  0.12294E-08  0.68142E-16  0.20684E-10  0.15244E-11  0.42072E-21  0.41819E-15  0.89770E-21  0.10646E-13  0.15369E-15  0.12858E-19  0.25005E-12  0.11922E-18  0.44170E-08  0.58575E-21  0.54598E-10  0.42450E-17  0.19588E-14  0.56798E-18 
   89    0.23065061E+02  0.10459E+02  0.17950E-07  0.10739E-08  0.50256E-16  0.16503E-10  0.11273E-11  0.42807E-21  0.48209E-15  0.67153E-21  0.12171E-13  0.13907E-15  0.10263E-19  0.34328E-12  0.10122E-18  0.46231E-08  0.50737E-21  0.66207E-10  0.49376E-17  0.16812E-14  0.43084E-18 
   90    0.23322780E+02  0.10576E+02  0.15021E-07  0.94013E-09  0.37702E-16  0.13020E-10  0.81970E-12  0.45903E-21  0.54096E-15  0.50068E-21  0.13717E-13  0.15117E-15  0.81725E-20  0.40270E-12  0.85459E-19  0.40324E-08  0.43838E-21  0.83537E-10  0.51651E-17  0.13982E-14  0.32227E-18 
   91    0.23580498E+02  0.10693E+02  0.12558E-07  0.82469E-09  0.28735E-16  0.10288E-10  0.58323E-12  0.51702E-21  0.57858E-15  0.37323E-21  0.14308E-13  0.17680E-15  0.64833E-20  0.37486E-12  0.71752E-19  0.29223E-08  0.37848E-21  0.89544E-10  0.50307E-17  0.11179E-14  0.33282E-18 
   92    0.23838216E+02  0.10809E+02  0.10484E-07  0.72465E-09  0.21959E-16  0.83552E-11  0.40705E-12  0.55980E-21  0.59089E-15  0.27879E-21  0.13294E-13  0.19964E-15  0.51077E-20  0.27687E-12  0.59781E-19  0.21926E-08  0.32536E-21  0.80348E-10  0.46832E-17  0.88947E-15  0.39323E-18 
   93    0.24095934E+02  0.10926E+02  0.87377E-08  0.63759E-09  0.16563E-16  0.72121E-11  0.28365E-12  0.53605E-21  0.58124E-15  0.20955E-21  0.10751E-13  0.20939E-15  0.40071E-20  0.18357E-12  0.49484E-19  0.26407E-08  0.27863E-21  0.68358E-10  0.41184E-17  0.74228E-15  0.41220E-18 
   94    0.24353652E+02  0.11043E+02  0.72657E-08  0.56144E-09  0.12289E-16  0.67774E-11  0.20718E-12  0.43575E-21  0.55555E-15  0.15882E-21  0.76352E-14  0.20497E-15  0.31339E-20  0.15929E-12  0.40636E-19  0.38508E-08  0.23707E-21  0.61327E-10  0.33731E-17  0.63478E-15  0.37374E-18 
   95    0.24611369E+02  0.11160E+02  0.60253E-08  0.49458E-09  0.91221E-17  0.69372E-11  0.17298E-12  0.30854E-21  0.52332E-15  0.12149E-21  0.56388E-14  0.19414E-15  0.24464E-20  0.20684E-12  0.33080E-19  0.44729E-08  0.20008E-21  0.59326E-10  0.32599E-17  0.51930E-15  0.32275E-18 
   96    0.24869087E+02  0.11277E+02  0.49799E-08  0.43557E-09  0.69500E-17  0.75053E-11  0.17437E-12  0.22355E-21  0.48374E-15  0.94005E-22  0.59506E-14  0.17790E-15  0.19039E-20  0.26182E-12  0.26700E-19  0.35713E-08  0.16748E-21  0.60571E-10  0.41960E-17  0.39956E-15  0.28004E-18 
   97    0.25126805E+02  0.11394E+02  0.40994E-08  0.38331E-09  0.54623E-17  0.82932E-11  0.20317E-12  0.21524E-21  0.43506E-15  0.73574E-22  0.84470E-14  0.15504E-15  0.14708E-20  0.26229E-12  0.21323E-19  0.20167E-08  0.13901E-21  0.66927E-10  0.49540E-17  0.31450E-15  0.27126E-18 
   98    0.25384522E+02  0.11511E+02  0.33581E-08  0.33681E-09  0.43177E-17  0.90967E-11  0.24819E-12  0.25060E-21  0.37352E-15  0.58100E-22  0.11323E-13  0.12719E-15  0.11253E-20  0.20725E-12  0.16800E-19  0.16569E-08  0.11402E-21  0.71915E-10  0.40317E-17  0.27110E-15  0.31900E-18 
   99    0.25642240E+02  0.11627E+02  0.27350E-08  0.29530E-09  0.33444E-17  0.97608E-11  0.29694E-12  0.26424E-21  0.30803E-15  0.46053E-22  0.12283E-13  0.11110E-15  0.85509E-21  0.15264E-12  0.13036E-19  0.28587E-08  0.92166E-22  0.60917E-10  0.24390E-17  0.23155E-15  0.33096E-18 
  100    0.25899957E+02  0.11744E+02  0.22120E-08  0.25814E-09  0.25421E-17  0.10189E-10  0.33689E-12  0.22090E-21  0.26062E-15  0.36436E-22  0.10304E-13  0.12523E-15  0.64633E-21  0.14116E-12  0.99435E-20  0.37501E-08  0.73044E-22  0.40703E-10  0.25684E-17  0.17553E-15  0.22722E-18 
  101    0.26157674E+02  0.11861E+02  0.17742E-08  0.22477E-09  0.19287E-17  0.10332E-10  0.35724E-12  0.14108E-21  0.25680E-15  0.28817E-22  0.66779E-14  0.16152E-15  0.48464E-21  0.15940E-12  0.74626E-20  0.28384E-08  0.56720E-22  0.42581E-10  0.39026E-17  0.13128E-15  0.17866E-18 
  102    0.26415392E+02  0.11978E+02  0.14089E-08  0.19471E-09  0.14645E-17  0.10207E-10  0.35214E-12  0.68267E-22  0.30784E-15  0.22910E-22  0.42300E-14  0.17861E-15  0.35683E-21  0.17049E-12  0.54869E-20  0.14693E-08  0.43038E-22  0.64302E-10  0.37446E-17  0.11720E-15  0.28631E-18 
  103    0.26673109E+02  0.12095E+02  0.11054E-08  0.16758E-09  0.11163E-17  0.98498E-11  0.32204E-12  0.29090E-22  0.39044E-15  0.18421E-22  0.47142E-14  0.14220E-15  0.25696E-21  0.16052E-12  0.39269E-20  0.17161E-08  0.31825E-22  0.58295E-10  0.24107E-17  0.10353E-15  0.26799E-18 
  104    0.26930826E+02  0.12212E+02  0.85478E-09  0.14303E-09  0.87628E-18  0.92829E-11  0.27389E-12  0.28230E-22  0.44846E-15  0.15002E-22  0.69590E-14  0.79983E-16  0.18142E-21  0.13379E-12  0.27137E-20  0.26803E-08  0.22709E-22  0.27974E-10  0.21787E-17  0.73979E-16  0.12170E-18 
  105    0.27188543E+02  0.12329E+02  0.64934E-09  0.12076E-09  0.68041E-18  0.84866E-11  0.21914E-12  0.50260E-22  0.42636E-15  0.12342E-22  0.80650E-14  0.62881E-16  0.12491E-21  0.10124E-12  0.18050E-20  0.22769E-08  0.15505E-22  0.34403E-10  0.26565E-17  0.61104E-16  0.19938E-18 
  106    0.27446260E+02  0.12445E+02  0.48261E-09  0.10050E-09  0.45931E-18  0.74071E-11  0.16994E-12  0.61140E-22  0.31827E-15  0.10206E-22  0.67078E-14  0.10572E-15  0.82035E-22  0.95887E-13  0.11538E-20  0.13371E-08  0.10122E-22  0.54206E-10  0.26737E-17  0.60225E-16  0.23001E-18 
  107    0.27703977E+02  0.12562E+02  0.34903E-09  0.82049E-10  0.28532E-18  0.60271E-11  0.13510E-12  0.55145E-22  0.18882E-15  0.83833E-23  0.45223E-14  0.13039E-15  0.50913E-22  0.12329E-12  0.69785E-21  0.14756E-08  0.62617E-23  0.30203E-10  0.20105E-17  0.42042E-16  0.92875E-19 
  108    0.27961694E+02  0.12679E+02  0.24381E-09  0.65253E-10  0.22437E-18  0.44514E-11  0.11710E-12  0.67008E-22  0.12458E-15  0.66477E-23  0.35174E-14  0.87178E-16  0.30632E-22  0.10522E-12  0.39026E-21  0.17115E-08  0.35757E-23  0.22417E-10  0.14050E-17  0.41275E-16  0.17107E-18 
  109    0.28219411E+02  0.12796E+02  0.16282E-09  0.50041E-10  0.15598E-18  0.30019E-11  0.11325E-12  0.75962E-22  0.15069E-15  0.48232E-23  0.36631E-14  0.45923E-16  0.17387E-22  0.47146E-13  0.19966E-21  0.13368E-08  0.18477E-23  0.36863E-10  0.22095E-17  0.35356E-16  0.12640E-18 
  110    0.28477128E+02  0.12913E+02  0.10237E-09  0.36444E-10  0.61452E-19  0.21757E-11  0.11959E-12  0.40192E-22  0.20318E-15  0.30967E-23  0.40658E-14  0.58927E-16  0.87215E-23  0.75580E-13  0.91226E-22  0.92269E-09  0.85645E-24  0.20309E-10  0.12526E-17  0.25139E-16  0.94071E-19 
  111    0.28734845E+02  0.13030E+02  0.59183E-10  0.24605E-10  0.40907E-19  0.23727E-11  0.13405E-12  0.20360E-22  0.20681E-15  0.18181E-23  0.37850E-14  0.67174E-16  0.39034E-23  0.76537E-13  0.34818E-22  0.10444E-08  0.33342E-24  0.19107E-10  0.11358E-17  0.31397E-16  0.10432E-18 
  112    0.28992562E+02  0.13147E+02  0.30224E-10  0.14788E-10  0.19255E-19  0.34250E-11  0.15284E-12  0.21296E-22  0.15503E-15  0.89301E-24  0.18517E-14  0.44938E-16  0.15639E-23  0.17277E-13  0.10496E-22  0.79712E-09  0.10071E-24  0.18917E-10  0.11368E-17  0.14419E-16  0.61859E-19 
  113    0.29250278E+02  0.13263E+02  0.12641E-10  0.73281E-11  0.35165E-20  0.42372E-11  0.15814E-12  0.82304E-23  0.75411E-16  0.27085E-24  0.14566E-14  0.21679E-16  0.51414E-24  0.58493E-13  0.21449E-23  0.51668E-09  0.21049E-25  0.87670E-11  0.67294E-18  0.17800E-16  0.70256E-19 
  114    0.29507995E+02  0.13380E+02  0.36351E-11  0.25114E-11  0.12538E-20  0.33269E-11  0.11705E-12  0.38461E-23  0.33637E-16  0.40544E-25  0.19303E-14  0.32119E-16  0.12400E-24  0.48273E-14  0.21430E-24  0.28903E-09  0.20757E-26  0.11085E-10  0.52445E-18  0.19210E-16  0.35747E-19 
  115    0.29765712E+02  0.13497E+02  0.40559E-12  0.33454E-12  0.65697E-22  0.92930E-12  0.33480E-13  0.14883E-24  0.59791E-16  0.10058E-26  0.27102E-15  0.28615E-17  0.16966E-25  0.10434E-13  0.36706E-26  0.32062E-09  0.35841E-28  0.72224E-11  0.38796E-18  0.90186E-17  0.15600E-19 
  116    0.30023428E+02  0.13614E+02  0.00000E+00  0.00000E+00  0.00000E+00  0.00000E+00  0.00000E+00  0.00000E+00  0.00000E+00  0.00000E+00  0.00000E+00  0.00000E+00  0.00000E+00  0.00000E+00  0.00000E+00  0.00000E+00  0.00000E+00  0.00000E+00  0.00000E+00  0.00000E+00  0.00000E+00 
