 0.00000000E+00    0  0.99999996E+00  0.64249408E+00
 0.25771421E+00    1  0.99999996E+00  0.64080277E+00
 0.51542841E+00    2  0.99999997E+00  0.63740498E+00
 0.77314262E+00    3  0.99999997E+00  0.63226979E+00
 0.10308568E+01    4  0.99999997E+00  0.62534942E+00
 0.12885710E+01    5  0.99999998E+00  0.61657751E+00
 0.15462852E+01    6  0.99999998E+00  0.60586693E+00
 0.18039994E+01    7  0.99999998E+00  0.59310711E+00
 0.20617136E+01    8  0.99999999E+00  0.57816126E+00
 0.23194278E+01    9  0.99999999E+00  0.56086399E+00
 0.25771421E+01   10  0.99999999E+00  0.54102041E+00
 0.28348563E+01   11  0.99999999E+00  0.51840895E+00
 0.30925705E+01   12  0.99999999E+00  0.49279253E+00
 0.33502847E+01   13  0.99999999E+00  0.46394895E+00
 0.36079989E+01   14  0.99999999E+00  0.43176787E+00
 0.38657131E+01   15  0.99999999E+00  0.39639169E+00
 0.41234273E+01   16  0.99999999E+00  0.35785986E+00
 0.43811415E+01   17  0.99999999E+00  0.31630403E+00
 0.46388557E+01   18  0.99999998E+00  0.27212940E+00
 0.48965699E+01   19  0.99999998E+00  0.22634808E+00
 0.51542841E+01   20  0.99999997E+00  0.18083780E+00
 0.54119983E+01   21  0.99999993E+00  0.13747475E+00
 0.56697125E+01   22  0.99999995E+00  0.98871633E-01
 0.59274267E+01   23  0.99999998E+00  0.68063230E-01
 0.61851409E+01   24  0.99999999E+00  0.46748669E-01
 0.64428551E+01   25  0.99999999E+00  0.34720038E-01
 0.67005693E+01   26  0.10000000E+01  0.28877625E-01
 0.69582835E+01   27  0.10000000E+01  0.24964252E-01
 0.72159978E+01   28  0.10000000E+01  0.20258991E-01
 0.74737120E+01   29  0.10000000E+01  0.15084485E-01
 0.77314262E+01   30  0.10000000E+01  0.10489326E-01
 0.79891404E+01   31  0.10000000E+01  0.70227263E-02
 0.82468546E+01   32  0.10000000E+01  0.46233966E-02
 0.85045688E+01   33  0.10000000E+01  0.30290871E-02
 0.87622830E+01   34  0.10000000E+01  0.19812065E-02
 0.90199972E+01   35  0.10000000E+01  0.13030343E-02
 0.92777114E+01   36  0.10000000E+01  0.86716373E-03
 0.95354256E+01   37  0.10000000E+01  0.58471519E-03
 0.97931398E+01   38  0.10000000E+01  0.39858069E-03
 0.10050854E+02   39  0.10000000E+01  0.27359652E-03
 0.10308568E+02   40  0.10000000E+01  0.18894075E-03
 0.10566282E+02   41  0.10000000E+01  0.13166801E-03
 0.10823997E+02   42  0.10000000E+01  0.92811575E-04
 0.11081711E+02   43  0.10000000E+01  0.66294299E-04
 0.11339425E+02   44  0.10000000E+01  0.48041354E-04
 0.11597139E+02   45  0.10000000E+01  0.35142847E-04
 0.11854853E+02   46  0.10000000E+01  0.25824310E-04
 0.12112568E+02   47  0.10000000E+01  0.19110195E-04
 0.12370282E+02   48  0.10000000E+01  0.14251930E-04
 0.12627996E+02   49  0.10000000E+01  0.10715786E-04
 0.12885710E+02   50  0.10000000E+01  0.81124100E-05
 0.13143424E+02   51  0.10000000E+01  0.61760789E-05
 0.13401139E+02   52  0.10000000E+01  0.47295912E-05
 0.13658853E+02   53  0.10000000E+01  0.36419965E-05
 0.13916567E+02   54  0.10000000E+01  0.28167564E-05
 0.14174281E+02   55  0.10000000E+01  0.21869916E-05
 0.14431996E+02   56  0.10000000E+01  0.17059077E-05
 0.14689710E+02   57  0.10000000E+01  0.13353037E-05
 0.14947424E+02   58  0.10000000E+01  0.10484957E-05
 0.15205138E+02   59  0.10000000E+01  0.82600878E-06
 0.15462852E+02   60  0.10000000E+01  0.65279772E-06
 0.15720567E+02   61  0.10000000E+01  0.51749187E-06
 0.15978281E+02   62  0.10000000E+01  0.41146622E-06
 0.16235995E+02   63  0.10000000E+01  0.32815202E-06
 0.16493709E+02   64  0.10000000E+01  0.26249914E-06
 0.16751423E+02   65  0.10000000E+01  0.21062163E-06
 0.17009138E+02   66  0.10000000E+01  0.16950566E-06
 0.17266852E+02   67  0.10000000E+01  0.13679627E-06
 0.17524566E+02   68  0.10000000E+01  0.11066875E-06
 0.17782280E+02   69  0.10000000E+01  0.89708007E-07
 0.18039994E+02   70  0.10000000E+01  0.72836499E-07
 0.18297709E+02   71  0.10000000E+01  0.59222011E-07
 0.18555423E+02   72  0.10000000E+01  0.48236476E-07
 0.18813137E+02   73  0.10000000E+01  0.39386900E-07
 0.19070851E+02   74  0.10000000E+01  0.32270234E-07
 0.19328565E+02   75  0.10000000E+01  0.26544966E-07
 0.19586280E+02   76  0.10000000E+01  0.21915720E-07
 0.19843994E+02   77  0.10000000E+01  0.18145335E-07
 0.20101708E+02   78  0.10000000E+01  0.15044604E-07
 0.20359422E+02   79  0.10000000E+01  0.12474957E-07
 0.20617136E+02   80  0.10000000E+01  0.10353111E-07
 0.20874851E+02   81  0.10000000E+01  0.86072793E-08
 0.21132565E+02   82  0.10000000E+01  0.71723540E-08
 0.21390279E+02   83  0.10000000E+01  0.59876546E-08
 0.21647993E+02   84  0.10000000E+01  0.50019062E-08
 0.21905707E+02   85  0.10000000E+01  0.41834642E-08
 0.22163422E+02   86  0.10000000E+01  0.35288339E-08
 0.22421136E+02   87  0.10000000E+01  0.30226558E-08
 0.22678850E+02   88  0.10000000E+01  0.26258667E-08
 0.22936564E+02   89  0.10000000E+01  0.22689708E-08
 0.23194278E+02   90  0.10000000E+01  0.18998150E-08
 0.23451993E+02   91  0.10000000E+01  0.15343391E-08
 0.23709707E+02   92  0.10000000E+01  0.12480792E-08
 0.23967421E+02   93  0.10000000E+01  0.11066974E-08
 0.24225135E+02   94  0.10000000E+01  0.10636888E-08
 0.24482850E+02   95  0.10000000E+01  0.99099473E-09
 0.24740564E+02   96  0.10000000E+01  0.80300600E-09
 0.24998278E+02   97  0.10000000E+01  0.57708105E-09
 0.25255992E+02   98  0.10000000E+01  0.47203319E-09
 0.25513706E+02   99  0.10000000E+01  0.51258797E-09
 0.25771421E+02  100  0.10000000E+01  0.53402105E-09
 0.26029135E+02  101  0.10000000E+01  0.41233994E-09
 0.26286849E+02  102  0.10000000E+01  0.26281310E-09
 0.26544563E+02  103  0.10000000E+01  0.25281577E-09
 0.26802277E+02  104  0.10000000E+01  0.30428360E-09
 0.27059992E+02  105  0.10000000E+01  0.25065594E-09
 0.27317706E+02  106  0.10000000E+01  0.15926438E-09
 0.27575420E+02  107  0.10000000E+01  0.15468216E-09
 0.27833134E+02  108  0.10000000E+01  0.16150115E-09
 0.28090848E+02  109  0.10000000E+01  0.12423362E-09
 0.28348563E+02  110  0.10000000E+01  0.83962393E-10
 0.28606277E+02  111  0.10000000E+01  0.88252627E-10
 0.28863991E+02  112  0.10000000E+01  0.65770056E-10
 0.29121705E+02  113  0.10000000E+01  0.41458059E-10
 0.29379419E+02  114  0.10000000E+01  0.23147040E-10
 0.29637134E+02  115  0.10000000E+01  0.24416358E-10
 0.29894848E+02  116  0.10000000E+01  0.00000000E+00
 
