 U=    100.000 cm^-1
ilv  flv  E_coll(cm^-1)  cross sect.(ANG^2)
  4    1          58.047    0.1284341517E+00
  4    2          73.065    0.7099430286E+01
  4    3          87.838    0.1152695255E+02
  4    4         100.000    0.1678505481E+03
  4    5         121.739    0.6282492248E+01
  4    6         124.928    0.5683345501E+00
  4    7         163.504    0.2180776552E+01
  4    8         173.623    0.4830154077E+00
  4    9         210.869    0.2901479730E+00
  4   10         219.110    0.2523239120E+00
  4   11         241.285    0.3302662180E-01
  4   12         249.423    0.1460488509E+00
  4   13         280.456    0.3537392024E-01
  4   14         298.144    0.9028354317E-01
  4   15         312.433    0.3505070337E-01
  4   16         325.688    0.7887556280E-01
  4   17         342.255    0.5665377413E-01
  4   18         353.597    0.1055939495E-01
  4   19         365.878    0.3487911174E-01
TOTAL P CONSERVATION ERROR,%  0.17503E-06
TOTAL E CONSERVATION ERROR,%  0.33015E-01
 
 U=   1000.000 cm^-1
ilv  flv  E_coll(cm^-1)  cross sect.(ANG^2)
  4    1         952.944    0.2694936947E-01
  4    2         971.167    0.1739550718E+01
  4    3         987.483    0.5110320539E+01
  4    4        1000.000    0.9161963315E+02
  4    5        1020.778    0.3415425997E+01
  4    6        1023.681    0.7438841077E+00
  4    7        1056.514    0.2722388175E+01
  4    8        1064.541    0.7564278270E+00
  4    9        1092.471    0.1039677591E+01
  4   10        1098.353    0.4078064428E+00
  4   11        1113.729    0.7507535830E-01
  4   12        1119.219    0.7355035222E+00
  4   13        1139.488    0.3087323972E+00
  4   14        1150.618    0.7979198389E+00
  4   15        1159.407    0.1771941952E+01
  4   16        1167.412    0.6366740645E+00
  4   17        1177.228    0.1506452135E+01
  4   18        1183.835    0.4310359959E+00
  4   19        1190.891    0.1626872251E+01
TOTAL P CONSERVATION ERROR,%  0.89072E-06
TOTAL E CONSERVATION ERROR,%  0.33384E-01
 
 U=  10000.000 cm^-1
ilv  flv  E_coll(cm^-1)  cross sect.(ANG^2)
  4    1        9952.434    0.3973188817E-01
  4    2        9970.978    0.8162972984E+00
  4    3        9987.448    0.1330187092E+01
  4    4       10000.000    0.3026526660E+02
  4    5       10020.682    0.9363705169E+00
  4    6       10023.557    0.6151936507E+00
  4    7       10055.815    0.1815331183E+01
  4    8       10063.633    0.8784106252E+00
  4    9       10090.631    0.1132147864E+01
  4   10       10096.278    0.6773660229E+00
  4   11       10110.973    0.3492689480E+00
  4   12       10116.199    0.9664835487E+00
  4   13       10135.391    0.3135645691E+00
  4   14       10145.865    0.1271569147E+01
  4   15       10154.105    0.2337473551E+01
  4   16       10161.584    0.1107252465E+01
  4   17       10170.725    0.5456195089E+01
  4   18       10176.859    0.7164969825E+00
  4   19       10183.392    0.3720268364E+01
TOTAL P CONSERVATION ERROR,%  0.23008E-02
TOTAL E CONSERVATION ERROR,%  0.41587E-01
 
TOTAL NUMBER OF TRAJECTORIES = 436
