 FOR ENERGY=           1
 MAXIMUM PROBABILITY ERROR
 B_IMP  0.000000000000000E+000
 L_ORB  0.000000000000000E+000
 R_FIN   30.0023191920403     
 PHI_FIN  0.000000000000000E+000
 PROBAB_SURV  0.232798610553580     
 ERROR_ENERG  2.347339360641419E-006
 ERROR_PROBAB  1.750337430550530E-007
 STATE          13
 #NTRAJECT           1
 #NPROC           0
 
 MAXIMUM ENERGY ERROR
 B_IMP   7.19756605447091     
 L_ORB   12.0000000000000     
 R_FIN   30.0051286798348     
 PHI_FIN   2.78061827023217     
 PROBAB_SURV  7.356019774924470E-003
 ERROR_ENERG  3.301455536411127E-002
 ERROR_PROBAB  2.630029527495026E-009
 STATE          14
 #NTRAJECT           1
 #NPROC          24
 -------------------------
 FOR ENERGY=           2
 MAXIMUM PROBABILITY ERROR
 B_IMP  0.000000000000000E+000
 L_ORB  0.000000000000000E+000
 R_FIN   30.0013860090064     
 PHI_FIN  0.000000000000000E+000
 PROBAB_SURV  0.180050569323299     
 ERROR_ENERG  3.426216648341233E-006
 ERROR_PROBAB  8.907217075027063E-007
 STATE          14
 #NTRAJECT           1
 #NPROC           0
 
 MAXIMUM ENERGY ERROR
 B_IMP   3.00543826889587     
 L_ORB   16.0000000000000     
 R_FIN   30.0019677867109     
 PHI_FIN   1.33796222824488     
 PROBAB_SURV  6.578303720080635E-003
 ERROR_ENERG  3.338428643668676E-002
 ERROR_PROBAB  5.126794544452196E-008
 STATE          13
 #NTRAJECT           2
 #NPROC           0
 -------------------------
 FOR ENERGY=           3
 MAXIMUM PROBABILITY ERROR
 B_IMP  0.000000000000000E+000
 L_ORB  0.000000000000000E+000
 R_FIN   30.0038204194620     
 PHI_FIN  0.000000000000000E+000
 PROBAB_SURV  3.444204227945968E-002
 ERROR_ENERG  7.067692289296465E-003
 ERROR_PROBAB  2.300846488267894E-003
 STATE          13
 #NTRAJECT           1
 #NPROC           0
 
 MAXIMUM ENERGY ERROR
 B_IMP   1.46919701861924     
 L_ORB   25.0000000000000     
 R_FIN   30.0056824639420     
 PHI_FIN  0.916011610023084     
 PROBAB_SURV  3.778805466100951E-002
 ERROR_ENERG  4.158666030127542E-002
 ERROR_PROBAB  5.868461433689021E-004
 STATE          13
 #NTRAJECT           2
 #NPROC          18
 -------------------------
