 M RESOLVED CROSSECTIONS WITHOUT BILLING CORRECTION
INI_STATE#   12
   ENERGY#    1
 j12=           2
 m12=           0
CHANNEL# CROSSSECTIONS,ANG^2
   1       0.54955108519E-15
   2       0.58391543013E+01
   3       0.71490322105E+01
   4       0.53560686114E+03
   5       0.75583495101E+01
   6       0.44722465250E+00
   7       0.50726591638E+01
   8       0.92240365286E+00
   9       0.43484293002E+00
  10       0.31475703728E+00
  11       0.70250545781E-01
  12       0.31947125710E+00
  13       0.68751490389E-01
  14       0.41935165595E+00
  15       0.76335308453E-01
  16       0.41441146064E+00
  17       0.97240269071E-01
  18       0.36314147173E-01
  19       0.16154030206E+00
 M RESOLVED CROSSECTIONS WITHOUT BILLING CORRECTION
INI_STATE#   13
   ENERGY#    1
 j12=           2
 m12=           1
CHANNEL# CROSSSECTIONS,ANG^2
   1       0.48505612610E-01
   2       0.53662309318E+01
   3       0.86993228115E+01
   4       0.53510722104E+03
   5       0.73884729112E+01
   6       0.65498186690E+00
   7       0.42632548716E+01
   8       0.83665837410E+00
   9       0.56444567926E+00
  10       0.47072415702E+00
  11       0.74705754621E-01
  12       0.40300731968E+00
  13       0.73819738135E-01
  14       0.31483181220E+00
  15       0.12037141018E+00
  16       0.30860493560E+00
  17       0.13455918495E+00
  18       0.47868253229E-01
  19       0.13136437095E+00
 M RESOLVED CROSSECTIONS WITHOUT BILLING CORRECTION
INI_STATE#   14
   ENERGY#    1
 j12=           2
 m12=           2
CHANNEL# CROSSSECTIONS,ANG^2
   1       0.13787512893E+00
   2       0.46822382365E+01
   3       0.13038737788E+02
   4       0.53248256142E+03
   5       0.79530081598E+01
   6       0.89643373520E+00
   7       0.21145678394E+01
   8       0.79870692935E+00
   9       0.74771634656E+00
  10       0.75406269630E+00
  11       0.89389376496E-01
  12       0.34795719638E+00
  13       0.13982504199E+00
  14       0.14843038504E+00
  15       0.11523580424E+00
  16       0.12641088778E+00
  17       0.30157168754E+00
  18       0.27318991052E-01
  19       0.10690338006E+00
 M RESOLVED CROSSECTIONS WITHOUT BILLING CORRECTION
INI_STATE#   12
   ENERGY#    2
 j12=           2
 m12=           0
CHANNEL# CROSSSECTIONS,ANG^2
   1       0.24559437182E-10
   2       0.16504652688E+01
   3       0.43129618542E+01
   4       0.53079291591E+03
   5       0.41263210606E+01
   6       0.71120633879E+00
   7       0.32997099557E+01
   8       0.91727370815E+00
   9       0.90754124819E+00
  10       0.36187451525E+00
  11       0.50587381153E-01
  12       0.10128769032E+01
  13       0.19092327043E+00
  14       0.13638893503E+01
  15       0.22820802311E+01
  16       0.68577963549E+00
  17       0.14793904590E+01
  18       0.49558122530E+00
  19       0.16616436775E+01
 M RESOLVED CROSSECTIONS WITHOUT BILLING CORRECTION
INI_STATE#   13
   ENERGY#    2
 j12=           2
 m12=           1
CHANNEL# CROSSSECTIONS,ANG^2
   1       0.46870815600E-01
   2       0.18865408673E+01
   3       0.42230275932E+01
   4       0.53099252822E+03
   5       0.37814652442E+01
   6       0.77626776413E+00
   7       0.29313135907E+01
   8       0.74423297623E+00
   9       0.11091840279E+01
  10       0.51605341907E+00
  11       0.72601495569E-01
  12       0.76508594929E+00
  13       0.23850782368E+00
  14       0.11794288797E+01
  15       0.20093786109E+01
  16       0.91228462804E+00
  17       0.16964051507E+01
  18       0.57280213120E+00
  19       0.18490428016E+01
 M RESOLVED CROSSECTIONS WITHOUT BILLING CORRECTION
INI_STATE#   14
   ENERGY#    2
 j12=           2
 m12=           2
CHANNEL# CROSSSECTIONS,ANG^2
   1       0.17332302524E-01
   2       0.15117136197E+01
   3       0.62363799685E+01
   4       0.53069344039E+03
   5       0.28713526180E+01
   6       0.77187969006E+00
   7       0.26094356877E+01
   8       0.81025203156E+00
   9       0.12765897517E+01
  10       0.42279825162E+00
  11       0.11113874233E+00
  12       0.78644930902E+00
  13       0.54552288218E+00
  14       0.43387839029E+00
  15       0.19855869612E+01
  16       0.60297789706E+00
  17       0.19974935601E+01
  18       0.45509597934E+00
  19       0.21637039506E+01
 M RESOLVED CROSSECTIONS WITHOUT BILLING CORRECTION
INI_STATE#   12
   ENERGY#    3
 j12=           2
 m12=           0
CHANNEL# CROSSSECTIONS,ANG^2
   1       0.29145469940E-06
   2       0.60223768255E+00
   3       0.17630561189E+01
   4       0.52559107063E+03
   5       0.10901097697E+01
   6       0.49055327828E+00
   7       0.20340237968E+01
   8       0.10505917262E+01
   9       0.10761584697E+01
  10       0.81755179716E+00
  11       0.28821144733E+00
  12       0.11498119908E+01
  13       0.18565754476E+00
  14       0.99384291735E+00
  15       0.24807930474E+01
  16       0.98236369166E+00
  17       0.57918156376E+01
  18       0.63612266570E+00
  19       0.32433115573E+01
 M RESOLVED CROSSECTIONS WITHOUT BILLING CORRECTION
INI_STATE#   13
   ENERGY#    3
 j12=           2
 m12=           1
CHANNEL# CROSSSECTIONS,ANG^2
   1       0.84618748118E-01
   2       0.10904563239E+01
   3       0.14689831862E+01
   4       0.52574705689E+03
   5       0.90388625146E+00
   6       0.58131015444E+00
   7       0.17808589161E+01
   8       0.10141924021E+01
   9       0.11181330785E+01
  10       0.63758566713E+00
  11       0.33514673943E+00
  12       0.11149624830E+01
  13       0.31987800764E+00
  14       0.14607739350E+01
  15       0.20573917407E+01
  16       0.11195669505E+01
  17       0.52993787488E+01
  18       0.68042767899E+00
  19       0.34526608719E+01
 M RESOLVED CROSSECTIONS WITHOUT BILLING CORRECTION
INI_STATE#   14
   ENERGY#    3
 j12=           2
 m12=           2
CHANNEL# CROSSSECTIONS,ANG^2
   1       0.14238354722E-01
   2       0.64324534385E+00
   3       0.97078224869E+00
   4       0.52518276443E+03
   5       0.89682660184E+00
   6       0.71502029927E+00
   7       0.17657879012E+01
   8       0.67051232395E+00
   9       0.11998093565E+01
  10       0.66335730433E+00
  11       0.40360975954E+00
  12       0.75441638008E+00
  13       0.38181813600E+00
  14       0.12675968855E+01
  15       0.26359494898E+01
  16       0.12021110302E+01
  17       0.56780787270E+01
  18       0.82443313541E+00
  19       0.43969213052E+01
