|----------------------------------------------------------|
|                      	    MQCT                           |
|          THE PROGRAM IS TO PERFORM ROTATIONALLY          |
|   AND VIBRATIONALLY INELASTIC SCATTERING CALCULATIONS.   |
|      	     TO SITE THIS WORK, PLEASE REFER TO:           |
|          A. SEMENOV, B. MANDAL, and D. BABIKOV,          |
|          COMPUTER PHYSICS COMMUNICATIONS, 2019           |
|----------------------------------------------------------|
 
THIS RUN PERFORMED ON  1/ 9/2020 at   1 p.m.  2 minutes, LOCAL MACHINE TIME
YOUR JOB NAME: H2O+H2
 
REDUCED MASS,A.M.U.: MASS =    1.813
 
THE POTENTIAL RANGE: FROM Rmin =   3.00 TO Rmax = 30.00 BOHR
 
COLLISIONAL ENERGIES, CM-1:
E(   1)=  100.000;
E(   2)= 1000.000;
E(   3)=10000.000;
 
MAX IMPACT PARAMETER IS,a.u =     25.000
ORBITAL ANGULAR MOMENTUM STEP_SIZE:=   1
 
 
ALL TRAJECTORIES WILL BE STOPED AFTER TIME_LIMT=  0.3500E+07
 
TRAPPED TRAJECTIRY WILL STOP AFTER   1 ROUNDS AND    1 OSCILLATIONS
 
PROPAGATOR TYPE: RUNGE-KUTTA 4-TH ORDER
TIME STEP IN RUNGE-KUTTA 4TH ORDER        10.00
 
THE COLLISIONAL SYSTEM: ASYMMETRIC TOP + DIATOMIC TOP
ROTATIONAL CONSTANTS OF #1 MOLECULE ARE, CM-1: A =  27.88 ; B =    9.28; C =   14.52 ;
ROT.CONSTANT OF DIATOMIC MOLECULE, CM-1, BE =    60.8530
DISTORTION, CM-1, DE =    0.0000000
CHANNELS ENERGIES, CM-1:
#N =          J1         KA         KC         J2          E
    1          0          0          0          0      0.000
    2          1          1          1          0     37.158
    3          2          0          2          0     70.133
    4          2          1          1          0     95.245
    5          2          2          0          0    136.588
    6          3          1          3          0    142.331
    7          3          2          2          0    206.720
    8          4          0          4          0    222.310
    9          4          1          3          0    276.099
   10          3          3          1          0    287.340
   11          4          2          2          0    316.579
   12          5          1          5          0    326.971
   13          0          0          0          2    365.118
   14          4          3          1          0    385.920
   15          1          1          1          2    402.276
   16          5          2          4          0    417.119
   17          2          0          2          2    435.251
   18          6          0          6          0    447.413
   19          2          1          1          2    460.363
INITIAL STATE IS:J1 =    2; KA =    1; KC =	   1; J2 =	   0
 
THE POTENTIAL R-UNITS ARE BOHRS
THE POTENTIAL ENERGY IS IN CM-1
 
 
MATRIX Mij WILL BE READ FROM FILE
SCATTERING CALCULATIONS WILL BE PERFORMED
 
THE SYSTEM SETUP DONE SUCCESFULLY
