 U=   1500.000 cm^-1
ilv  flv  E_coll(cm^-1)  cross sect.(ANG^2)
  1    1        1500.000    0.4412416903E+03
  1    2        1518.639    0.3225165386E+01
  1    3        1537.392    0.1610024875E+02
  1    4        1569.058    0.3798840601E+00
  1    5        1547.983    0.2085435597E+01
  1    6        1535.272    0.1015360688E+02
  1    7        1588.120    0.1142042725E+01
  1    8        1566.916    0.1530485549E+01
  1    9        1554.127    0.2610618261E+01
  1   10        1639.671    0.5447518239E+01
  1   11        1618.125    0.1170117745E+01
  1   12        1605.128    0.1229222521E+01
  1   13        1596.721    0.3413636745E+01
  1   14        1583.811    0.1412567561E+01
  1   15        1570.953    0.5459522027E+01
TOTAL P CONSERVATION ERROR,%  0.10282E-02
TOTAL E CONSERVATION ERROR,%  0.98441E-01
 
TOTAL NUMBER OF TRAJECTORIES = 225
