energy#1, (U= 1500.000 cm^-1)
state= 1
j12= 0
m12= 0
L_ORB  B_IMPACT(a.u.)     DEFLCT_ANGLE(rad)    SCAT_PHASE(rad)       FINISH_TIME(a.u.)    ENERGY_ERROR(%)      NORM_ERROR(%)    LOOPS   OSCIL
   0   0.00000000E+00      0.31415927E+01      -0.12522634E+03        0.21374574E+06      0.84347152E-01      0.10282167E-02       0       0
   2   0.13349777E+00      0.30710493E+01      -0.11901369E+03        0.21376810E+06      0.84380293E-01      0.81382142E-03       0       0
   4   0.26699554E+00      0.30127668E+01      -0.11292988E+03        0.21379046E+06      0.84380038E-01      0.81969816E-03       0       0
   6   0.40049331E+00      0.29548340E+01      -0.10696228E+03        0.21381282E+06      0.84842631E-01      0.92665112E-03       0       0
   8   0.53399109E+00      0.28969387E+01      -0.10111050E+03        0.21385754E+06      0.85028075E-01      0.80077003E-03       0       0
  10   0.66748886E+00      0.28389916E+01      -0.95374574E+02        0.21392462E+06      0.85560471E-01      0.89099623E-03       0       0
  12   0.80098663E+00      0.27809461E+01      -0.89754636E+02        0.21399171E+06      0.85979554E-01      0.88918824E-03       0       0
  14   0.93448440E+00      0.27227729E+01      -0.84250917E+02        0.21408115E+06      0.86449843E-01      0.90139831E-03       0       0
  16   0.10679822E+01      0.26644509E+01      -0.78863693E+02        0.21417059E+06      0.87099107E-01      0.76970757E-03       0       0
  18   0.12014799E+01      0.26059708E+01      -0.73593271E+02        0.21426003E+06      0.87901375E-01      0.81500236E-03       0       0
  20   0.13349777E+01      0.25473291E+01      -0.68439971E+02        0.21437184E+06      0.88615453E-01      0.77265789E-03       0       0
  22   0.14684755E+01      0.24885360E+01      -0.63404106E+02        0.21446128E+06      0.89367694E-01      0.77165523E-03       0       0
  24   0.16019733E+01      0.24296111E+01      -0.58485959E+02        0.21457308E+06      0.90402528E-01      0.67831868E-03       0       0
  26   0.17354710E+01      0.23705898E+01      -0.53685758E+02        0.21466253E+06      0.91308141E-01      0.67628657E-03       0       0
  28   0.18689688E+01      0.23115153E+01      -0.49003653E+02        0.21475197E+06      0.92187432E-01      0.66766537E-03       0       0
  30   0.20024666E+01      0.22524384E+01      -0.44439699E+02        0.21484141E+06      0.93203383E-01      0.63677535E-03       0       0
  32   0.21359643E+01      0.21934061E+01      -0.39993855E+02        0.21490849E+06      0.94216558E-01      0.56658229E-03       0       0
  34   0.22694621E+01      0.21344518E+01      -0.35665997E+02        0.21497558E+06      0.95172743E-01      0.59145464E-03       0       0
  36   0.24029599E+01      0.20755760E+01      -0.31455969E+02        0.21502030E+06      0.95910510E-01      0.50057786E-03       0       0
  38   0.25364577E+01      0.20167574E+01      -0.27363636E+02        0.21504266E+06      0.96817757E-01      0.51299517E-03       0       0
  40   0.26699554E+01      0.19579533E+01      -0.23388925E+02        0.21504266E+06      0.97439613E-01      0.47267203E-03       0       0
  42   0.28034532E+01      0.18991187E+01      -0.19531853E+02        0.21502030E+06      0.97921065E-01      0.39682696E-03       0       0
  44   0.29369510E+01      0.18401917E+01      -0.15792542E+02        0.21497558E+06      0.98297293E-01      0.38622479E-03       0       0
  46   0.30704487E+01      0.17810461E+01      -0.12171305E+02        0.21490849E+06      0.98440699E-01      0.35572550E-03       0       0
  48   0.32039465E+01      0.17214630E+01      -0.86687956E+01        0.21488613E+06      0.98312480E-01      0.31533852E-03       0       0
  50   0.33374443E+01      0.16611643E+01      -0.52861683E+01        0.21488613E+06      0.98012324E-01      0.28379807E-03       0       0
  52   0.34709421E+01      0.15999294E+01      -0.20250746E+01        0.21490849E+06      0.97331030E-01      0.25040715E-03       0       0
  54   0.36044398E+01      0.15377266E+01       0.11125815E+01        0.21495321E+06      0.96353471E-01      0.21908703E-03       0       0
  56   0.37379376E+01      0.14747359E+01       0.41250440E+01        0.21502030E+06      0.94862620E-01      0.19001692E-03       0       0
  58   0.38714354E+01      0.14112032E+01       0.70109830E+01        0.21506502E+06      0.92668547E-01      0.16338867E-03       0       0
  60   0.40049331E+01      0.13472143E+01       0.97694005E+01        0.21510974E+06      0.90319372E-01      0.13932787E-03       0       0
  62   0.41384309E+01      0.12826070E+01       0.12399222E+02        0.21513210E+06      0.87065684E-01      0.11793900E-03       0       0
  64   0.42719287E+01      0.12171642E+01       0.14898993E+02        0.21515446E+06      0.83251205E-01      0.99216392E-04       0       0
  66   0.44054265E+01      0.11509398E+01       0.17267097E+02        0.21517682E+06      0.78759057E-01      0.82504082E-04       0       0
  68   0.45389242E+01      0.10843473E+01       0.19502384E+02        0.21519918E+06      0.73747937E-01      0.69626285E-04       0       0
  70   0.46724220E+01      0.10178169E+01       0.21604548E+02        0.21517682E+06      0.68249780E-01      0.58509714E-04       0       0
  72   0.48059198E+01      0.95131119E+00       0.23573676E+02        0.21517682E+06      0.62424808E-01      0.49607896E-04       0       0
  74   0.49394175E+01      0.88420463E+00       0.25409192E+02        0.21517682E+06      0.59236924E-01      0.42654493E-04       0       0
  76   0.50729153E+01      0.81562892E+00       0.27109026E+02        0.21524390E+06      0.57389492E-01      0.37416543E-04       0       0
  78   0.52064131E+01      0.74489084E+00       0.28669545E+02        0.21533335E+06      0.63981647E-01      0.33621448E-04       0       0
  80   0.53399109E+01      0.67161283E+00       0.30086049E+02        0.21548987E+06      0.67427311E-01      0.31036933E-04       0       0
  82   0.54734086E+01      0.59560819E+00       0.31353270E+02        0.21569112E+06      0.68610920E-01      0.29410598E-04       0       0
  84   0.56069064E+01      0.51667794E+00       0.32465556E+02        0.21593708E+06      0.67574967E-01      0.28540625E-04       0       0
  86   0.57404042E+01      0.43447084E+00       0.33416705E+02        0.21622777E+06      0.63967735E-01      0.28263641E-04       0       0
  88   0.58739019E+01      0.34845164E+00       0.34199627E+02        0.21658554E+06      0.58075302E-01      0.28431747E-04       0       0
  90   0.60073997E+01      0.25795644E+00       0.34806036E+02        0.21694332E+06      0.51178973E-01      0.28959931E-04       0       0
  92   0.61408975E+01      0.16226374E+00       0.35226256E+02        0.21736817E+06      0.44405581E-01      0.29788498E-04       0       0
  94   0.62743952E+01      0.60600094E-01       0.35449120E+02        0.21781538E+06      0.37658747E-01      0.30892906E-04       0       0
  96   0.64078930E+01     -0.47973940E-01       0.35461746E+02        0.21830732E+06      0.34156659E-01      0.32280516E-04       0       0
  98   0.65413908E+01     -0.16483471E+00       0.35248937E+02        0.21884397E+06      0.37641568E-01      0.33961004E-04       0       0
 100   0.66748886E+01     -0.29188420E+00       0.34792218E+02        0.21944771E+06      0.43449502E-01      0.35960985E-04       0       0
 102   0.68083863E+01     -0.43185779E+00       0.34068476E+02        0.22014089E+06      0.51284653E-01      0.38293242E-04       0       0
 104   0.69418841E+01     -0.58959683E+00       0.33047022E+02        0.22099060E+06      0.58247932E-01      0.40949839E-04       0       0
 106   0.70753819E+01     -0.77460330E+00       0.31682821E+02        0.22213099E+06      0.60826395E-01      0.43864780E-04       0       0
 108   0.72088796E+01     -0.10058550E+01       0.29902363E+02        0.22376332E+06      0.64246676E-01      0.46790824E-04       0       0
 110   0.73423774E+01     -0.13332527E+01       0.27563255E+02        0.22640188E+06      0.61051183E-01      0.49049353E-04       0       0
 112   0.74758752E+01     -0.20365198E+01       0.24193483E+02        0.23132123E+06      0.42385159E-01      0.48028761E-04       0       0
 114   0.76093730E+01     -0.58164412E+00       0.21575319E+02        0.22358444E+06      0.16571079E-01      0.13950623E-06       0       0
 116   0.77428707E+01     -0.31040290E+00       0.20683272E+02        0.22143781E+06      0.12908645E-01      0.86214968E-07       0       0
 118   0.78763685E+01     -0.24686465E+00       0.20126004E+02        0.22049866E+06      0.10666015E-01      0.75653395E-07       0       0
 120   0.80098663E+01     -0.24086734E+00       0.19638272E+02        0.22014089E+06      0.11402125E-01      0.71849704E-07       0       0
 122   0.81433640E+01     -0.26522264E+00       0.19132182E+02        0.22011853E+06      0.11744441E-01      0.70018946E-07       0       0
 124   0.82768618E+01     -0.31089018E+00       0.18556070E+02        0.22036450E+06      0.11414903E-01      0.68537553E-07       0       0
 126   0.84103596E+01     -0.37420864E+00       0.17870971E+02        0.22083407E+06      0.10699377E-01      0.66606565E-07       0       0
 128   0.85438574E+01     -0.44910788E+00       0.17047654E+02        0.22141545E+06      0.98423674E-02      0.62885808E-07       0       0
 130   0.86773551E+01     -0.52405600E+00       0.16074490E+02        0.22206391E+06      0.89112720E-02      0.56020744E-07       0       0
 132   0.88108529E+01     -0.59286645E+00       0.14957568E+02        0.22271237E+06      0.80023047E-02      0.45736792E-07       0       0
 134   0.89443507E+01     -0.64221496E+00       0.13722486E+02        0.22327139E+06      0.72283252E-02      0.32808001E-07       0       0
 136   0.90778484E+01     -0.64378491E+00       0.12436487E+02        0.22347263E+06      0.62521971E-02      0.19649860E-07       0       0
 138   0.92113462E+01     -0.56367453E+00       0.11229027E+02        0.22291362E+06      0.57480942E-02      0.98072661E-08       0       0
 140   0.93448440E+01     -0.42682278E+00       0.10238530E+02        0.22177322E+06      0.52809226E-02      0.48258952E-08       0       0
 142   0.94783418E+01     -0.32080718E+00       0.94908999E+01        0.22081171E+06      0.44778600E-02      0.28736569E-08       0       0
 144   0.96118395E+01     -0.25623186E+00       0.89138608E+01        0.22023034E+06      0.35906486E-02      0.20071500E-08       0       0
 146   0.97453373E+01     -0.21569943E+00       0.84419295E+01        0.21987256E+06      0.28416317E-02      0.15409451E-08       0       0
 148   0.98788351E+01     -0.19080418E+00       0.80354259E+01        0.21967132E+06      0.23481645E-02      0.12530199E-08       0       0
 150   0.10012333E+02     -0.17681168E+00       0.76678100E+01        0.21953715E+06      0.21121934E-02      0.10563328E-08       0       0
 152   0.10145831E+02     -0.17065577E+00       0.73203426E+01        0.21951479E+06      0.20197295E-02      0.90558672E-09       0       0
 154   0.10279328E+02     -0.16997232E+00       0.69797145E+01        0.21953715E+06      0.19617677E-02      0.77937656E-09       0       0
 156   0.10412826E+02     -0.17214783E+00       0.66375944E+01        0.21958188E+06      0.18895578E-02      0.66937567E-09       0       0
 158   0.10546324E+02     -0.17301937E+00       0.62924272E+01        0.21960424E+06      0.17894894E-02      0.56841198E-09       0       0
 160   0.10679822E+02     -0.17146411E+00       0.59479437E+01        0.21962660E+06      0.16640440E-02      0.47715165E-09       0       0
 162   0.10813319E+02     -0.16752628E+00       0.56089533E+01        0.21960424E+06      0.15175123E-02      0.39568349E-09       0       0
 164   0.10946817E+02     -0.16134837E+00       0.52800786E+01        0.21955951E+06      0.13542458E-02      0.32804870E-09       0       0
 166   0.11080315E+02     -0.15318701E+00       0.49655433E+01        0.21949243E+06      0.11803080E-02      0.27038372E-09       0       0
 168   0.11213813E+02     -0.14343004E+00       0.46689262E+01        0.21938063E+06      0.10302737E-02      0.22211122E-09       0       0
 170   0.11347311E+02     -0.13262183E+00       0.43928743E+01        0.21926883E+06      0.99657118E-03      0.18314239E-09       0       0
 172   0.11480808E+02     -0.12154435E+00       0.41387082E+01        0.21915702E+06      0.95756680E-03      0.15376589E-09       0       0
 174   0.11614306E+02     -0.11146805E+00       0.39056958E+01        0.21902286E+06      0.91328373E-03      0.12885248E-09       0       0
 176   0.11747804E+02     -0.10276515E+00       0.36914626E+01        0.21891105E+06      0.86431087E-03      0.11051160E-09       0       0
 178   0.11881302E+02     -0.95300230E-01       0.34933972E+01        0.21882161E+06      0.81143417E-03      0.95501385E-10       0       0
 180   0.12014799E+02     -0.88942432E-01       0.33091545E+01        0.21873217E+06      0.75566029E-03      0.81890050E-10       0       0
 182   0.12148297E+02     -0.83562123E-01       0.31366500E+01        0.21866509E+06      0.69818448E-03      0.71165296E-10       0       0
 184   0.12281795E+02     -0.79026167E-01       0.29740617E+01        0.21857564E+06      0.64034784E-03      0.62194694E-10       0       0
 186   0.12415293E+02     -0.75189998E-01       0.28198455E+01        0.21850856E+06      0.58361644E-03      0.53779203E-10       0       0
 188   0.12548790E+02     -0.71880707E-01       0.26727748E+01        0.21846384E+06      0.52944532E-03      0.48405724E-10       0       0
 190   0.12682288E+02     -0.68826935E-01       0.25320672E+01        0.21839676E+06      0.47902603E-03      0.41944226E-10       0       0
 192   0.12815786E+02     -0.65735632E-01       0.23975046E+01        0.21832968E+06      0.43269833E-03      0.37014836E-10       0       0
 194   0.12949284E+02     -0.62594869E-01       0.22691741E+01        0.21826260E+06      0.39027467E-03      0.33084646E-10       0       0
 196   0.13082782E+02     -0.59421517E-01       0.21471577E+01        0.21819551E+06      0.35152597E-03      0.29443115E-10       0       0
 198   0.13216279E+02     -0.56234383E-01       0.20315018E+01        0.21810607E+06      0.31618697E-03      0.24691360E-10       0       0
 200   0.13349777E+02     -0.53054765E-01       0.19222127E+01        0.21803899E+06      0.28397329E-03      0.22870594E-10       0       0
 202   0.13483275E+02     -0.49907422E-01       0.18192505E+01        0.21797191E+06      0.25458422E-03      0.19184654E-10       0       0
 204   0.13616773E+02     -0.46822534E-01       0.17225205E+01        0.21788246E+06      0.22770887E-03      0.17674751E-10       0       0
 206   0.13750270E+02     -0.43841044E-01       0.16318569E+01        0.21781538E+06      0.20304122E-03      0.14233059E-10       0       0
 208   0.13883768E+02     -0.41036502E-01       0.15469794E+01        0.21772594E+06      0.18034281E-03      0.14033219E-10       0       0
 210   0.14017266E+02     -0.38448262E-01       0.14674946E+01        0.21765886E+06      0.15953800E-03      0.12190249E-10       0       0
 212   0.14150764E+02     -0.36065847E-01       0.13929805E+01        0.21756941E+06      0.14057278E-03      0.11168844E-10       0       0
 214   0.14284262E+02     -0.33877591E-01       0.13230371E+01        0.21750233E+06      0.12337693E-03      0.96145314E-11       0       0
 216   0.14417759E+02     -0.31871005E-01       0.12572885E+01        0.21743525E+06      0.10786815E-03      0.88595797E-11       0       0
 218   0.14551257E+02     -0.30032517E-01       0.11953850E+01        0.21736817E+06      0.93958790E-04      0.76383344E-11       0       0
 220   0.14684755E+02     -0.28346999E-01       0.11370055E+01        0.21730109E+06      0.81554330E-04      0.75495166E-11       0       0
 222   0.14818253E+02     -0.26796837E-01       0.10818616E+01        0.21723400E+06      0.70561360E-04      0.71942452E-11       0       0
 224   0.14951750E+02     -0.25359266E-01       0.10297055E+01        0.21716692E+06      0.60886691E-04      0.63948846E-11       0       0
 226   0.15085248E+02     -0.23997069E-01       0.98034918E+00        0.21709984E+06      0.52424973E-04      0.52180482E-11       0       0
 228   0.15218746E+02     -0.22692655E-01       0.93365946E+00        0.21703276E+06      0.45050980E-04      0.55955240E-11       0       0
 230   0.15352244E+02     -0.21445598E-01       0.88952121E+00        0.21696568E+06      0.38644638E-04      0.49737992E-11       0       0
 232   0.15485741E+02     -0.20255475E-01       0.84782013E+00        0.21689859E+06      0.33095325E-04      0.37747583E-11       0       0
 234   0.15619239E+02     -0.19121880E-01       0.80844278E+00        0.21683151E+06      0.28301863E-04      0.37081449E-11       0       0
 236   0.15752737E+02     -0.18044473E-01       0.77127642E+00        0.21676443E+06      0.24171975E-04      0.42854609E-11       0       0
 238   0.15886235E+02     -0.17023077E-01       0.73620887E+00        0.21671971E+06      0.20622370E-04      0.24424907E-11       0       0
 240   0.16019733E+02     -0.16057846E-01       0.70312795E+00        0.21665263E+06      0.17577713E-04      0.32640557E-11       0       0
 242   0.16153230E+02     -0.15149786E-01       0.67192032E+00        0.21658554E+06      0.14970574E-04      0.29976022E-11       0       0
 244   0.16286728E+02     -0.14302231E-01       0.64246830E+00        0.21651846E+06      0.12741280E-04      0.17985613E-11       0       0
 246   0.16420226E+02     -0.13514406E-01       0.61465167E+00        0.21645138E+06      0.10837839E-04      0.16431301E-11       0       0
 248   0.16553724E+02     -0.12783030E-01       0.58835423E+00        0.21640666E+06      0.92145549E-05      0.25313085E-11       0       0
 250   0.16687221E+02     -0.12104747E-01       0.56346645E+00        0.21633958E+06      0.78315536E-05      0.16209256E-11       0       0
 252   0.16820719E+02     -0.11476107E-01       0.53988560E+00        0.21627249E+06      0.66540095E-05      0.11102230E-11       0       0
 254   0.16954217E+02     -0.10893519E-01       0.51751598E+00        0.21622777E+06      0.56518908E-05      0.75495166E-12       0       0
 256   0.17087715E+02     -0.10353179E-01       0.49626928E+00        0.21616069E+06      0.47992314E-05      0.10214052E-11       0       0
 258   0.17221212E+02     -0.98509008E-02       0.47606520E+00        0.21609361E+06      0.40739390E-05      0.12656542E-11       0       0
 260   0.17354710E+02     -0.93816442E-02       0.45683265E+00        0.21604889E+06      0.34572525E-05      0.11102230E-11       0       0
 262   0.17488208E+02     -0.89379094E-02       0.43851310E+00        0.21598181E+06      0.29332884E-05      0.20206059E-11       0       0
 264   0.17621706E+02     -0.85161193E-02       0.42105907E+00        0.21591472E+06      0.24883891E-05      0.19761970E-11       0       0
 266   0.17755204E+02     -0.81156124E-02       0.40442734E+00        0.21587000E+06      0.21108211E-05      0.75495166E-12       0       0
 268   0.17888701E+02     -0.77357277E-02       0.38857600E+00        0.21580292E+06      0.17905632E-05      0.14432899E-11       0       0
 270   0.18022199E+02     -0.73758086E-02       0.37346446E+00        0.21573584E+06      0.15190436E-05      0.76605389E-12       0       0
 272   0.18155697E+02     -0.70352084E-02       0.35905344E+00        0.21569112E+06      0.12889462E-05      0.61062266E-12       0       0
 274   0.18289195E+02     -0.67133003E-02       0.34530494E+00        0.21562404E+06      0.10940187E-05      0.86597396E-12       0       0
 276   0.18422692E+02     -0.64094970E-02       0.33218214E+00        0.21555695E+06      0.92892874E-06      0.12656542E-11       0       0
 278   0.18556190E+02     -0.61233060E-02       0.31964934E+00        0.21551223E+06      0.78912748E-06      0.84376950E-12       0       0
 280   0.18689688E+02     -0.58545178E-02       0.30767151E+00        0.21544515E+06      0.67074773E-06      0.91038288E-12       0       0
 282   0.18823186E+02     -0.56024222E-02       0.29621457E+00        0.21537807E+06      0.57055659E-06      0.11546319E-11       0       0
 284   0.18956684E+02     -0.53659497E-02       0.28524620E+00        0.21531099E+06      0.48575056E-06      0.77715612E-12       0       0
 286   0.19090181E+02     -0.51440452E-02       0.27473621E+00        0.21526626E+06      0.41396120E-06      0.86597396E-12       0       0
 288   0.19223679E+02     -0.49356626E-02       0.26465650E+00        0.21519918E+06      0.35316637E-06      0.73274720E-12       0       0
 290   0.19357177E+02     -0.47397550E-02       0.25498108E+00        0.21513210E+06      0.30163056E-06      0.83266727E-12       0       0
 292   0.19490675E+02     -0.45552579E-02       0.24568607E+00        0.21508738E+06      0.25787382E-06      0.59952043E-12       0       0
 294   0.19624172E+02     -0.43810554E-02       0.23674975E+00        0.21502030E+06      0.22065178E-06      0.79936058E-12       0       0
 296   0.19757670E+02     -0.42158884E-02       0.22815281E+00        0.21495321E+06      0.18892746E-06      0.55511151E-12       0       0
 298   0.19891168E+02     -0.40579842E-02       0.21987894E+00        0.21488613E+06      0.16185101E-06      0.13100632E-11       0       0
 300   0.20024666E+02     -0.39062964E-02       0.21191466E+00        0.21484141E+06      0.13872119E-06      0.10658141E-11       0       0
 302   0.20158163E+02     -0.37606425E-02       0.20424772E+00        0.21477433E+06      0.11895657E-06      0.51070259E-12       0       0
 304   0.20291661E+02     -0.36208548E-02       0.19686622E+00        0.21470725E+06      0.10205439E-06      0.73274720E-12       0       0
 306   0.20425159E+02     -0.34867756E-02       0.18975859E+00        0.21464017E+06      0.87598687E-07      0.97699626E-12       0       0
 308   0.20558657E+02     -0.33582599E-02       0.18291355E+00        0.21457308E+06      0.75235653E-07      0.81046281E-12       0       0
 310   0.20692155E+02     -0.32351808E-02       0.17632011E+00        0.21450600E+06      0.64655222E-07      0.47739590E-12       0       0
 312   0.20825652E+02     -0.31174399E-02       0.16996749E+00        0.21446128E+06      0.55602472E-07      0.55511151E-12       0       0
 314   0.20959150E+02     -0.30049956E-02       0.16384506E+00        0.21439420E+06      0.47855898E-07      0.13544721E-11       0       0
 316   0.21092648E+02     -0.28979825E-02       0.15794208E+00        0.21432712E+06      0.41227170E-07      0.56621374E-12       0       0
 318   0.21226146E+02     -0.27963360E-02       0.15224776E+00        0.21426003E+06      0.35553920E-07      0.11324275E-11       0       0
 320   0.21359643E+02     -0.26997036E-02       0.14675172E+00        0.21419295E+06      0.30699671E-07      0.14876989E-11       0       0
 322   0.21493141E+02     -0.26077394E-02       0.14144428E+00        0.21412587E+06      0.26545702E-07      0.77715612E-12       0       0
 324   0.21626639E+02     -0.25201060E-02       0.13631643E+00        0.21405879E+06      0.22985244E-07      0.66613381E-12       0       0
 326   0.21760137E+02     -0.24364717E-02       0.13135986E+00        0.21399171E+06      0.19935616E-07      0.11324275E-11       0       0
 328   0.21893634E+02     -0.23565059E-02       0.12656688E+00        0.21392462E+06      0.17311981E-07      0.51070259E-12       0       0
 330   0.22027132E+02     -0.22798704E-02       0.12193050E+00        0.21385754E+06      0.15049412E-07      0.86597396E-12       0       0
 332   0.22160630E+02     -0.22061980E-02       0.11744443E+00        0.21379046E+06      0.13090192E-07      0.77715612E-12       0       0
 334   0.22294128E+02     -0.21349900E-02       0.11310325E+00        0.21372338E+06      0.11396591E-07      0.74384943E-12       0       0
 336   0.22427626E+02     -0.20658756E-02       0.10890238E+00        0.21365630E+06      0.99236568E-08      0.73274720E-12       0       0
 338   0.22561123E+02     -0.19988139E-02       0.10483769E+00        0.21358921E+06      0.86442072E-08      0.58841820E-12       0       0
 340   0.22694621E+02     -0.19337794E-02       0.10090510E+00        0.21352213E+06      0.75314387E-08      0.64392935E-12       0       0
 342   0.22828119E+02     -0.18707525E-02       0.97100565E-01        0.21345505E+06      0.65632566E-08      0.79936058E-12       0       0
 344   0.22961617E+02     -0.18097207E-02       0.93420091E-01        0.21338797E+06      0.57217162E-08      0.69944051E-12       0       0
 346   0.23095114E+02     -0.17506819E-02       0.89859689E-01        0.21329852E+06      0.50252952E-08      0.46629367E-12       0       0
 348   0.23228612E+02     -0.16936504E-02       0.86415357E-01        0.21323144E+06      0.43539893E-08      0.66613381E-12       0       0
 350   0.23362110E+02     -0.16386710E-02       0.83083035E-01        0.21316436E+06      0.38008729E-08      0.51070259E-12       0       0
 352   0.23495608E+02     -0.15858875E-02       0.79858477E-01        0.21309728E+06      0.54292691E-08      0.42188475E-12       0       0
 354   0.23629106E+02     -0.15353945E-02       0.76737195E-01        0.21303020E+06      0.29040259E-08      0.64392935E-12       0       0
 356   0.23762603E+02     -0.14870617E-02       0.73714738E-01        0.21294075E+06      0.39426293E-08      0.46629367E-12       0       0
 358   0.23896101E+02     -0.14407513E-02       0.70786925E-01        0.21287367E+06      0.26346253E-08      0.57731597E-12       0       0
 360   0.24029599E+02     -0.13963287E-02       0.67949845E-01        0.21280659E+06      0.39785570E-08      0.11102230E-11       0       0
 362   0.24163097E+02     -0.13536608E-02       0.65199856E-01        0.21273951E+06      0.17235646E-08      0.84376950E-12       0       0
 364   0.24296594E+02     -0.13126141E-02       0.62533581E-01        0.21265006E+06      0.15186841E-08      0.99920072E-12       0       0
 366   0.24430092E+02     -0.12730517E-02       0.59947915E-01        0.21258298E+06      0.17554058E-08      0.43298698E-12       0       0
 368   0.24563590E+02     -0.12348241E-02       0.57440039E-01        0.21251590E+06      0.11810324E-08      0.83266727E-12       0       0
 370   0.24697088E+02     -0.11977308E-02       0.55007484E-01        0.21242646E+06      0.10419918E-08      0.68833828E-12       0       0
 372   0.24830585E+02     -0.11615789E-02       0.52648174E-01        0.21235938E+06      0.30837278E-08      0.33306691E-12       0       0
 374   0.24964083E+02     -0.11263515E-02       0.50360244E-01        0.21226993E+06      0.11187459E-08      0.54400928E-12       0       0
 376   0.25097581E+02     -0.10920489E-02       0.48141844E-01        0.21220285E+06      0.71409932E-09      0.88817842E-12       0       0
 378   0.25231079E+02     -0.10586739E-02       0.45991121E-01        0.21213577E+06      0.62923586E-09      0.58841820E-12       0       0
 380   0.25364577E+02     -0.10262326E-02       0.43906214E-01        0.21204633E+06      0.12426970E-08      0.55511151E-12       0       0
 382   0.25498074E+02     -0.99473575E-03       0.41885246E-01        0.21197924E+06      0.86119852E-09      0.96589403E-12       0       0
 384   0.25631572E+02     -0.96420193E-03       0.39926308E-01        0.21188980E+06      0.64006112E-09      0.59952043E-12       0       0
 386   0.25765070E+02     -0.93466365E-03       0.38027443E-01        0.21182272E+06      0.74752692E-09      0.54400928E-12       0       0
 388   0.25898568E+02     -0.90619686E-03       0.36186582E-01        0.21173328E+06      0.10810795E-08      0.79936058E-12       0       0
 390   0.26032065E+02     -0.87888994E-03       0.34401495E-01        0.21166619E+06      0.29419841E-09      0.43298698E-12       0       0
 392   0.26165563E+02     -0.85269272E-03       0.32669913E-01        0.21157675E+06      0.25937482E-09      0.55511151E-12       0       0
 394   0.26299061E+02     -0.82754045E-03       0.30989680E-01        0.21148731E+06      0.80259235E-09      0.10547119E-11       0       0
 396   0.26432559E+02     -0.80336895E-03       0.29358770E-01        0.21142023E+06      0.18687221E-08      0.11324275E-11       0       0
 398   0.26566056E+02     -0.78011392E-03       0.27775287E-01        0.21133078E+06      0.17901660E-09      0.51070259E-12       0       0
 400   0.26699554E+02     -0.75771000E-03       0.26237463E-01        0.21126370E+06      0.35475897E-09      0.57731597E-12       0       0
 402   0.26833052E+02     -0.73608877E-03       0.24743665E-01        0.21117426E+06      0.92075651E-09      0.64392935E-12       0       0
 404   0.26966550E+02     -0.71517482E-03       0.23292401E-01        0.21108482E+06      0.12439534E-09      0.91038288E-12       0       0
 406   0.27100048E+02     -0.69486859E-03       0.21882358E-01        0.21101774E+06      0.61992080E-09      0.97699626E-12       0       0
 408   0.27233545E+02     -0.67504790E-03       0.20512441E-01        0.21092829E+06      0.15693458E-08      0.59952043E-12       0       0
 410   0.27367043E+02     -0.65569604E-03       0.19181697E-01        0.21083885E+06      0.55623830E-09      0.73274720E-12       0       0
 412   0.27500541E+02     -0.63681662E-03       0.17889185E-01        0.21074941E+06      0.78035805E-09      0.88817842E-12       0       0
 414   0.27634039E+02     -0.61841433E-03       0.16633954E-01        0.21068232E+06      0.40133425E-09      0.10658141E-11       0       0
 416   0.27767536E+02     -0.60049531E-03       0.15415044E-01        0.21059288E+06      0.99080979E-09      0.86597396E-12       0       0
 418   0.27901034E+02     -0.58306794E-03       0.14231481E-01        0.21050344E+06      0.43104344E-09      0.44408921E-12       0       0
 420   0.28034532E+02     -0.56614410E-03       0.13082269E-01        0.21041400E+06      0.67257498E-09      0.75495166E-12       0       0
 422   0.28168030E+02     -0.54974204E-03       0.11966383E-01        0.21032455E+06      0.20320529E-09      0.11324275E-11       0       0
 424   0.28301528E+02     -0.53389779E-03       0.10882743E-01        0.21023511E+06      0.68559575E-09      0.75495166E-12       0       0
 426   0.28435025E+02     -0.51867051E-03       0.98301744E-02        0.21014567E+06      0.87160499E-10      0.47739590E-12       0       0
 428   0.28568523E+02     -0.50404434E-03       0.88074595E-02        0.21007859E+06      0.12717463E-09      0.69944051E-12       0       0
 430   0.28702021E+02     -0.48998606E-03       0.78134291E-02        0.20998914E+06      0.21778703E-09      0.95479180E-12       0       0
 432   0.28835519E+02     -0.47646244E-03       0.68469806E-02        0.20989970E+06      0.44401345E-09      0.48849813E-12       0       0
 434   0.28969016E+02     -0.46343986E-03       0.59070783E-02        0.20981026E+06      0.56752044E-09      0.44408921E-12       0       0
 436   0.29102514E+02     -0.45088369E-03       0.49927548E-02        0.20972082E+06      0.59856216E-09      0.78825835E-12       0       0
 438   0.29236012E+02     -0.43875736E-03       0.41031137E-02        0.20963137E+06      0.54397898E-09      0.39968029E-12       0       0
 440   0.29369510E+02     -0.42702022E-03       0.32373362E-02        0.20954193E+06      0.41330168E-09      0.48849813E-12       0       0
 442   0.29503007E+02     -0.41562045E-03       0.23946955E-02        0.20945249E+06      0.21568036E-09      0.14099832E-11       0       0
 444   0.29636505E+02     -0.40448214E-03       0.15745929E-02        0.20936304E+06      0.37475969E-10      0.88817842E-12       0       0
 446   0.29770003E+02     -0.39358667E-03       0.77652409E-03        0.20927360E+06      0.33918734E-09      0.41078252E-12       0       0
 448   0.29903501E+02     -0.38293742E-03       0.00000000E+00        0.20916180E+06      0.35417519E-09      0.10991208E-11       0       0
 
