 FOR ENERGY=           1
 MAXIMUM PROBABILITY ERROR
 B_IMP  0.000000000000000E+000
 L_ORB  0.000000000000000E+000
 R_FIN   100.007002191561     
 PHI_FIN  0.000000000000000E+000
 PROBAB_SURV  9.293456072989202E-002
 ERROR_ENERG  8.434715151593186E-002
 ERROR_PROBAB  1.028216663478965E-003
 STATE           1
 #NTRAJECT           1
 #NPROC           0
 
 MAXIMUM ENERGY ERROR
 B_IMP   3.10364374431344     
 L_ORB   46.0000000000000     
 R_FIN   100.001046672734     
 PHI_FIN   1.29704421997976     
 PROBAB_SURV  0.101817398993428     
 ERROR_ENERG  9.844069882668528E-002
 ERROR_PROBAB  3.557255013442173E-004
 STATE           1
 #NTRAJECT           3
 #NPROC          48
 -------------------------
