 M RESOLVED CROSSECTIONS WITHOUT BILLING CORRECTION
INI_STATE#    1
   ENERGY#    1
 j12=           0
 m12=           0
CHANNEL# CROSSSECTIONS,ANG^2
   1       0.37512974387E+03
   2       0.16326201533E+01
   3       0.41253993924E+01
   4       0.19868675759E+00
   5       0.10760727462E+01
   6       0.51961814564E+01
   7       0.60456690587E+00
   8       0.79938081454E+00
   9       0.13524110734E+01
  10       0.14886895215E+01
  11       0.63113210627E+00
  12       0.65768655087E+00
  13       0.90843747937E+00
  14       0.74574656946E+00
  15       0.14294421834E+01
