STATE= 1
j12= 0
m12= 0
ENERGY#1, U(i)= 1500.000 cm^-1
J_TOTAL     B_IMPACT     CHANNEL=  1  CHANNEL=  2  CHANNEL=  3  CHANNEL=  4  CHANNEL=  5  CHANNEL=  6  CHANNEL=  7  CHANNEL=  8  CHANNEL=  9  CHANNEL= 10  CHANNEL= 11  CHANNEL= 12  CHANNEL= 13  CHANNEL= 14  CHANNEL= 15  
    0    0.00000000E+00  0.36426E-03  0.11528E-04  0.22674E-03  0.10701E-03  0.51818E-03  0.96374E-05  0.23733E-03  0.18905E-03  0.41893E-03  0.30695E-03  0.35715E-03  0.18850E-03  0.54989E-03  0.20921E-03  0.22525E-03 
    1    0.94397179E-01  0.00000E+00  0.00000E+00  0.00000E+00  0.00000E+00  0.00000E+00  0.00000E+00  0.00000E+00  0.00000E+00  0.00000E+00  0.00000E+00  0.00000E+00  0.00000E+00  0.00000E+00  0.00000E+00  0.00000E+00 
    2    0.16350071E+00  0.18096E-02  0.59329E-04  0.11322E-02  0.53264E-03  0.25873E-02  0.48560E-04  0.11905E-02  0.94616E-03  0.20954E-02  0.15388E-02  0.17846E-02  0.94614E-03  0.27428E-02  0.10495E-02  0.11345E-02 
    3    0.23122492E+00  0.00000E+00  0.00000E+00  0.00000E+00  0.00000E+00  0.00000E+00  0.00000E+00  0.00000E+00  0.00000E+00  0.00000E+00  0.00000E+00  0.00000E+00  0.00000E+00  0.00000E+00  0.00000E+00  0.00000E+00 
    4    0.29851009E+00  0.32081E-02  0.11408E-03  0.20311E-02  0.94864E-03  0.46415E-02  0.88920E-04  0.21597E-02  0.17069E-02  0.37746E-02  0.27869E-02  0.32074E-02  0.17182E-02  0.49090E-02  0.19042E-02  0.20772E-02 
    5    0.36559870E+00  0.00000E+00  0.00000E+00  0.00000E+00  0.00000E+00  0.00000E+00  0.00000E+00  0.00000E+00  0.00000E+00  0.00000E+00  0.00000E+00  0.00000E+00  0.00000E+00  0.00000E+00  0.00000E+00  0.00000E+00 
    6    0.43258222E+00  0.45227E-02  0.18205E-03  0.29176E-02  0.13466E-02  0.66669E-02  0.13148E-03  0.31581E-02  0.24737E-02  0.54590E-02  0.40636E-02  0.46208E-02  0.25165E-02  0.70271E-02  0.27860E-02  0.30829E-02 
    7    0.49950292E+00  0.00000E+00  0.00000E+00  0.00000E+00  0.00000E+00  0.00000E+00  0.00000E+00  0.00000E+00  0.00000E+00  0.00000E+00  0.00000E+00  0.00000E+00  0.00000E+00  0.00000E+00  0.00000E+00  0.00000E+00 
    8    0.56638308E+00  0.57173E-02  0.27067E-03  0.37853E-02  0.17172E-02  0.86465E-02  0.17632E-03  0.41992E-02  0.32480E-02  0.71509E-02  0.53795E-02  0.60184E-02  0.33526E-02  0.90762E-02  0.37095E-02  0.41858E-02 
    9    0.63323553E+00  0.00000E+00  0.00000E+00  0.00000E+00  0.00000E+00  0.00000E+00  0.00000E+00  0.00000E+00  0.00000E+00  0.00000E+00  0.00000E+00  0.00000E+00  0.00000E+00  0.00000E+00  0.00000E+00  0.00000E+00 
   10    0.70006822E+00  0.67578E-02  0.38910E-03  0.46258E-02  0.20513E-02  0.10559E-01  0.22309E-03  0.52980E-02  0.40300E-02  0.88527E-02  0.67421E-02  0.73918E-02  0.42369E-02  0.11037E-01  0.46922E-02  0.54257E-02 
   11    0.76688631E+00  0.00000E+00  0.00000E+00  0.00000E+00  0.00000E+00  0.00000E+00  0.00000E+00  0.00000E+00  0.00000E+00  0.00000E+00  0.00000E+00  0.00000E+00  0.00000E+00  0.00000E+00  0.00000E+00  0.00000E+00 
   12    0.83369331E+00  0.76142E-02  0.54862E-03  0.54291E-02  0.23414E-02  0.12379E-01  0.27118E-03  0.64690E-02  0.48177E-02  0.10567E-01  0.81513E-02  0.87305E-02  0.51776E-02  0.12892E-01  0.57533E-02  0.68490E-02 
   13    0.90049170E+00  0.00000E+00  0.00000E+00  0.00000E+00  0.00000E+00  0.00000E+00  0.00000E+00  0.00000E+00  0.00000E+00  0.00000E+00  0.00000E+00  0.00000E+00  0.00000E+00  0.00000E+00  0.00000E+00  0.00000E+00 
   14    0.96728325E+00  0.82634E-02  0.76281E-03  0.61833E-02  0.25848E-02  0.14075E-01  0.32135E-03  0.77261E-02  0.56071E-02  0.12298E-01  0.95966E-02  0.10022E-01  0.61786E-02  0.14630E-01  0.69141E-02  0.85068E-02 
   15    0.10340693E+01  0.00000E+00  0.00000E+00  0.00000E+00  0.00000E+00  0.00000E+00  0.00000E+00  0.00000E+00  0.00000E+00  0.00000E+00  0.00000E+00  0.00000E+00  0.00000E+00  0.00000E+00  0.00000E+00  0.00000E+00 
   16    0.11008508E+01  0.86930E-02  0.10473E-02  0.68743E-02  0.27862E-02  0.15613E-01  0.37839E-03  0.90790E-02  0.63925E-02  0.14047E-01  0.11053E-01  0.11251E-01  0.72393E-02  0.16247E-01  0.81958E-02  0.10450E-01 
   17    0.11676286E+01  0.00000E+00  0.00000E+00  0.00000E+00  0.00000E+00  0.00000E+00  0.00000E+00  0.00000E+00  0.00000E+00  0.00000E+00  0.00000E+00  0.00000E+00  0.00000E+00  0.00000E+00  0.00000E+00  0.00000E+00 
   18    0.12344033E+01  0.89049E-02  0.14192E-02  0.74875E-02  0.29592E-02  0.16960E-01  0.45605E-03  0.10530E-01  0.71676E-02  0.15817E-01  0.12483E-01  0.12399E-01  0.83559E-02  0.17747E-01  0.96186E-02  0.12721E-01 
   19    0.13011753E+01  0.00000E+00  0.00000E+00  0.00000E+00  0.00000E+00  0.00000E+00  0.00000E+00  0.00000E+00  0.00000E+00  0.00000E+00  0.00000E+00  0.00000E+00  0.00000E+00  0.00000E+00  0.00000E+00  0.00000E+00 
   20    0.13679451E+01  0.89203E-02  0.18953E-02  0.80096E-02  0.31237E-02  0.18084E-01  0.58320E-03  0.12065E-01  0.79282E-02  0.17609E-01  0.13844E-01  0.13445E-01  0.95284E-02  0.19140E-01  0.11199E-01  0.15331E-01 
   21    0.14347129E+01  0.00000E+00  0.00000E+00  0.00000E+00  0.00000E+00  0.00000E+00  0.00000E+00  0.00000E+00  0.00000E+00  0.00000E+00  0.00000E+00  0.00000E+00  0.00000E+00  0.00000E+00  0.00000E+00  0.00000E+00 
   22    0.15014791E+01  0.87824E-02  0.24906E-02  0.84326E-02  0.32958E-02  0.18961E-01  0.81126E-03  0.13651E-01  0.86755E-02  0.19418E-01  0.15110E-01  0.14359E-01  0.10769E-01  0.20434E-01  0.12950E-01  0.18243E-01 
   23    0.15682437E+01  0.00000E+00  0.00000E+00  0.00000E+00  0.00000E+00  0.00000E+00  0.00000E+00  0.00000E+00  0.00000E+00  0.00000E+00  0.00000E+00  0.00000E+00  0.00000E+00  0.00000E+00  0.00000E+00  0.00000E+00 
   24    0.16350071E+01  0.85585E-02  0.32172E-02  0.87604E-02  0.34734E-02  0.19578E-01  0.12190E-02  0.15233E-01  0.94199E-02  0.21228E-01  0.16302E-01  0.15116E-01  0.12107E-01  0.21626E-01  0.14875E-01  0.21347E-01 
   25    0.17017694E+01  0.00000E+00  0.00000E+00  0.00000E+00  0.00000E+00  0.00000E+00  0.00000E+00  0.00000E+00  0.00000E+00  0.00000E+00  0.00000E+00  0.00000E+00  0.00000E+00  0.00000E+00  0.00000E+00  0.00000E+00 
   26    0.17685306E+01  0.83385E-02  0.40845E-02  0.90168E-02  0.36218E-02  0.19929E-01  0.19116E-02  0.16743E-01  0.10181E-01  0.23013E-01  0.17520E-01  0.15694E-01  0.13583E-01  0.22679E-01  0.16968E-01  0.24456E-01 
   27    0.18352909E+01  0.00000E+00  0.00000E+00  0.00000E+00  0.00000E+00  0.00000E+00  0.00000E+00  0.00000E+00  0.00000E+00  0.00000E+00  0.00000E+00  0.00000E+00  0.00000E+00  0.00000E+00  0.00000E+00  0.00000E+00 
   28    0.19020505E+01  0.82333E-02  0.51027E-02  0.92557E-02  0.36717E-02  0.20011E-01  0.30110E-02  0.18118E-01  0.10984E-01  0.24722E-01  0.18952E-01  0.16102E-01  0.15214E-01  0.23505E-01  0.19196E-01  0.27337E-01 
   29    0.19688093E+01  0.00000E+00  0.00000E+00  0.00000E+00  0.00000E+00  0.00000E+00  0.00000E+00  0.00000E+00  0.00000E+00  0.00000E+00  0.00000E+00  0.00000E+00  0.00000E+00  0.00000E+00  0.00000E+00  0.00000E+00 
   30    0.20355674E+01  0.83712E-02  0.62872E-02  0.95700E-02  0.35405E-02  0.19822E-01  0.46373E-02  0.19323E-01  0.11847E-01  0.26289E-01  0.20842E-01  0.16390E-01  0.16948E-01  0.23954E-01  0.21495E-01  0.29780E-01 
   31    0.21023250E+01  0.00000E+00  0.00000E+00  0.00000E+00  0.00000E+00  0.00000E+00  0.00000E+00  0.00000E+00  0.00000E+00  0.00000E+00  0.00000E+00  0.00000E+00  0.00000E+00  0.00000E+00  0.00000E+00  0.00000E+00 
   32    0.21690820E+01  0.88962E-02  0.76621E-02  0.10097E-01  0.31755E-02  0.19360E-01  0.68889E-02  0.20355E-01  0.12760E-01  0.27632E-01  0.23403E-01  0.16649E-01  0.18631E-01  0.23846E-01  0.23746E-01  0.31672E-01 
   33    0.22358386E+01  0.00000E+00  0.00000E+00  0.00000E+00  0.00000E+00  0.00000E+00  0.00000E+00  0.00000E+00  0.00000E+00  0.00000E+00  0.00000E+00  0.00000E+00  0.00000E+00  0.00000E+00  0.00000E+00  0.00000E+00 
   34    0.23025947E+01  0.99699E-02  0.92550E-02  0.11013E-01  0.25988E-02  0.18639E-01  0.98250E-02  0.21217E-01  0.13667E-01  0.28689E-01  0.26712E-01  0.16986E-01  0.20041E-01  0.23045E-01  0.25783E-01  0.33013E-01 
   35    0.23693504E+01  0.00000E+00  0.00000E+00  0.00000E+00  0.00000E+00  0.00000E+00  0.00000E+00  0.00000E+00  0.00000E+00  0.00000E+00  0.00000E+00  0.00000E+00  0.00000E+00  0.00000E+00  0.00000E+00  0.00000E+00 
   36    0.24361057E+01  0.11770E-01  0.11081E-01  0.12522E-01  0.19202E-02  0.17716E-01  0.13454E-01  0.21862E-01  0.14460E-01  0.29447E-01  0.30652E-01  0.17448E-01  0.20999E-01  0.21568E-01  0.27409E-01  0.33822E-01 
   37    0.25028607E+01  0.00000E+00  0.00000E+00  0.00000E+00  0.00000E+00  0.00000E+00  0.00000E+00  0.00000E+00  0.00000E+00  0.00000E+00  0.00000E+00  0.00000E+00  0.00000E+00  0.00000E+00  0.00000E+00  0.00000E+00 
   38    0.25696154E+01  0.14483E-01  0.13120E-01  0.14831E-01  0.13062E-02  0.16696E-01  0.17707E-01  0.22156E-01  0.15017E-01  0.29967E-01  0.34941E-01  0.17980E-01  0.21488E-01  0.19678E-01  0.28437E-01  0.34002E-01 
   39    0.26363697E+01  0.00000E+00  0.00000E+00  0.00000E+00  0.00000E+00  0.00000E+00  0.00000E+00  0.00000E+00  0.00000E+00  0.00000E+00  0.00000E+00  0.00000E+00  0.00000E+00  0.00000E+00  0.00000E+00  0.00000E+00 
   40    0.27031238E+01  0.18283E-01  0.15313E-01  0.18115E-01  0.91557E-03  0.15712E-01  0.22389E-01  0.21905E-01  0.15261E-01  0.30354E-01  0.39261E-01  0.18431E-01  0.21645E-01  0.17836E-01  0.28743E-01  0.33322E-01 
   41    0.27698777E+01  0.00000E+00  0.00000E+00  0.00000E+00  0.00000E+00  0.00000E+00  0.00000E+00  0.00000E+00  0.00000E+00  0.00000E+00  0.00000E+00  0.00000E+00  0.00000E+00  0.00000E+00  0.00000E+00  0.00000E+00 
   42    0.28366313E+01  0.23295E-01  0.17576E-01  0.22458E-01  0.84301E-03  0.14867E-01  0.27134E-01  0.20979E-01  0.15233E-01  0.30678E-01  0.43390E-01  0.18668E-01  0.21594E-01  0.16497E-01  0.28305E-01  0.31648E-01 
   43    0.29033847E+01  0.00000E+00  0.00000E+00  0.00000E+00  0.00000E+00  0.00000E+00  0.00000E+00  0.00000E+00  0.00000E+00  0.00000E+00  0.00000E+00  0.00000E+00  0.00000E+00  0.00000E+00  0.00000E+00  0.00000E+00 
   44    0.29701379E+01  0.29576E-01  0.19840E-01  0.27770E-01  0.10918E-02  0.14183E-01  0.31421E-01  0.19442E-01  0.15094E-01  0.30891E-01  0.47283E-01  0.18675E-01  0.21257E-01  0.15819E-01  0.27219E-01  0.29283E-01 
   45    0.30368909E+01  0.00000E+00  0.00000E+00  0.00000E+00  0.00000E+00  0.00000E+00  0.00000E+00  0.00000E+00  0.00000E+00  0.00000E+00  0.00000E+00  0.00000E+00  0.00000E+00  0.00000E+00  0.00000E+00  0.00000E+00 
   46    0.31036437E+01  0.37115E-01  0.22044E-01  0.33704E-01  0.15793E-02  0.13601E-01  0.34739E-01  0.17564E-01  0.15052E-01  0.30830E-01  0.51095E-01  0.18544E-01  0.20386E-01  0.15526E-01  0.25672E-01  0.27071E-01 
   47    0.31703964E+01  0.00000E+00  0.00000E+00  0.00000E+00  0.00000E+00  0.00000E+00  0.00000E+00  0.00000E+00  0.00000E+00  0.00000E+00  0.00000E+00  0.00000E+00  0.00000E+00  0.00000E+00  0.00000E+00  0.00000E+00 
   48    0.32371489E+01  0.45881E-01  0.24087E-01  0.39642E-01  0.21725E-02  0.13048E-01  0.36811E-01  0.15690E-01  0.15245E-01  0.30308E-01  0.55141E-01  0.18309E-01  0.18872E-01  0.15077E-01  0.23865E-01  0.26052E-01 
   49    0.33039013E+01  0.00000E+00  0.00000E+00  0.00000E+00  0.00000E+00  0.00000E+00  0.00000E+00  0.00000E+00  0.00000E+00  0.00000E+00  0.00000E+00  0.00000E+00  0.00000E+00  0.00000E+00  0.00000E+00  0.00000E+00 
   50    0.33706535E+01  0.55889E-01  0.25766E-01  0.44820E-01  0.27557E-02  0.12520E-01  0.37712E-01  0.14054E-01  0.15649E-01  0.29216E-01  0.59725E-01  0.17823E-01  0.17037E-01  0.14071E-01  0.21925E-01  0.26916E-01 
   51    0.34374056E+01  0.00000E+00  0.00000E+00  0.00000E+00  0.00000E+00  0.00000E+00  0.00000E+00  0.00000E+00  0.00000E+00  0.00000E+00  0.00000E+00  0.00000E+00  0.00000E+00  0.00000E+00  0.00000E+00  0.00000E+00 
   52    0.35041576E+01  0.67270E-01  0.26790E-01  0.48571E-01  0.33154E-02  0.12113E-01  0.37726E-01  0.12731E-01  0.16093E-01  0.27553E-01  0.64834E-01  0.16841E-01  0.15509E-01  0.12603E-01  0.19867E-01  0.29742E-01 
   53    0.35709094E+01  0.00000E+00  0.00000E+00  0.00000E+00  0.00000E+00  0.00000E+00  0.00000E+00  0.00000E+00  0.00000E+00  0.00000E+00  0.00000E+00  0.00000E+00  0.00000E+00  0.00000E+00  0.00000E+00  0.00000E+00 
   54    0.36376612E+01  0.80312E-01  0.26890E-01  0.50535E-01  0.39911E-02  0.11982E-01  0.37063E-01  0.11740E-01  0.16393E-01  0.25350E-01  0.69803E-01  0.15321E-01  0.14675E-01  0.11316E-01  0.17684E-01  0.34179E-01 
   55    0.37044128E+01  0.00000E+00  0.00000E+00  0.00000E+00  0.00000E+00  0.00000E+00  0.00000E+00  0.00000E+00  0.00000E+00  0.00000E+00  0.00000E+00  0.00000E+00  0.00000E+00  0.00000E+00  0.00000E+00  0.00000E+00 
   56    0.37711644E+01  0.95457E-01  0.25931E-01  0.50719E-01  0.50057E-02  0.12258E-01  0.35682E-01  0.11159E-01  0.16500E-01  0.22598E-01  0.73329E-01  0.13650E-01  0.14260E-01  0.11089E-01  0.15525E-01  0.39750E-01 
   57    0.38379158E+01  0.00000E+00  0.00000E+00  0.00000E+00  0.00000E+00  0.00000E+00  0.00000E+00  0.00000E+00  0.00000E+00  0.00000E+00  0.00000E+00  0.00000E+00  0.00000E+00  0.00000E+00  0.00000E+00  0.00000E+00 
   58    0.39046672E+01  0.11322E+00  0.23981E-01  0.49406E-01  0.64257E-02  0.12972E-01  0.33352E-01  0.11081E-01  0.16498E-01  0.19299E-01  0.74087E-01  0.12503E-01  0.13623E-01  0.12471E-01  0.13790E-01  0.45880E-01 
   59    0.39714185E+01  0.00000E+00  0.00000E+00  0.00000E+00  0.00000E+00  0.00000E+00  0.00000E+00  0.00000E+00  0.00000E+00  0.00000E+00  0.00000E+00  0.00000E+00  0.00000E+00  0.00000E+00  0.00000E+00  0.00000E+00 
   60    0.40381697E+01  0.13406E+00  0.21325E-01  0.47016E-01  0.78909E-02  0.14011E-01  0.29846E-01  0.11404E-01  0.16464E-01  0.15630E-01  0.71706E-01  0.12357E-01  0.12638E-01  0.15236E-01  0.12965E-01  0.51728E-01 
   61    0.41049208E+01  0.00000E+00  0.00000E+00  0.00000E+00  0.00000E+00  0.00000E+00  0.00000E+00  0.00000E+00  0.00000E+00  0.00000E+00  0.00000E+00  0.00000E+00  0.00000E+00  0.00000E+00  0.00000E+00  0.00000E+00 
   62    0.41716719E+01  0.15814E+00  0.18396E-01  0.43959E-01  0.86609E-02  0.15146E-01  0.25163E-01  0.11759E-01  0.16341E-01  0.12055E-01  0.67255E-01  0.13072E-01  0.12170E-01  0.18402E-01  0.13196E-01  0.56236E-01 
   63    0.42384228E+01  0.00000E+00  0.00000E+00  0.00000E+00  0.00000E+00  0.00000E+00  0.00000E+00  0.00000E+00  0.00000E+00  0.00000E+00  0.00000E+00  0.00000E+00  0.00000E+00  0.00000E+00  0.00000E+00  0.00000E+00 
   64    0.43051738E+01  0.18523E+00  0.15599E-01  0.40596E-01  0.81592E-02  0.16136E-01  0.19683E-01  0.11752E-01  0.16000E-01  0.92061E-02  0.62493E-01  0.13985E-01  0.13314E-01  0.20832E-01  0.13991E-01  0.58651E-01 
   65    0.43719246E+01  0.00000E+00  0.00000E+00  0.00000E+00  0.00000E+00  0.00000E+00  0.00000E+00  0.00000E+00  0.00000E+00  0.00000E+00  0.00000E+00  0.00000E+00  0.00000E+00  0.00000E+00  0.00000E+00  0.00000E+00 
   66    0.44386754E+01  0.21457E+00  0.13125E-01  0.37414E-01  0.65892E-02  0.16831E-01  0.14104E-01  0.11347E-01  0.15420E-01  0.75348E-02  0.58292E-01  0.14510E-01  0.15976E-01  0.22053E-01  0.14520E-01  0.59020E-01 
   67    0.45054262E+01  0.00000E+00  0.00000E+00  0.00000E+00  0.00000E+00  0.00000E+00  0.00000E+00  0.00000E+00  0.00000E+00  0.00000E+00  0.00000E+00  0.00000E+00  0.00000E+00  0.00000E+00  0.00000E+00  0.00000E+00 
   68    0.45721769E+01  0.24489E+00  0.10938E-01  0.35209E-01  0.48659E-02  0.17185E-01  0.92348E-02  0.10921E-01  0.14762E-01  0.70214E-02  0.53873E-01  0.14607E-01  0.18582E-01  0.22625E-01  0.14378E-01  0.57892E-01 
   69    0.46389275E+01  0.00000E+00  0.00000E+00  0.00000E+00  0.00000E+00  0.00000E+00  0.00000E+00  0.00000E+00  0.00000E+00  0.00000E+00  0.00000E+00  0.00000E+00  0.00000E+00  0.00000E+00  0.00000E+00  0.00000E+00 
   70    0.47056781E+01  0.27463E+00  0.89106E-02  0.34900E-01  0.37872E-02  0.17191E-01  0.58857E-02  0.10883E-01  0.14217E-01  0.73106E-02  0.47927E-01  0.14545E-01  0.19598E-01  0.23523E-01  0.13966E-01  0.55387E-01 
   71    0.47724286E+01  0.00000E+00  0.00000E+00  0.00000E+00  0.00000E+00  0.00000E+00  0.00000E+00  0.00000E+00  0.00000E+00  0.00000E+00  0.00000E+00  0.00000E+00  0.00000E+00  0.00000E+00  0.00000E+00  0.00000E+00 
   72    0.48391791E+01  0.30231E+00  0.70152E-02  0.37120E-01  0.33701E-02  0.16789E-01  0.48041E-02  0.11232E-01  0.13844E-01  0.81943E-02  0.40477E-01  0.14310E-01  0.19020E-01  0.25035E-01  0.13942E-01  0.50880E-01 
   73    0.49059296E+01  0.00000E+00  0.00000E+00  0.00000E+00  0.00000E+00  0.00000E+00  0.00000E+00  0.00000E+00  0.00000E+00  0.00000E+00  0.00000E+00  0.00000E+00  0.00000E+00  0.00000E+00  0.00000E+00  0.00000E+00 
   74    0.49726800E+01  0.32697E+00  0.54059E-02  0.42004E-01  0.31106E-02  0.15874E-01  0.63563E-02  0.11574E-01  0.13527E-01  0.97820E-02  0.33189E-01  0.13570E-01  0.17875E-01  0.26435E-01  0.14390E-01  0.43958E-01 
   75    0.50394304E+01  0.00000E+00  0.00000E+00  0.00000E+00  0.00000E+00  0.00000E+00  0.00000E+00  0.00000E+00  0.00000E+00  0.00000E+00  0.00000E+00  0.00000E+00  0.00000E+00  0.00000E+00  0.00000E+00  0.00000E+00 
   76    0.51061807E+01  0.34830E+00  0.43156E-02  0.49176E-01  0.27080E-02  0.14432E-01  0.10329E-01  0.11538E-01  0.13063E-01  0.12126E-01  0.27744E-01  0.12233E-01  0.16735E-01  0.26828E-01  0.14722E-01  0.35446E-01 
   77    0.51729310E+01  0.00000E+00  0.00000E+00  0.00000E+00  0.00000E+00  0.00000E+00  0.00000E+00  0.00000E+00  0.00000E+00  0.00000E+00  0.00000E+00  0.00000E+00  0.00000E+00  0.00000E+00  0.00000E+00  0.00000E+00 
   78    0.52396812E+01  0.36639E+00  0.38783E-02  0.57837E-01  0.23058E-02  0.12611E-01  0.16227E-01  0.11066E-01  0.12293E-01  0.14866E-01  0.24343E-01  0.10755E-01  0.15319E-01  0.26077E-01  0.14359E-01  0.27052E-01 
   79    0.53064315E+01  0.00000E+00  0.00000E+00  0.00000E+00  0.00000E+00  0.00000E+00  0.00000E+00  0.00000E+00  0.00000E+00  0.00000E+00  0.00000E+00  0.00000E+00  0.00000E+00  0.00000E+00  0.00000E+00  0.00000E+00 
   80    0.53731816E+01  0.38143E+00  0.40783E-02  0.66986E-01  0.21277E-02  0.10636E-01  0.23670E-01  0.10336E-01  0.11223E-01  0.17364E-01  0.21922E-01  0.97393E-02  0.13370E-01  0.24758E-01  0.13279E-01  0.20135E-01 
   81    0.54399318E+01  0.00000E+00  0.00000E+00  0.00000E+00  0.00000E+00  0.00000E+00  0.00000E+00  0.00000E+00  0.00000E+00  0.00000E+00  0.00000E+00  0.00000E+00  0.00000E+00  0.00000E+00  0.00000E+00  0.00000E+00 
   82    0.55066819E+01  0.39375E+00  0.48402E-02  0.75606E-01  0.21462E-02  0.87123E-02  0.32470E-01  0.95528E-02  0.10029E-01  0.19150E-01  0.19426E-01  0.93629E-02  0.11309E-01  0.23380E-01  0.11910E-01  0.15084E-01 
   83    0.55734320E+01  0.00000E+00  0.00000E+00  0.00000E+00  0.00000E+00  0.00000E+00  0.00000E+00  0.00000E+00  0.00000E+00  0.00000E+00  0.00000E+00  0.00000E+00  0.00000E+00  0.00000E+00  0.00000E+00  0.00000E+00 
   84    0.56401821E+01  0.40398E+00  0.61252E-02  0.82698E-01  0.21586E-02  0.70450E-02  0.42447E-01  0.88011E-02  0.89741E-02  0.20170E-01  0.16606E-01  0.92791E-02  0.98364E-02  0.21944E-01  0.10646E-01  0.11697E-01 
   85    0.57069321E+01  0.00000E+00  0.00000E+00  0.00000E+00  0.00000E+00  0.00000E+00  0.00000E+00  0.00000E+00  0.00000E+00  0.00000E+00  0.00000E+00  0.00000E+00  0.00000E+00  0.00000E+00  0.00000E+00  0.00000E+00 
   86    0.57736821E+01  0.41308E+00  0.79601E-02  0.87377E-01  0.20441E-02  0.59069E-02  0.53144E-01  0.80275E-02  0.82807E-02  0.20650E-01  0.13836E-01  0.90172E-02  0.91890E-02  0.20224E-01  0.96073E-02  0.97463E-02 
   87    0.58404321E+01  0.00000E+00  0.00000E+00  0.00000E+00  0.00000E+00  0.00000E+00  0.00000E+00  0.00000E+00  0.00000E+00  0.00000E+00  0.00000E+00  0.00000E+00  0.00000E+00  0.00000E+00  0.00000E+00  0.00000E+00 
   88    0.59071821E+01  0.42233E+00  0.10425E-01  0.89053E-01  0.18781E-02  0.56034E-02  0.63618E-01  0.71445E-02  0.80533E-02  0.20775E-01  0.11547E-01  0.83892E-02  0.89959E-02  0.18169E-01  0.87433E-02  0.90455E-02 
   89    0.59739320E+01  0.00000E+00  0.00000E+00  0.00000E+00  0.00000E+00  0.00000E+00  0.00000E+00  0.00000E+00  0.00000E+00  0.00000E+00  0.00000E+00  0.00000E+00  0.00000E+00  0.00000E+00  0.00000E+00  0.00000E+00 
   90    0.60406820E+01  0.43322E+00  0.13648E-01  0.87519E-01  0.18525E-02  0.63265E-02  0.72484E-01  0.61629E-02  0.82860E-02  0.20542E-01  0.98852E-02  0.75539E-02  0.87547E-02  0.15929E-01  0.79985E-02  0.92851E-02 
   91    0.61074318E+01  0.00000E+00  0.00000E+00  0.00000E+00  0.00000E+00  0.00000E+00  0.00000E+00  0.00000E+00  0.00000E+00  0.00000E+00  0.00000E+00  0.00000E+00  0.00000E+00  0.00000E+00  0.00000E+00  0.00000E+00 
   92    0.61741817E+01  0.44730E+00  0.17828E-01  0.82766E-01  0.21193E-02  0.80332E-02  0.78227E-01  0.52140E-02  0.89022E-02  0.19921E-01  0.87024E-02  0.67988E-02  0.82521E-02  0.13653E-01  0.73147E-02  0.10087E-01 
   93    0.62409316E+01  0.00000E+00  0.00000E+00  0.00000E+00  0.00000E+00  0.00000E+00  0.00000E+00  0.00000E+00  0.00000E+00  0.00000E+00  0.00000E+00  0.00000E+00  0.00000E+00  0.00000E+00  0.00000E+00  0.00000E+00 
   94    0.63076814E+01  0.46592E+00  0.23273E-01  0.74743E-01  0.26565E-02  0.10501E-01  0.79484E-01  0.44416E-02  0.98156E-02  0.19160E-01  0.77441E-02  0.62929E-02  0.75201E-02  0.11448E-01  0.66003E-02  0.11197E-01 
   95    0.63744312E+01  0.00000E+00  0.00000E+00  0.00000E+00  0.00000E+00  0.00000E+00  0.00000E+00  0.00000E+00  0.00000E+00  0.00000E+00  0.00000E+00  0.00000E+00  0.00000E+00  0.00000E+00  0.00000E+00  0.00000E+00 
   96    0.64411810E+01  0.48987E+00  0.30401E-01  0.63607E-01  0.32266E-02  0.13563E-01  0.74825E-01  0.38998E-02  0.11052E-01  0.18805E-01  0.68665E-02  0.59796E-02  0.66008E-02  0.95533E-02  0.58376E-02  0.12398E-01 
   97    0.65079308E+01  0.00000E+00  0.00000E+00  0.00000E+00  0.00000E+00  0.00000E+00  0.00000E+00  0.00000E+00  0.00000E+00  0.00000E+00  0.00000E+00  0.00000E+00  0.00000E+00  0.00000E+00  0.00000E+00  0.00000E+00 
   98    0.65746805E+01  0.51903E+00  0.39491E-01  0.50562E-01  0.35535E-02  0.17301E-01  0.62619E-01  0.35385E-02  0.12790E-01  0.19282E-01  0.60749E-02  0.56711E-02  0.55362E-02  0.83920E-02  0.51582E-02  0.13163E-01 
   99    0.66414303E+01  0.00000E+00  0.00000E+00  0.00000E+00  0.00000E+00  0.00000E+00  0.00000E+00  0.00000E+00  0.00000E+00  0.00000E+00  0.00000E+00  0.00000E+00  0.00000E+00  0.00000E+00  0.00000E+00  0.00000E+00 
  100    0.67081800E+01  0.55159E+00  0.49987E-01  0.37694E-01  0.36874E-02  0.21924E-01  0.43351E-01  0.32935E-02  0.14993E-01  0.20785E-01  0.53567E-02  0.52305E-02  0.44528E-02  0.81674E-02  0.46872E-02  0.12640E-01 
  101    0.67749297E+01  0.00000E+00  0.00000E+00  0.00000E+00  0.00000E+00  0.00000E+00  0.00000E+00  0.00000E+00  0.00000E+00  0.00000E+00  0.00000E+00  0.00000E+00  0.00000E+00  0.00000E+00  0.00000E+00  0.00000E+00 
  102    0.68416794E+01  0.58350E+00  0.59998E-01  0.25336E-01  0.38894E-02  0.27232E-01  0.23173E-01  0.33522E-02  0.17166E-01  0.24010E-01  0.45801E-02  0.45630E-02  0.35847E-02  0.80259E-02  0.44592E-02  0.10647E-01 
  103    0.69084290E+01  0.00000E+00  0.00000E+00  0.00000E+00  0.00000E+00  0.00000E+00  0.00000E+00  0.00000E+00  0.00000E+00  0.00000E+00  0.00000E+00  0.00000E+00  0.00000E+00  0.00000E+00  0.00000E+00  0.00000E+00 
  104    0.69751787E+01  0.60594E+00  0.68187E-01  0.13841E-01  0.40939E-02  0.32790E-01  0.11123E-01  0.41011E-02  0.19958E-01  0.28814E-01  0.35534E-02  0.37084E-02  0.34316E-02  0.63179E-02  0.42546E-02  0.90824E-02 
  105    0.70419283E+01  0.00000E+00  0.00000E+00  0.00000E+00  0.00000E+00  0.00000E+00  0.00000E+00  0.00000E+00  0.00000E+00  0.00000E+00  0.00000E+00  0.00000E+00  0.00000E+00  0.00000E+00  0.00000E+00  0.00000E+00 
  106    0.71086780E+01  0.59747E+00  0.78014E-01  0.12647E-01  0.46385E-02  0.39150E-01  0.14797E-01  0.47150E-02  0.25271E-01  0.33421E-01  0.23997E-02  0.30121E-02  0.35492E-02  0.38114E-02  0.34527E-02  0.85283E-02 
  107    0.71754276E+01  0.00000E+00  0.00000E+00  0.00000E+00  0.00000E+00  0.00000E+00  0.00000E+00  0.00000E+00  0.00000E+00  0.00000E+00  0.00000E+00  0.00000E+00  0.00000E+00  0.00000E+00  0.00000E+00  0.00000E+00 
  108    0.72421772E+01  0.52536E+00  0.92818E-01  0.38041E-01  0.55668E-02  0.44255E-01  0.50616E-01  0.43657E-02  0.26638E-01  0.42992E-01  0.14761E-02  0.22191E-02  0.32944E-02  0.30879E-02  0.30968E-02  0.67248E-02 
  109    0.73089268E+01  0.00000E+00  0.00000E+00  0.00000E+00  0.00000E+00  0.00000E+00  0.00000E+00  0.00000E+00  0.00000E+00  0.00000E+00  0.00000E+00  0.00000E+00  0.00000E+00  0.00000E+00  0.00000E+00  0.00000E+00 
  110    0.73756764E+01  0.32635E+00  0.11491E+00  0.10949E+00  0.28500E-02  0.39493E-01  0.17390E+00  0.51157E-02  0.32478E-01  0.41207E-01  0.10349E-02  0.21518E-02  0.22418E-02  0.39722E-02  0.30879E-02  0.79450E-02 
  111    0.74424259E+01  0.00000E+00  0.00000E+00  0.00000E+00  0.00000E+00  0.00000E+00  0.00000E+00  0.00000E+00  0.00000E+00  0.00000E+00  0.00000E+00  0.00000E+00  0.00000E+00  0.00000E+00  0.00000E+00  0.00000E+00 
  112    0.75091755E+01  0.20935E+00  0.10464E+00  0.17911E+00  0.31379E-02  0.39495E-01  0.24665E+00  0.35709E-02  0.24235E-01  0.43989E-01  0.77250E-03  0.12546E-02  0.14087E-02  0.35723E-02  0.51093E-02  0.15607E-01 
  113    0.75759250E+01  0.00000E+00  0.00000E+00  0.00000E+00  0.00000E+00  0.00000E+00  0.00000E+00  0.00000E+00  0.00000E+00  0.00000E+00  0.00000E+00  0.00000E+00  0.00000E+00  0.00000E+00  0.00000E+00  0.00000E+00 
  114    0.76426745E+01  0.18239E+00  0.81751E-01  0.19979E+00  0.50912E-02  0.40880E-01  0.32622E+00  0.13464E-02  0.13964E-01  0.30505E-01  0.27552E-03  0.55898E-03  0.11719E-02  0.28415E-02  0.35872E-02  0.72099E-02 
  115    0.77094241E+01  0.00000E+00  0.00000E+00  0.00000E+00  0.00000E+00  0.00000E+00  0.00000E+00  0.00000E+00  0.00000E+00  0.00000E+00  0.00000E+00  0.00000E+00  0.00000E+00  0.00000E+00  0.00000E+00  0.00000E+00 
  116    0.77761736E+01  0.29387E+00  0.59396E-01  0.17089E+00  0.33771E-02  0.24177E-01  0.30588E+00  0.72294E-03  0.99426E-02  0.26742E-01  0.26130E-03  0.36116E-03  0.17596E-02  0.32491E-02  0.30787E-02  0.95506E-02 
  117    0.78429231E+01  0.00000E+00  0.00000E+00  0.00000E+00  0.00000E+00  0.00000E+00  0.00000E+00  0.00000E+00  0.00000E+00  0.00000E+00  0.00000E+00  0.00000E+00  0.00000E+00  0.00000E+00  0.00000E+00  0.00000E+00 
  118    0.79096725E+01  0.48060E+00  0.42355E-01  0.11664E+00  0.24019E-02  0.15717E-01  0.22394E+00  0.99875E-03  0.77465E-02  0.24107E-01  0.13623E-03  0.29270E-03  0.82523E-03  0.25750E-02  0.28274E-02  0.77849E-02 
  119    0.79764220E+01  0.00000E+00  0.00000E+00  0.00000E+00  0.00000E+00  0.00000E+00  0.00000E+00  0.00000E+00  0.00000E+00  0.00000E+00  0.00000E+00  0.00000E+00  0.00000E+00  0.00000E+00  0.00000E+00  0.00000E+00 
  120    0.80431715E+01  0.61323E+00  0.32055E-01  0.84345E-01  0.18220E-02  0.10753E-01  0.16543E+00  0.79292E-03  0.59530E-02  0.19211E-01  0.14334E-03  0.23096E-03  0.68279E-03  0.21474E-02  0.18895E-02  0.59338E-02 
  121    0.81099209E+01  0.00000E+00  0.00000E+00  0.00000E+00  0.00000E+00  0.00000E+00  0.00000E+00  0.00000E+00  0.00000E+00  0.00000E+00  0.00000E+00  0.00000E+00  0.00000E+00  0.00000E+00  0.00000E+00  0.00000E+00 
  122    0.81766704E+01  0.70685E+00  0.24913E-01  0.64165E-01  0.13227E-02  0.78335E-02  0.12603E+00  0.64197E-03  0.50647E-02  0.14418E-01  0.15242E-03  0.17279E-03  0.54119E-03  0.15520E-02  0.14597E-02  0.51820E-02 
  123    0.82434198E+01  0.00000E+00  0.00000E+00  0.00000E+00  0.00000E+00  0.00000E+00  0.00000E+00  0.00000E+00  0.00000E+00  0.00000E+00  0.00000E+00  0.00000E+00  0.00000E+00  0.00000E+00  0.00000E+00  0.00000E+00 
  124    0.83101692E+01  0.77391E+00  0.20092E-01  0.51070E-01  0.96904E-03  0.61095E-02  0.10018E+00  0.56129E-03  0.44593E-02  0.10858E-01  0.99106E-04  0.10198E-03  0.42679E-03  0.11523E-02  0.11425E-02  0.48395E-02 
  125    0.83769187E+01  0.00000E+00  0.00000E+00  0.00000E+00  0.00000E+00  0.00000E+00  0.00000E+00  0.00000E+00  0.00000E+00  0.00000E+00  0.00000E+00  0.00000E+00  0.00000E+00  0.00000E+00  0.00000E+00  0.00000E+00 
  126    0.84436681E+01  0.82297E+00  0.17034E-01  0.42796E-01  0.73466E-03  0.49973E-02  0.83203E-01  0.45997E-03  0.40126E-02  0.86121E-02  0.56782E-04  0.69850E-04  0.34472E-03  0.86833E-03  0.88621E-03  0.46095E-02 
  127    0.85104175E+01  0.00000E+00  0.00000E+00  0.00000E+00  0.00000E+00  0.00000E+00  0.00000E+00  0.00000E+00  0.00000E+00  0.00000E+00  0.00000E+00  0.00000E+00  0.00000E+00  0.00000E+00  0.00000E+00  0.00000E+00 
  128    0.85771669E+01  0.86122E+00  0.15105E-01  0.37402E-01  0.54762E-03  0.42209E-02  0.71455E-01  0.36842E-03  0.36719E-02  0.72408E-02  0.33524E-04  0.57957E-04  0.27445E-03  0.62708E-03  0.70990E-03  0.44044E-02 
  129    0.86439163E+01  0.00000E+00  0.00000E+00  0.00000E+00  0.00000E+00  0.00000E+00  0.00000E+00  0.00000E+00  0.00000E+00  0.00000E+00  0.00000E+00  0.00000E+00  0.00000E+00  0.00000E+00  0.00000E+00  0.00000E+00 
  130    0.87106656E+01  0.89391E+00  0.13694E-01  0.33381E-01  0.39300E-03  0.36545E-02  0.62504E-01  0.28731E-03  0.34068E-02  0.62772E-02  0.21546E-04  0.52289E-04  0.19944E-03  0.43637E-03  0.56815E-03  0.42235E-02 
  131    0.87774150E+01  0.00000E+00  0.00000E+00  0.00000E+00  0.00000E+00  0.00000E+00  0.00000E+00  0.00000E+00  0.00000E+00  0.00000E+00  0.00000E+00  0.00000E+00  0.00000E+00  0.00000E+00  0.00000E+00  0.00000E+00 
  132    0.88441644E+01  0.92181E+00  0.12657E-01  0.30451E-01  0.27599E-03  0.32558E-02  0.56150E-01  0.22435E-03  0.32441E-02  0.55884E-02  0.15228E-04  0.47233E-04  0.12774E-03  0.31036E-03  0.45557E-03  0.40799E-02 
  133    0.89109137E+01  0.00000E+00  0.00000E+00  0.00000E+00  0.00000E+00  0.00000E+00  0.00000E+00  0.00000E+00  0.00000E+00  0.00000E+00  0.00000E+00  0.00000E+00  0.00000E+00  0.00000E+00  0.00000E+00  0.00000E+00 
  134    0.89776631E+01  0.94564E+00  0.11799E-01  0.28245E-01  0.20785E-03  0.29721E-02  0.52316E-01  0.18819E-03  0.32329E-02  0.50405E-02  0.12306E-04  0.42192E-04  0.77028E-04  0.23476E-03  0.37993E-03  0.39834E-02 
  135    0.90444124E+01  0.00000E+00  0.00000E+00  0.00000E+00  0.00000E+00  0.00000E+00  0.00000E+00  0.00000E+00  0.00000E+00  0.00000E+00  0.00000E+00  0.00000E+00  0.00000E+00  0.00000E+00  0.00000E+00  0.00000E+00 
  136    0.91111618E+01  0.96819E+00  0.10672E-01  0.25632E-01  0.20426E-03  0.27493E-02  0.50083E-01  0.20250E-03  0.34396E-02  0.44800E-02  0.11567E-04  0.38213E-04  0.60076E-04  0.18909E-03  0.35350E-03  0.37450E-02 
  137    0.91779111E+01  0.00000E+00  0.00000E+00  0.00000E+00  0.00000E+00  0.00000E+00  0.00000E+00  0.00000E+00  0.00000E+00  0.00000E+00  0.00000E+00  0.00000E+00  0.00000E+00  0.00000E+00  0.00000E+00  0.00000E+00 
  138    0.92446604E+01  0.99908E+00  0.88317E-02  0.21211E-01  0.26258E-03  0.26814E-02  0.42781E-01  0.21882E-03  0.31754E-02  0.39191E-02  0.94243E-05  0.37087E-04  0.82209E-04  0.40530E-03  0.39851E-03  0.26306E-02 
  139    0.93114097E+01  0.00000E+00  0.00000E+00  0.00000E+00  0.00000E+00  0.00000E+00  0.00000E+00  0.00000E+00  0.00000E+00  0.00000E+00  0.00000E+00  0.00000E+00  0.00000E+00  0.00000E+00  0.00000E+00  0.00000E+00 
  140    0.93781590E+01  0.10440E+01  0.74060E-02  0.14649E-01  0.25389E-03  0.24908E-02  0.24707E-01  0.21410E-03  0.17168E-02  0.32750E-02  0.92292E-05  0.35620E-04  0.66096E-04  0.57328E-03  0.30700E-03  0.17170E-02 
  141    0.94449084E+01  0.00000E+00  0.00000E+00  0.00000E+00  0.00000E+00  0.00000E+00  0.00000E+00  0.00000E+00  0.00000E+00  0.00000E+00  0.00000E+00  0.00000E+00  0.00000E+00  0.00000E+00  0.00000E+00  0.00000E+00 
  142    0.95116577E+01  0.10826E+01  0.66575E-02  0.77283E-02  0.21836E-03  0.18733E-02  0.11931E-01  0.19837E-03  0.10157E-02  0.26320E-02  0.50302E-05  0.23935E-04  0.51782E-04  0.29747E-03  0.22570E-03  0.16026E-02 
  143    0.95784069E+01  0.00000E+00  0.00000E+00  0.00000E+00  0.00000E+00  0.00000E+00  0.00000E+00  0.00000E+00  0.00000E+00  0.00000E+00  0.00000E+00  0.00000E+00  0.00000E+00  0.00000E+00  0.00000E+00  0.00000E+00 
  144    0.96451562E+01  0.11095E+01  0.63215E-02  0.44396E-02  0.12971E-03  0.15378E-02  0.59473E-02  0.18194E-03  0.75344E-03  0.22336E-02  0.33912E-05  0.16915E-04  0.34433E-04  0.18480E-03  0.19475E-03  0.13073E-02 
  145    0.97119055E+01  0.00000E+00  0.00000E+00  0.00000E+00  0.00000E+00  0.00000E+00  0.00000E+00  0.00000E+00  0.00000E+00  0.00000E+00  0.00000E+00  0.00000E+00  0.00000E+00  0.00000E+00  0.00000E+00  0.00000E+00 
  146    0.97786548E+01  0.11289E+01  0.61319E-02  0.43931E-02  0.61508E-04  0.14032E-02  0.34684E-02  0.15768E-03  0.53169E-03  0.20525E-02  0.63103E-05  0.18447E-04  0.41930E-04  0.15101E-03  0.16856E-03  0.99187E-03 
  147    0.98454041E+01  0.00000E+00  0.00000E+00  0.00000E+00  0.00000E+00  0.00000E+00  0.00000E+00  0.00000E+00  0.00000E+00  0.00000E+00  0.00000E+00  0.00000E+00  0.00000E+00  0.00000E+00  0.00000E+00  0.00000E+00 
  148    0.99121533E+01  0.11440E+01  0.58714E-02  0.58836E-02  0.41217E-04  0.13383E-02  0.32863E-02  0.11733E-03  0.39993E-03  0.19838E-02  0.66760E-05  0.16906E-04  0.50681E-04  0.11509E-03  0.16158E-03  0.80847E-03 
  149    0.99789026E+01  0.00000E+00  0.00000E+00  0.00000E+00  0.00000E+00  0.00000E+00  0.00000E+00  0.00000E+00  0.00000E+00  0.00000E+00  0.00000E+00  0.00000E+00  0.00000E+00  0.00000E+00  0.00000E+00  0.00000E+00 
  150    0.10045652E+02  0.11571E+01  0.54664E-02  0.76162E-02  0.54758E-04  0.13140E-02  0.47405E-02  0.82892E-04  0.40432E-03  0.19577E-02  0.48828E-05  0.12699E-04  0.46332E-04  0.79424E-04  0.17219E-03  0.75195E-03 
  151    0.10112401E+02  0.00000E+00  0.00000E+00  0.00000E+00  0.00000E+00  0.00000E+00  0.00000E+00  0.00000E+00  0.00000E+00  0.00000E+00  0.00000E+00  0.00000E+00  0.00000E+00  0.00000E+00  0.00000E+00  0.00000E+00 
  152    0.10179150E+02  0.11693E+01  0.49688E-02  0.90122E-02  0.82349E-04  0.13220E-02  0.72142E-02  0.62859E-04  0.49471E-03  0.19477E-02  0.31716E-05  0.93664E-05  0.36018E-04  0.57431E-04  0.18456E-03  0.75627E-03 
  153    0.10245900E+02  0.00000E+00  0.00000E+00  0.00000E+00  0.00000E+00  0.00000E+00  0.00000E+00  0.00000E+00  0.00000E+00  0.00000E+00  0.00000E+00  0.00000E+00  0.00000E+00  0.00000E+00  0.00000E+00  0.00000E+00 
  154    0.10312649E+02  0.11815E+01  0.44753E-02  0.99647E-02  0.10981E-03  0.13454E-02  0.10152E-01  0.51759E-04  0.59737E-03  0.19427E-02  0.21752E-05  0.77650E-05  0.27478E-04  0.48765E-04  0.18781E-03  0.76458E-03 
  155    0.10379398E+02  0.00000E+00  0.00000E+00  0.00000E+00  0.00000E+00  0.00000E+00  0.00000E+00  0.00000E+00  0.00000E+00  0.00000E+00  0.00000E+00  0.00000E+00  0.00000E+00  0.00000E+00  0.00000E+00  0.00000E+00 
  156    0.10446147E+02  0.11938E+01  0.40587E-02  0.10591E-01  0.13111E-03  0.13654E-02  0.13222E-01  0.43844E-04  0.66952E-03  0.19343E-02  0.17139E-05  0.71553E-05  0.21954E-04  0.45983E-04  0.18113E-03  0.75200E-03 
  157    0.10512897E+02  0.00000E+00  0.00000E+00  0.00000E+00  0.00000E+00  0.00000E+00  0.00000E+00  0.00000E+00  0.00000E+00  0.00000E+00  0.00000E+00  0.00000E+00  0.00000E+00  0.00000E+00  0.00000E+00  0.00000E+00 
  158    0.10579646E+02  0.12060E+01  0.37385E-02  0.11104E-01  0.14684E-03  0.13749E-02  0.16493E-01  0.36915E-04  0.70054E-03  0.19127E-02  0.15266E-05  0.68541E-05  0.17795E-04  0.42963E-04  0.16766E-03  0.71903E-03 
  159    0.10646395E+02  0.00000E+00  0.00000E+00  0.00000E+00  0.00000E+00  0.00000E+00  0.00000E+00  0.00000E+00  0.00000E+00  0.00000E+00  0.00000E+00  0.00000E+00  0.00000E+00  0.00000E+00  0.00000E+00  0.00000E+00 
  160    0.10713144E+02  0.12181E+01  0.35150E-02  0.11637E-01  0.15686E-03  0.13681E-02  0.19962E-01  0.30689E-04  0.69113E-03  0.18687E-02  0.13610E-05  0.63907E-05  0.14447E-04  0.36841E-04  0.14985E-03  0.67787E-03 
  161    0.10779893E+02  0.00000E+00  0.00000E+00  0.00000E+00  0.00000E+00  0.00000E+00  0.00000E+00  0.00000E+00  0.00000E+00  0.00000E+00  0.00000E+00  0.00000E+00  0.00000E+00  0.00000E+00  0.00000E+00  0.00000E+00 
  162    0.10846643E+02  0.12298E+01  0.33784E-02  0.12302E-01  0.16066E-03  0.13437E-02  0.23584E-01  0.25602E-04  0.65030E-03  0.18018E-02  0.11074E-05  0.55634E-05  0.11769E-04  0.28052E-04  0.13038E-03  0.64243E-03 
  163    0.10913392E+02  0.00000E+00  0.00000E+00  0.00000E+00  0.00000E+00  0.00000E+00  0.00000E+00  0.00000E+00  0.00000E+00  0.00000E+00  0.00000E+00  0.00000E+00  0.00000E+00  0.00000E+00  0.00000E+00  0.00000E+00 
  164    0.10980141E+02  0.12412E+01  0.33108E-02  0.13182E-01  0.15779E-03  0.13046E-02  0.27338E-01  0.21892E-04  0.59079E-03  0.17159E-02  0.79028E-06  0.44645E-05  0.97970E-05  0.19134E-04  0.11133E-03  0.62144E-03 
  165    0.11046890E+02  0.00000E+00  0.00000E+00  0.00000E+00  0.00000E+00  0.00000E+00  0.00000E+00  0.00000E+00  0.00000E+00  0.00000E+00  0.00000E+00  0.00000E+00  0.00000E+00  0.00000E+00  0.00000E+00  0.00000E+00 
  166    0.11113639E+02  0.12521E+01  0.32930E-02  0.14316E-01  0.14814E-03  0.12559E-02  0.31204E-01  0.19160E-04  0.52445E-03  0.16151E-02  0.48664E-06  0.33437E-05  0.85810E-05  0.12454E-04  0.93718E-04  0.61593E-03 
  167    0.11180389E+02  0.00000E+00  0.00000E+00  0.00000E+00  0.00000E+00  0.00000E+00  0.00000E+00  0.00000E+00  0.00000E+00  0.00000E+00  0.00000E+00  0.00000E+00  0.00000E+00  0.00000E+00  0.00000E+00  0.00000E+00 
  168    0.11247138E+02  0.12627E+01  0.33109E-02  0.15678E-01  0.13260E-03  0.12021E-02  0.35143E-01  0.16653E-04  0.46007E-03  0.15027E-02  0.26206E-06  0.24188E-05  0.78940E-05  0.85997E-05  0.77863E-04  0.62129E-03 
  169    0.11313887E+02  0.00000E+00  0.00000E+00  0.00000E+00  0.00000E+00  0.00000E+00  0.00000E+00  0.00000E+00  0.00000E+00  0.00000E+00  0.00000E+00  0.00000E+00  0.00000E+00  0.00000E+00  0.00000E+00  0.00000E+00 
  170    0.11380636E+02  0.12732E+01  0.33569E-02  0.17197E-01  0.11338E-03  0.11468E-02  0.39081E-01  0.13917E-04  0.40299E-03  0.13828E-02  0.13694E-06  0.17590E-05  0.72343E-05  0.66059E-05  0.63899E-04  0.63155E-03 
  171    0.11447385E+02  0.00000E+00  0.00000E+00  0.00000E+00  0.00000E+00  0.00000E+00  0.00000E+00  0.00000E+00  0.00000E+00  0.00000E+00  0.00000E+00  0.00000E+00  0.00000E+00  0.00000E+00  0.00000E+00  0.00000E+00 
  172    0.11514134E+02  0.12836E+01  0.34243E-02  0.18765E-01  0.93210E-04  0.10921E-02  0.42899E-01  0.11100E-04  0.35542E-03  0.12619E-02  0.80971E-07  0.13037E-05  0.62750E-05  0.53029E-05  0.51991E-04  0.64180E-03 
  173    0.11580884E+02  0.00000E+00  0.00000E+00  0.00000E+00  0.00000E+00  0.00000E+00  0.00000E+00  0.00000E+00  0.00000E+00  0.00000E+00  0.00000E+00  0.00000E+00  0.00000E+00  0.00000E+00  0.00000E+00  0.00000E+00 
  174    0.11647633E+02  0.12945E+01  0.35004E-02  0.20252E-01  0.74452E-04  0.10386E-02  0.46393E-01  0.85406E-05  0.31717E-03  0.11464E-02  0.61149E-07  0.96673E-06  0.50816E-05  0.41628E-05  0.42220E-04  0.64736E-03 
  175    0.11714382E+02  0.00000E+00  0.00000E+00  0.00000E+00  0.00000E+00  0.00000E+00  0.00000E+00  0.00000E+00  0.00000E+00  0.00000E+00  0.00000E+00  0.00000E+00  0.00000E+00  0.00000E+00  0.00000E+00  0.00000E+00 
  176    0.11781131E+02  0.13059E+01  0.35751E-02  0.21584E-01  0.58362E-04  0.98614E-03  0.49463E-01  0.64109E-05  0.28659E-03  0.10385E-02  0.58903E-07  0.70967E-06  0.38074E-05  0.31787E-05  0.34339E-04  0.64619E-03 
  177    0.11847880E+02  0.00000E+00  0.00000E+00  0.00000E+00  0.00000E+00  0.00000E+00  0.00000E+00  0.00000E+00  0.00000E+00  0.00000E+00  0.00000E+00  0.00000E+00  0.00000E+00  0.00000E+00  0.00000E+00  0.00000E+00 
  178    0.11914629E+02  0.13180E+01  0.36394E-02  0.22733E-01  0.45235E-04  0.93457E-03  0.52081E-01  0.47861E-05  0.26208E-03  0.93915E-03  0.58244E-07  0.51615E-06  0.26603E-05  0.24897E-05  0.27972E-04  0.63841E-03 
  179    0.11981378E+02  0.00000E+00  0.00000E+00  0.00000E+00  0.00000E+00  0.00000E+00  0.00000E+00  0.00000E+00  0.00000E+00  0.00000E+00  0.00000E+00  0.00000E+00  0.00000E+00  0.00000E+00  0.00000E+00  0.00000E+00 
  180    0.12048128E+02  0.13307E+01  0.36832E-02  0.23691E-01  0.34955E-04  0.88333E-03  0.54228E-01  0.36341E-05  0.24254E-03  0.84871E-03  0.50465E-07  0.37667E-06  0.17959E-05  0.21544E-05  0.22779E-04  0.62467E-03 
  181    0.12114877E+02  0.00000E+00  0.00000E+00  0.00000E+00  0.00000E+00  0.00000E+00  0.00000E+00  0.00000E+00  0.00000E+00  0.00000E+00  0.00000E+00  0.00000E+00  0.00000E+00  0.00000E+00  0.00000E+00  0.00000E+00 
  182    0.12181626E+02  0.13441E+01  0.36978E-02  0.24459E-01  0.27285E-04  0.83197E-03  0.55896E-01  0.28557E-05  0.22725E-03  0.76699E-03  0.36894E-07  0.28123E-06  0.12494E-05  0.20990E-05  0.18503E-04  0.60578E-03 
  183    0.12248375E+02  0.00000E+00  0.00000E+00  0.00000E+00  0.00000E+00  0.00000E+00  0.00000E+00  0.00000E+00  0.00000E+00  0.00000E+00  0.00000E+00  0.00000E+00  0.00000E+00  0.00000E+00  0.00000E+00  0.00000E+00 
  184    0.12315124E+02  0.13582E+01  0.36781E-02  0.25045E-01  0.21957E-04  0.78027E-03  0.57087E-01  0.23414E-05  0.21566E-03  0.69333E-03  0.23815E-07  0.21731E-06  0.95104E-06  0.21768E-05  0.14964E-04  0.58251E-03 
  185    0.12381873E+02  0.00000E+00  0.00000E+00  0.00000E+00  0.00000E+00  0.00000E+00  0.00000E+00  0.00000E+00  0.00000E+00  0.00000E+00  0.00000E+00  0.00000E+00  0.00000E+00  0.00000E+00  0.00000E+00  0.00000E+00 
  186    0.12448622E+02  0.13730E+01  0.36240E-02  0.25461E-01  0.18635E-04  0.72827E-03  0.57816E-01  0.20024E-05  0.20713E-03  0.62673E-03  0.15102E-07  0.17246E-06  0.79093E-06  0.22550E-05  0.12046E-04  0.55551E-03 
  187    0.12515372E+02  0.00000E+00  0.00000E+00  0.00000E+00  0.00000E+00  0.00000E+00  0.00000E+00  0.00000E+00  0.00000E+00  0.00000E+00  0.00000E+00  0.00000E+00  0.00000E+00  0.00000E+00  0.00000E+00  0.00000E+00 
  188    0.12582121E+02  0.13883E+01  0.35401E-02  0.25724E-01  0.16897E-04  0.67623E-03  0.58105E-01  0.17686E-05  0.20082E-03  0.56596E-03  0.10115E-07  0.13784E-06  0.68242E-06  0.22697E-05  0.96642E-05  0.52530E-03 
  189    0.12648870E+02  0.00000E+00  0.00000E+00  0.00000E+00  0.00000E+00  0.00000E+00  0.00000E+00  0.00000E+00  0.00000E+00  0.00000E+00  0.00000E+00  0.00000E+00  0.00000E+00  0.00000E+00  0.00000E+00  0.00000E+00 
  190    0.12715619E+02  0.14042E+01  0.34343E-02  0.25858E-01  0.16267E-04  0.62461E-03  0.57998E-01  0.15800E-05  0.19570E-03  0.50981E-03  0.73224E-08  0.10945E-06  0.58796E-06  0.22241E-05  0.77442E-05  0.49257E-03 
  191    0.12782368E+02  0.00000E+00  0.00000E+00  0.00000E+00  0.00000E+00  0.00000E+00  0.00000E+00  0.00000E+00  0.00000E+00  0.00000E+00  0.00000E+00  0.00000E+00  0.00000E+00  0.00000E+00  0.00000E+00  0.00000E+00 
  192    0.12849117E+02  0.14206E+01  0.33128E-02  0.25891E-01  0.16305E-04  0.57405E-03  0.57546E-01  0.14020E-05  0.19083E-03  0.45788E-03  0.59282E-08  0.85673E-07  0.49905E-06  0.21350E-05  0.62059E-05  0.45833E-03 
  193    0.12915866E+02  0.00000E+00  0.00000E+00  0.00000E+00  0.00000E+00  0.00000E+00  0.00000E+00  0.00000E+00  0.00000E+00  0.00000E+00  0.00000E+00  0.00000E+00  0.00000E+00  0.00000E+00  0.00000E+00  0.00000E+00 
  194    0.12982615E+02  0.14374E+01  0.31778E-02  0.25835E-01  0.16659E-04  0.52518E-03  0.56778E-01  0.12208E-05  0.18546E-03  0.41020E-03  0.49739E-08  0.65565E-07  0.41389E-06  0.20133E-05  0.49794E-05  0.42335E-03 
  195    0.13049364E+02  0.00000E+00  0.00000E+00  0.00000E+00  0.00000E+00  0.00000E+00  0.00000E+00  0.00000E+00  0.00000E+00  0.00000E+00  0.00000E+00  0.00000E+00  0.00000E+00  0.00000E+00  0.00000E+00  0.00000E+00 
  196    0.13116114E+02  0.14545E+01  0.30316E-02  0.25702E-01  0.17064E-04  0.47857E-03  0.55724E-01  0.10326E-05  0.17912E-03  0.36678E-03  0.38476E-08  0.48872E-07  0.33506E-06  0.18748E-05  0.40053E-05  0.38835E-03 
  197    0.13182863E+02  0.00000E+00  0.00000E+00  0.00000E+00  0.00000E+00  0.00000E+00  0.00000E+00  0.00000E+00  0.00000E+00  0.00000E+00  0.00000E+00  0.00000E+00  0.00000E+00  0.00000E+00  0.00000E+00  0.00000E+00 
  198    0.13249612E+02  0.14720E+01  0.28757E-02  0.25500E-01  0.17352E-04  0.43462E-03  0.54415E-01  0.84356E-06  0.17162E-03  0.32763E-03  0.27312E-08  0.35545E-07  0.26604E-06  0.17356E-05  0.32337E-05  0.35405E-03 
  199    0.13316361E+02  0.00000E+00  0.00000E+00  0.00000E+00  0.00000E+00  0.00000E+00  0.00000E+00  0.00000E+00  0.00000E+00  0.00000E+00  0.00000E+00  0.00000E+00  0.00000E+00  0.00000E+00  0.00000E+00  0.00000E+00 
  200    0.13383110E+02  0.14897E+01  0.27116E-02  0.25237E-01  0.17429E-04  0.39362E-03  0.52883E-01  0.66565E-06  0.16295E-03  0.29271E-03  0.22350E-08  0.25403E-07  0.20899E-06  0.16082E-05  0.26231E-05  0.32108E-03 
  201    0.13449859E+02  0.00000E+00  0.00000E+00  0.00000E+00  0.00000E+00  0.00000E+00  0.00000E+00  0.00000E+00  0.00000E+00  0.00000E+00  0.00000E+00  0.00000E+00  0.00000E+00  0.00000E+00  0.00000E+00  0.00000E+00 
  202    0.13516608E+02  0.15077E+01  0.25402E-02  0.24920E-01  0.17266E-04  0.35575E-03  0.51163E-01  0.51204E-06  0.15328E-03  0.26200E-03  0.26404E-08  0.18036E-07  0.16426E-06  0.14988E-05  0.21386E-05  0.28993E-03 
  203    0.13583357E+02  0.00000E+00  0.00000E+00  0.00000E+00  0.00000E+00  0.00000E+00  0.00000E+00  0.00000E+00  0.00000E+00  0.00000E+00  0.00000E+00  0.00000E+00  0.00000E+00  0.00000E+00  0.00000E+00  0.00000E+00 
  204    0.13650106E+02  0.15259E+01  0.23623E-02  0.24552E-01  0.16872E-04  0.32103E-03  0.49286E-01  0.39145E-06  0.14290E-03  0.23534E-03  0.35243E-08  0.12862E-07  0.13085E-06  0.14058E-05  0.17514E-05  0.26098E-03 
  205    0.13716855E+02  0.00000E+00  0.00000E+00  0.00000E+00  0.00000E+00  0.00000E+00  0.00000E+00  0.00000E+00  0.00000E+00  0.00000E+00  0.00000E+00  0.00000E+00  0.00000E+00  0.00000E+00  0.00000E+00  0.00000E+00 
  206    0.13783604E+02  0.15443E+01  0.21791E-02  0.24137E-01  0.16285E-04  0.28937E-03  0.47281E-01  0.30489E-06  0.13209E-03  0.21247E-03  0.41894E-08  0.92664E-08  0.10687E-06  0.13208E-05  0.14377E-05  0.23440E-03 
  207    0.13850354E+02  0.00000E+00  0.00000E+00  0.00000E+00  0.00000E+00  0.00000E+00  0.00000E+00  0.00000E+00  0.00000E+00  0.00000E+00  0.00000E+00  0.00000E+00  0.00000E+00  0.00000E+00  0.00000E+00  0.00000E+00 
  208    0.13917103E+02  0.15628E+01  0.19924E-02  0.23673E-01  0.15547E-04  0.26055E-03  0.45175E-01  0.24577E-06  0.12115E-03  0.19295E-03  0.43077E-08  0.67436E-08  0.89796E-07  0.12326E-05  0.11795E-05  0.21020E-03 
  209    0.13983852E+02  0.00000E+00  0.00000E+00  0.00000E+00  0.00000E+00  0.00000E+00  0.00000E+00  0.00000E+00  0.00000E+00  0.00000E+00  0.00000E+00  0.00000E+00  0.00000E+00  0.00000E+00  0.00000E+00  0.00000E+00 
  210    0.14050601E+02  0.15815E+01  0.18054E-02  0.23161E-01  0.14697E-04  0.23426E-03  0.42993E-01  0.20481E-06  0.11027E-03  0.17623E-03  0.37829E-08  0.49654E-08  0.77925E-07  0.11383E-05  0.96474E-06  0.18830E-03 
  211    0.14117350E+02  0.00000E+00  0.00000E+00  0.00000E+00  0.00000E+00  0.00000E+00  0.00000E+00  0.00000E+00  0.00000E+00  0.00000E+00  0.00000E+00  0.00000E+00  0.00000E+00  0.00000E+00  0.00000E+00  0.00000E+00 
  212    0.14184099E+02  0.16002E+01  0.16216E-02  0.22605E-01  0.13772E-04  0.21019E-03  0.40760E-01  0.17418E-06  0.99648E-04  0.16183E-03  0.27766E-08  0.37002E-08  0.70060E-07  0.10393E-05  0.78523E-06  0.16855E-03 
  213    0.14250848E+02  0.00000E+00  0.00000E+00  0.00000E+00  0.00000E+00  0.00000E+00  0.00000E+00  0.00000E+00  0.00000E+00  0.00000E+00  0.00000E+00  0.00000E+00  0.00000E+00  0.00000E+00  0.00000E+00  0.00000E+00 
  214    0.14317597E+02  0.16190E+01  0.14441E-02  0.22009E-01  0.12806E-04  0.18810E-03  0.38502E-01  0.14849E-06  0.89440E-04  0.14929E-03  0.16831E-08  0.27773E-08  0.65050E-07  0.93753E-06  0.63506E-06  0.15079E-03 
  215    0.14384346E+02  0.00000E+00  0.00000E+00  0.00000E+00  0.00000E+00  0.00000E+00  0.00000E+00  0.00000E+00  0.00000E+00  0.00000E+00  0.00000E+00  0.00000E+00  0.00000E+00  0.00000E+00  0.00000E+00  0.00000E+00 
  216    0.14451095E+02  0.16378E+01  0.12755E-02  0.21376E-01  0.11824E-04  0.16783E-03  0.36239E-01  0.12497E-06  0.79774E-04  0.13823E-03  0.92019E-09  0.20790E-08  0.61831E-07  0.83531E-06  0.50997E-06  0.13481E-03 
  217    0.14517844E+02  0.00000E+00  0.00000E+00  0.00000E+00  0.00000E+00  0.00000E+00  0.00000E+00  0.00000E+00  0.00000E+00  0.00000E+00  0.00000E+00  0.00000E+00  0.00000E+00  0.00000E+00  0.00000E+00  0.00000E+00 
  218    0.14584593E+02  0.16566E+01  0.11181E-02  0.20710E-01  0.10845E-04  0.14925E-03  0.33992E-01  0.10297E-06  0.70746E-04  0.12833E-03  0.68666E-09  0.15320E-08  0.59485E-07  0.73509E-06  0.40670E-06  0.12039E-03 
  219    0.14651342E+02  0.00000E+00  0.00000E+00  0.00000E+00  0.00000E+00  0.00000E+00  0.00000E+00  0.00000E+00  0.00000E+00  0.00000E+00  0.00000E+00  0.00000E+00  0.00000E+00  0.00000E+00  0.00000E+00  0.00000E+00 
  220    0.14718091E+02  0.16753E+01  0.97328E-03  0.20015E-01  0.98836E-05  0.13229E-03  0.31777E-01  0.83125E-07  0.62416E-04  0.11930E-03  0.85854E-09  0.10972E-08  0.57275E-07  0.63908E-06  0.32251E-06  0.10732E-03 
  221    0.14784840E+02  0.00000E+00  0.00000E+00  0.00000E+00  0.00000E+00  0.00000E+00  0.00000E+00  0.00000E+00  0.00000E+00  0.00000E+00  0.00000E+00  0.00000E+00  0.00000E+00  0.00000E+00  0.00000E+00  0.00000E+00 
  222    0.14851590E+02  0.16941E+01  0.84219E-03  0.19296E-01  0.89498E-05  0.11692E-03  0.29611E-01  0.66469E-07  0.54814E-04  0.11091E-03  0.11234E-08  0.75844E-09  0.54647E-07  0.54915E-06  0.25487E-06  0.95434E-04 
  223    0.14918339E+02  0.00000E+00  0.00000E+00  0.00000E+00  0.00000E+00  0.00000E+00  0.00000E+00  0.00000E+00  0.00000E+00  0.00000E+00  0.00000E+00  0.00000E+00  0.00000E+00  0.00000E+00  0.00000E+00  0.00000E+00 
  224    0.14985088E+02  0.17128E+01  0.72515E-03  0.18557E-01  0.80521E-05  0.10308E-03  0.27508E-01  0.53610E-07  0.47939E-04  0.10299E-03  0.12594E-08  0.50960E-09  0.51231E-07  0.46668E-06  0.20131E-06  0.84574E-04 
  225    0.15051837E+02  0.00000E+00  0.00000E+00  0.00000E+00  0.00000E+00  0.00000E+00  0.00000E+00  0.00000E+00  0.00000E+00  0.00000E+00  0.00000E+00  0.00000E+00  0.00000E+00  0.00000E+00  0.00000E+00  0.00000E+00 
  226    0.15118586E+02  0.17314E+01  0.62193E-03  0.17803E-01  0.71998E-05  0.90720E-04  0.25480E-01  0.44169E-07  0.41767E-04  0.95432E-04  0.12382E-08  0.33972E-09  0.46942E-07  0.39256E-06  0.15930E-06  0.74664E-04 
  227    0.15185335E+02  0.00000E+00  0.00000E+00  0.00000E+00  0.00000E+00  0.00000E+00  0.00000E+00  0.00000E+00  0.00000E+00  0.00000E+00  0.00000E+00  0.00000E+00  0.00000E+00  0.00000E+00  0.00000E+00  0.00000E+00 
  228    0.15252084E+02  0.17499E+01  0.53174E-03  0.17042E-01  0.64002E-05  0.79726E-04  0.23537E-01  0.37030E-07  0.36256E-04  0.88216E-04  0.10598E-08  0.22826E-09  0.41947E-07  0.32692E-06  0.12636E-06  0.65672E-04 
  229    0.15318833E+02  0.00000E+00  0.00000E+00  0.00000E+00  0.00000E+00  0.00000E+00  0.00000E+00  0.00000E+00  0.00000E+00  0.00000E+00  0.00000E+00  0.00000E+00  0.00000E+00  0.00000E+00  0.00000E+00  0.00000E+00 
  230    0.15385582E+02  0.17683E+01  0.45355E-03  0.16276E-01  0.56584E-05  0.69975E-04  0.21688E-01  0.31200E-07  0.31357E-04  0.81332E-04  0.77353E-09  0.15689E-09  0.36471E-07  0.26952E-06  0.10046E-06  0.57561E-04 
  231    0.15452331E+02  0.00000E+00  0.00000E+00  0.00000E+00  0.00000E+00  0.00000E+00  0.00000E+00  0.00000E+00  0.00000E+00  0.00000E+00  0.00000E+00  0.00000E+00  0.00000E+00  0.00000E+00  0.00000E+00  0.00000E+00 
  232    0.15519080E+02  0.17866E+01  0.38623E-03  0.15512E-01  0.49774E-05  0.61348E-04  0.19936E-01  0.26042E-07  0.27022E-04  0.74790E-04  0.48099E-09  0.11178E-09  0.30783E-07  0.22000E-06  0.80028E-07  0.50293E-04 
  233    0.15585829E+02  0.00000E+00  0.00000E+00  0.00000E+00  0.00000E+00  0.00000E+00  0.00000E+00  0.00000E+00  0.00000E+00  0.00000E+00  0.00000E+00  0.00000E+00  0.00000E+00  0.00000E+00  0.00000E+00  0.00000E+00 
  234    0.15652578E+02  0.18047E+01  0.32860E-03  0.14755E-01  0.43585E-05  0.53732E-04  0.18287E-01  0.21290E-07  0.23202E-04  0.68603E-04  0.28745E-09  0.83125E-10  0.25159E-07  0.17786E-06  0.63830E-07  0.43820E-04 
  235    0.15719327E+02  0.00000E+00  0.00000E+00  0.00000E+00  0.00000E+00  0.00000E+00  0.00000E+00  0.00000E+00  0.00000E+00  0.00000E+00  0.00000E+00  0.00000E+00  0.00000E+00  0.00000E+00  0.00000E+00  0.00000E+00 
  236    0.15786076E+02  0.18228E+01  0.27948E-03  0.14008E-01  0.38017E-05  0.47017E-04  0.16741E-01  0.16964E-07  0.19852E-04  0.62792E-04  0.24538E-09  0.64428E-10  0.19865E-07  0.14244E-06  0.50927E-07  0.38090E-04 
  237    0.15852825E+02  0.00000E+00  0.00000E+00  0.00000E+00  0.00000E+00  0.00000E+00  0.00000E+00  0.00000E+00  0.00000E+00  0.00000E+00  0.00000E+00  0.00000E+00  0.00000E+00  0.00000E+00  0.00000E+00  0.00000E+00 
  238    0.15919574E+02  0.18407E+01  0.23778E-03  0.13276E-01  0.33051E-05  0.41103E-04  0.15298E-01  0.13229E-07  0.16927E-04  0.57371E-04  0.32502E-09  0.51414E-10  0.15125E-07  0.11302E-06  0.40592E-07  0.33048E-04 
  239    0.15986323E+02  0.00000E+00  0.00000E+00  0.00000E+00  0.00000E+00  0.00000E+00  0.00000E+00  0.00000E+00  0.00000E+00  0.00000E+00  0.00000E+00  0.00000E+00  0.00000E+00  0.00000E+00  0.00000E+00  0.00000E+00 
  240    0.16053072E+02  0.18585E+01  0.20248E-03  0.12562E-01  0.28660E-05  0.35897E-04  0.13956E-01  0.10236E-07  0.14385E-04  0.52350E-04  0.43867E-09  0.41303E-10  0.11107E-07  0.88801E-07  0.32273E-07  0.28633E-04 
  241    0.16119821E+02  0.00000E+00  0.00000E+00  0.00000E+00  0.00000E+00  0.00000E+00  0.00000E+00  0.00000E+00  0.00000E+00  0.00000E+00  0.00000E+00  0.00000E+00  0.00000E+00  0.00000E+00  0.00000E+00  0.00000E+00 
  242    0.16186570E+02  0.18761E+01  0.17268E-03  0.11869E-01  0.24803E-05  0.31313E-04  0.12714E-01  0.80111E-08  0.12187E-04  0.47728E-04  0.50960E-09  0.32768E-10  0.79050E-08  0.69014E-07  0.25552E-07  0.24783E-04 
  243    0.16253319E+02  0.00000E+00  0.00000E+00  0.00000E+00  0.00000E+00  0.00000E+00  0.00000E+00  0.00000E+00  0.00000E+00  0.00000E+00  0.00000E+00  0.00000E+00  0.00000E+00  0.00000E+00  0.00000E+00  0.00000E+00 
  244    0.16320068E+02  0.18937E+01  0.14761E-03  0.11200E-01  0.21433E-05  0.27271E-04  0.11566E-01  0.64330E-08  0.10295E-04  0.43496E-04  0.51344E-09  0.25827E-10  0.55296E-08  0.53039E-07  0.20121E-07  0.21435E-04 
  245    0.16386817E+02  0.00000E+00  0.00000E+00  0.00000E+00  0.00000E+00  0.00000E+00  0.00000E+00  0.00000E+00  0.00000E+00  0.00000E+00  0.00000E+00  0.00000E+00  0.00000E+00  0.00000E+00  0.00000E+00  0.00000E+00 
  246    0.16453566E+02  0.19111E+01  0.12657E-03  0.10553E-01  0.18495E-05  0.23703E-04  0.10508E-01  0.53210E-08  0.86760E-05  0.39634E-04  0.44835E-09  0.20864E-10  0.39297E-08  0.40466E-07  0.15761E-07  0.18529E-04 
  247    0.16520315E+02  0.00000E+00  0.00000E+00  0.00000E+00  0.00000E+00  0.00000E+00  0.00000E+00  0.00000E+00  0.00000E+00  0.00000E+00  0.00000E+00  0.00000E+00  0.00000E+00  0.00000E+00  0.00000E+00  0.00000E+00 
  248    0.16587065E+02  0.19284E+01  0.10895E-03  0.99311E-02  0.15938E-05  0.20549E-04  0.95343E-02  0.45149E-08  0.72956E-05  0.36119E-04  0.33619E-09  0.17916E-10  0.29752E-08  0.30850E-07  0.12298E-07  0.16010E-04 
  249    0.16653814E+02  0.00000E+00  0.00000E+00  0.00000E+00  0.00000E+00  0.00000E+00  0.00000E+00  0.00000E+00  0.00000E+00  0.00000E+00  0.00000E+00  0.00000E+00  0.00000E+00  0.00000E+00  0.00000E+00  0.00000E+00 
  250    0.16720563E+02  0.19456E+01  0.94217E-04  0.93330E-02  0.13714E-05  0.17763E-04  0.86398E-02  0.39008E-08  0.61243E-05  0.32921E-04  0.21560E-09  0.16431E-10  0.24751E-08  0.23695E-07  0.95878E-08  0.13824E-04 
  251    0.16787312E+02  0.00000E+00  0.00000E+00  0.00000E+00  0.00000E+00  0.00000E+00  0.00000E+00  0.00000E+00  0.00000E+00  0.00000E+00  0.00000E+00  0.00000E+00  0.00000E+00  0.00000E+00  0.00000E+00  0.00000E+00 
  252    0.16854061E+02  0.19627E+01  0.81896E-04  0.87588E-02  0.11780E-05  0.15306E-04  0.78193E-02  0.33980E-08  0.51344E-05  0.30006E-04  0.12414E-09  0.15421E-10  0.22235E-08  0.18504E-07  0.74992E-08  0.11928E-04 
  253    0.16920810E+02  0.00000E+00  0.00000E+00  0.00000E+00  0.00000E+00  0.00000E+00  0.00000E+00  0.00000E+00  0.00000E+00  0.00000E+00  0.00000E+00  0.00000E+00  0.00000E+00  0.00000E+00  0.00000E+00  0.00000E+00 
  254    0.16987559E+02  0.19797E+01  0.71580E-04  0.82079E-02  0.10096E-05  0.13147E-04  0.70677E-02  0.29397E-08  0.43007E-05  0.27336E-04  0.81573E-10  0.13931E-10  0.20513E-08  0.14812E-07  0.59112E-08  0.10280E-04 
  255    0.17054308E+02  0.00000E+00  0.00000E+00  0.00000E+00  0.00000E+00  0.00000E+00  0.00000E+00  0.00000E+00  0.00000E+00  0.00000E+00  0.00000E+00  0.00000E+00  0.00000E+00  0.00000E+00  0.00000E+00  0.00000E+00 
  256    0.17121057E+02  0.19966E+01  0.62922E-04  0.76797E-02  0.86304E-06  0.11260E-04  0.63801E-02  0.24913E-08  0.36002E-05  0.24875E-04  0.83400E-10  0.11561E-10  0.18651E-08  0.12207E-07  0.47115E-08  0.88439E-05 
  257    0.17187806E+02  0.00000E+00  0.00000E+00  0.00000E+00  0.00000E+00  0.00000E+00  0.00000E+00  0.00000E+00  0.00000E+00  0.00000E+00  0.00000E+00  0.00000E+00  0.00000E+00  0.00000E+00  0.00000E+00  0.00000E+00 
  258    0.17254555E+02  0.20134E+01  0.55628E-04  0.71737E-02  0.73551E-06  0.96199E-05  0.57518E-02  0.20984E-08  0.30121E-05  0.22586E-04  0.10876E-09  0.86910E-11  0.16547E-08  0.10325E-07  0.38011E-08  0.75908E-05 
  259    0.17321304E+02  0.00000E+00  0.00000E+00  0.00000E+00  0.00000E+00  0.00000E+00  0.00000E+00  0.00000E+00  0.00000E+00  0.00000E+00  0.00000E+00  0.00000E+00  0.00000E+00  0.00000E+00  0.00000E+00  0.00000E+00 
  260    0.17388053E+02  0.20301E+01  0.49452E-04  0.66892E-02  0.62459E-06  0.82054E-05  0.51786E-02  0.18812E-08  0.25178E-05  0.20439E-04  0.13695E-09  0.61491E-11  0.14580E-08  0.88582E-08  0.30978E-08  0.64953E-05 
  261    0.17454802E+02  0.00000E+00  0.00000E+00  0.00000E+00  0.00000E+00  0.00000E+00  0.00000E+00  0.00000E+00  0.00000E+00  0.00000E+00  0.00000E+00  0.00000E+00  0.00000E+00  0.00000E+00  0.00000E+00  0.00000E+00 
  262    0.17521551E+02  0.20468E+01  0.44187E-04  0.62266E-02  0.52837E-06  0.69926E-05  0.46567E-02  0.18862E-08  0.21017E-05  0.18419E-04  0.15643E-09  0.44420E-11  0.13041E-08  0.76005E-08  0.25399E-08  0.55386E-05 
  263    0.17588300E+02  0.00000E+00  0.00000E+00  0.00000E+00  0.00000E+00  0.00000E+00  0.00000E+00  0.00000E+00  0.00000E+00  0.00000E+00  0.00000E+00  0.00000E+00  0.00000E+00  0.00000E+00  0.00000E+00  0.00000E+00 
  264    0.17655049E+02  0.20634E+01  0.39658E-04  0.57866E-02  0.44530E-06  0.59561E-05  0.41828E-02  0.19974E-08  0.17511E-05  0.16530E-04  0.15790E-09  0.34738E-11  0.11953E-08  0.64873E-08  0.20866E-08  0.47072E-05 
  265    0.17721798E+02  0.00000E+00  0.00000E+00  0.00000E+00  0.00000E+00  0.00000E+00  0.00000E+00  0.00000E+00  0.00000E+00  0.00000E+00  0.00000E+00  0.00000E+00  0.00000E+00  0.00000E+00  0.00000E+00  0.00000E+00 
  266    0.17788547E+02  0.20800E+01  0.35722E-04  0.53699E-02  0.37399E-06  0.50725E-05  0.37534E-02  0.20958E-08  0.14557E-05  0.14778E-04  0.13815E-09  0.30211E-11  0.11177E-08  0.54839E-08  0.17112E-08  0.39887E-05 
  267    0.17855296E+02  0.00000E+00  0.00000E+00  0.00000E+00  0.00000E+00  0.00000E+00  0.00000E+00  0.00000E+00  0.00000E+00  0.00000E+00  0.00000E+00  0.00000E+00  0.00000E+00  0.00000E+00  0.00000E+00  0.00000E+00 
  268    0.17922045E+02  0.20964E+01  0.32268E-04  0.49768E-02  0.31311E-06  0.43210E-05  0.33653E-02  0.21078E-08  0.12069E-05  0.13165E-04  0.10301E-09  0.28678E-11  0.10483E-08  0.45655E-08  0.13959E-08  0.33712E-05 
  269    0.17988794E+02  0.00000E+00  0.00000E+00  0.00000E+00  0.00000E+00  0.00000E+00  0.00000E+00  0.00000E+00  0.00000E+00  0.00000E+00  0.00000E+00  0.00000E+00  0.00000E+00  0.00000E+00  0.00000E+00  0.00000E+00 
  270    0.18055543E+02  0.21128E+01  0.29206E-04  0.46075E-02  0.26148E-06  0.36830E-05  0.30154E-02  0.20100E-08  0.99773E-06  0.11694E-04  0.64963E-10  0.28495E-11  0.96276E-09  0.37187E-08  0.11290E-08  0.28432E-05 
  271    0.18122292E+02  0.00000E+00  0.00000E+00  0.00000E+00  0.00000E+00  0.00000E+00  0.00000E+00  0.00000E+00  0.00000E+00  0.00000E+00  0.00000E+00  0.00000E+00  0.00000E+00  0.00000E+00  0.00000E+00  0.00000E+00 
  272    0.18189041E+02  0.21292E+01  0.26468E-04  0.42618E-02  0.21798E-06  0.31418E-05  0.27004E-02  0.18182E-08  0.82247E-06  0.10366E-04  0.37009E-10  0.28630E-11  0.84438E-09  0.29419E-08  0.90223E-09  0.23942E-05 
  273    0.18255790E+02  0.00000E+00  0.00000E+00  0.00000E+00  0.00000E+00  0.00000E+00  0.00000E+00  0.00000E+00  0.00000E+00  0.00000E+00  0.00000E+00  0.00000E+00  0.00000E+00  0.00000E+00  0.00000E+00  0.00000E+00 
  274    0.18322539E+02  0.21455E+01  0.24005E-04  0.39395E-02  0.18159E-06  0.26829E-05  0.24175E-02  0.15725E-08  0.67631E-06  0.91773E-05  0.25856E-10  0.28441E-11  0.69153E-09  0.22435E-08  0.70983E-09  0.20142E-05 
  275    0.18389288E+02  0.00000E+00  0.00000E+00  0.00000E+00  0.00000E+00  0.00000E+00  0.00000E+00  0.00000E+00  0.00000E+00  0.00000E+00  0.00000E+00  0.00000E+00  0.00000E+00  0.00000E+00  0.00000E+00  0.00000E+00 
  276    0.18456037E+02  0.21617E+01  0.21777E-04  0.36399E-02  0.15135E-06  0.22931E-05  0.21638E-02  0.13245E-08  0.55520E-06  0.81248E-05  0.29074E-10  0.27446E-11  0.51954E-09  0.16375E-08  0.54790E-09  0.16939E-05 
  277    0.18522786E+02  0.00000E+00  0.00000E+00  0.00000E+00  0.00000E+00  0.00000E+00  0.00000E+00  0.00000E+00  0.00000E+00  0.00000E+00  0.00000E+00  0.00000E+00  0.00000E+00  0.00000E+00  0.00000E+00  0.00000E+00 
  278    0.18589535E+02  0.21779E+01  0.19756E-04  0.33622E-02  0.12635E-06  0.19611E-05  0.19365E-02  0.11252E-08  0.45562E-06  0.72011E-05  0.39042E-10  0.25394E-11  0.35558E-09  0.11376E-08  0.41395E-09  0.14249E-05 
  279    0.18656284E+02  0.00000E+00  0.00000E+00  0.00000E+00  0.00000E+00  0.00000E+00  0.00000E+00  0.00000E+00  0.00000E+00  0.00000E+00  0.00000E+00  0.00000E+00  0.00000E+00  0.00000E+00  0.00000E+00  0.00000E+00 
  280    0.18723033E+02  0.21940E+01  0.17918E-04  0.31052E-02  0.10574E-06  0.16774E-05  0.17330E-02  0.10018E-08  0.37436E-06  0.63958E-05  0.49439E-10  0.22405E-11  0.22663E-09  0.75114E-09  0.30621E-09  0.11993E-05 
  281    0.18789782E+02  0.00000E+00  0.00000E+00  0.00000E+00  0.00000E+00  0.00000E+00  0.00000E+00  0.00000E+00  0.00000E+00  0.00000E+00  0.00000E+00  0.00000E+00  0.00000E+00  0.00000E+00  0.00000E+00  0.00000E+00 
  282    0.18856531E+02  0.22101E+01  0.16242E-04  0.28673E-02  0.88723E-07  0.14338E-05  0.15509E-02  0.94109E-09  0.30841E-06  0.56957E-05  0.55477E-10  0.18881E-11  0.14907E-09  0.47644E-09  0.22280E-09  0.10104E-05 
  283    0.18923280E+02  0.00000E+00  0.00000E+00  0.00000E+00  0.00000E+00  0.00000E+00  0.00000E+00  0.00000E+00  0.00000E+00  0.00000E+00  0.00000E+00  0.00000E+00  0.00000E+00  0.00000E+00  0.00000E+00  0.00000E+00 
  284    0.18990029E+02  0.22262E+01  0.14711E-04  0.26472E-02  0.74603E-07  0.12241E-05  0.13878E-02  0.92182E-09  0.25510E-06  0.50871E-05  0.54365E-10  0.15541E-11  0.12596E-09  0.29875E-09  0.16162E-09  0.85190E-06 
  285    0.19056778E+02  0.00000E+00  0.00000E+00  0.00000E+00  0.00000E+00  0.00000E+00  0.00000E+00  0.00000E+00  0.00000E+00  0.00000E+00  0.00000E+00  0.00000E+00  0.00000E+00  0.00000E+00  0.00000E+00  0.00000E+00 
  286    0.19123527E+02  0.22422E+01  0.13309E-04  0.24431E-02  0.62813E-07  0.10432E-05  0.12418E-02  0.92461E-09  0.21209E-06  0.45565E-05  0.46367E-10  0.13077E-11  0.14496E-09  0.19404E-09  0.11991E-09  0.71889E-06 
  287    0.19190276E+02  0.00000E+00  0.00000E+00  0.00000E+00  0.00000E+00  0.00000E+00  0.00000E+00  0.00000E+00  0.00000E+00  0.00000E+00  0.00000E+00  0.00000E+00  0.00000E+00  0.00000E+00  0.00000E+00  0.00000E+00 
  288    0.19257025E+02  0.22582E+01  0.12027E-04  0.22538E-02  0.52897E-07  0.88699E-06  0.11109E-02  0.92739E-09  0.17738E-06  0.40909E-05  0.34367E-10  0.11753E-11  0.18171E-09  0.13623E-09  0.93957E-10  0.60701E-06 
  289    0.19323774E+02  0.00000E+00  0.00000E+00  0.00000E+00  0.00000E+00  0.00000E+00  0.00000E+00  0.00000E+00  0.00000E+00  0.00000E+00  0.00000E+00  0.00000E+00  0.00000E+00  0.00000E+00  0.00000E+00  0.00000E+00 
  290    0.19390523E+02  0.22742E+01  0.10853E-04  0.20778E-02  0.44502E-07  0.75234E-06  0.99346E-03  0.90211E-09  0.14927E-06  0.36782E-05  0.22308E-10  0.11284E-11  0.20886E-09  0.10397E-09  0.79186E-10  0.51263E-06 
  291    0.19457272E+02  0.00000E+00  0.00000E+00  0.00000E+00  0.00000E+00  0.00000E+00  0.00000E+00  0.00000E+00  0.00000E+00  0.00000E+00  0.00000E+00  0.00000E+00  0.00000E+00  0.00000E+00  0.00000E+00  0.00000E+00 
  292    0.19524021E+02  0.22901E+01  0.97803E-05  0.19138E-02  0.37367E-07  0.63658E-06  0.88810E-03  0.82572E-09  0.12632E-06  0.33075E-05  0.13335E-10  0.11066E-11  0.20760E-09  0.84223E-10  0.70994E-10  0.43273E-06 
  293    0.19590770E+02  0.00000E+00  0.00000E+00  0.00000E+00  0.00000E+00  0.00000E+00  0.00000E+00  0.00000E+00  0.00000E+00  0.00000E+00  0.00000E+00  0.00000E+00  0.00000E+00  0.00000E+00  0.00000E+00  0.00000E+00 
  294    0.19657518E+02  0.23061E+01  0.88004E-05  0.17609E-02  0.31293E-07  0.53746E-06  0.79347E-03  0.70572E-09  0.10733E-06  0.29689E-05  0.86992E-11  0.10630E-11  0.17642E-09  0.71947E-10  0.65845E-10  0.36483E-06 
  295    0.19724267E+02  0.00000E+00  0.00000E+00  0.00000E+00  0.00000E+00  0.00000E+00  0.00000E+00  0.00000E+00  0.00000E+00  0.00000E+00  0.00000E+00  0.00000E+00  0.00000E+00  0.00000E+00  0.00000E+00  0.00000E+00 
  296    0.19791016E+02  0.23220E+01  0.79071E-05  0.16179E-02  0.26120E-07  0.45299E-06  0.70845E-03  0.59362E-09  0.91298E-07  0.26546E-05  0.79353E-11  0.99790E-12  0.13094E-09  0.66660E-10  0.61822E-10  0.30688E-06 
  297    0.19857765E+02  0.00000E+00  0.00000E+00  0.00000E+00  0.00000E+00  0.00000E+00  0.00000E+00  0.00000E+00  0.00000E+00  0.00000E+00  0.00000E+00  0.00000E+00  0.00000E+00  0.00000E+00  0.00000E+00  0.00000E+00 
  298    0.19924514E+02  0.23379E+01  0.70943E-05  0.14845E-02  0.21712E-07  0.38137E-06  0.63210E-03  0.54226E-09  0.77418E-07  0.23601E-05  0.99501E-11  0.93004E-12  0.90421E-10  0.68354E-10  0.58046E-10  0.25734E-06 
  299    0.19991263E+02  0.00000E+00  0.00000E+00  0.00000E+00  0.00000E+00  0.00000E+00  0.00000E+00  0.00000E+00  0.00000E+00  0.00000E+00  0.00000E+00  0.00000E+00  0.00000E+00  0.00000E+00  0.00000E+00  0.00000E+00 
  300    0.20058012E+02  0.23537E+01  0.63566E-05  0.13602E-02  0.17969E-07  0.32090E-06  0.56364E-03  0.54301E-09  0.65252E-07  0.20857E-05  0.13247E-10  0.85135E-12  0.63464E-10  0.75899E-10  0.53938E-10  0.21510E-06 
  301    0.20124761E+02  0.00000E+00  0.00000E+00  0.00000E+00  0.00000E+00  0.00000E+00  0.00000E+00  0.00000E+00  0.00000E+00  0.00000E+00  0.00000E+00  0.00000E+00  0.00000E+00  0.00000E+00  0.00000E+00  0.00000E+00 
  302    0.20191510E+02  0.23696E+01  0.56887E-05  0.12449E-02  0.14805E-07  0.27010E-06  0.50236E-03  0.56907E-09  0.54530E-07  0.18325E-05  0.15924E-10  0.75317E-12  0.52820E-10  0.86317E-10  0.49256E-10  0.17924E-06 
  303    0.20258259E+02  0.00000E+00  0.00000E+00  0.00000E+00  0.00000E+00  0.00000E+00  0.00000E+00  0.00000E+00  0.00000E+00  0.00000E+00  0.00000E+00  0.00000E+00  0.00000E+00  0.00000E+00  0.00000E+00  0.00000E+00 
  304    0.20325008E+02  0.23854E+01  0.50860E-05  0.11384E-02  0.12144E-07  0.22762E-06  0.44762E-03  0.59727E-09  0.45077E-07  0.16013E-05  0.16465E-10  0.63926E-12  0.56858E-10  0.95370E-10  0.44019E-10  0.14894E-06 
  305    0.20391757E+02  0.00000E+00  0.00000E+00  0.00000E+00  0.00000E+00  0.00000E+00  0.00000E+00  0.00000E+00  0.00000E+00  0.00000E+00  0.00000E+00  0.00000E+00  0.00000E+00  0.00000E+00  0.00000E+00  0.00000E+00 
  306    0.20458506E+02  0.24013E+01  0.45437E-05  0.10403E-02  0.99197E-08  0.19228E-06  0.39878E-03  0.61122E-09  0.36790E-07  0.13928E-05  0.14457E-10  0.52614E-12  0.69847E-10  0.98935E-10  0.38362E-10  0.12349E-06 
  307    0.20525255E+02  0.00000E+00  0.00000E+00  0.00000E+00  0.00000E+00  0.00000E+00  0.00000E+00  0.00000E+00  0.00000E+00  0.00000E+00  0.00000E+00  0.00000E+00  0.00000E+00  0.00000E+00  0.00000E+00  0.00000E+00 
  308    0.20592004E+02  0.24171E+01  0.40575E-05  0.95035E-03  0.80776E-08  0.16298E-06  0.35529E-03  0.60114E-09  0.29618E-07  0.12075E-05  0.10739E-10  0.43662E-12  0.83757E-10  0.94438E-10  0.32435E-10  0.10221E-06 
  309    0.20658753E+02  0.00000E+00  0.00000E+00  0.00000E+00  0.00000E+00  0.00000E+00  0.00000E+00  0.00000E+00  0.00000E+00  0.00000E+00  0.00000E+00  0.00000E+00  0.00000E+00  0.00000E+00  0.00000E+00  0.00000E+00 
  310    0.20725502E+02  0.24329E+01  0.36230E-05  0.86813E-03  0.65697E-08  0.13871E-06  0.31661E-03  0.56353E-09  0.23542E-07  0.10452E-05  0.68340E-11  0.38921E-12  0.91116E-10  0.81812E-10  0.26401E-10  0.84544E-07 
  311    0.20792251E+02  0.00000E+00  0.00000E+00  0.00000E+00  0.00000E+00  0.00000E+00  0.00000E+00  0.00000E+00  0.00000E+00  0.00000E+00  0.00000E+00  0.00000E+00  0.00000E+00  0.00000E+00  0.00000E+00  0.00000E+00 
  312    0.20859000E+02  0.24487E+01  0.32359E-05  0.79324E-03  0.53533E-08  0.11856E-06  0.28224E-03  0.50339E-09  0.18546E-07  0.90551E-06  0.39960E-11  0.38858E-12  0.87888E-10  0.63567E-10  0.20506E-10  0.69949E-07 
  313    0.20925749E+02  0.00000E+00  0.00000E+00  0.00000E+00  0.00000E+00  0.00000E+00  0.00000E+00  0.00000E+00  0.00000E+00  0.00000E+00  0.00000E+00  0.00000E+00  0.00000E+00  0.00000E+00  0.00000E+00  0.00000E+00 
  314    0.20992498E+02  0.24644E+01  0.28921E-05  0.72521E-03  0.43865E-08  0.10167E-06  0.25173E-03  0.43704E-09  0.14592E-07  0.78719E-06  0.26203E-11  0.42195E-12  0.74991E-10  0.43914E-10  0.15141E-10  0.57952E-07 
  315    0.21059247E+02  0.00000E+00  0.00000E+00  0.00000E+00  0.00000E+00  0.00000E+00  0.00000E+00  0.00000E+00  0.00000E+00  0.00000E+00  0.00000E+00  0.00000E+00  0.00000E+00  0.00000E+00  0.00000E+00  0.00000E+00 
  316    0.21125996E+02  0.24802E+01  0.25878E-05  0.66350E-03  0.36255E-08  0.87361E-07  0.22465E-03  0.38440E-09  0.11584E-07  0.68830E-06  0.25153E-11  0.46296E-12  0.57215E-10  0.27219E-10  0.10718E-10  0.48119E-07 
  317    0.21192745E+02  0.00000E+00  0.00000E+00  0.00000E+00  0.00000E+00  0.00000E+00  0.00000E+00  0.00000E+00  0.00000E+00  0.00000E+00  0.00000E+00  0.00000E+00  0.00000E+00  0.00000E+00  0.00000E+00  0.00000E+00 
  318    0.21259494E+02  0.24960E+01  0.23190E-05  0.60746E-03  0.30257E-08  0.75078E-07  0.20059E-03  0.35014E-09  0.93601E-08  0.60602E-06  0.33659E-11  0.48211E-12  0.40155E-10  0.16346E-10  0.74059E-11  0.40060E-07 
  319    0.21326243E+02  0.00000E+00  0.00000E+00  0.00000E+00  0.00000E+00  0.00000E+00  0.00000E+00  0.00000E+00  0.00000E+00  0.00000E+00  0.00000E+00  0.00000E+00  0.00000E+00  0.00000E+00  0.00000E+00  0.00000E+00 
  320    0.21392992E+02  0.25117E+01  0.20822E-05  0.55646E-03  0.25470E-08  0.64431E-07  0.17919E-03  0.33265E-09  0.77545E-08  0.53751E-06  0.46155E-11  0.46130E-12  0.28854E-10  0.11977E-10  0.52470E-11  0.33444E-07 
  321    0.21459741E+02  0.00000E+00  0.00000E+00  0.00000E+00  0.00000E+00  0.00000E+00  0.00000E+00  0.00000E+00  0.00000E+00  0.00000E+00  0.00000E+00  0.00000E+00  0.00000E+00  0.00000E+00  0.00000E+00  0.00000E+00 
  322    0.21526490E+02  0.25275E+01  0.18737E-05  0.50993E-03  0.21559E-08  0.55141E-07  0.16013E-03  0.32971E-09  0.66107E-08  0.48012E-06  0.56272E-11  0.40165E-12  0.26107E-10  0.12654E-10  0.41823E-11  0.27998E-07 
  323    0.21593239E+02  0.00000E+00  0.00000E+00  0.00000E+00  0.00000E+00  0.00000E+00  0.00000E+00  0.00000E+00  0.00000E+00  0.00000E+00  0.00000E+00  0.00000E+00  0.00000E+00  0.00000E+00  0.00000E+00  0.00000E+00 
  324    0.21659988E+02  0.25432E+01  0.16905E-05  0.46734E-03  0.18267E-08  0.47014E-07  0.14312E-03  0.33668E-09  0.57925E-08  0.43144E-06  0.59540E-11  0.32095E-12  0.31177E-10  0.15584E-10  0.39927E-11  0.23497E-07 
  325    0.21726737E+02  0.00000E+00  0.00000E+00  0.00000E+00  0.00000E+00  0.00000E+00  0.00000E+00  0.00000E+00  0.00000E+00  0.00000E+00  0.00000E+00  0.00000E+00  0.00000E+00  0.00000E+00  0.00000E+00  0.00000E+00 
  326    0.21793486E+02  0.25589E+01  0.15294E-05  0.42820E-03  0.15427E-08  0.39918E-07  0.12792E-03  0.34381E-09  0.51923E-08  0.38936E-06  0.54989E-11  0.24340E-12  0.40036E-10  0.17880E-10  0.42973E-11  0.19759E-07 
  327    0.21860235E+02  0.00000E+00  0.00000E+00  0.00000E+00  0.00000E+00  0.00000E+00  0.00000E+00  0.00000E+00  0.00000E+00  0.00000E+00  0.00000E+00  0.00000E+00  0.00000E+00  0.00000E+00  0.00000E+00  0.00000E+00 
  328    0.21926984E+02  0.25747E+01  0.13878E-05  0.39210E-03  0.12953E-08  0.33751E-07  0.11431E-03  0.33780E-09  0.47341E-08  0.35200E-06  0.44860E-11  0.18780E-12  0.47203E-10  0.17695E-10  0.46649E-11  0.16636E-07 
  329    0.21993732E+02  0.00000E+00  0.00000E+00  0.00000E+00  0.00000E+00  0.00000E+00  0.00000E+00  0.00000E+00  0.00000E+00  0.00000E+00  0.00000E+00  0.00000E+00  0.00000E+00  0.00000E+00  0.00000E+00  0.00000E+00 
  330    0.22060481E+02  0.25904E+01  0.12632E-05  0.35865E-03  0.10822E-08  0.28425E-07  0.10211E-03  0.31123E-09  0.43660E-08  0.31778E-06  0.32802E-11  0.16125E-12  0.48550E-10  0.14818E-10  0.48233E-11  0.14009E-07 
  331    0.22127230E+02  0.00000E+00  0.00000E+00  0.00000E+00  0.00000E+00  0.00000E+00  0.00000E+00  0.00000E+00  0.00000E+00  0.00000E+00  0.00000E+00  0.00000E+00  0.00000E+00  0.00000E+00  0.00000E+00  0.00000E+00 
  332    0.22193979E+02  0.26061E+01  0.11535E-05  0.32758E-03  0.90199E-09  0.23853E-07  0.91148E-04  0.27394E-09  0.40422E-08  0.28535E-06  0.21805E-11  0.16154E-12  0.43554E-10  0.10551E-10  0.48081E-11  0.11781E-07 
  333    0.22260728E+02  0.00000E+00  0.00000E+00  0.00000E+00  0.00000E+00  0.00000E+00  0.00000E+00  0.00000E+00  0.00000E+00  0.00000E+00  0.00000E+00  0.00000E+00  0.00000E+00  0.00000E+00  0.00000E+00  0.00000E+00 
  334    0.22327477E+02  0.26218E+01  0.10567E-05  0.29867E-03  0.75112E-09  0.19952E-07  0.81302E-04  0.24827E-09  0.37138E-08  0.25393E-06  0.13614E-11  0.18085E-12  0.34893E-10  0.68059E-11  0.48220E-11  0.98754E-08 
  335    0.22394226E+02  0.00000E+00  0.00000E+00  0.00000E+00  0.00000E+00  0.00000E+00  0.00000E+00  0.00000E+00  0.00000E+00  0.00000E+00  0.00000E+00  0.00000E+00  0.00000E+00  0.00000E+00  0.00000E+00  0.00000E+00 
  336    0.22460975E+02  0.26375E+01  0.97134E-06  0.27186E-03  0.62472E-09  0.16648E-07  0.72470E-04  0.23984E-09  0.33543E-08  0.22361E-06  0.97999E-12  0.20692E-12  0.25214E-10  0.47812E-11  0.48723E-11  0.82424E-08 
  337    0.22527724E+02  0.00000E+00  0.00000E+00  0.00000E+00  0.00000E+00  0.00000E+00  0.00000E+00  0.00000E+00  0.00000E+00  0.00000E+00  0.00000E+00  0.00000E+00  0.00000E+00  0.00000E+00  0.00000E+00  0.00000E+00 
  338    0.22594473E+02  0.26532E+01  0.89600E-06  0.24711E-03  0.51812E-09  0.13879E-07  0.64563E-04  0.24310E-09  0.29566E-08  0.19479E-06  0.10549E-11  0.22599E-12  0.16843E-10  0.48423E-11  0.48894E-11  0.68453E-08 
  339    0.22661222E+02  0.00000E+00  0.00000E+00  0.00000E+00  0.00000E+00  0.00000E+00  0.00000E+00  0.00000E+00  0.00000E+00  0.00000E+00  0.00000E+00  0.00000E+00  0.00000E+00  0.00000E+00  0.00000E+00  0.00000E+00 
  340    0.22727971E+02  0.26690E+01  0.82939E-06  0.22436E-03  0.42714E-09  0.11592E-07  0.57501E-04  0.25146E-09  0.25230E-08  0.16787E-06  0.14123E-11  0.22743E-12  0.11709E-10  0.66341E-11  0.48326E-11  0.56548E-08 
  341    0.22794720E+02  0.00000E+00  0.00000E+00  0.00000E+00  0.00000E+00  0.00000E+00  0.00000E+00  0.00000E+00  0.00000E+00  0.00000E+00  0.00000E+00  0.00000E+00  0.00000E+00  0.00000E+00  0.00000E+00  0.00000E+00 
  342    0.22861469E+02  0.26847E+01  0.77037E-06  0.20357E-03  0.34859E-09  0.97336E-08  0.51207E-04  0.25886E-09  0.20656E-08  0.14323E-06  0.17834E-11  0.20815E-12  0.10638E-10  0.92270E-11  0.46790E-11  0.46464E-08 
  343    0.22928218E+02  0.00000E+00  0.00000E+00  0.00000E+00  0.00000E+00  0.00000E+00  0.00000E+00  0.00000E+00  0.00000E+00  0.00000E+00  0.00000E+00  0.00000E+00  0.00000E+00  0.00000E+00  0.00000E+00  0.00000E+00 
  344    0.22994967E+02  0.27004E+01  0.71791E-06  0.18466E-03  0.28069E-09  0.82504E-08  0.45607E-04  0.25994E-09  0.16066E-08  0.12122E-06  0.19499E-11  0.17357E-12  0.13027E-10  0.11475E-10  0.44092E-11  0.37999E-08 
  345    0.23061716E+02  0.00000E+00  0.00000E+00  0.00000E+00  0.00000E+00  0.00000E+00  0.00000E+00  0.00000E+00  0.00000E+00  0.00000E+00  0.00000E+00  0.00000E+00  0.00000E+00  0.00000E+00  0.00000E+00  0.00000E+00 
  346    0.23128465E+02  0.27161E+01  0.67111E-06  0.16755E-03  0.22303E-09  0.70811E-08  0.40636E-04  0.25016E-09  0.11770E-08  0.10211E-06  0.18474E-11  0.13499E-12  0.17086E-10  0.12446E-10  0.40077E-11  0.30974E-08 
  347    0.23195214E+02  0.00000E+00  0.00000E+00  0.00000E+00  0.00000E+00  0.00000E+00  0.00000E+00  0.00000E+00  0.00000E+00  0.00000E+00  0.00000E+00  0.00000E+00  0.00000E+00  0.00000E+00  0.00000E+00  0.00000E+00 
  348    0.23261963E+02  0.27318E+01  0.62919E-06  0.15216E-03  0.17607E-09  0.61578E-08  0.36229E-04  0.22756E-09  0.81088E-09  0.86048E-07  0.15526E-11  0.10463E-12  0.20617E-10  0.11756E-10  0.34865E-11  0.25224E-08 
  349    0.23328712E+02  0.00000E+00  0.00000E+00  0.00000E+00  0.00000E+00  0.00000E+00  0.00000E+00  0.00000E+00  0.00000E+00  0.00000E+00  0.00000E+00  0.00000E+00  0.00000E+00  0.00000E+00  0.00000E+00  0.00000E+00 
  350    0.23395461E+02  0.27475E+01  0.59145E-06  0.13836E-03  0.14020E-09  0.54096E-08  0.32327E-04  0.19599E-09  0.53574E-09  0.73006E-07  0.11756E-11  0.90745E-13  0.21987E-10  0.96871E-11  0.29162E-11  0.20584E-08 
  351    0.23462210E+02  0.00000E+00  0.00000E+00  0.00000E+00  0.00000E+00  0.00000E+00  0.00000E+00  0.00000E+00  0.00000E+00  0.00000E+00  0.00000E+00  0.00000E+00  0.00000E+00  0.00000E+00  0.00000E+00  0.00000E+00 
  352    0.23528959E+02  0.27632E+01  0.55731E-06  0.12602E-03  0.11470E-09  0.47721E-08  0.28874E-04  0.16498E-09  0.36010E-09  0.62759E-07  0.77882E-12  0.94394E-13  0.20724E-10  0.70359E-11  0.24071E-11  0.16884E-08 
  353    0.23595707E+02  0.00000E+00  0.00000E+00  0.00000E+00  0.00000E+00  0.00000E+00  0.00000E+00  0.00000E+00  0.00000E+00  0.00000E+00  0.00000E+00  0.00000E+00  0.00000E+00  0.00000E+00  0.00000E+00  0.00000E+00 
  354    0.23662456E+02  0.27788E+01  0.52623E-06  0.11496E-03  0.97471E-10  0.42005E-08  0.25813E-04  0.14039E-09  0.26983E-09  0.54848E-07  0.44606E-12  0.10966E-12  0.17291E-10  0.46888E-11  0.20104E-11  0.13940E-08 
  355    0.23729205E+02  0.00000E+00  0.00000E+00  0.00000E+00  0.00000E+00  0.00000E+00  0.00000E+00  0.00000E+00  0.00000E+00  0.00000E+00  0.00000E+00  0.00000E+00  0.00000E+00  0.00000E+00  0.00000E+00  0.00000E+00 
  356    0.23795954E+02  0.27945E+01  0.49775E-06  0.10503E-03  0.85872E-10  0.36700E-08  0.23096E-04  0.12436E-09  0.24197E-09  0.48772E-07  0.25809E-12  0.12629E-12  0.12876E-10  0.32988E-11  0.17359E-11  0.11591E-08 
  357    0.23862703E+02  0.00000E+00  0.00000E+00  0.00000E+00  0.00000E+00  0.00000E+00  0.00000E+00  0.00000E+00  0.00000E+00  0.00000E+00  0.00000E+00  0.00000E+00  0.00000E+00  0.00000E+00  0.00000E+00  0.00000E+00 
  358    0.23929452E+02  0.28102E+01  0.47148E-06  0.96056E-04  0.77216E-10  0.31709E-08  0.20677E-04  0.11827E-09  0.25154E-09  0.44080E-07  0.23226E-12  0.13433E-12  0.90245E-11  0.30942E-11  0.15828E-11  0.97054E-09 
  359    0.23996201E+02  0.00000E+00  0.00000E+00  0.00000E+00  0.00000E+00  0.00000E+00  0.00000E+00  0.00000E+00  0.00000E+00  0.00000E+00  0.00000E+00  0.00000E+00  0.00000E+00  0.00000E+00  0.00000E+00  0.00000E+00 
  360    0.24062950E+02  0.28259E+01  0.44709E-06  0.87906E-04  0.69230E-10  0.27040E-08  0.18518E-04  0.12212E-09  0.27534E-09  0.40385E-07  0.32417E-12  0.12857E-12  0.69814E-11  0.38291E-11  0.15299E-11  0.81795E-09 
  361    0.24129699E+02  0.00000E+00  0.00000E+00  0.00000E+00  0.00000E+00  0.00000E+00  0.00000E+00  0.00000E+00  0.00000E+00  0.00000E+00  0.00000E+00  0.00000E+00  0.00000E+00  0.00000E+00  0.00000E+00  0.00000E+00 
  362    0.24196448E+02  0.28416E+01  0.42431E-06  0.80453E-04  0.60584E-10  0.22757E-08  0.16586E-04  0.13289E-09  0.29673E-09  0.37362E-07  0.45771E-12  0.11044E-12  0.71505E-11  0.49288E-11  0.15259E-11  0.69329E-09 
  363    0.24263197E+02  0.00000E+00  0.00000E+00  0.00000E+00  0.00000E+00  0.00000E+00  0.00000E+00  0.00000E+00  0.00000E+00  0.00000E+00  0.00000E+00  0.00000E+00  0.00000E+00  0.00000E+00  0.00000E+00  0.00000E+00 
  364    0.24329946E+02  0.28573E+01  0.40293E-06  0.73588E-04  0.51193E-10  0.18934E-08  0.14852E-04  0.14383E-09  0.30928E-09  0.34744E-07  0.56405E-12  0.86290E-13  0.89358E-11  0.57527E-11  0.14990E-11  0.59053E-09 
  365    0.24396695E+02  0.00000E+00  0.00000E+00  0.00000E+00  0.00000E+00  0.00000E+00  0.00000E+00  0.00000E+00  0.00000E+00  0.00000E+00  0.00000E+00  0.00000E+00  0.00000E+00  0.00000E+00  0.00000E+00  0.00000E+00 
  366    0.24463444E+02  0.28730E+01  0.38277E-06  0.67218E-04  0.42044E-10  0.15611E-08  0.13291E-04  0.14732E-09  0.31641E-09  0.32299E-07  0.60651E-12  0.63551E-13  0.11105E-10  0.58617E-11  0.13984E-11  0.50526E-09 
  367    0.24530193E+02  0.00000E+00  0.00000E+00  0.00000E+00  0.00000E+00  0.00000E+00  0.00000E+00  0.00000E+00  0.00000E+00  0.00000E+00  0.00000E+00  0.00000E+00  0.00000E+00  0.00000E+00  0.00000E+00  0.00000E+00 
  368    0.24596942E+02  0.28887E+01  0.36372E-06  0.61271E-04  0.34449E-10  0.12780E-08  0.11883E-04  0.14117E-09  0.32482E-09  0.29818E-07  0.57783E-12  0.47681E-13  0.12516E-10  0.51936E-11  0.12432E-11  0.43394E-09 
  369    0.24663691E+02  0.00000E+00  0.00000E+00  0.00000E+00  0.00000E+00  0.00000E+00  0.00000E+00  0.00000E+00  0.00000E+00  0.00000E+00  0.00000E+00  0.00000E+00  0.00000E+00  0.00000E+00  0.00000E+00  0.00000E+00 
  370    0.24730440E+02  0.29043E+01  0.34567E-06  0.55699E-04  0.29061E-10  0.10396E-08  0.10612E-04  0.13199E-09  0.33505E-09  0.27136E-07  0.48031E-12  0.41240E-13  0.12671E-10  0.40562E-11  0.11159E-11  0.37304E-09 
  371    0.24797189E+02  0.00000E+00  0.00000E+00  0.00000E+00  0.00000E+00  0.00000E+00  0.00000E+00  0.00000E+00  0.00000E+00  0.00000E+00  0.00000E+00  0.00000E+00  0.00000E+00  0.00000E+00  0.00000E+00  0.00000E+00 
  372    0.24863937E+02  0.29200E+01  0.32852E-06  0.50495E-04  0.25600E-10  0.84053E-09  0.94652E-05  0.12467E-09  0.34119E-09  0.24243E-07  0.34126E-12  0.44427E-13  0.11534E-10  0.28729E-11  0.10509E-11  0.31951E-09 
  373    0.24930686E+02  0.00000E+00  0.00000E+00  0.00000E+00  0.00000E+00  0.00000E+00  0.00000E+00  0.00000E+00  0.00000E+00  0.00000E+00  0.00000E+00  0.00000E+00  0.00000E+00  0.00000E+00  0.00000E+00  0.00000E+00 
  374    0.24997435E+02  0.29357E+01  0.31219E-06  0.45670E-04  0.23406E-10  0.67739E-09  0.84347E-05  0.11911E-09  0.33742E-09  0.21224E-07  0.21333E-12  0.54609E-13  0.94023E-11  0.20064E-11  0.10329E-11  0.27137E-09 
  375    0.25064184E+02  0.00000E+00  0.00000E+00  0.00000E+00  0.00000E+00  0.00000E+00  0.00000E+00  0.00000E+00  0.00000E+00  0.00000E+00  0.00000E+00  0.00000E+00  0.00000E+00  0.00000E+00  0.00000E+00  0.00000E+00 
  376    0.25130933E+02  0.29514E+01  0.29662E-06  0.41227E-04  0.21705E-10  0.54880E-09  0.75115E-05  0.11480E-09  0.31908E-09  0.18180E-07  0.13850E-12  0.66488E-13  0.69270E-11  0.16829E-11  0.10457E-11  0.22754E-09 
  377    0.25197682E+02  0.00000E+00  0.00000E+00  0.00000E+00  0.00000E+00  0.00000E+00  0.00000E+00  0.00000E+00  0.00000E+00  0.00000E+00  0.00000E+00  0.00000E+00  0.00000E+00  0.00000E+00  0.00000E+00  0.00000E+00 
  378    0.25264431E+02  0.29671E+01  0.28174E-06  0.37171E-04  0.19803E-10  0.45382E-09  0.66871E-05  0.11148E-09  0.28367E-09  0.15227E-07  0.12905E-12  0.74346E-13  0.48762E-11  0.19161E-11  0.10739E-11  0.18765E-09 
  379    0.25331180E+02  0.00000E+00  0.00000E+00  0.00000E+00  0.00000E+00  0.00000E+00  0.00000E+00  0.00000E+00  0.00000E+00  0.00000E+00  0.00000E+00  0.00000E+00  0.00000E+00  0.00000E+00  0.00000E+00  0.00000E+00 
  380    0.25397929E+02  0.29828E+01  0.26752E-06  0.33498E-04  0.17282E-10  0.39038E-09  0.59534E-05  0.10883E-09  0.23243E-09  0.12488E-07  0.16755E-12  0.74399E-13  0.38257E-11  0.25142E-11  0.11006E-11  0.15190E-09 
  381    0.25464678E+02  0.00000E+00  0.00000E+00  0.00000E+00  0.00000E+00  0.00000E+00  0.00000E+00  0.00000E+00  0.00000E+00  0.00000E+00  0.00000E+00  0.00000E+00  0.00000E+00  0.00000E+00  0.00000E+00  0.00000E+00 
  382    0.25531427E+02  0.29984E+01  0.25392E-06  0.30201E-04  0.14144E-10  0.35396E-09  0.53025E-05  0.10588E-09  0.17149E-09  0.10077E-07  0.22366E-12  0.66154E-13  0.39272E-11  0.31660E-11  0.11063E-11  0.12078E-09 
  383    0.25598176E+02  0.00000E+00  0.00000E+00  0.00000E+00  0.00000E+00  0.00000E+00  0.00000E+00  0.00000E+00  0.00000E+00  0.00000E+00  0.00000E+00  0.00000E+00  0.00000E+00  0.00000E+00  0.00000E+00  0.00000E+00 
  384    0.25664925E+02  0.30141E+01  0.24092E-06  0.27267E-04  0.10797E-10  0.33702E-09  0.47267E-05  0.10104E-09  0.11144E-09  0.80878E-08  0.27296E-12  0.52274E-13  0.48675E-11  0.35673E-11  0.10760E-11  0.94888E-10 
  385    0.25731674E+02  0.00000E+00  0.00000E+00  0.00000E+00  0.00000E+00  0.00000E+00  0.00000E+00  0.00000E+00  0.00000E+00  0.00000E+00  0.00000E+00  0.00000E+00  0.00000E+00  0.00000E+00  0.00000E+00  0.00000E+00 
  386    0.25798423E+02  0.30298E+01  0.22850E-06  0.24675E-04  0.78619E-11  0.32948E-09  0.42187E-05  0.93745E-10  0.64142E-10  0.65654E-08  0.30190E-12  0.37232E-13  0.60510E-11  0.35394E-11  0.10132E-11  0.74582E-10 
  387    0.25865172E+02  0.00000E+00  0.00000E+00  0.00000E+00  0.00000E+00  0.00000E+00  0.00000E+00  0.00000E+00  0.00000E+00  0.00000E+00  0.00000E+00  0.00000E+00  0.00000E+00  0.00000E+00  0.00000E+00  0.00000E+00 
  388    0.25931921E+02  0.30455E+01  0.21664E-06  0.22399E-04  0.58218E-11  0.32089E-09  0.37709E-05  0.86258E-10  0.37136E-10  0.54948E-08  0.29880E-12  0.25404E-13  0.68978E-11  0.30926E-11  0.94571E-12  0.59663E-10 
  389    0.25998670E+02  0.00000E+00  0.00000E+00  0.00000E+00  0.00000E+00  0.00000E+00  0.00000E+00  0.00000E+00  0.00000E+00  0.00000E+00  0.00000E+00  0.00000E+00  0.00000E+00  0.00000E+00  0.00000E+00  0.00000E+00 
  390    0.26065418E+02  0.30612E+01  0.20529E-06  0.20396E-04  0.47646E-11  0.30448E-09  0.33758E-05  0.80924E-10  0.29707E-10  0.47954E-08  0.25974E-12  0.19739E-13  0.70196E-11  0.23932E-11  0.89136E-12  0.49082E-10 
  391    0.26132167E+02  0.00000E+00  0.00000E+00  0.00000E+00  0.00000E+00  0.00000E+00  0.00000E+00  0.00000E+00  0.00000E+00  0.00000E+00  0.00000E+00  0.00000E+00  0.00000E+00  0.00000E+00  0.00000E+00  0.00000E+00 
  392    0.26198916E+02  0.30769E+01  0.19443E-06  0.18625E-04  0.44871E-11  0.27808E-09  0.30259E-05  0.78157E-10  0.36503E-10  0.43667E-08  0.19839E-12  0.20808E-13  0.62971E-11  0.16788E-11  0.84911E-12  0.41562E-10 
  393    0.26265665E+02  0.00000E+00  0.00000E+00  0.00000E+00  0.00000E+00  0.00000E+00  0.00000E+00  0.00000E+00  0.00000E+00  0.00000E+00  0.00000E+00  0.00000E+00  0.00000E+00  0.00000E+00  0.00000E+00  0.00000E+00 
  394    0.26332414E+02  0.30925E+01  0.18401E-06  0.17046E-04  0.46219E-11  0.24269E-09  0.27150E-05  0.77963E-10  0.50259E-10  0.41200E-08  0.13522E-12  0.26495E-13  0.49425E-11  0.11735E-11  0.81650E-12  0.36048E-10 
  395    0.26399163E+02  0.00000E+00  0.00000E+00  0.00000E+00  0.00000E+00  0.00000E+00  0.00000E+00  0.00000E+00  0.00000E+00  0.00000E+00  0.00000E+00  0.00000E+00  0.00000E+00  0.00000E+00  0.00000E+00  0.00000E+00 
  396    0.26465912E+02  0.31082E+01  0.17403E-06  0.15624E-04  0.47405E-11  0.20162E-09  0.24376E-05  0.80204E-10  0.63187E-10  0.39845E-08  0.88372E-13  0.33273E-13  0.34124E-11  0.10025E-11  0.79049E-12  0.31734E-10 
  397    0.26532661E+02  0.00000E+00  0.00000E+00  0.00000E+00  0.00000E+00  0.00000E+00  0.00000E+00  0.00000E+00  0.00000E+00  0.00000E+00  0.00000E+00  0.00000E+00  0.00000E+00  0.00000E+00  0.00000E+00  0.00000E+00 
  398    0.26599410E+02  0.31239E+01  0.16445E-06  0.14328E-04  0.45053E-11  0.15936E-09  0.21889E-05  0.84180E-10  0.69214E-10  0.39096E-08  0.67298E-13  0.37939E-13  0.22095E-11  0.11526E-11  0.76455E-12  0.28076E-10 
  399    0.26666159E+02  0.00000E+00  0.00000E+00  0.00000E+00  0.00000E+00  0.00000E+00  0.00000E+00  0.00000E+00  0.00000E+00  0.00000E+00  0.00000E+00  0.00000E+00  0.00000E+00  0.00000E+00  0.00000E+00  0.00000E+00 
  400    0.26732908E+02  0.31396E+01  0.15528E-06  0.13132E-04  0.38145E-11  0.12027E-09  0.19648E-05  0.87914E-10  0.66404E-10  0.38615E-08  0.71306E-13  0.38833E-13  0.16631E-11  0.14883E-11  0.72682E-12  0.24805E-10 
  401    0.26799657E+02  0.00000E+00  0.00000E+00  0.00000E+00  0.00000E+00  0.00000E+00  0.00000E+00  0.00000E+00  0.00000E+00  0.00000E+00  0.00000E+00  0.00000E+00  0.00000E+00  0.00000E+00  0.00000E+00  0.00000E+00 
  402    0.26866406E+02  0.31553E+01  0.14651E-06  0.12013E-04  0.28570E-11  0.87485E-10  0.17621E-05  0.88360E-10  0.58083E-10  0.38138E-08  0.92716E-13  0.35948E-13  0.17990E-11  0.18151E-11  0.66588E-12  0.21949E-10 
  403    0.26933155E+02  0.00000E+00  0.00000E+00  0.00000E+00  0.00000E+00  0.00000E+00  0.00000E+00  0.00000E+00  0.00000E+00  0.00000E+00  0.00000E+00  0.00000E+00  0.00000E+00  0.00000E+00  0.00000E+00  0.00000E+00 
  404    0.26999904E+02  0.31709E+01  0.13812E-06  0.10953E-04  0.20072E-11  0.62263E-10  0.15779E-05  0.83472E-10  0.51026E-10  0.37356E-08  0.12131E-12  0.30387E-13  0.23742E-11  0.19675E-11  0.58434E-12  0.19730E-10 
  405    0.27066653E+02  0.00000E+00  0.00000E+00  0.00000E+00  0.00000E+00  0.00000E+00  0.00000E+00  0.00000E+00  0.00000E+00  0.00000E+00  0.00000E+00  0.00000E+00  0.00000E+00  0.00000E+00  0.00000E+00  0.00000E+00 
  406    0.27133401E+02  0.31866E+01  0.13013E-06  0.99419E-05  0.15796E-11  0.44148E-10  0.14102E-05  0.74857E-10  0.50566E-10  0.35874E-08  0.14516E-12  0.24021E-13  0.30402E-11  0.18842E-11  0.50626E-12  0.18259E-10 
  407    0.27200150E+02  0.00000E+00  0.00000E+00  0.00000E+00  0.00000E+00  0.00000E+00  0.00000E+00  0.00000E+00  0.00000E+00  0.00000E+00  0.00000E+00  0.00000E+00  0.00000E+00  0.00000E+00  0.00000E+00  0.00000E+00 
  408    0.27266899E+02  0.32023E+01  0.12251E-06  0.89800E-05  0.16397E-11  0.31737E-10  0.12577E-05  0.65652E-10  0.56932E-10  0.33476E-08  0.15255E-12  0.19212E-13  0.34937E-11  0.16059E-11  0.45187E-12  0.17229E-10 
  409    0.27333648E+02  0.00000E+00  0.00000E+00  0.00000E+00  0.00000E+00  0.00000E+00  0.00000E+00  0.00000E+00  0.00000E+00  0.00000E+00  0.00000E+00  0.00000E+00  0.00000E+00  0.00000E+00  0.00000E+00  0.00000E+00 
  410    0.27400397E+02  0.32180E+01  0.11527E-06  0.80756E-05  0.20808E-11  0.23935E-10  0.11197E-05  0.57299E-10  0.67642E-10  0.30211E-08  0.14028E-12  0.17896E-13  0.35399E-11  0.12253E-11  0.42175E-12  0.16211E-10 
  411    0.27467146E+02  0.00000E+00  0.00000E+00  0.00000E+00  0.00000E+00  0.00000E+00  0.00000E+00  0.00000E+00  0.00000E+00  0.00000E+00  0.00000E+00  0.00000E+00  0.00000E+00  0.00000E+00  0.00000E+00  0.00000E+00 
  412    0.27533895E+02  0.32336E+01  0.10839E-06  0.72359E-05  0.27045E-11  0.20417E-10  0.99552E-06  0.50860E-10  0.79218E-10  0.26238E-08  0.11365E-12  0.20530E-13  0.31460E-11  0.86134E-12  0.41125E-12  0.14944E-10 
  413    0.27600644E+02  0.00000E+00  0.00000E+00  0.00000E+00  0.00000E+00  0.00000E+00  0.00000E+00  0.00000E+00  0.00000E+00  0.00000E+00  0.00000E+00  0.00000E+00  0.00000E+00  0.00000E+00  0.00000E+00  0.00000E+00 
  414    0.27667393E+02  0.32493E+01  0.10186E-06  0.64672E-05  0.32688E-11  0.21274E-10  0.88436E-06  0.47154E-10  0.87731E-10  0.21821E-08  0.82495E-13  0.25978E-13  0.24538E-11  0.61507E-12  0.41321E-12  0.13346E-10 
  415    0.27734142E+02  0.00000E+00  0.00000E+00  0.00000E+00  0.00000E+00  0.00000E+00  0.00000E+00  0.00000E+00  0.00000E+00  0.00000E+00  0.00000E+00  0.00000E+00  0.00000E+00  0.00000E+00  0.00000E+00  0.00000E+00 
  416    0.27800891E+02  0.32650E+01  0.95675E-07  0.57735E-05  0.35595E-11  0.26525E-10  0.78543E-06  0.46514E-10  0.89852E-10  0.17319E-08  0.55799E-13  0.32118E-13  0.17194E-11  0.53402E-12  0.41872E-12  0.11491E-10 
  417    0.27867640E+02  0.00000E+00  0.00000E+00  0.00000E+00  0.00000E+00  0.00000E+00  0.00000E+00  0.00000E+00  0.00000E+00  0.00000E+00  0.00000E+00  0.00000E+00  0.00000E+00  0.00000E+00  0.00000E+00  0.00000E+00 
  418    0.27934389E+02  0.32807E+01  0.89830E-07  0.51569E-05  0.34674E-11  0.35637E-10  0.69786E-06  0.48312E-10  0.84209E-10  0.13143E-08  0.38335E-13  0.36759E-13  0.12036E-11  0.59977E-12  0.41750E-12  0.95640E-11 
  419    0.28001138E+02  0.00000E+00  0.00000E+00  0.00000E+00  0.00000E+00  0.00000E+00  0.00000E+00  0.00000E+00  0.00000E+00  0.00000E+00  0.00000E+00  0.00000E+00  0.00000E+00  0.00000E+00  0.00000E+00  0.00000E+00 
  420    0.28067887E+02  0.32964E+01  0.84312E-07  0.46172E-05  0.30345E-11  0.47178E-10  0.62077E-06  0.50754E-10  0.72396E-10  0.96828E-09  0.30843E-13  0.38380E-13  0.10625E-11  0.74108E-12  0.40026E-12  0.78218E-11 
  421    0.28134635E+02  0.00000E+00  0.00000E+00  0.00000E+00  0.00000E+00  0.00000E+00  0.00000E+00  0.00000E+00  0.00000E+00  0.00000E+00  0.00000E+00  0.00000E+00  0.00000E+00  0.00000E+00  0.00000E+00  0.00000E+00 
  422    0.28201384E+02  0.33120E+01  0.79110E-07  0.41513E-05  0.24371E-11  0.58786E-10  0.55323E-06  0.51647E-10  0.58662E-10  0.71978E-09  0.32073E-13  0.36489E-13  0.12931E-11  0.86597E-12  0.36410E-12  0.65323E-11 
  423    0.28268133E+02  0.00000E+00  0.00000E+00  0.00000E+00  0.00000E+00  0.00000E+00  0.00000E+00  0.00000E+00  0.00000E+00  0.00000E+00  0.00000E+00  0.00000E+00  0.00000E+00  0.00000E+00  0.00000E+00  0.00000E+00 
  424    0.28334882E+02  0.33277E+01  0.74213E-07  0.37537E-05  0.18921E-11  0.67662E-10  0.49424E-06  0.50034E-10  0.47723E-10  0.57325E-09  0.39619E-13  0.31757E-13  0.17500E-11  0.90235E-12  0.31760E-12  0.58611E-11 
  425    0.28401631E+02  0.00000E+00  0.00000E+00  0.00000E+00  0.00000E+00  0.00000E+00  0.00000E+00  0.00000E+00  0.00000E+00  0.00000E+00  0.00000E+00  0.00000E+00  0.00000E+00  0.00000E+00  0.00000E+00  0.00000E+00 
  426    0.28468380E+02  0.33434E+01  0.69601E-07  0.34149E-05  0.15308E-11  0.71860E-10  0.44267E-06  0.46193E-10  0.41649E-10  0.50971E-09  0.48856E-13  0.25933E-13  0.22217E-11  0.83049E-12  0.27215E-12  0.57075E-11 
  427    0.28535129E+02  0.00000E+00  0.00000E+00  0.00000E+00  0.00000E+00  0.00000E+00  0.00000E+00  0.00000E+00  0.00000E+00  0.00000E+00  0.00000E+00  0.00000E+00  0.00000E+00  0.00000E+00  0.00000E+00  0.00000E+00 
  428    0.28601878E+02  0.33591E+01  0.65254E-07  0.31235E-05  0.13794E-11  0.70906E-10  0.39737E-06  0.40207E-10  0.40033E-10  0.50080E-09  0.55005E-13  0.21112E-13  0.25131E-11  0.68296E-12  0.23218E-12  0.57996E-11 
  429    0.28668627E+02  0.00000E+00  0.00000E+00  0.00000E+00  0.00000E+00  0.00000E+00  0.00000E+00  0.00000E+00  0.00000E+00  0.00000E+00  0.00000E+00  0.00000E+00  0.00000E+00  0.00000E+00  0.00000E+00  0.00000E+00 
  430    0.28735376E+02  0.33748E+01  0.61155E-07  0.28697E-05  0.13926E-11  0.65276E-10  0.35734E-06  0.32617E-10  0.41362E-10  0.52083E-09  0.55339E-13  0.18715E-13  0.25093E-11  0.52396E-12  0.20060E-12  0.58884E-11 
  431    0.28802125E+02  0.00000E+00  0.00000E+00  0.00000E+00  0.00000E+00  0.00000E+00  0.00000E+00  0.00000E+00  0.00000E+00  0.00000E+00  0.00000E+00  0.00000E+00  0.00000E+00  0.00000E+00  0.00000E+00  0.00000E+00 
  432    0.28868874E+02  0.33904E+01  0.57289E-07  0.26448E-05  0.14677E-11  0.56191E-10  0.32173E-06  0.24703E-10  0.43290E-10  0.55065E-09  0.49743E-13  0.18995E-13  0.22237E-11  0.42033E-12  0.17950E-12  0.57893E-11 
  433    0.28935623E+02  0.00000E+00  0.00000E+00  0.00000E+00  0.00000E+00  0.00000E+00  0.00000E+00  0.00000E+00  0.00000E+00  0.00000E+00  0.00000E+00  0.00000E+00  0.00000E+00  0.00000E+00  0.00000E+00  0.00000E+00 
  434    0.29002372E+02  0.34061E+01  0.53641E-07  0.24413E-05  0.14825E-11  0.45336E-10  0.28980E-06  0.18221E-10  0.43374E-10  0.57985E-09  0.40120E-13  0.21172E-13  0.17895E-11  0.41374E-12  0.16900E-12  0.54000E-11 
  435    0.29069121E+02  0.00000E+00  0.00000E+00  0.00000E+00  0.00000E+00  0.00000E+00  0.00000E+00  0.00000E+00  0.00000E+00  0.00000E+00  0.00000E+00  0.00000E+00  0.00000E+00  0.00000E+00  0.00000E+00  0.00000E+00 
  436    0.29135869E+02  0.34218E+01  0.50198E-07  0.22524E-05  0.13499E-11  0.34486E-10  0.26093E-06  0.14608E-10  0.40243E-10  0.60641E-09  0.29153E-13  0.24013E-13  0.13946E-11  0.50533E-12  0.16569E-12  0.47190E-11 
  437    0.29202618E+02  0.00000E+00  0.00000E+00  0.00000E+00  0.00000E+00  0.00000E+00  0.00000E+00  0.00000E+00  0.00000E+00  0.00000E+00  0.00000E+00  0.00000E+00  0.00000E+00  0.00000E+00  0.00000E+00  0.00000E+00 
  438    0.29269367E+02  0.34375E+01  0.46952E-07  0.20727E-05  0.10641E-11  0.25137E-10  0.23462E-06  0.14132E-10  0.34640E-10  0.63283E-09  0.19250E-13  0.26369E-13  0.11946E-11  0.65712E-12  0.16289E-12  0.38678E-11 
  439    0.29336116E+02  0.00000E+00  0.00000E+00  0.00000E+00  0.00000E+00  0.00000E+00  0.00000E+00  0.00000E+00  0.00000E+00  0.00000E+00  0.00000E+00  0.00000E+00  0.00000E+00  0.00000E+00  0.00000E+00  0.00000E+00 
  440    0.29402865E+02  0.34532E+01  0.43892E-07  0.18976E-05  0.70836E-12  0.18222E-10  0.21046E-06  0.15935E-10  0.29391E-10  0.65922E-09  0.12262E-13  0.27324E-13  0.12528E-11  0.80830E-12  0.15522E-12  0.30793E-11 
  441    0.29469614E+02  0.00000E+00  0.00000E+00  0.00000E+00  0.00000E+00  0.00000E+00  0.00000E+00  0.00000E+00  0.00000E+00  0.00000E+00  0.00000E+00  0.00000E+00  0.00000E+00  0.00000E+00  0.00000E+00  0.00000E+00 
  442    0.29536363E+02  0.34688E+01  0.41010E-07  0.17245E-05  0.40489E-12  0.14031E-10  0.18817E-06  0.19329E-10  0.27631E-10  0.67737E-09  0.94486E-14  0.26202E-13  0.15354E-11  0.89895E-12  0.14494E-12  0.25925E-11 
  443    0.29603112E+02  0.00000E+00  0.00000E+00  0.00000E+00  0.00000E+00  0.00000E+00  0.00000E+00  0.00000E+00  0.00000E+00  0.00000E+00  0.00000E+00  0.00000E+00  0.00000E+00  0.00000E+00  0.00000E+00  0.00000E+00 
  444    0.29669861E+02  0.34845E+01  0.38299E-07  0.15541E-05  0.23192E-12  0.12265E-10  0.16763E-06  0.24471E-10  0.30361E-10  0.67509E-09  0.10446E-13  0.22979E-13  0.19394E-11  0.89425E-12  0.13875E-12  0.24591E-11 
  445    0.29736610E+02  0.00000E+00  0.00000E+00  0.00000E+00  0.00000E+00  0.00000E+00  0.00000E+00  0.00000E+00  0.00000E+00  0.00000E+00  0.00000E+00  0.00000E+00  0.00000E+00  0.00000E+00  0.00000E+00  0.00000E+00 
  446    0.29803359E+02  0.35002E+01  0.35751E-07  0.13897E-05  0.20329E-12  0.12417E-10  0.14885E-06  0.30922E-10  0.36610E-10  0.64599E-09  0.13248E-13  0.18545E-13  0.23239E-11  0.79919E-12  0.13768E-12  0.25559E-11 
  447    0.29870108E+02  0.00000E+00  0.00000E+00  0.00000E+00  0.00000E+00  0.00000E+00  0.00000E+00  0.00000E+00  0.00000E+00  0.00000E+00  0.00000E+00  0.00000E+00  0.00000E+00  0.00000E+00  0.00000E+00  0.00000E+00 
  448    0.29936857E+02  0.35159E+01  0.33362E-07  0.12348E-05  0.29373E-12  0.14199E-10  0.13182E-06  0.37786E-10  0.44505E-10  0.58782E-09  0.15774E-13  0.14169E-13  0.25485E-11  0.65262E-12  0.14063E-12  0.27493E-11 
  449    0.30003606E+02  0.00000E+00  0.00000E+00  0.00000E+00  0.00000E+00  0.00000E+00  0.00000E+00  0.00000E+00  0.00000E+00  0.00000E+00  0.00000E+00  0.00000E+00  0.00000E+00  0.00000E+00  0.00000E+00  0.00000E+00 
