|----------------------------------------------------------|
|                      	    MQCT                           |
|          THE PROGRAM IS TO PERFORM ROTATIONALLY          |
|   AND VIBRATIONALLY INELASTIC SCATTERING CALCULATIONS.   |
|      	     TO SITE THIS WORK, PLEASE REFER TO:           |
|          A. SEMENOV, B. MANDAL, and D. BABIKOV,          |
|          COMPUTER PHYSICS COMMUNICATIONS, 2019           |
|----------------------------------------------------------|
 
THIS RUN PERFORMED ON  1/10/2020 at   7 a.m. 49 minutes, LOCAL MACHINE TIME
YOUR JOB NAME: H2O+H2O
 
REDUCED MASS,A.M.U.: MASS =    9.008
 
THE POTENTIAL RANGE: FROM Rmin =   4.00 TO Rmax =100.00 BOHR
 
COLLISIONAL ENERGIES, CM-1:
E(   1)= 1500.000;
 
MAX IMPACT PARAMETER IS,a.u =     30.000
ORBITAL ANGULAR MOMENTUM STEP_SIZE:=   2
 
 
ALL TRAJECTORIES WILL BE STOPED AFTER TIME_LIMT=  0.3500E+07
 
TRAPPED TRAJECTIRY WILL STOP AFTER   1 ROUNDS AND    1 OSCILLATIONS
 
PROPAGATOR TYPE: ADAPTIVE STEP SIZE CONTROL RUNGE-KUTTA
MAXIMUM TIME STEP IN ADAPTIVE STEP SIZE CONTROL SCHEME TIME_STEP =        50.00
MINIMUM TIME STEP IN ADAPTIVE STEP SIZE CONTROL SCHEME MIN_TSTEP =         5.00
ADAPTIVE STEP SIZE ACCURACY 0.1000E-02
 
THE COLLISIONAL SYSTEM: ASYMMETRIC TOP + ASYMMETRIC TOP
 
THE COLLISIONAL PARTNERS ARE DEFINED AS INDINSTIGUISHABLE
 
ROTATIONAL CONSTANTS OF #1 MOLECULE ARE, CM-1: A1 =  27.88 ; B1 =    9.29; C1 =   14.51 ;
ROTATIONAL CONSTANTS OF #2 MOLECULE ARE, CM-1: A2 =  27.88 ; B2 =    9.29; C2 =   14.51 ;
CHANNELS ENERGIES, CM-1:
#N =          J1         KA1         KC1         J2         KA2         KC2          E
    1          0           0           0          0           0           0      0.000
    2          1           1           1          0           0           0     37.162
    3          1           1           1          1           1           1     74.324
    4          2           2           0          0           0           0    136.563
    5          2           1           1          0           0           0     95.210
    6          2           0           2          0           0           0     70.133
    7          2           2           0          1           1           1    173.725
    8          2           1           1          1           1           1    132.372
    9          2           0           2          1           1           1    107.295
   10          2           2           0          2           2           0    273.125
   11          2           2           0          2           1           1    231.773
   12          2           2           0          2           0           2    206.696
   13          2           1           1          2           1           1    190.420
   14          2           1           1          2           0           2    165.343
   15          2           0           2          2           0           2    140.267
INITIAL STATE IS:J1 =    0; KA1 =    0; KC1 =	   0; J2 =	   0; KA2 =    0; KC2 =    0
 
THE POTENTIAL R-UNITS ARE BOHRS
THE POTENTIAL ENERGY IS IN KCAL/MOL
 
 
MATRIX Mij WILL BE READ FROM FILE
SCATTERING CALCULATIONS WILL BE PERFORMED
 
THE SYSTEM SETUP DONE SUCCESFULLY
