 MPI INITIALIZED
 PARSERING OF USER INPUT
 ARRAY_INI_STARTED
 EXCHANGE SYMMETRIES FOR INDETICAL PARTICLES:
 POSITIVE EXCHANGE PARITY ONLY
 STATES_SIZE_FOUND         223
 number_of_channels          15
 jmax_included           2
 BASIS ARRAYS CREATED
ARRAYS ALLOCATION TOOK TIME, s =             0.001
 TOTAL_SIZE_OF_M =         3782
  MAKING AN EQUIDIST GRID	
 EXPANSION WILL BE COMPUTED
  USER DEFINED EXPANSION TERMS WILL BE COMPUTED
 THE GRID INI
 GAUSS-LEGENDRE GRID DONE
 EXPANSION TERMS COMPUTING STARTED
 PROGRESS WILL BE PRINTED INTO PROGRESS_EXPAN.tmp FILE
 TERMS HAVE BEEN COMPUTED
 TIME TOOK TO COMPUTE EXPANSION TERMS =    10173.7567920685      SEC
 EXPANSION HAS BEEN COMPUTED,PROGRAM HAS BEEN STOPED
