 MPI INITIALIZED
 PARSERING OF USER INPUT
 ARRAY_INI_STARTED
 STATES_SIZE_FOUND         181
 number_of_channels          19
 jmax_included           6
 BASIS ARRAYS CREATED
ARRAYS ALLOCATION TOOK TIME, s =             0.001
 TOTAL_SIZE_OF_M =         1987
THE SIZE OF THE Mij COMPUTED BY EACH PROCESSOR=      62
 MATRIX_INI_STARTED
 COMPUTING MATRIX ELEMENTS STARTED
 USER TERM FILE IS BEING READ 
 TERMS ARE BEING READ
 TERMS HAVE BEEN READ
 TERM MATRIX CREATED 
 SPLINING OF Mij STARTED
 SPLINING OF Mij FINISHED
 TERMS ARE BEING READ
 TERMS HAVE BEEN READ
 COMPUTING THE RESIDUE OF Mij
 SPLINING RESIDUE OF Mij
 SYSTEM_SETUP_DONE
MATRIX HAS BEEN SAVED INTO THE FILE  "MTRX_UF.DAT "
TIME SPENT ON MATRIX Mij READING/COMPUTING/SAVING ON DISK ,s       0.0
        TIME SPENT ON MATRIX Mij SAVING ON DISK ,s       1.1
 ALL WORK ON MATRIX IS DONE
