 FOR ENERGY=           1
 MAXIMUM PROBABILITY ERROR
 B_IMP  0.000000000000000E+000
 L_ORB  0.000000000000000E+000
 R_FIN   30.0090569620738     
 PHI_FIN  0.000000000000000E+000
 PROBAB_SURV  0.999999999952473     
 ERROR_ENERG  9.752057118364326E-007
 ERROR_PROBAB  1.490326306807788E-007
 STATE           1
 #NTRAJECT           1
 #NPROC           0
 
 MAXIMUM ENERGY ERROR
 B_IMP   6.31268302756577     
 L_ORB   24.0000000000000     
 R_FIN   30.0044180797757     
 PHI_FIN   2.68851283407107     
 PROBAB_SURV   1.00000000000001     
 ERROR_ENERG  1.404409391817680E-006
 ERROR_PROBAB  9.545697565727096E-011
 STATE           1
 #NTRAJECT          25
 #NPROC           0
 -------------------------
