 0.00000000E+00    0  0.10000000E+01  0.00000000E+00
 0.25771421E+00    1  0.10000000E+01  0.00000000E+00
 0.51542841E+00    2  0.10000000E+01  0.00000000E+00
 0.77314262E+00    3  0.10000000E+01  0.00000000E+00
 0.10308568E+01    4  0.10000000E+01  0.00000000E+00
 0.12885710E+01    5  0.10000000E+01  0.00000000E+00
 0.15462852E+01    6  0.10000000E+01  0.00000000E+00
 0.18039994E+01    7  0.10000000E+01  0.00000000E+00
 0.20617136E+01    8  0.10000000E+01  0.00000000E+00
 0.23194278E+01    9  0.10000000E+01  0.00000000E+00
 0.25771421E+01   10  0.10000000E+01  0.00000000E+00
 0.28348563E+01   11  0.10000000E+01  0.00000000E+00
 0.30925705E+01   12  0.10000000E+01  0.00000000E+00
 0.33502847E+01   13  0.10000000E+01  0.00000000E+00
 0.36079989E+01   14  0.10000000E+01  0.00000000E+00
 0.38657131E+01   15  0.10000000E+01  0.00000000E+00
 0.41234273E+01   16  0.10000000E+01  0.00000000E+00
 0.43811415E+01   17  0.10000000E+01  0.00000000E+00
 0.46388557E+01   18  0.10000000E+01  0.00000000E+00
 0.48965699E+01   19  0.10000000E+01  0.00000000E+00
 0.51542841E+01   20  0.10000000E+01  0.00000000E+00
 0.54119983E+01   21  0.10000000E+01  0.00000000E+00
 0.56697125E+01   22  0.10000000E+01  0.00000000E+00
 0.59274267E+01   23  0.10000000E+01  0.00000000E+00
 0.61851409E+01   24  0.10000000E+01  0.00000000E+00
 0.64428551E+01   25  0.10000000E+01  0.00000000E+00
 0.67005693E+01   26  0.10000000E+01  0.00000000E+00
 0.69582835E+01   27  0.10000000E+01  0.00000000E+00
 0.72159978E+01   28  0.10000000E+01  0.00000000E+00
 0.74737120E+01   29  0.10000000E+01  0.00000000E+00
 0.77314262E+01   30  0.10000000E+01  0.00000000E+00
 0.79891404E+01   31  0.10000000E+01  0.00000000E+00
 0.82468546E+01   32  0.10000000E+01  0.00000000E+00
 0.85045688E+01   33  0.10000000E+01  0.00000000E+00
 0.87622830E+01   34  0.10000000E+01  0.00000000E+00
 0.90199972E+01   35  0.10000000E+01  0.00000000E+00
 0.92777114E+01   36  0.10000000E+01  0.00000000E+00
 0.95354256E+01   37  0.10000000E+01  0.00000000E+00
 0.97931398E+01   38  0.10000000E+01  0.00000000E+00
 0.10050854E+02   39  0.10000000E+01  0.00000000E+00
 0.10308568E+02   40  0.10000000E+01  0.00000000E+00
 0.10566282E+02   41  0.10000000E+01  0.00000000E+00
 0.10823997E+02   42  0.10000000E+01  0.00000000E+00
 0.11081711E+02   43  0.10000000E+01  0.00000000E+00
 0.11339425E+02   44  0.10000000E+01  0.00000000E+00
 0.11597139E+02   45  0.10000000E+01  0.00000000E+00
 0.11854853E+02   46  0.10000000E+01  0.00000000E+00
 0.12112568E+02   47  0.10000000E+01  0.00000000E+00
 0.12370282E+02   48  0.10000000E+01  0.00000000E+00
 0.12627996E+02   49  0.10000000E+01  0.00000000E+00
 0.12885710E+02   50  0.10000000E+01  0.00000000E+00
 0.13143424E+02   51  0.10000000E+01  0.00000000E+00
 0.13401139E+02   52  0.10000000E+01  0.00000000E+00
 0.13658853E+02   53  0.10000000E+01  0.00000000E+00
 0.13916567E+02   54  0.10000000E+01  0.00000000E+00
 0.14174281E+02   55  0.10000000E+01  0.00000000E+00
 0.14431996E+02   56  0.10000000E+01  0.00000000E+00
 0.14689710E+02   57  0.10000000E+01  0.00000000E+00
 0.14947424E+02   58  0.10000000E+01  0.00000000E+00
 0.15205138E+02   59  0.10000000E+01  0.00000000E+00
 0.15462852E+02   60  0.10000000E+01  0.00000000E+00
 0.15720567E+02   61  0.10000000E+01  0.00000000E+00
 0.15978281E+02   62  0.10000000E+01  0.00000000E+00
 0.16235995E+02   63  0.10000000E+01  0.00000000E+00
 0.16493709E+02   64  0.10000000E+01  0.00000000E+00
 0.16751423E+02   65  0.10000000E+01  0.00000000E+00
 0.17009138E+02   66  0.10000000E+01  0.00000000E+00
 0.17266852E+02   67  0.10000000E+01  0.00000000E+00
 0.17524566E+02   68  0.10000000E+01  0.00000000E+00
 0.17782280E+02   69  0.10000000E+01  0.00000000E+00
 0.18039994E+02   70  0.10000000E+01  0.00000000E+00
 0.18297709E+02   71  0.10000000E+01  0.00000000E+00
 0.18555423E+02   72  0.10000000E+01  0.00000000E+00
 0.18813137E+02   73  0.10000000E+01  0.00000000E+00
 0.19070851E+02   74  0.10000000E+01  0.00000000E+00
 0.19328565E+02   75  0.10000000E+01  0.00000000E+00
 0.19586280E+02   76  0.10000000E+01  0.00000000E+00
 0.19843994E+02   77  0.10000000E+01  0.00000000E+00
 0.20101708E+02   78  0.10000000E+01  0.00000000E+00
 0.20359422E+02   79  0.10000000E+01  0.00000000E+00
 0.20617136E+02   80  0.10000000E+01  0.00000000E+00
 0.20874851E+02   81  0.10000000E+01  0.00000000E+00
 0.21132565E+02   82  0.10000000E+01  0.00000000E+00
 0.21390279E+02   83  0.10000000E+01  0.00000000E+00
 0.21647993E+02   84  0.10000000E+01  0.00000000E+00
 0.21905707E+02   85  0.10000000E+01  0.00000000E+00
 0.22163422E+02   86  0.10000000E+01  0.00000000E+00
 0.22421136E+02   87  0.10000000E+01  0.00000000E+00
 0.22678850E+02   88  0.10000000E+01  0.00000000E+00
 0.22936564E+02   89  0.10000000E+01  0.00000000E+00
 0.23194278E+02   90  0.10000000E+01  0.00000000E+00
 0.23451993E+02   91  0.10000000E+01  0.00000000E+00
 0.23709707E+02   92  0.10000000E+01  0.00000000E+00
 0.23967421E+02   93  0.10000000E+01  0.00000000E+00
 0.24225135E+02   94  0.10000000E+01  0.00000000E+00
 0.24482850E+02   95  0.10000000E+01  0.00000000E+00
 0.24740564E+02   96  0.10000000E+01  0.00000000E+00
 0.24998278E+02   97  0.10000000E+01  0.00000000E+00
 0.25255992E+02   98  0.10000000E+01  0.00000000E+00
 0.25513706E+02   99  0.10000000E+01  0.00000000E+00
 0.25771421E+02  100  0.10000000E+01  0.00000000E+00
 0.26029135E+02  101  0.10000000E+01  0.00000000E+00
 0.26286849E+02  102  0.10000000E+01  0.00000000E+00
 0.26544563E+02  103  0.10000000E+01  0.00000000E+00
 0.26802277E+02  104  0.10000000E+01  0.00000000E+00
 0.27059992E+02  105  0.10000000E+01  0.00000000E+00
 0.27317706E+02  106  0.10000000E+01  0.00000000E+00
 0.27575420E+02  107  0.10000000E+01  0.00000000E+00
 0.27833134E+02  108  0.10000000E+01  0.00000000E+00
 0.28090848E+02  109  0.10000000E+01  0.00000000E+00
 0.28348563E+02  110  0.10000000E+01  0.00000000E+00
 0.28606277E+02  111  0.10000000E+01  0.00000000E+00
 0.28863991E+02  112  0.10000000E+01  0.00000000E+00
 0.29121705E+02  113  0.10000000E+01  0.00000000E+00
 0.29379419E+02  114  0.10000000E+01  0.00000000E+00
 0.29637134E+02  115  0.10000000E+01  0.00000000E+00
 0.29894848E+02  116  0.10000000E+01  0.00000000E+00
 
